CRITICAL - 2025-03-11 22:25:33 --> Undefined property: stdClass::$status_restoran
#0 I:\My Drive\fastfood\fastfoodbaru\app\Views\menu1.php(30): CodeIgniter\Debug\Exceptions->errorHandler(2, 'Undefined prope...', 'I:\\My Drive\\fas...', 30)
#1 I:\My Drive\fastfood\fastfoodbaru\system\View\View.php(210): include('I:\\My Drive\\fas...')
#2 I:\My Drive\fastfood\fastfoodbaru\system\View\View.php(213): CodeIgniter\View\View->CodeIgniter\View\{closure}()
#3 I:\My Drive\fastfood\fastfoodbaru\system\Common.php(1089): CodeIgniter\View\View->render('menu1', Array, true)
#4 I:\My Drive\fastfood\fastfoodbaru\app\Controllers\Home.php(281): view('menu1', Array)
#5 I:\My Drive\fastfood\fastfoodbaru\system\CodeIgniter.php(832): App\Controllers\Home->daftar_menu()
#6 I:\My Drive\fastfood\fastfoodbaru\system\CodeIgniter.php(419): CodeIgniter\CodeIgniter->runController(Object(App\Controllers\Home))
#7 I:\My Drive\fastfood\fastfoodbaru\system\CodeIgniter.php(326): CodeIgniter\CodeIgniter->handleRequest(NULL, Object(Config\Cache), false)
#8 I:\My Drive\fastfood\fastfoodbaru\public\index.php(37): CodeIgniter\CodeIgniter->run()
#9 I:\My Drive\fastfood\fastfoodbaru\system\Commands\Server\rewrite.php(43): require_once('I:\\My Drive\\fas...')
#10 {main}
CRITICAL - 2025-03-11 22:27:18 --> Undefined property: stdClass::$latitude
#0 I:\My Drive\fastfood\fastfoodbaru\app\Views\menu1.php(130): CodeIgniter\Debug\Exceptions->errorHandler(2, 'Undefined prope...', 'I:\\My Drive\\fas...', 130)
#1 I:\My Drive\fastfood\fastfoodbaru\system\View\View.php(210): include('I:\\My Drive\\fas...')
#2 I:\My Drive\fastfood\fastfoodbaru\system\View\View.php(213): CodeIgniter\View\View->CodeIgniter\View\{closure}()
#3 I:\My Drive\fastfood\fastfoodbaru\system\Common.php(1089): CodeIgniter\View\View->render('menu1', Array, true)
#4 I:\My Drive\fastfood\fastfoodbaru\app\Controllers\Home.php(45): view('menu1', Array)
#5 I:\My Drive\fastfood\fastfoodbaru\system\CodeIgniter.php(832): App\Controllers\Home->menu1()
#6 I:\My Drive\fastfood\fastfoodbaru\system\CodeIgniter.php(419): CodeIgniter\CodeIgniter->runController(Object(App\Controllers\Home))
#7 I:\My Drive\fastfood\fastfoodbaru\system\CodeIgniter.php(326): CodeIgniter\CodeIgniter->handleRequest(NULL, Object(Config\Cache), false)
#8 I:\My Drive\fastfood\fastfoodbaru\public\index.php(37): CodeIgniter\CodeIgniter->run()
#9 I:\My Drive\fastfood\fastfoodbaru\system\Commands\Server\rewrite.php(43): require_once('I:\\My Drive\\fas...')
#10 {main}
CRITICAL - 2025-03-11 22:27:32 --> Undefined variable $wece
#0 I:\My Drive\fastfood\fastfoodbaru\app\Controllers\Home.php(1031): CodeIgniter\Debug\Exceptions->errorHandler(2, 'Undefined varia...', 'I:\\My Drive\\fas...', 1031)
#1 I:\My Drive\fastfood\fastfoodbaru\system\CodeIgniter.php(832): App\Controllers\Home->restoran()
#2 I:\My Drive\fastfood\fastfoodbaru\system\CodeIgniter.php(419): CodeIgniter\CodeIgniter->runController(Object(App\Controllers\Home))
#3 I:\My Drive\fastfood\fastfoodbaru\system\CodeIgniter.php(326): CodeIgniter\CodeIgniter->handleRequest(NULL, Object(Config\Cache), false)
#4 I:\My Drive\fastfood\fastfoodbaru\public\index.php(37): CodeIgniter\CodeIgniter->run()
#5 I:\My Drive\fastfood\fastfoodbaru\system\Commands\Server\rewrite.php(43): require_once('I:\\My Drive\\fas...')
#6 {main}
CRITICAL - 2025-03-11 22:30:47 --> Undefined property: stdClass::$status_restoran
#0 I:\My Drive\fastfood\fastfoodbaru\app\Views\menu1.php(30): CodeIgniter\Debug\Exceptions->errorHandler(2, 'Undefined prope...', 'I:\\My Drive\\fas...', 30)
#1 I:\My Drive\fastfood\fastfoodbaru\system\View\View.php(210): include('I:\\My Drive\\fas...')
#2 I:\My Drive\fastfood\fastfoodbaru\system\View\View.php(213): CodeIgniter\View\View->CodeIgniter\View\{closure}()
#3 I:\My Drive\fastfood\fastfoodbaru\system\Common.php(1089): CodeIgniter\View\View->render('menu1', Array, true)
#4 I:\My Drive\fastfood\fastfoodbaru\app\Controllers\Home.php(281): view('menu1', Array)
#5 I:\My Drive\fastfood\fastfoodbaru\system\CodeIgniter.php(832): App\Controllers\Home->daftar_menu()
#6 I:\My Drive\fastfood\fastfoodbaru\system\CodeIgniter.php(419): CodeIgniter\CodeIgniter->runController(Object(App\Controllers\Home))
#7 I:\My Drive\fastfood\fastfoodbaru\system\CodeIgniter.php(326): CodeIgniter\CodeIgniter->handleRequest(NULL, Object(Config\Cache), false)
#8 I:\My Drive\fastfood\fastfoodbaru\public\index.php(37): CodeIgniter\CodeIgniter->run()
#9 I:\My Drive\fastfood\fastfoodbaru\system\Commands\Server\rewrite.php(43): require_once('I:\\My Drive\\fas...')
#10 {main}
CRITICAL - 2025-03-11 22:32:59 --> Attempt to read property "id_restoran" on array
#0 I:\My Drive\fastfood\fastfoodbaru\app\Views\menu1.php(29): CodeIgniter\Debug\Exceptions->errorHandler(2, 'Attempt to read...', 'I:\\My Drive\\fas...', 29)
#1 I:\My Drive\fastfood\fastfoodbaru\system\View\View.php(210): include('I:\\My Drive\\fas...')
#2 I:\My Drive\fastfood\fastfoodbaru\system\View\View.php(213): CodeIgniter\View\View->CodeIgniter\View\{closure}()
#3 I:\My Drive\fastfood\fastfoodbaru\system\Common.php(1089): CodeIgniter\View\View->render('menu1', Array, true)
#4 I:\My Drive\fastfood\fastfoodbaru\app\Controllers\Home.php(281): view('menu1', Array)
#5 I:\My Drive\fastfood\fastfoodbaru\system\CodeIgniter.php(832): App\Controllers\Home->daftar_menu()
#6 I:\My Drive\fastfood\fastfoodbaru\system\CodeIgniter.php(419): CodeIgniter\CodeIgniter->runController(Object(App\Controllers\Home))
#7 I:\My Drive\fastfood\fastfoodbaru\system\CodeIgniter.php(326): CodeIgniter\CodeIgniter->handleRequest(NULL, Object(Config\Cache), false)
#8 I:\My Drive\fastfood\fastfoodbaru\public\index.php(37): CodeIgniter\CodeIgniter->run()
#9 I:\My Drive\fastfood\fastfoodbaru\system\Commands\Server\rewrite.php(43): require_once('I:\\My Drive\\fas...')
#10 {main}
CRITICAL - 2025-03-11 22:33:17 --> Undefined property: stdClass::$status_restoran
#0 I:\My Drive\fastfood\fastfoodbaru\app\Views\menu1.php(30): CodeIgniter\Debug\Exceptions->errorHandler(2, 'Undefined prope...', 'I:\\My Drive\\fas...', 30)
#1 I:\My Drive\fastfood\fastfoodbaru\system\View\View.php(210): include('I:\\My Drive\\fas...')
#2 I:\My Drive\fastfood\fastfoodbaru\system\View\View.php(213): CodeIgniter\View\View->CodeIgniter\View\{closure}()
#3 I:\My Drive\fastfood\fastfoodbaru\system\Common.php(1089): CodeIgniter\View\View->render('menu1', Array, true)
#4 I:\My Drive\fastfood\fastfoodbaru\app\Controllers\Home.php(281): view('menu1', Array)
#5 I:\My Drive\fastfood\fastfoodbaru\system\CodeIgniter.php(832): App\Controllers\Home->daftar_menu()
#6 I:\My Drive\fastfood\fastfoodbaru\system\CodeIgniter.php(419): CodeIgniter\CodeIgniter->runController(Object(App\Controllers\Home))
#7 I:\My Drive\fastfood\fastfoodbaru\system\CodeIgniter.php(326): CodeIgniter\CodeIgniter->handleRequest(NULL, Object(Config\Cache), false)
#8 I:\My Drive\fastfood\fastfoodbaru\public\index.php(37): CodeIgniter\CodeIgniter->run()
#9 I:\My Drive\fastfood\fastfoodbaru\system\Commands\Server\rewrite.php(43): require_once('I:\\My Drive\\fas...')
#10 {main}
CRITICAL - 2025-03-11 22:33:34 --> Attempt to read property "status_restoran" on array
#0 I:\My Drive\fastfood\fastfoodbaru\app\Views\menu1.php(30): CodeIgniter\Debug\Exceptions->errorHandler(2, 'Attempt to read...', 'I:\\My Drive\\fas...', 30)
#1 I:\My Drive\fastfood\fastfoodbaru\system\View\View.php(210): include('I:\\My Drive\\fas...')
#2 I:\My Drive\fastfood\fastfoodbaru\system\View\View.php(213): CodeIgniter\View\View->CodeIgniter\View\{closure}()
#3 I:\My Drive\fastfood\fastfoodbaru\system\Common.php(1089): CodeIgniter\View\View->render('menu1', Array, true)
#4 I:\My Drive\fastfood\fastfoodbaru\app\Controllers\Home.php(281): view('menu1', Array)
#5 I:\My Drive\fastfood\fastfoodbaru\system\CodeIgniter.php(832): App\Controllers\Home->daftar_menu()
#6 I:\My Drive\fastfood\fastfoodbaru\system\CodeIgniter.php(419): CodeIgniter\CodeIgniter->runController(Object(App\Controllers\Home))
#7 I:\My Drive\fastfood\fastfoodbaru\system\CodeIgniter.php(326): CodeIgniter\CodeIgniter->handleRequest(NULL, Object(Config\Cache), false)
#8 I:\My Drive\fastfood\fastfoodbaru\public\index.php(37): CodeIgniter\CodeIgniter->run()
#9 I:\My Drive\fastfood\fastfoodbaru\system\Commands\Server\rewrite.php(43): require_once('I:\\My Drive\\fas...')
#10 {main}
CRITICAL - 2025-03-11 22:35:30 --> Undefined property: stdClass::$status_restoran
#0 I:\My Drive\fastfood\fastfoodbaru\app\Views\menu1.php(30): CodeIgniter\Debug\Exceptions->errorHandler(2, 'Undefined prope...', 'I:\\My Drive\\fas...', 30)
#1 I:\My Drive\fastfood\fastfoodbaru\system\View\View.php(210): include('I:\\My Drive\\fas...')
#2 I:\My Drive\fastfood\fastfoodbaru\system\View\View.php(213): CodeIgniter\View\View->CodeIgniter\View\{closure}()
#3 I:\My Drive\fastfood\fastfoodbaru\system\Common.php(1089): CodeIgniter\View\View->render('menu1', Array, true)
#4 I:\My Drive\fastfood\fastfoodbaru\app\Controllers\Home.php(281): view('menu1', Array)
#5 I:\My Drive\fastfood\fastfoodbaru\system\CodeIgniter.php(832): App\Controllers\Home->daftar_menu()
#6 I:\My Drive\fastfood\fastfoodbaru\system\CodeIgniter.php(419): CodeIgniter\CodeIgniter->runController(Object(App\Controllers\Home))
#7 I:\My Drive\fastfood\fastfoodbaru\system\CodeIgniter.php(326): CodeIgniter\CodeIgniter->handleRequest(NULL, Object(Config\Cache), false)
#8 I:\My Drive\fastfood\fastfoodbaru\public\index.php(37): CodeIgniter\CodeIgniter->run()
#9 I:\My Drive\fastfood\fastfoodbaru\system\Commands\Server\rewrite.php(43): require_once('I:\\My Drive\\fas...')
#10 {main}
CRITICAL - 2025-03-11 22:36:16 --> Attempt to read property "status_restoran" on array
#0 I:\My Drive\fastfood\fastfoodbaru\app\Views\menu1.php(30): CodeIgniter\Debug\Exceptions->errorHandler(2, 'Attempt to read...', 'I:\\My Drive\\fas...', 30)
#1 I:\My Drive\fastfood\fastfoodbaru\system\View\View.php(210): include('I:\\My Drive\\fas...')
#2 I:\My Drive\fastfood\fastfoodbaru\system\View\View.php(213): CodeIgniter\View\View->CodeIgniter\View\{closure}()
#3 I:\My Drive\fastfood\fastfoodbaru\system\Common.php(1089): CodeIgniter\View\View->render('menu1', Array, true)
#4 I:\My Drive\fastfood\fastfoodbaru\app\Controllers\Home.php(281): view('menu1', Array)
#5 I:\My Drive\fastfood\fastfoodbaru\system\CodeIgniter.php(832): App\Controllers\Home->daftar_menu()
#6 I:\My Drive\fastfood\fastfoodbaru\system\CodeIgniter.php(419): CodeIgniter\CodeIgniter->runController(Object(App\Controllers\Home))
#7 I:\My Drive\fastfood\fastfoodbaru\system\CodeIgniter.php(326): CodeIgniter\CodeIgniter->handleRequest(NULL, Object(Config\Cache), false)
#8 I:\My Drive\fastfood\fastfoodbaru\public\index.php(37): CodeIgniter\CodeIgniter->run()
#9 I:\My Drive\fastfood\fastfoodbaru\system\Commands\Server\rewrite.php(43): require_once('I:\\My Drive\\fas...')
#10 {main}
CRITICAL - 2025-03-11 22:40:47 --> Attempt to read property "status_restoran" on array
#0 I:\My Drive\fastfood\fastfoodbaru\app\Views\menu1.php(30): CodeIgniter\Debug\Exceptions->errorHandler(2, 'Attempt to read...', 'I:\\My Drive\\fas...', 30)
#1 I:\My Drive\fastfood\fastfoodbaru\system\View\View.php(210): include('I:\\My Drive\\fas...')
#2 I:\My Drive\fastfood\fastfoodbaru\system\View\View.php(213): CodeIgniter\View\View->CodeIgniter\View\{closure}()
#3 I:\My Drive\fastfood\fastfoodbaru\system\Common.php(1089): CodeIgniter\View\View->render('menu1', Array, true)
#4 I:\My Drive\fastfood\fastfoodbaru\app\Controllers\Home.php(281): view('menu1', Array)
#5 I:\My Drive\fastfood\fastfoodbaru\system\CodeIgniter.php(832): App\Controllers\Home->daftar_menu()
#6 I:\My Drive\fastfood\fastfoodbaru\system\CodeIgniter.php(419): CodeIgniter\CodeIgniter->runController(Object(App\Controllers\Home))
#7 I:\My Drive\fastfood\fastfoodbaru\system\CodeIgniter.php(326): CodeIgniter\CodeIgniter->handleRequest(NULL, Object(Config\Cache), false)
#8 I:\My Drive\fastfood\fastfoodbaru\public\index.php(37): CodeIgniter\CodeIgniter->run()
#9 I:\My Drive\fastfood\fastfoodbaru\system\Commands\Server\rewrite.php(43): require_once('I:\\My Drive\\fas...')
#10 {main}
CRITICAL - 2025-03-11 22:41:02 --> Undefined property: stdClass::$status_restoran
#0 I:\My Drive\fastfood\fastfoodbaru\app\Views\menu1.php(30): CodeIgniter\Debug\Exceptions->errorHandler(2, 'Undefined prope...', 'I:\\My Drive\\fas...', 30)
#1 I:\My Drive\fastfood\fastfoodbaru\system\View\View.php(210): include('I:\\My Drive\\fas...')
#2 I:\My Drive\fastfood\fastfoodbaru\system\View\View.php(213): CodeIgniter\View\View->CodeIgniter\View\{closure}()
#3 I:\My Drive\fastfood\fastfoodbaru\system\Common.php(1089): CodeIgniter\View\View->render('menu1', Array, true)
#4 I:\My Drive\fastfood\fastfoodbaru\app\Controllers\Home.php(281): view('menu1', Array)
#5 I:\My Drive\fastfood\fastfoodbaru\system\CodeIgniter.php(832): App\Controllers\Home->daftar_menu()
#6 I:\My Drive\fastfood\fastfoodbaru\system\CodeIgniter.php(419): CodeIgniter\CodeIgniter->runController(Object(App\Controllers\Home))
#7 I:\My Drive\fastfood\fastfoodbaru\system\CodeIgniter.php(326): CodeIgniter\CodeIgniter->handleRequest(NULL, Object(Config\Cache), false)
#8 I:\My Drive\fastfood\fastfoodbaru\public\index.php(37): CodeIgniter\CodeIgniter->run()
#9 I:\My Drive\fastfood\fastfoodbaru\system\Commands\Server\rewrite.php(43): require_once('I:\\My Drive\\fas...')
#10 {main}
CRITICAL - 2025-03-11 22:44:10 --> Undefined property: stdClass::$status_restoran
#0 I:\My Drive\fastfood\fastfoodbaru\app\Views\menu1.php(30): CodeIgniter\Debug\Exceptions->errorHandler(2, 'Undefined prope...', 'I:\\My Drive\\fas...', 30)
#1 I:\My Drive\fastfood\fastfoodbaru\system\View\View.php(210): include('I:\\My Drive\\fas...')
#2 I:\My Drive\fastfood\fastfoodbaru\system\View\View.php(213): CodeIgniter\View\View->CodeIgniter\View\{closure}()
#3 I:\My Drive\fastfood\fastfoodbaru\system\Common.php(1089): CodeIgniter\View\View->render('menu1', Array, true)
#4 I:\My Drive\fastfood\fastfoodbaru\app\Controllers\Home.php(281): view('menu1', Array)
#5 I:\My Drive\fastfood\fastfoodbaru\system\CodeIgniter.php(832): App\Controllers\Home->daftar_menu()
#6 I:\My Drive\fastfood\fastfoodbaru\system\CodeIgniter.php(419): CodeIgniter\CodeIgniter->runController(Object(App\Controllers\Home))
#7 I:\My Drive\fastfood\fastfoodbaru\system\CodeIgniter.php(326): CodeIgniter\CodeIgniter->handleRequest(NULL, Object(Config\Cache), false)
#8 I:\My Drive\fastfood\fastfoodbaru\public\index.php(37): CodeIgniter\CodeIgniter->run()
#9 I:\My Drive\fastfood\fastfoodbaru\system\Commands\Server\rewrite.php(43): require_once('I:\\My Drive\\fas...')
#10 {main}
CRITICAL - 2025-03-11 22:57:21 --> Undefined property: stdClass::$status_restoran
#0 I:\My Drive\fastfood\fastfoodbaru\app\Views\menu1.php(30): CodeIgniter\Debug\Exceptions->errorHandler(2, 'Undefined prope...', 'I:\\My Drive\\fas...', 30)
#1 I:\My Drive\fastfood\fastfoodbaru\system\View\View.php(210): include('I:\\My Drive\\fas...')
#2 I:\My Drive\fastfood\fastfoodbaru\system\View\View.php(213): CodeIgniter\View\View->CodeIgniter\View\{closure}()
#3 I:\My Drive\fastfood\fastfoodbaru\system\Common.php(1089): CodeIgniter\View\View->render('menu1', Array, true)
#4 I:\My Drive\fastfood\fastfoodbaru\app\Controllers\Home.php(281): view('menu1', Array)
#5 I:\My Drive\fastfood\fastfoodbaru\system\CodeIgniter.php(832): App\Controllers\Home->daftar_menu()
#6 I:\My Drive\fastfood\fastfoodbaru\system\CodeIgniter.php(419): CodeIgniter\CodeIgniter->runController(Object(App\Controllers\Home))
#7 I:\My Drive\fastfood\fastfoodbaru\system\CodeIgniter.php(326): CodeIgniter\CodeIgniter->handleRequest(NULL, Object(Config\Cache), false)
#8 I:\My Drive\fastfood\fastfoodbaru\public\index.php(37): CodeIgniter\CodeIgniter->run()
#9 I:\My Drive\fastfood\fastfoodbaru\system\Commands\Server\rewrite.php(43): require_once('I:\\My Drive\\fas...')
#10 {main}
