CRITICAL - 2025-02-24 09:00:54 --> Invalid argument supplied for foreach()
#0 H:\My Drive\fastfood\CodeIgniter4-4.1.9\app\Views\tampilankaryawan.php(35): CodeIgniter\Debug\Exceptions->errorHandler(2, 'Invalid argumen...', 'H:\\My Drive\\fas...', 35, Array)
#1 H:\My Drive\fastfood\CodeIgniter4-4.1.9\system\View\View.php(210): include('H:\\My Drive\\fas...')
#2 H:\My Drive\fastfood\CodeIgniter4-4.1.9\system\View\View.php(213): CodeIgniter\View\View->CodeIgniter\View\{closure}()
#3 H:\My Drive\fastfood\CodeIgniter4-4.1.9\system\Common.php(1089): CodeIgniter\View\View->render('tampilankaryawa...', Array, true)
#4 H:\My Drive\fastfood\CodeIgniter4-4.1.9\app\Controllers\Home.php(248): view('tampilankaryawa...')
#5 H:\My Drive\fastfood\CodeIgniter4-4.1.9\system\CodeIgniter.php(832): App\Controllers\Home->karyawan()
#6 H:\My Drive\fastfood\CodeIgniter4-4.1.9\system\CodeIgniter.php(419): CodeIgniter\CodeIgniter->runController(Object(App\Controllers\Home))
#7 H:\My Drive\fastfood\CodeIgniter4-4.1.9\system\CodeIgniter.php(326): CodeIgniter\CodeIgniter->handleRequest(NULL, Object(Config\Cache), false)
#8 H:\My Drive\fastfood\CodeIgniter4-4.1.9\public\index.php(37): CodeIgniter\CodeIgniter->run()
#9 H:\My Drive\fastfood\CodeIgniter4-4.1.9\system\Commands\Server\rewrite.php(43): require_once('H:\\My Drive\\fas...')
#10 {main}
CRITICAL - 2025-02-24 09:01:55 --> Invalid argument supplied for foreach()
#0 H:\My Drive\fastfood\CodeIgniter4-4.1.9\app\Views\tampilankaryawan.php(35): CodeIgniter\Debug\Exceptions->errorHandler(2, 'Invalid argumen...', 'H:\\My Drive\\fas...', 35, Array)
#1 H:\My Drive\fastfood\CodeIgniter4-4.1.9\system\View\View.php(210): include('H:\\My Drive\\fas...')
#2 H:\My Drive\fastfood\CodeIgniter4-4.1.9\system\View\View.php(213): CodeIgniter\View\View->CodeIgniter\View\{closure}()
#3 H:\My Drive\fastfood\CodeIgniter4-4.1.9\system\Common.php(1089): CodeIgniter\View\View->render('tampilankaryawa...', Array, true)
#4 H:\My Drive\fastfood\CodeIgniter4-4.1.9\app\Controllers\Home.php(248): view('tampilankaryawa...')
#5 H:\My Drive\fastfood\CodeIgniter4-4.1.9\system\CodeIgniter.php(832): App\Controllers\Home->karyawan()
#6 H:\My Drive\fastfood\CodeIgniter4-4.1.9\system\CodeIgniter.php(419): CodeIgniter\CodeIgniter->runController(Object(App\Controllers\Home))
#7 H:\My Drive\fastfood\CodeIgniter4-4.1.9\system\CodeIgniter.php(326): CodeIgniter\CodeIgniter->handleRequest(NULL, Object(Config\Cache), false)
#8 H:\My Drive\fastfood\CodeIgniter4-4.1.9\public\index.php(37): CodeIgniter\CodeIgniter->run()
#9 H:\My Drive\fastfood\CodeIgniter4-4.1.9\system\Commands\Server\rewrite.php(43): require_once('H:\\My Drive\\fas...')
#10 {main}
CRITICAL - 2025-02-24 09:03:00 --> Invalid argument supplied for foreach()
#0 H:\My Drive\fastfood\CodeIgniter4-4.1.9\app\Views\tampilankaryawan.php(35): CodeIgniter\Debug\Exceptions->errorHandler(2, 'Invalid argumen...', 'H:\\My Drive\\fas...', 35, Array)
#1 H:\My Drive\fastfood\CodeIgniter4-4.1.9\system\View\View.php(210): include('H:\\My Drive\\fas...')
#2 H:\My Drive\fastfood\CodeIgniter4-4.1.9\system\View\View.php(213): CodeIgniter\View\View->CodeIgniter\View\{closure}()
#3 H:\My Drive\fastfood\CodeIgniter4-4.1.9\system\Common.php(1089): CodeIgniter\View\View->render('tampilankaryawa...', Array, true)
#4 H:\My Drive\fastfood\CodeIgniter4-4.1.9\app\Controllers\Home.php(248): view('tampilankaryawa...')
#5 H:\My Drive\fastfood\CodeIgniter4-4.1.9\system\CodeIgniter.php(832): App\Controllers\Home->karyawan()
#6 H:\My Drive\fastfood\CodeIgniter4-4.1.9\system\CodeIgniter.php(419): CodeIgniter\CodeIgniter->runController(Object(App\Controllers\Home))
#7 H:\My Drive\fastfood\CodeIgniter4-4.1.9\system\CodeIgniter.php(326): CodeIgniter\CodeIgniter->handleRequest(NULL, Object(Config\Cache), false)
#8 H:\My Drive\fastfood\CodeIgniter4-4.1.9\public\index.php(37): CodeIgniter\CodeIgniter->run()
#9 H:\My Drive\fastfood\CodeIgniter4-4.1.9\system\Commands\Server\rewrite.php(43): require_once('H:\\My Drive\\fas...')
#10 {main}
CRITICAL - 2025-02-24 09:04:36 --> Call to a member function tampil() on null
#0 H:\My Drive\fastfood\CodeIgniter4-4.1.9\system\CodeIgniter.php(832): App\Controllers\Home->karyawan()
#1 H:\My Drive\fastfood\CodeIgniter4-4.1.9\system\CodeIgniter.php(419): CodeIgniter\CodeIgniter->runController(Object(App\Controllers\Home))
#2 H:\My Drive\fastfood\CodeIgniter4-4.1.9\system\CodeIgniter.php(326): CodeIgniter\CodeIgniter->handleRequest(NULL, Object(Config\Cache), false)
#3 H:\My Drive\fastfood\CodeIgniter4-4.1.9\public\index.php(37): CodeIgniter\CodeIgniter->run()
#4 H:\My Drive\fastfood\CodeIgniter4-4.1.9\system\Commands\Server\rewrite.php(43): require_once('H:\\My Drive\\fas...')
#5 {main}
CRITICAL - 2025-02-24 09:04:37 --> Call to a member function tampil() on null
#0 H:\My Drive\fastfood\CodeIgniter4-4.1.9\system\CodeIgniter.php(832): App\Controllers\Home->karyawan()
#1 H:\My Drive\fastfood\CodeIgniter4-4.1.9\system\CodeIgniter.php(419): CodeIgniter\CodeIgniter->runController(Object(App\Controllers\Home))
#2 H:\My Drive\fastfood\CodeIgniter4-4.1.9\system\CodeIgniter.php(326): CodeIgniter\CodeIgniter->handleRequest(NULL, Object(Config\Cache), false)
#3 H:\My Drive\fastfood\CodeIgniter4-4.1.9\public\index.php(37): CodeIgniter\CodeIgniter->run()
#4 H:\My Drive\fastfood\CodeIgniter4-4.1.9\system\Commands\Server\rewrite.php(43): require_once('H:\\My Drive\\fas...')
#5 {main}
CRITICAL - 2025-02-24 09:04:37 --> Call to a member function tampil() on null
#0 H:\My Drive\fastfood\CodeIgniter4-4.1.9\system\CodeIgniter.php(832): App\Controllers\Home->karyawan()
#1 H:\My Drive\fastfood\CodeIgniter4-4.1.9\system\CodeIgniter.php(419): CodeIgniter\CodeIgniter->runController(Object(App\Controllers\Home))
#2 H:\My Drive\fastfood\CodeIgniter4-4.1.9\system\CodeIgniter.php(326): CodeIgniter\CodeIgniter->handleRequest(NULL, Object(Config\Cache), false)
#3 H:\My Drive\fastfood\CodeIgniter4-4.1.9\public\index.php(37): CodeIgniter\CodeIgniter->run()
#4 H:\My Drive\fastfood\CodeIgniter4-4.1.9\system\Commands\Server\rewrite.php(43): require_once('H:\\My Drive\\fas...')
#5 {main}
CRITICAL - 2025-02-24 09:08:57 --> syntax error, unexpected '}', expecting end of file
#0 H:\My Drive\fastfood\CodeIgniter4-4.1.9\system\Router\Router.php(175): CodeIgniter\Router\Router->autoRoute('home/karyawan')
#1 H:\My Drive\fastfood\CodeIgniter4-4.1.9\system\CodeIgniter.php(726): CodeIgniter\Router\Router->handle('home/karyawan')
#2 H:\My Drive\fastfood\CodeIgniter4-4.1.9\system\CodeIgniter.php(368): CodeIgniter\CodeIgniter->tryToRouteIt(Object(CodeIgniter\Router\RouteCollection))
#3 H:\My Drive\fastfood\CodeIgniter4-4.1.9\system\CodeIgniter.php(326): CodeIgniter\CodeIgniter->handleRequest(NULL, Object(Config\Cache), false)
#4 H:\My Drive\fastfood\CodeIgniter4-4.1.9\public\index.php(37): CodeIgniter\CodeIgniter->run()
#5 H:\My Drive\fastfood\CodeIgniter4-4.1.9\system\Commands\Server\rewrite.php(43): require_once('H:\\My Drive\\fas...')
#6 {main}
ERROR - 2025-02-24 09:13:32 --> Unknown column 'nama' in 'field list'
ERROR - 2025-02-24 09:16:34 --> Unknown column 'username' in 'field list'
CRITICAL - 2025-02-24 09:30:40 --> Declaration of App\Models\M_belajar::update($id, $data) must be compatible with CodeIgniter\Model::update($id = NULL, $data = NULL): bool
#0 [internal function]: CodeIgniter\Debug\Exceptions->shutdownHandler()
#1 {main}
CRITICAL - 2025-02-24 09:30:41 --> Declaration of App\Models\M_belajar::update($id, $data) must be compatible with CodeIgniter\Model::update($id = NULL, $data = NULL): bool
#0 [internal function]: CodeIgniter\Debug\Exceptions->shutdownHandler()
#1 {main}
ERROR - 2025-02-24 09:32:10 --> Unknown column 'username' in 'field list'
ERROR - 2025-02-24 09:32:43 --> Unknown column 'username' in 'field list'
CRITICAL - 2025-02-24 09:38:39 --> syntax error, unexpected end of file, expecting elseif (T_ELSEIF) or else (T_ELSE) or endif (T_ENDIF)
#0 H:\My Drive\fastfood\CodeIgniter4-4.1.9\system\View\View.php(213): CodeIgniter\View\View->CodeIgniter\View\{closure}()
#1 H:\My Drive\fastfood\CodeIgniter4-4.1.9\system\Common.php(1089): CodeIgniter\View\View->render('header', Array, true)
#2 H:\My Drive\fastfood\CodeIgniter4-4.1.9\app\Controllers\Home.php(16): view('header')
#3 H:\My Drive\fastfood\CodeIgniter4-4.1.9\system\CodeIgniter.php(832): App\Controllers\Home->hai()
#4 H:\My Drive\fastfood\CodeIgniter4-4.1.9\system\CodeIgniter.php(419): CodeIgniter\CodeIgniter->runController(Object(App\Controllers\Home))
#5 H:\My Drive\fastfood\CodeIgniter4-4.1.9\system\CodeIgniter.php(326): CodeIgniter\CodeIgniter->handleRequest(NULL, Object(Config\Cache), false)
#6 H:\My Drive\fastfood\CodeIgniter4-4.1.9\public\index.php(37): CodeIgniter\CodeIgniter->run()
#7 H:\My Drive\fastfood\CodeIgniter4-4.1.9\system\Commands\Server\rewrite.php(43): require_once('H:\\My Drive\\fas...')
#8 {main}
CRITICAL - 2025-02-24 09:39:06 --> syntax error, unexpected end of file, expecting elseif (T_ELSEIF) or else (T_ELSE) or endif (T_ENDIF)
#0 H:\My Drive\fastfood\CodeIgniter4-4.1.9\system\View\View.php(213): CodeIgniter\View\View->CodeIgniter\View\{closure}()
#1 H:\My Drive\fastfood\CodeIgniter4-4.1.9\system\Common.php(1089): CodeIgniter\View\View->render('header', Array, true)
#2 H:\My Drive\fastfood\CodeIgniter4-4.1.9\app\Controllers\Home.php(16): view('header')
#3 H:\My Drive\fastfood\CodeIgniter4-4.1.9\system\CodeIgniter.php(832): App\Controllers\Home->hai()
#4 H:\My Drive\fastfood\CodeIgniter4-4.1.9\system\CodeIgniter.php(419): CodeIgniter\CodeIgniter->runController(Object(App\Controllers\Home))
#5 H:\My Drive\fastfood\CodeIgniter4-4.1.9\system\CodeIgniter.php(326): CodeIgniter\CodeIgniter->handleRequest(NULL, Object(Config\Cache), false)
#6 H:\My Drive\fastfood\CodeIgniter4-4.1.9\public\index.php(37): CodeIgniter\CodeIgniter->run()
#7 H:\My Drive\fastfood\CodeIgniter4-4.1.9\system\Commands\Server\rewrite.php(43): require_once('H:\\My Drive\\fas...')
#8 {main}
CRITICAL - 2025-02-24 09:39:08 --> syntax error, unexpected end of file, expecting elseif (T_ELSEIF) or else (T_ELSE) or endif (T_ENDIF)
#0 H:\My Drive\fastfood\CodeIgniter4-4.1.9\system\View\View.php(213): CodeIgniter\View\View->CodeIgniter\View\{closure}()
#1 H:\My Drive\fastfood\CodeIgniter4-4.1.9\system\Common.php(1089): CodeIgniter\View\View->render('header', Array, true)
#2 H:\My Drive\fastfood\CodeIgniter4-4.1.9\app\Controllers\Home.php(249): view('header')
#3 H:\My Drive\fastfood\CodeIgniter4-4.1.9\system\CodeIgniter.php(832): App\Controllers\Home->karyawan()
#4 H:\My Drive\fastfood\CodeIgniter4-4.1.9\system\CodeIgniter.php(419): CodeIgniter\CodeIgniter->runController(Object(App\Controllers\Home))
#5 H:\My Drive\fastfood\CodeIgniter4-4.1.9\system\CodeIgniter.php(326): CodeIgniter\CodeIgniter->handleRequest(NULL, Object(Config\Cache), false)
#6 H:\My Drive\fastfood\CodeIgniter4-4.1.9\public\index.php(37): CodeIgniter\CodeIgniter->run()
#7 H:\My Drive\fastfood\CodeIgniter4-4.1.9\system\Commands\Server\rewrite.php(43): require_once('H:\\My Drive\\fas...')
#8 {main}
CRITICAL - 2025-02-24 09:39:09 --> syntax error, unexpected end of file, expecting elseif (T_ELSEIF) or else (T_ELSE) or endif (T_ENDIF)
#0 H:\My Drive\fastfood\CodeIgniter4-4.1.9\system\View\View.php(213): CodeIgniter\View\View->CodeIgniter\View\{closure}()
#1 H:\My Drive\fastfood\CodeIgniter4-4.1.9\system\Common.php(1089): CodeIgniter\View\View->render('header', Array, true)
#2 H:\My Drive\fastfood\CodeIgniter4-4.1.9\app\Controllers\Home.php(256): view('header')
#3 H:\My Drive\fastfood\CodeIgniter4-4.1.9\system\CodeIgniter.php(832): App\Controllers\Home->tambah()
#4 H:\My Drive\fastfood\CodeIgniter4-4.1.9\system\CodeIgniter.php(419): CodeIgniter\CodeIgniter->runController(Object(App\Controllers\Home))
#5 H:\My Drive\fastfood\CodeIgniter4-4.1.9\system\CodeIgniter.php(326): CodeIgniter\CodeIgniter->handleRequest(NULL, Object(Config\Cache), false)
#6 H:\My Drive\fastfood\CodeIgniter4-4.1.9\public\index.php(37): CodeIgniter\CodeIgniter->run()
#7 H:\My Drive\fastfood\CodeIgniter4-4.1.9\system\Commands\Server\rewrite.php(43): require_once('H:\\My Drive\\fas...')
#8 {main}
CRITICAL - 2025-02-24 09:39:16 --> syntax error, unexpected end of file, expecting elseif (T_ELSEIF) or else (T_ELSE) or endif (T_ENDIF)
#0 H:\My Drive\fastfood\CodeIgniter4-4.1.9\system\View\View.php(213): CodeIgniter\View\View->CodeIgniter\View\{closure}()
#1 H:\My Drive\fastfood\CodeIgniter4-4.1.9\system\Common.php(1089): CodeIgniter\View\View->render('header', Array, true)
#2 H:\My Drive\fastfood\CodeIgniter4-4.1.9\app\Controllers\Home.php(16): view('header')
#3 H:\My Drive\fastfood\CodeIgniter4-4.1.9\system\CodeIgniter.php(832): App\Controllers\Home->hai()
#4 H:\My Drive\fastfood\CodeIgniter4-4.1.9\system\CodeIgniter.php(419): CodeIgniter\CodeIgniter->runController(Object(App\Controllers\Home))
#5 H:\My Drive\fastfood\CodeIgniter4-4.1.9\system\CodeIgniter.php(326): CodeIgniter\CodeIgniter->handleRequest(NULL, Object(Config\Cache), false)
#6 H:\My Drive\fastfood\CodeIgniter4-4.1.9\public\index.php(37): CodeIgniter\CodeIgniter->run()
#7 H:\My Drive\fastfood\CodeIgniter4-4.1.9\system\Commands\Server\rewrite.php(43): require_once('H:\\My Drive\\fas...')
#8 {main}
CRITICAL - 2025-02-24 09:42:23 --> syntax error, unexpected end of file, expecting elseif (T_ELSEIF) or else (T_ELSE) or endif (T_ENDIF)
#0 H:\My Drive\fastfood\CodeIgniter4-4.1.9\system\View\View.php(213): CodeIgniter\View\View->CodeIgniter\View\{closure}()
#1 H:\My Drive\fastfood\CodeIgniter4-4.1.9\system\Common.php(1089): CodeIgniter\View\View->render('header', Array, true)
#2 H:\My Drive\fastfood\CodeIgniter4-4.1.9\app\Controllers\Home.php(249): view('header')
#3 H:\My Drive\fastfood\CodeIgniter4-4.1.9\system\CodeIgniter.php(832): App\Controllers\Home->karyawan()
#4 H:\My Drive\fastfood\CodeIgniter4-4.1.9\system\CodeIgniter.php(419): CodeIgniter\CodeIgniter->runController(Object(App\Controllers\Home))
#5 H:\My Drive\fastfood\CodeIgniter4-4.1.9\system\CodeIgniter.php(326): CodeIgniter\CodeIgniter->handleRequest(NULL, Object(Config\Cache), false)
#6 H:\My Drive\fastfood\CodeIgniter4-4.1.9\public\index.php(37): CodeIgniter\CodeIgniter->run()
#7 H:\My Drive\fastfood\CodeIgniter4-4.1.9\system\Commands\Server\rewrite.php(43): require_once('H:\\My Drive\\fas...')
#8 {main}
CRITICAL - 2025-02-24 09:42:27 --> syntax error, unexpected end of file, expecting elseif (T_ELSEIF) or else (T_ELSE) or endif (T_ENDIF)
#0 H:\My Drive\fastfood\CodeIgniter4-4.1.9\system\View\View.php(213): CodeIgniter\View\View->CodeIgniter\View\{closure}()
#1 H:\My Drive\fastfood\CodeIgniter4-4.1.9\system\Common.php(1089): CodeIgniter\View\View->render('header', Array, true)
#2 H:\My Drive\fastfood\CodeIgniter4-4.1.9\app\Controllers\Home.php(16): view('header')
#3 H:\My Drive\fastfood\CodeIgniter4-4.1.9\system\CodeIgniter.php(832): App\Controllers\Home->hai()
#4 H:\My Drive\fastfood\CodeIgniter4-4.1.9\system\CodeIgniter.php(419): CodeIgniter\CodeIgniter->runController(Object(App\Controllers\Home))
#5 H:\My Drive\fastfood\CodeIgniter4-4.1.9\system\CodeIgniter.php(326): CodeIgniter\CodeIgniter->handleRequest(NULL, Object(Config\Cache), false)
#6 H:\My Drive\fastfood\CodeIgniter4-4.1.9\public\index.php(37): CodeIgniter\CodeIgniter->run()
#7 H:\My Drive\fastfood\CodeIgniter4-4.1.9\system\Commands\Server\rewrite.php(43): require_once('H:\\My Drive\\fas...')
#8 {main}
CRITICAL - 2025-02-24 09:42:58 --> syntax error, unexpected end of file, expecting elseif (T_ELSEIF) or else (T_ELSE) or endif (T_ENDIF)
#0 H:\My Drive\fastfood\CodeIgniter4-4.1.9\system\View\View.php(213): CodeIgniter\View\View->CodeIgniter\View\{closure}()
#1 H:\My Drive\fastfood\CodeIgniter4-4.1.9\system\Common.php(1089): CodeIgniter\View\View->render('header', Array, true)
#2 H:\My Drive\fastfood\CodeIgniter4-4.1.9\app\Controllers\Home.php(16): view('header')
#3 H:\My Drive\fastfood\CodeIgniter4-4.1.9\system\CodeIgniter.php(832): App\Controllers\Home->hai()
#4 H:\My Drive\fastfood\CodeIgniter4-4.1.9\system\CodeIgniter.php(419): CodeIgniter\CodeIgniter->runController(Object(App\Controllers\Home))
#5 H:\My Drive\fastfood\CodeIgniter4-4.1.9\system\CodeIgniter.php(326): CodeIgniter\CodeIgniter->handleRequest(NULL, Object(Config\Cache), false)
#6 H:\My Drive\fastfood\CodeIgniter4-4.1.9\public\index.php(37): CodeIgniter\CodeIgniter->run()
#7 H:\My Drive\fastfood\CodeIgniter4-4.1.9\system\Commands\Server\rewrite.php(43): require_once('H:\\My Drive\\fas...')
#8 {main}
CRITICAL - 2025-02-24 09:43:03 --> syntax error, unexpected end of file, expecting elseif (T_ELSEIF) or else (T_ELSE) or endif (T_ENDIF)
#0 H:\My Drive\fastfood\CodeIgniter4-4.1.9\system\View\View.php(213): CodeIgniter\View\View->CodeIgniter\View\{closure}()
#1 H:\My Drive\fastfood\CodeIgniter4-4.1.9\system\Common.php(1089): CodeIgniter\View\View->render('header', Array, true)
#2 H:\My Drive\fastfood\CodeIgniter4-4.1.9\app\Controllers\Home.php(16): view('header')
#3 H:\My Drive\fastfood\CodeIgniter4-4.1.9\system\CodeIgniter.php(832): App\Controllers\Home->hai()
#4 H:\My Drive\fastfood\CodeIgniter4-4.1.9\system\CodeIgniter.php(419): CodeIgniter\CodeIgniter->runController(Object(App\Controllers\Home))
#5 H:\My Drive\fastfood\CodeIgniter4-4.1.9\system\CodeIgniter.php(326): CodeIgniter\CodeIgniter->handleRequest(NULL, Object(Config\Cache), false)
#6 H:\My Drive\fastfood\CodeIgniter4-4.1.9\public\index.php(37): CodeIgniter\CodeIgniter->run()
#7 H:\My Drive\fastfood\CodeIgniter4-4.1.9\system\Commands\Server\rewrite.php(43): require_once('H:\\My Drive\\fas...')
#8 {main}
CRITICAL - 2025-02-24 09:49:40 --> Invalid file: orders.php
#0 H:\My Drive\fastfood\CodeIgniter4-4.1.9\system\View\View.php(198): CodeIgniter\Exceptions\FrameworkException::forInvalidFile('orders.php')
#1 H:\My Drive\fastfood\CodeIgniter4-4.1.9\system\Common.php(1089): CodeIgniter\View\View->render('orders', Array, true)
#2 H:\My Drive\fastfood\CodeIgniter4-4.1.9\app\Controllers\Home.php(135): view('orders')
#3 H:\My Drive\fastfood\CodeIgniter4-4.1.9\system\CodeIgniter.php(832): App\Controllers\Home->orders()
#4 H:\My Drive\fastfood\CodeIgniter4-4.1.9\system\CodeIgniter.php(419): CodeIgniter\CodeIgniter->runController(Object(App\Controllers\Home))
#5 H:\My Drive\fastfood\CodeIgniter4-4.1.9\system\CodeIgniter.php(326): CodeIgniter\CodeIgniter->handleRequest(NULL, Object(Config\Cache), false)
#6 H:\My Drive\fastfood\CodeIgniter4-4.1.9\public\index.php(37): CodeIgniter\CodeIgniter->run()
#7 H:\My Drive\fastfood\CodeIgniter4-4.1.9\system\Commands\Server\rewrite.php(43): require_once('H:\\My Drive\\fas...')
#8 {main}
CRITICAL - 2025-02-24 10:08:56 --> Cannot redeclare App\Controllers\Home::tambah()
#0 [internal function]: CodeIgniter\Debug\Exceptions->shutdownHandler()
#1 {main}
CRITICAL - 2025-02-24 10:09:26 --> Cannot redeclare App\Controllers\Home::tambah()
#0 [internal function]: CodeIgniter\Debug\Exceptions->shutdownHandler()
#1 {main}
CRITICAL - 2025-02-24 10:09:30 --> Cannot redeclare App\Controllers\Home::tambah()
#0 [internal function]: CodeIgniter\Debug\Exceptions->shutdownHandler()
#1 {main}
CRITICAL - 2025-02-24 10:09:33 --> Cannot redeclare App\Controllers\Home::tambah()
#0 [internal function]: CodeIgniter\Debug\Exceptions->shutdownHandler()
#1 {main}
CRITICAL - 2025-02-24 10:09:38 --> Cannot redeclare App\Controllers\Home::tambah()
#0 [internal function]: CodeIgniter\Debug\Exceptions->shutdownHandler()
#1 {main}
CRITICAL - 2025-02-24 10:14:17 --> You must set the database table to be used with your query.
#0 H:\My Drive\fastfood\CodeIgniter4-4.1.9\system\Model.php(545): CodeIgniter\Database\BaseConnection->table(NULL)
#1 H:\My Drive\fastfood\CodeIgniter4-4.1.9\system\Model.php(693): CodeIgniter\Model->builder()
#2 H:\My Drive\fastfood\CodeIgniter4-4.1.9\app\Controllers\Home.php(357): CodeIgniter\Model->__get('request')
#3 H:\My Drive\fastfood\CodeIgniter4-4.1.9\system\CodeIgniter.php(832): App\Controllers\Home->simpan1()
#4 H:\My Drive\fastfood\CodeIgniter4-4.1.9\system\CodeIgniter.php(419): CodeIgniter\CodeIgniter->runController(Object(App\Controllers\Home))
#5 H:\My Drive\fastfood\CodeIgniter4-4.1.9\system\CodeIgniter.php(326): CodeIgniter\CodeIgniter->handleRequest(NULL, Object(Config\Cache), false)
#6 H:\My Drive\fastfood\CodeIgniter4-4.1.9\public\index.php(37): CodeIgniter\CodeIgniter->run()
#7 H:\My Drive\fastfood\CodeIgniter4-4.1.9\system\Commands\Server\rewrite.php(43): require_once('H:\\My Drive\\fas...')
#8 {main}
CRITICAL - 2025-02-24 10:18:40 --> You must set the database table to be used with your query.
#0 H:\My Drive\fastfood\CodeIgniter4-4.1.9\system\Model.php(545): CodeIgniter\Database\BaseConnection->table(NULL)
#1 H:\My Drive\fastfood\CodeIgniter4-4.1.9\system\Model.php(693): CodeIgniter\Model->builder()
#2 H:\My Drive\fastfood\CodeIgniter4-4.1.9\app\Controllers\Home.php(357): CodeIgniter\Model->__get('request')
#3 H:\My Drive\fastfood\CodeIgniter4-4.1.9\system\CodeIgniter.php(832): App\Controllers\Home->simpan1()
#4 H:\My Drive\fastfood\CodeIgniter4-4.1.9\system\CodeIgniter.php(419): CodeIgniter\CodeIgniter->runController(Object(App\Controllers\Home))
#5 H:\My Drive\fastfood\CodeIgniter4-4.1.9\system\CodeIgniter.php(326): CodeIgniter\CodeIgniter->handleRequest(NULL, Object(Config\Cache), false)
#6 H:\My Drive\fastfood\CodeIgniter4-4.1.9\public\index.php(37): CodeIgniter\CodeIgniter->run()
#7 H:\My Drive\fastfood\CodeIgniter4-4.1.9\system\Commands\Server\rewrite.php(43): require_once('H:\\My Drive\\fas...')
#8 {main}
CRITICAL - 2025-02-24 10:21:21 --> Invalid file: pesanan_makanan.php
#0 H:\My Drive\fastfood\CodeIgniter4-4.1.9\system\View\View.php(198): CodeIgniter\Exceptions\FrameworkException::forInvalidFile('pesanan_makanan...')
#1 H:\My Drive\fastfood\CodeIgniter4-4.1.9\system\Common.php(1089): CodeIgniter\View\View->render('pesanan_makanan', Array, true)
#2 H:\My Drive\fastfood\CodeIgniter4-4.1.9\app\Controllers\Home.php(96): view('pesanan_makanan', Array)
#3 H:\My Drive\fastfood\CodeIgniter4-4.1.9\system\CodeIgniter.php(832): App\Controllers\Home->daftar_menu()
#4 H:\My Drive\fastfood\CodeIgniter4-4.1.9\system\CodeIgniter.php(419): CodeIgniter\CodeIgniter->runController(Object(App\Controllers\Home))
#5 H:\My Drive\fastfood\CodeIgniter4-4.1.9\system\CodeIgniter.php(326): CodeIgniter\CodeIgniter->handleRequest(NULL, Object(Config\Cache), false)
#6 H:\My Drive\fastfood\CodeIgniter4-4.1.9\public\index.php(37): CodeIgniter\CodeIgniter->run()
#7 H:\My Drive\fastfood\CodeIgniter4-4.1.9\system\Commands\Server\rewrite.php(43): require_once('H:\\My Drive\\fas...')
#8 {main}
CRITICAL - 2025-02-24 10:31:24 --> Invalid argument supplied for foreach()
#0 H:\My Drive\fastfood\CodeIgniter4-4.1.9\app\Views\menu1.php(13): CodeIgniter\Debug\Exceptions->errorHandler(2, 'Invalid argumen...', 'H:\\My Drive\\fas...', 13, Array)
#1 H:\My Drive\fastfood\CodeIgniter4-4.1.9\system\View\View.php(210): include('H:\\My Drive\\fas...')
#2 H:\My Drive\fastfood\CodeIgniter4-4.1.9\system\View\View.php(213): CodeIgniter\View\View->CodeIgniter\View\{closure}()
#3 H:\My Drive\fastfood\CodeIgniter4-4.1.9\system\Common.php(1089): CodeIgniter\View\View->render('menu1', Array, true)
#4 H:\My Drive\fastfood\CodeIgniter4-4.1.9\app\Controllers\Home.php(36): view('menu1')
#5 H:\My Drive\fastfood\CodeIgniter4-4.1.9\system\CodeIgniter.php(832): App\Controllers\Home->menu1()
#6 H:\My Drive\fastfood\CodeIgniter4-4.1.9\system\CodeIgniter.php(419): CodeIgniter\CodeIgniter->runController(Object(App\Controllers\Home))
#7 H:\My Drive\fastfood\CodeIgniter4-4.1.9\system\CodeIgniter.php(326): CodeIgniter\CodeIgniter->handleRequest(NULL, Object(Config\Cache), false)
#8 H:\My Drive\fastfood\CodeIgniter4-4.1.9\public\index.php(37): CodeIgniter\CodeIgniter->run()
#9 H:\My Drive\fastfood\CodeIgniter4-4.1.9\system\Commands\Server\rewrite.php(43): require_once('H:\\My Drive\\fas...')
#10 {main}
CRITICAL - 2025-02-24 10:31:40 --> Invalid argument supplied for foreach()
#0 H:\My Drive\fastfood\CodeIgniter4-4.1.9\app\Views\menu1.php(13): CodeIgniter\Debug\Exceptions->errorHandler(2, 'Invalid argumen...', 'H:\\My Drive\\fas...', 13, Array)
#1 H:\My Drive\fastfood\CodeIgniter4-4.1.9\system\View\View.php(210): include('H:\\My Drive\\fas...')
#2 H:\My Drive\fastfood\CodeIgniter4-4.1.9\system\View\View.php(213): CodeIgniter\View\View->CodeIgniter\View\{closure}()
#3 H:\My Drive\fastfood\CodeIgniter4-4.1.9\system\Common.php(1089): CodeIgniter\View\View->render('menu1', Array, true)
#4 H:\My Drive\fastfood\CodeIgniter4-4.1.9\app\Controllers\Home.php(36): view('menu1')
#5 H:\My Drive\fastfood\CodeIgniter4-4.1.9\system\CodeIgniter.php(832): App\Controllers\Home->menu1()
#6 H:\My Drive\fastfood\CodeIgniter4-4.1.9\system\CodeIgniter.php(419): CodeIgniter\CodeIgniter->runController(Object(App\Controllers\Home))
#7 H:\My Drive\fastfood\CodeIgniter4-4.1.9\system\CodeIgniter.php(326): CodeIgniter\CodeIgniter->handleRequest(NULL, Object(Config\Cache), false)
#8 H:\My Drive\fastfood\CodeIgniter4-4.1.9\public\index.php(37): CodeIgniter\CodeIgniter->run()
#9 H:\My Drive\fastfood\CodeIgniter4-4.1.9\system\Commands\Server\rewrite.php(43): require_once('H:\\My Drive\\fas...')
#10 {main}
CRITICAL - 2025-02-24 10:34:57 --> Invalid argument supplied for foreach()
#0 H:\My Drive\fastfood\CodeIgniter4-4.1.9\app\Views\menu1.php(15): CodeIgniter\Debug\Exceptions->errorHandler(2, 'Invalid argumen...', 'H:\\My Drive\\fas...', 15, Array)
#1 H:\My Drive\fastfood\CodeIgniter4-4.1.9\system\View\View.php(210): include('H:\\My Drive\\fas...')
#2 H:\My Drive\fastfood\CodeIgniter4-4.1.9\system\View\View.php(213): CodeIgniter\View\View->CodeIgniter\View\{closure}()
#3 H:\My Drive\fastfood\CodeIgniter4-4.1.9\system\Common.php(1089): CodeIgniter\View\View->render('menu1', Array, true)
#4 H:\My Drive\fastfood\CodeIgniter4-4.1.9\app\Controllers\Home.php(36): view('menu1')
#5 H:\My Drive\fastfood\CodeIgniter4-4.1.9\system\CodeIgniter.php(832): App\Controllers\Home->menu1()
#6 H:\My Drive\fastfood\CodeIgniter4-4.1.9\system\CodeIgniter.php(419): CodeIgniter\CodeIgniter->runController(Object(App\Controllers\Home))
#7 H:\My Drive\fastfood\CodeIgniter4-4.1.9\system\CodeIgniter.php(326): CodeIgniter\CodeIgniter->handleRequest(NULL, Object(Config\Cache), false)
#8 H:\My Drive\fastfood\CodeIgniter4-4.1.9\public\index.php(37): CodeIgniter\CodeIgniter->run()
#9 H:\My Drive\fastfood\CodeIgniter4-4.1.9\system\Commands\Server\rewrite.php(43): require_once('H:\\My Drive\\fas...')
#10 {main}
CRITICAL - 2025-02-24 10:35:03 --> Invalid argument supplied for foreach()
#0 H:\My Drive\fastfood\CodeIgniter4-4.1.9\app\Views\menu1.php(15): CodeIgniter\Debug\Exceptions->errorHandler(2, 'Invalid argumen...', 'H:\\My Drive\\fas...', 15, Array)
#1 H:\My Drive\fastfood\CodeIgniter4-4.1.9\system\View\View.php(210): include('H:\\My Drive\\fas...')
#2 H:\My Drive\fastfood\CodeIgniter4-4.1.9\system\View\View.php(213): CodeIgniter\View\View->CodeIgniter\View\{closure}()
#3 H:\My Drive\fastfood\CodeIgniter4-4.1.9\system\Common.php(1089): CodeIgniter\View\View->render('menu1', Array, true)
#4 H:\My Drive\fastfood\CodeIgniter4-4.1.9\app\Controllers\Home.php(36): view('menu1')
#5 H:\My Drive\fastfood\CodeIgniter4-4.1.9\system\CodeIgniter.php(832): App\Controllers\Home->menu1()
#6 H:\My Drive\fastfood\CodeIgniter4-4.1.9\system\CodeIgniter.php(419): CodeIgniter\CodeIgniter->runController(Object(App\Controllers\Home))
#7 H:\My Drive\fastfood\CodeIgniter4-4.1.9\system\CodeIgniter.php(326): CodeIgniter\CodeIgniter->handleRequest(NULL, Object(Config\Cache), false)
#8 H:\My Drive\fastfood\CodeIgniter4-4.1.9\public\index.php(37): CodeIgniter\CodeIgniter->run()
#9 H:\My Drive\fastfood\CodeIgniter4-4.1.9\system\Commands\Server\rewrite.php(43): require_once('H:\\My Drive\\fas...')
#10 {main}
CRITICAL - 2025-02-24 10:35:52 --> Invalid argument supplied for foreach()
#0 H:\My Drive\fastfood\CodeIgniter4-4.1.9\app\Views\menu1.php(15): CodeIgniter\Debug\Exceptions->errorHandler(2, 'Invalid argumen...', 'H:\\My Drive\\fas...', 15, Array)
#1 H:\My Drive\fastfood\CodeIgniter4-4.1.9\system\View\View.php(210): include('H:\\My Drive\\fas...')
#2 H:\My Drive\fastfood\CodeIgniter4-4.1.9\system\View\View.php(213): CodeIgniter\View\View->CodeIgniter\View\{closure}()
#3 H:\My Drive\fastfood\CodeIgniter4-4.1.9\system\Common.php(1089): CodeIgniter\View\View->render('menu1', Array, true)
#4 H:\My Drive\fastfood\CodeIgniter4-4.1.9\app\Controllers\Home.php(36): view('menu1')
#5 H:\My Drive\fastfood\CodeIgniter4-4.1.9\system\CodeIgniter.php(832): App\Controllers\Home->menu1()
#6 H:\My Drive\fastfood\CodeIgniter4-4.1.9\system\CodeIgniter.php(419): CodeIgniter\CodeIgniter->runController(Object(App\Controllers\Home))
#7 H:\My Drive\fastfood\CodeIgniter4-4.1.9\system\CodeIgniter.php(326): CodeIgniter\CodeIgniter->handleRequest(NULL, Object(Config\Cache), false)
#8 H:\My Drive\fastfood\CodeIgniter4-4.1.9\public\index.php(37): CodeIgniter\CodeIgniter->run()
#9 H:\My Drive\fastfood\CodeIgniter4-4.1.9\system\Commands\Server\rewrite.php(43): require_once('H:\\My Drive\\fas...')
#10 {main}
CRITICAL - 2025-02-24 10:36:01 --> Invalid argument supplied for foreach()
#0 H:\My Drive\fastfood\CodeIgniter4-4.1.9\app\Views\menu1.php(15): CodeIgniter\Debug\Exceptions->errorHandler(2, 'Invalid argumen...', 'H:\\My Drive\\fas...', 15, Array)
#1 H:\My Drive\fastfood\CodeIgniter4-4.1.9\system\View\View.php(210): include('H:\\My Drive\\fas...')
#2 H:\My Drive\fastfood\CodeIgniter4-4.1.9\system\View\View.php(213): CodeIgniter\View\View->CodeIgniter\View\{closure}()
#3 H:\My Drive\fastfood\CodeIgniter4-4.1.9\system\Common.php(1089): CodeIgniter\View\View->render('menu1', Array, true)
#4 H:\My Drive\fastfood\CodeIgniter4-4.1.9\app\Controllers\Home.php(36): view('menu1')
#5 H:\My Drive\fastfood\CodeIgniter4-4.1.9\system\CodeIgniter.php(832): App\Controllers\Home->menu1()
#6 H:\My Drive\fastfood\CodeIgniter4-4.1.9\system\CodeIgniter.php(419): CodeIgniter\CodeIgniter->runController(Object(App\Controllers\Home))
#7 H:\My Drive\fastfood\CodeIgniter4-4.1.9\system\CodeIgniter.php(326): CodeIgniter\CodeIgniter->handleRequest(NULL, Object(Config\Cache), false)
#8 H:\My Drive\fastfood\CodeIgniter4-4.1.9\public\index.php(37): CodeIgniter\CodeIgniter->run()
#9 H:\My Drive\fastfood\CodeIgniter4-4.1.9\system\Commands\Server\rewrite.php(43): require_once('H:\\My Drive\\fas...')
#10 {main}
CRITICAL - 2025-02-24 10:38:27 --> Call to a member function get_menus_by_restoran() on null
#0 H:\My Drive\fastfood\CodeIgniter4-4.1.9\system\CodeIgniter.php(832): App\Controllers\Home->menu1()
#1 H:\My Drive\fastfood\CodeIgniter4-4.1.9\system\CodeIgniter.php(419): CodeIgniter\CodeIgniter->runController(Object(App\Controllers\Home))
#2 H:\My Drive\fastfood\CodeIgniter4-4.1.9\system\CodeIgniter.php(326): CodeIgniter\CodeIgniter->handleRequest(NULL, Object(Config\Cache), false)
#3 H:\My Drive\fastfood\CodeIgniter4-4.1.9\public\index.php(37): CodeIgniter\CodeIgniter->run()
#4 H:\My Drive\fastfood\CodeIgniter4-4.1.9\system\Commands\Server\rewrite.php(43): require_once('H:\\My Drive\\fas...')
#5 {main}
CRITICAL - 2025-02-24 10:39:20 --> Call to a member function userdata() on null
#0 H:\My Drive\fastfood\CodeIgniter4-4.1.9\system\CodeIgniter.php(832): App\Controllers\Home->menu1()
#1 H:\My Drive\fastfood\CodeIgniter4-4.1.9\system\CodeIgniter.php(419): CodeIgniter\CodeIgniter->runController(Object(App\Controllers\Home))
#2 H:\My Drive\fastfood\CodeIgniter4-4.1.9\system\CodeIgniter.php(326): CodeIgniter\CodeIgniter->handleRequest(NULL, Object(Config\Cache), false)
#3 H:\My Drive\fastfood\CodeIgniter4-4.1.9\public\index.php(37): CodeIgniter\CodeIgniter->run()
#4 H:\My Drive\fastfood\CodeIgniter4-4.1.9\system\Commands\Server\rewrite.php(43): require_once('H:\\My Drive\\fas...')
#5 {main}
CRITICAL - 2025-02-24 10:41:20 --> Call to a member function get() on null
#0 H:\My Drive\fastfood\CodeIgniter4-4.1.9\system\CodeIgniter.php(832): App\Controllers\Home->menu1()
#1 H:\My Drive\fastfood\CodeIgniter4-4.1.9\system\CodeIgniter.php(419): CodeIgniter\CodeIgniter->runController(Object(App\Controllers\Home))
#2 H:\My Drive\fastfood\CodeIgniter4-4.1.9\system\CodeIgniter.php(326): CodeIgniter\CodeIgniter->handleRequest(NULL, Object(Config\Cache), false)
#3 H:\My Drive\fastfood\CodeIgniter4-4.1.9\public\index.php(37): CodeIgniter\CodeIgniter->run()
#4 H:\My Drive\fastfood\CodeIgniter4-4.1.9\system\Commands\Server\rewrite.php(43): require_once('H:\\My Drive\\fas...')
#5 {main}
CRITICAL - 2025-02-24 10:41:22 --> Call to a member function get() on null
#0 H:\My Drive\fastfood\CodeIgniter4-4.1.9\system\CodeIgniter.php(832): App\Controllers\Home->menu1()
#1 H:\My Drive\fastfood\CodeIgniter4-4.1.9\system\CodeIgniter.php(419): CodeIgniter\CodeIgniter->runController(Object(App\Controllers\Home))
#2 H:\My Drive\fastfood\CodeIgniter4-4.1.9\system\CodeIgniter.php(326): CodeIgniter\CodeIgniter->handleRequest(NULL, Object(Config\Cache), false)
#3 H:\My Drive\fastfood\CodeIgniter4-4.1.9\public\index.php(37): CodeIgniter\CodeIgniter->run()
#4 H:\My Drive\fastfood\CodeIgniter4-4.1.9\system\Commands\Server\rewrite.php(43): require_once('H:\\My Drive\\fas...')
#5 {main}
CRITICAL - 2025-02-24 10:41:26 --> Call to a member function get() on null
#0 H:\My Drive\fastfood\CodeIgniter4-4.1.9\system\CodeIgniter.php(832): App\Controllers\Home->menu1()
#1 H:\My Drive\fastfood\CodeIgniter4-4.1.9\system\CodeIgniter.php(419): CodeIgniter\CodeIgniter->runController(Object(App\Controllers\Home))
#2 H:\My Drive\fastfood\CodeIgniter4-4.1.9\system\CodeIgniter.php(326): CodeIgniter\CodeIgniter->handleRequest(NULL, Object(Config\Cache), false)
#3 H:\My Drive\fastfood\CodeIgniter4-4.1.9\public\index.php(37): CodeIgniter\CodeIgniter->run()
#4 H:\My Drive\fastfood\CodeIgniter4-4.1.9\system\Commands\Server\rewrite.php(43): require_once('H:\\My Drive\\fas...')
#5 {main}
ERROR - 2025-02-24 17:56:12 --> Error connecting to the database: No connection could be made because the target machine actively refused it.

CRITICAL - 2025-02-24 17:56:12 --> Unable to connect to the database.
Main connection [MySQLi]: No connection could be made because the target machine actively refused it.

#0 H:\My Drive\fastfood\CodeIgniter4-4.1.9\system\Database\BaseConnection.php(577): CodeIgniter\Database\BaseConnection->initialize()
#1 H:\My Drive\fastfood\CodeIgniter4-4.1.9\system\Database\BaseBuilder.php(1588): CodeIgniter\Database\BaseConnection->query('SELECT *\nFROM `...', Array, false)
#2 H:\My Drive\fastfood\CodeIgniter4-4.1.9\app\Models\M_belajar.php(21): CodeIgniter\Database\BaseBuilder->getWhere(Array)
#3 H:\My Drive\fastfood\CodeIgniter4-4.1.9\app\Controllers\Home.php(98): App\Models\M_belajar->getWhere('user', Array)
#4 H:\My Drive\fastfood\CodeIgniter4-4.1.9\system\CodeIgniter.php(832): App\Controllers\Home->aksi_login()
#5 H:\My Drive\fastfood\CodeIgniter4-4.1.9\system\CodeIgniter.php(419): CodeIgniter\CodeIgniter->runController(Object(App\Controllers\Home))
#6 H:\My Drive\fastfood\CodeIgniter4-4.1.9\system\CodeIgniter.php(326): CodeIgniter\CodeIgniter->handleRequest(NULL, Object(Config\Cache), false)
#7 H:\My Drive\fastfood\CodeIgniter4-4.1.9\public\index.php(37): CodeIgniter\CodeIgniter->run()
#8 H:\My Drive\fastfood\CodeIgniter4-4.1.9\system\Commands\Server\rewrite.php(43): require_once('H:\\My Drive\\fas...')
#9 {main}
CRITICAL - 2025-02-24 18:06:28 --> Invalid file: pesanan_makanan.php
#0 H:\My Drive\fastfood\CodeIgniter4-4.1.9\system\View\View.php(198): CodeIgniter\Exceptions\FrameworkException::forInvalidFile('pesanan_makanan...')
#1 H:\My Drive\fastfood\CodeIgniter4-4.1.9\system\Common.php(1089): CodeIgniter\View\View->render('pesanan_makanan', Array, true)
#2 H:\My Drive\fastfood\CodeIgniter4-4.1.9\app\Controllers\Home.php(121): view('pesanan_makanan', Array)
#3 H:\My Drive\fastfood\CodeIgniter4-4.1.9\system\CodeIgniter.php(832): App\Controllers\Home->daftar_menu()
#4 H:\My Drive\fastfood\CodeIgniter4-4.1.9\system\CodeIgniter.php(419): CodeIgniter\CodeIgniter->runController(Object(App\Controllers\Home))
#5 H:\My Drive\fastfood\CodeIgniter4-4.1.9\system\CodeIgniter.php(326): CodeIgniter\CodeIgniter->handleRequest(NULL, Object(Config\Cache), false)
#6 H:\My Drive\fastfood\CodeIgniter4-4.1.9\public\index.php(37): CodeIgniter\CodeIgniter->run()
#7 H:\My Drive\fastfood\CodeIgniter4-4.1.9\system\Commands\Server\rewrite.php(43): require_once('H:\\My Drive\\fas...')
#8 {main}
CRITICAL - 2025-02-24 18:10:23 --> You must set the database table to be used with your query.
#0 H:\My Drive\fastfood\CodeIgniter4-4.1.9\system\Model.php(545): CodeIgniter\Database\BaseConnection->table(NULL)
#1 H:\My Drive\fastfood\CodeIgniter4-4.1.9\system\Model.php(693): CodeIgniter\Model->builder()
#2 H:\My Drive\fastfood\CodeIgniter4-4.1.9\app\Controllers\Home.php(382): CodeIgniter\Model->__get('request')
#3 H:\My Drive\fastfood\CodeIgniter4-4.1.9\system\CodeIgniter.php(832): App\Controllers\Home->simpan1()
#4 H:\My Drive\fastfood\CodeIgniter4-4.1.9\system\CodeIgniter.php(419): CodeIgniter\CodeIgniter->runController(Object(App\Controllers\Home))
#5 H:\My Drive\fastfood\CodeIgniter4-4.1.9\system\CodeIgniter.php(326): CodeIgniter\CodeIgniter->handleRequest(NULL, Object(Config\Cache), false)
#6 H:\My Drive\fastfood\CodeIgniter4-4.1.9\public\index.php(37): CodeIgniter\CodeIgniter->run()
#7 H:\My Drive\fastfood\CodeIgniter4-4.1.9\system\Commands\Server\rewrite.php(43): require_once('H:\\My Drive\\fas...')
#8 {main}
ERROR - 2025-02-24 18:13:58 --> Unknown column 'password' in 'field list'
CRITICAL - 2025-02-24 18:45:28 --> Cannot redeclare App\Controllers\Home::simpan1()
#0 [internal function]: CodeIgniter\Debug\Exceptions->shutdownHandler()
#1 {main}
CRITICAL - 2025-02-24 18:45:48 --> Cannot redeclare App\Controllers\Home::hapus_user()
#0 [internal function]: CodeIgniter\Debug\Exceptions->shutdownHandler()
#1 {main}
CRITICAL - 2025-02-24 18:46:32 --> Too few arguments to function App\Controllers\Home::edit_customer(), 0 passed in H:\My Drive\fastfood\CodeIgniter4-4.1.9\system\CodeIgniter.php on line 832 and exactly 1 expected
#0 H:\My Drive\fastfood\CodeIgniter4-4.1.9\system\CodeIgniter.php(832): App\Controllers\Home->edit_customer()
#1 H:\My Drive\fastfood\CodeIgniter4-4.1.9\system\CodeIgniter.php(419): CodeIgniter\CodeIgniter->runController(Object(App\Controllers\Home))
#2 H:\My Drive\fastfood\CodeIgniter4-4.1.9\system\CodeIgniter.php(326): CodeIgniter\CodeIgniter->handleRequest(NULL, Object(Config\Cache), false)
#3 H:\My Drive\fastfood\CodeIgniter4-4.1.9\public\index.php(37): CodeIgniter\CodeIgniter->run()
#4 H:\My Drive\fastfood\CodeIgniter4-4.1.9\system\Commands\Server\rewrite.php(43): require_once('H:\\My Drive\\fas...')
#5 {main}
CRITICAL - 2025-02-24 18:50:12 --> Too few arguments to function App\Controllers\Home::edit_customer(), 0 passed in H:\My Drive\fastfood\CodeIgniter4-4.1.9\system\CodeIgniter.php on line 832 and exactly 1 expected
#0 H:\My Drive\fastfood\CodeIgniter4-4.1.9\system\CodeIgniter.php(832): App\Controllers\Home->edit_customer()
#1 H:\My Drive\fastfood\CodeIgniter4-4.1.9\system\CodeIgniter.php(419): CodeIgniter\CodeIgniter->runController(Object(App\Controllers\Home))
#2 H:\My Drive\fastfood\CodeIgniter4-4.1.9\system\CodeIgniter.php(326): CodeIgniter\CodeIgniter->handleRequest(NULL, Object(Config\Cache), false)
#3 H:\My Drive\fastfood\CodeIgniter4-4.1.9\public\index.php(37): CodeIgniter\CodeIgniter->run()
#4 H:\My Drive\fastfood\CodeIgniter4-4.1.9\system\Commands\Server\rewrite.php(43): require_once('H:\\My Drive\\fas...')
#5 {main}
CRITICAL - 2025-02-24 18:58:19 --> Too few arguments to function App\Controllers\Home::edit_customer(), 0 passed in H:\My Drive\fastfood\CodeIgniter4-4.1.9\system\CodeIgniter.php on line 832 and exactly 1 expected
#0 H:\My Drive\fastfood\CodeIgniter4-4.1.9\system\CodeIgniter.php(832): App\Controllers\Home->edit_customer()
#1 H:\My Drive\fastfood\CodeIgniter4-4.1.9\system\CodeIgniter.php(419): CodeIgniter\CodeIgniter->runController(Object(App\Controllers\Home))
#2 H:\My Drive\fastfood\CodeIgniter4-4.1.9\system\CodeIgniter.php(326): CodeIgniter\CodeIgniter->handleRequest(NULL, Object(Config\Cache), false)
#3 H:\My Drive\fastfood\CodeIgniter4-4.1.9\public\index.php(37): CodeIgniter\CodeIgniter->run()
#4 H:\My Drive\fastfood\CodeIgniter4-4.1.9\system\Commands\Server\rewrite.php(43): require_once('H:\\My Drive\\fas...')
#5 {main}
CRITICAL - 2025-02-24 18:59:27 --> Too few arguments to function App\Controllers\Home::edit_customer(), 0 passed in H:\My Drive\fastfood\CodeIgniter4-4.1.9\system\CodeIgniter.php on line 832 and exactly 1 expected
#0 H:\My Drive\fastfood\CodeIgniter4-4.1.9\system\CodeIgniter.php(832): App\Controllers\Home->edit_customer()
#1 H:\My Drive\fastfood\CodeIgniter4-4.1.9\system\CodeIgniter.php(419): CodeIgniter\CodeIgniter->runController(Object(App\Controllers\Home))
#2 H:\My Drive\fastfood\CodeIgniter4-4.1.9\system\CodeIgniter.php(326): CodeIgniter\CodeIgniter->handleRequest(NULL, Object(Config\Cache), false)
#3 H:\My Drive\fastfood\CodeIgniter4-4.1.9\public\index.php(37): CodeIgniter\CodeIgniter->run()
#4 H:\My Drive\fastfood\CodeIgniter4-4.1.9\system\Commands\Server\rewrite.php(43): require_once('H:\\My Drive\\fas...')
#5 {main}
CRITICAL - 2025-02-24 19:00:36 --> Invalid file: tanpilancustomer.php
#0 H:\My Drive\fastfood\CodeIgniter4-4.1.9\system\View\View.php(198): CodeIgniter\Exceptions\FrameworkException::forInvalidFile('tanpilancustome...')
#1 H:\My Drive\fastfood\CodeIgniter4-4.1.9\system\Common.php(1089): CodeIgniter\View\View->render('tanpilancustome...', Array, true)
#2 H:\My Drive\fastfood\CodeIgniter4-4.1.9\app\Controllers\Home.php(366): view('tanpilancustome...')
#3 H:\My Drive\fastfood\CodeIgniter4-4.1.9\system\CodeIgniter.php(832): App\Controllers\Home->customer()
#4 H:\My Drive\fastfood\CodeIgniter4-4.1.9\system\CodeIgniter.php(419): CodeIgniter\CodeIgniter->runController(Object(App\Controllers\Home))
#5 H:\My Drive\fastfood\CodeIgniter4-4.1.9\system\CodeIgniter.php(326): CodeIgniter\CodeIgniter->handleRequest(NULL, Object(Config\Cache), false)
#6 H:\My Drive\fastfood\CodeIgniter4-4.1.9\public\index.php(37): CodeIgniter\CodeIgniter->run()
#7 H:\My Drive\fastfood\CodeIgniter4-4.1.9\system\Commands\Server\rewrite.php(43): require_once('H:\\My Drive\\fas...')
#8 {main}
CRITICAL - 2025-02-24 19:00:44 --> Invalid file: tanpilancustomer.php
#0 H:\My Drive\fastfood\CodeIgniter4-4.1.9\system\View\View.php(198): CodeIgniter\Exceptions\FrameworkException::forInvalidFile('tanpilancustome...')
#1 H:\My Drive\fastfood\CodeIgniter4-4.1.9\system\Common.php(1089): CodeIgniter\View\View->render('tanpilancustome...', Array, true)
#2 H:\My Drive\fastfood\CodeIgniter4-4.1.9\app\Controllers\Home.php(366): view('tanpilancustome...')
#3 H:\My Drive\fastfood\CodeIgniter4-4.1.9\system\CodeIgniter.php(832): App\Controllers\Home->customer()
#4 H:\My Drive\fastfood\CodeIgniter4-4.1.9\system\CodeIgniter.php(419): CodeIgniter\CodeIgniter->runController(Object(App\Controllers\Home))
#5 H:\My Drive\fastfood\CodeIgniter4-4.1.9\system\CodeIgniter.php(326): CodeIgniter\CodeIgniter->handleRequest(NULL, Object(Config\Cache), false)
#6 H:\My Drive\fastfood\CodeIgniter4-4.1.9\public\index.php(37): CodeIgniter\CodeIgniter->run()
#7 H:\My Drive\fastfood\CodeIgniter4-4.1.9\system\Commands\Server\rewrite.php(43): require_once('H:\\My Drive\\fas...')
#8 {main}
CRITICAL - 2025-02-24 19:00:55 --> Invalid file: tanpilancustomer.php
#0 H:\My Drive\fastfood\CodeIgniter4-4.1.9\system\View\View.php(198): CodeIgniter\Exceptions\FrameworkException::forInvalidFile('tanpilancustome...')
#1 H:\My Drive\fastfood\CodeIgniter4-4.1.9\system\Common.php(1089): CodeIgniter\View\View->render('tanpilancustome...', Array, true)
#2 H:\My Drive\fastfood\CodeIgniter4-4.1.9\app\Controllers\Home.php(366): view('tanpilancustome...')
#3 H:\My Drive\fastfood\CodeIgniter4-4.1.9\system\CodeIgniter.php(832): App\Controllers\Home->customer()
#4 H:\My Drive\fastfood\CodeIgniter4-4.1.9\system\CodeIgniter.php(419): CodeIgniter\CodeIgniter->runController(Object(App\Controllers\Home))
#5 H:\My Drive\fastfood\CodeIgniter4-4.1.9\system\CodeIgniter.php(326): CodeIgniter\CodeIgniter->handleRequest(NULL, Object(Config\Cache), false)
#6 H:\My Drive\fastfood\CodeIgniter4-4.1.9\public\index.php(37): CodeIgniter\CodeIgniter->run()
#7 H:\My Drive\fastfood\CodeIgniter4-4.1.9\system\Commands\Server\rewrite.php(43): require_once('H:\\My Drive\\fas...')
#8 {main}
ERROR - 2025-02-24 19:11:38 --> Unknown column 'username' in 'field list'
ERROR - 2025-02-24 19:12:25 --> Unknown column 'username' in 'field list'
ERROR - 2025-02-24 19:16:34 --> Unknown column 'username' in 'field list'
CRITICAL - 2025-02-24 19:16:37 --> Invalid argument supplied for foreach()
#0 H:\My Drive\fastfood\CodeIgniter4-4.1.9\app\Views\tampilankaryawan.php(62): CodeIgniter\Debug\Exceptions->errorHandler(2, 'Invalid argumen...', 'H:\\My Drive\\fas...', 62, Array)
#1 H:\My Drive\fastfood\CodeIgniter4-4.1.9\system\View\View.php(210): include('H:\\My Drive\\fas...')
#2 H:\My Drive\fastfood\CodeIgniter4-4.1.9\system\View\View.php(213): CodeIgniter\View\View->CodeIgniter\View\{closure}()
#3 H:\My Drive\fastfood\CodeIgniter4-4.1.9\system\Common.php(1089): CodeIgniter\View\View->render('tampilankaryawa...', Array, true)
#4 H:\My Drive\fastfood\CodeIgniter4-4.1.9\app\Controllers\Home.php(275): view('tampilankaryawa...', Array)
#5 H:\My Drive\fastfood\CodeIgniter4-4.1.9\system\CodeIgniter.php(832): App\Controllers\Home->karyawan()
#6 H:\My Drive\fastfood\CodeIgniter4-4.1.9\system\CodeIgniter.php(419): CodeIgniter\CodeIgniter->runController(Object(App\Controllers\Home))
#7 H:\My Drive\fastfood\CodeIgniter4-4.1.9\system\CodeIgniter.php(326): CodeIgniter\CodeIgniter->handleRequest(NULL, Object(Config\Cache), false)
#8 H:\My Drive\fastfood\CodeIgniter4-4.1.9\public\index.php(37): CodeIgniter\CodeIgniter->run()
#9 H:\My Drive\fastfood\CodeIgniter4-4.1.9\system\Commands\Server\rewrite.php(43): require_once('H:\\My Drive\\fas...')
#10 {main}
CRITICAL - 2025-02-24 19:18:19 --> Invalid argument supplied for foreach()
#0 H:\My Drive\fastfood\CodeIgniter4-4.1.9\app\Views\tampilankaryawan.php(62): CodeIgniter\Debug\Exceptions->errorHandler(2, 'Invalid argumen...', 'H:\\My Drive\\fas...', 62, Array)
#1 H:\My Drive\fastfood\CodeIgniter4-4.1.9\system\View\View.php(210): include('H:\\My Drive\\fas...')
#2 H:\My Drive\fastfood\CodeIgniter4-4.1.9\system\View\View.php(213): CodeIgniter\View\View->CodeIgniter\View\{closure}()
#3 H:\My Drive\fastfood\CodeIgniter4-4.1.9\system\Common.php(1089): CodeIgniter\View\View->render('tampilankaryawa...', Array, true)
#4 H:\My Drive\fastfood\CodeIgniter4-4.1.9\app\Controllers\Home.php(275): view('tampilankaryawa...', Array)
#5 H:\My Drive\fastfood\CodeIgniter4-4.1.9\system\CodeIgniter.php(832): App\Controllers\Home->karyawan()
#6 H:\My Drive\fastfood\CodeIgniter4-4.1.9\system\CodeIgniter.php(419): CodeIgniter\CodeIgniter->runController(Object(App\Controllers\Home))
#7 H:\My Drive\fastfood\CodeIgniter4-4.1.9\system\CodeIgniter.php(326): CodeIgniter\CodeIgniter->handleRequest(NULL, Object(Config\Cache), false)
#8 H:\My Drive\fastfood\CodeIgniter4-4.1.9\public\index.php(37): CodeIgniter\CodeIgniter->run()
#9 H:\My Drive\fastfood\CodeIgniter4-4.1.9\system\Commands\Server\rewrite.php(43): require_once('H:\\My Drive\\fas...')
#10 {main}
CRITICAL - 2025-02-24 19:18:24 --> Invalid argument supplied for foreach()
#0 H:\My Drive\fastfood\CodeIgniter4-4.1.9\app\Views\tampilankaryawan.php(62): CodeIgniter\Debug\Exceptions->errorHandler(2, 'Invalid argumen...', 'H:\\My Drive\\fas...', 62, Array)
#1 H:\My Drive\fastfood\CodeIgniter4-4.1.9\system\View\View.php(210): include('H:\\My Drive\\fas...')
#2 H:\My Drive\fastfood\CodeIgniter4-4.1.9\system\View\View.php(213): CodeIgniter\View\View->CodeIgniter\View\{closure}()
#3 H:\My Drive\fastfood\CodeIgniter4-4.1.9\system\Common.php(1089): CodeIgniter\View\View->render('tampilankaryawa...', Array, true)
#4 H:\My Drive\fastfood\CodeIgniter4-4.1.9\app\Controllers\Home.php(275): view('tampilankaryawa...', Array)
#5 H:\My Drive\fastfood\CodeIgniter4-4.1.9\system\CodeIgniter.php(832): App\Controllers\Home->karyawan()
#6 H:\My Drive\fastfood\CodeIgniter4-4.1.9\system\CodeIgniter.php(419): CodeIgniter\CodeIgniter->runController(Object(App\Controllers\Home))
#7 H:\My Drive\fastfood\CodeIgniter4-4.1.9\system\CodeIgniter.php(326): CodeIgniter\CodeIgniter->handleRequest(NULL, Object(Config\Cache), false)
#8 H:\My Drive\fastfood\CodeIgniter4-4.1.9\public\index.php(37): CodeIgniter\CodeIgniter->run()
#9 H:\My Drive\fastfood\CodeIgniter4-4.1.9\system\Commands\Server\rewrite.php(43): require_once('H:\\My Drive\\fas...')
#10 {main}
ERROR - 2025-02-24 19:18:38 --> Unknown column 'username' in 'field list'
CRITICAL - 2025-02-24 19:18:41 --> Invalid argument supplied for foreach()
#0 H:\My Drive\fastfood\CodeIgniter4-4.1.9\app\Views\tampilankaryawan.php(62): CodeIgniter\Debug\Exceptions->errorHandler(2, 'Invalid argumen...', 'H:\\My Drive\\fas...', 62, Array)
#1 H:\My Drive\fastfood\CodeIgniter4-4.1.9\system\View\View.php(210): include('H:\\My Drive\\fas...')
#2 H:\My Drive\fastfood\CodeIgniter4-4.1.9\system\View\View.php(213): CodeIgniter\View\View->CodeIgniter\View\{closure}()
#3 H:\My Drive\fastfood\CodeIgniter4-4.1.9\system\Common.php(1089): CodeIgniter\View\View->render('tampilankaryawa...', Array, true)
#4 H:\My Drive\fastfood\CodeIgniter4-4.1.9\app\Controllers\Home.php(275): view('tampilankaryawa...', Array)
#5 H:\My Drive\fastfood\CodeIgniter4-4.1.9\system\CodeIgniter.php(832): App\Controllers\Home->karyawan()
#6 H:\My Drive\fastfood\CodeIgniter4-4.1.9\system\CodeIgniter.php(419): CodeIgniter\CodeIgniter->runController(Object(App\Controllers\Home))
#7 H:\My Drive\fastfood\CodeIgniter4-4.1.9\system\CodeIgniter.php(326): CodeIgniter\CodeIgniter->handleRequest(NULL, Object(Config\Cache), false)
#8 H:\My Drive\fastfood\CodeIgniter4-4.1.9\public\index.php(37): CodeIgniter\CodeIgniter->run()
#9 H:\My Drive\fastfood\CodeIgniter4-4.1.9\system\Commands\Server\rewrite.php(43): require_once('H:\\My Drive\\fas...')
#10 {main}
ERROR - 2025-02-24 19:23:02 --> Unknown column 'username' in 'field list'
CRITICAL - 2025-02-24 19:23:05 --> Invalid argument supplied for foreach()
#0 H:\My Drive\fastfood\CodeIgniter4-4.1.9\app\Views\tampilankaryawan.php(62): CodeIgniter\Debug\Exceptions->errorHandler(2, 'Invalid argumen...', 'H:\\My Drive\\fas...', 62, Array)
#1 H:\My Drive\fastfood\CodeIgniter4-4.1.9\system\View\View.php(210): include('H:\\My Drive\\fas...')
#2 H:\My Drive\fastfood\CodeIgniter4-4.1.9\system\View\View.php(213): CodeIgniter\View\View->CodeIgniter\View\{closure}()
#3 H:\My Drive\fastfood\CodeIgniter4-4.1.9\system\Common.php(1089): CodeIgniter\View\View->render('tampilankaryawa...', Array, true)
#4 H:\My Drive\fastfood\CodeIgniter4-4.1.9\app\Controllers\Home.php(275): view('tampilankaryawa...', Array)
#5 H:\My Drive\fastfood\CodeIgniter4-4.1.9\system\CodeIgniter.php(832): App\Controllers\Home->karyawan()
#6 H:\My Drive\fastfood\CodeIgniter4-4.1.9\system\CodeIgniter.php(419): CodeIgniter\CodeIgniter->runController(Object(App\Controllers\Home))
#7 H:\My Drive\fastfood\CodeIgniter4-4.1.9\system\CodeIgniter.php(326): CodeIgniter\CodeIgniter->handleRequest(NULL, Object(Config\Cache), false)
#8 H:\My Drive\fastfood\CodeIgniter4-4.1.9\public\index.php(37): CodeIgniter\CodeIgniter->run()
#9 H:\My Drive\fastfood\CodeIgniter4-4.1.9\system\Commands\Server\rewrite.php(43): require_once('H:\\My Drive\\fas...')
#10 {main}
CRITICAL - 2025-02-24 19:23:34 --> Invalid file: welcome_message.php
#0 H:\My Drive\fastfood\CodeIgniter4-4.1.9\system\View\View.php(198): CodeIgniter\Exceptions\FrameworkException::forInvalidFile('welcome_message...')
#1 H:\My Drive\fastfood\CodeIgniter4-4.1.9\system\Common.php(1089): CodeIgniter\View\View->render('welcome_message', Array, true)
#2 H:\My Drive\fastfood\CodeIgniter4-4.1.9\app\Controllers\Home.php(10): view('welcome_message')
#3 H:\My Drive\fastfood\CodeIgniter4-4.1.9\system\CodeIgniter.php(832): App\Controllers\Home->index()
#4 H:\My Drive\fastfood\CodeIgniter4-4.1.9\system\CodeIgniter.php(419): CodeIgniter\CodeIgniter->runController(Object(App\Controllers\Home))
#5 H:\My Drive\fastfood\CodeIgniter4-4.1.9\system\CodeIgniter.php(326): CodeIgniter\CodeIgniter->handleRequest(NULL, Object(Config\Cache), false)
#6 H:\My Drive\fastfood\CodeIgniter4-4.1.9\public\index.php(37): CodeIgniter\CodeIgniter->run()
#7 H:\My Drive\fastfood\CodeIgniter4-4.1.9\system\Commands\Server\rewrite.php(43): require_once('H:\\My Drive\\fas...')
#8 {main}
CRITICAL - 2025-02-24 19:24:41 --> Invalid file: pesanan_makanan.php
#0 H:\My Drive\fastfood\CodeIgniter4-4.1.9\system\View\View.php(198): CodeIgniter\Exceptions\FrameworkException::forInvalidFile('pesanan_makanan...')
#1 H:\My Drive\fastfood\CodeIgniter4-4.1.9\system\Common.php(1089): CodeIgniter\View\View->render('pesanan_makanan', Array, true)
#2 H:\My Drive\fastfood\CodeIgniter4-4.1.9\app\Controllers\Home.php(121): view('pesanan_makanan', Array)
#3 H:\My Drive\fastfood\CodeIgniter4-4.1.9\system\CodeIgniter.php(832): App\Controllers\Home->daftar_menu()
#4 H:\My Drive\fastfood\CodeIgniter4-4.1.9\system\CodeIgniter.php(419): CodeIgniter\CodeIgniter->runController(Object(App\Controllers\Home))
#5 H:\My Drive\fastfood\CodeIgniter4-4.1.9\system\CodeIgniter.php(326): CodeIgniter\CodeIgniter->handleRequest(NULL, Object(Config\Cache), false)
#6 H:\My Drive\fastfood\CodeIgniter4-4.1.9\public\index.php(37): CodeIgniter\CodeIgniter->run()
#7 H:\My Drive\fastfood\CodeIgniter4-4.1.9\system\Commands\Server\rewrite.php(43): require_once('H:\\My Drive\\fas...')
#8 {main}
CRITICAL - 2025-02-24 19:27:06 --> Invalid argument supplied for foreach()
#0 H:\My Drive\fastfood\CodeIgniter4-4.1.9\app\Views\menucustomer.php(4): CodeIgniter\Debug\Exceptions->errorHandler(2, 'Invalid argumen...', 'H:\\My Drive\\fas...', 4, Array)
#1 H:\My Drive\fastfood\CodeIgniter4-4.1.9\system\View\View.php(210): include('H:\\My Drive\\fas...')
#2 H:\My Drive\fastfood\CodeIgniter4-4.1.9\system\View\View.php(213): CodeIgniter\View\View->CodeIgniter\View\{closure}()
#3 H:\My Drive\fastfood\CodeIgniter4-4.1.9\system\Common.php(1089): CodeIgniter\View\View->render('menucustomer', Array, true)
#4 H:\My Drive\fastfood\CodeIgniter4-4.1.9\app\Controllers\Home.php(121): view('menucustomer', Array)
#5 H:\My Drive\fastfood\CodeIgniter4-4.1.9\system\CodeIgniter.php(832): App\Controllers\Home->daftar_menu()
#6 H:\My Drive\fastfood\CodeIgniter4-4.1.9\system\CodeIgniter.php(419): CodeIgniter\CodeIgniter->runController(Object(App\Controllers\Home))
#7 H:\My Drive\fastfood\CodeIgniter4-4.1.9\system\CodeIgniter.php(326): CodeIgniter\CodeIgniter->handleRequest(NULL, Object(Config\Cache), false)
#8 H:\My Drive\fastfood\CodeIgniter4-4.1.9\public\index.php(37): CodeIgniter\CodeIgniter->run()
#9 H:\My Drive\fastfood\CodeIgniter4-4.1.9\system\Commands\Server\rewrite.php(43): require_once('H:\\My Drive\\fas...')
#10 {main}
CRITICAL - 2025-02-24 19:27:13 --> Invalid argument supplied for foreach()
#0 H:\My Drive\fastfood\CodeIgniter4-4.1.9\app\Views\menucustomer.php(4): CodeIgniter\Debug\Exceptions->errorHandler(2, 'Invalid argumen...', 'H:\\My Drive\\fas...', 4, Array)
#1 H:\My Drive\fastfood\CodeIgniter4-4.1.9\system\View\View.php(210): include('H:\\My Drive\\fas...')
#2 H:\My Drive\fastfood\CodeIgniter4-4.1.9\system\View\View.php(213): CodeIgniter\View\View->CodeIgniter\View\{closure}()
#3 H:\My Drive\fastfood\CodeIgniter4-4.1.9\system\Common.php(1089): CodeIgniter\View\View->render('menucustomer', Array, true)
#4 H:\My Drive\fastfood\CodeIgniter4-4.1.9\app\Controllers\Home.php(121): view('menucustomer', Array)
#5 H:\My Drive\fastfood\CodeIgniter4-4.1.9\system\CodeIgniter.php(832): App\Controllers\Home->daftar_menu()
#6 H:\My Drive\fastfood\CodeIgniter4-4.1.9\system\CodeIgniter.php(419): CodeIgniter\CodeIgniter->runController(Object(App\Controllers\Home))
#7 H:\My Drive\fastfood\CodeIgniter4-4.1.9\system\CodeIgniter.php(326): CodeIgniter\CodeIgniter->handleRequest(NULL, Object(Config\Cache), false)
#8 H:\My Drive\fastfood\CodeIgniter4-4.1.9\public\index.php(37): CodeIgniter\CodeIgniter->run()
#9 H:\My Drive\fastfood\CodeIgniter4-4.1.9\system\Commands\Server\rewrite.php(43): require_once('H:\\My Drive\\fas...')
#10 {main}
CRITICAL - 2025-02-24 19:27:54 --> Invalid argument supplied for foreach()
#0 H:\My Drive\fastfood\CodeIgniter4-4.1.9\app\Views\menucustomer.php(4): CodeIgniter\Debug\Exceptions->errorHandler(2, 'Invalid argumen...', 'H:\\My Drive\\fas...', 4, Array)
#1 H:\My Drive\fastfood\CodeIgniter4-4.1.9\system\View\View.php(210): include('H:\\My Drive\\fas...')
#2 H:\My Drive\fastfood\CodeIgniter4-4.1.9\system\View\View.php(213): CodeIgniter\View\View->CodeIgniter\View\{closure}()
#3 H:\My Drive\fastfood\CodeIgniter4-4.1.9\system\Common.php(1089): CodeIgniter\View\View->render('menucustomer', Array, true)
#4 H:\My Drive\fastfood\CodeIgniter4-4.1.9\app\Controllers\Home.php(121): view('menucustomer', Array)
#5 H:\My Drive\fastfood\CodeIgniter4-4.1.9\system\CodeIgniter.php(832): App\Controllers\Home->daftar_menu()
#6 H:\My Drive\fastfood\CodeIgniter4-4.1.9\system\CodeIgniter.php(419): CodeIgniter\CodeIgniter->runController(Object(App\Controllers\Home))
#7 H:\My Drive\fastfood\CodeIgniter4-4.1.9\system\CodeIgniter.php(326): CodeIgniter\CodeIgniter->handleRequest(NULL, Object(Config\Cache), false)
#8 H:\My Drive\fastfood\CodeIgniter4-4.1.9\public\index.php(37): CodeIgniter\CodeIgniter->run()
#9 H:\My Drive\fastfood\CodeIgniter4-4.1.9\system\Commands\Server\rewrite.php(43): require_once('H:\\My Drive\\fas...')
#10 {main}
CRITICAL - 2025-02-24 19:36:10 --> syntax error, unexpected 'endforeach' (T_ENDFOREACH), expecting end of file
#0 H:\My Drive\fastfood\CodeIgniter4-4.1.9\system\View\View.php(213): CodeIgniter\View\View->CodeIgniter\View\{closure}()
#1 H:\My Drive\fastfood\CodeIgniter4-4.1.9\system\Common.php(1089): CodeIgniter\View\View->render('menucustomer', Array, true)
#2 H:\My Drive\fastfood\CodeIgniter4-4.1.9\app\Controllers\Home.php(121): view('menucustomer', Array)
#3 H:\My Drive\fastfood\CodeIgniter4-4.1.9\system\CodeIgniter.php(832): App\Controllers\Home->daftar_menu()
#4 H:\My Drive\fastfood\CodeIgniter4-4.1.9\system\CodeIgniter.php(419): CodeIgniter\CodeIgniter->runController(Object(App\Controllers\Home))
#5 H:\My Drive\fastfood\CodeIgniter4-4.1.9\system\CodeIgniter.php(326): CodeIgniter\CodeIgniter->handleRequest(NULL, Object(Config\Cache), false)
#6 H:\My Drive\fastfood\CodeIgniter4-4.1.9\public\index.php(37): CodeIgniter\CodeIgniter->run()
#7 H:\My Drive\fastfood\CodeIgniter4-4.1.9\system\Commands\Server\rewrite.php(43): require_once('H:\\My Drive\\fas...')
#8 {main}
CRITICAL - 2025-02-24 19:36:25 --> syntax error, unexpected 'endforeach' (T_ENDFOREACH), expecting end of file
#0 H:\My Drive\fastfood\CodeIgniter4-4.1.9\system\View\View.php(213): CodeIgniter\View\View->CodeIgniter\View\{closure}()
#1 H:\My Drive\fastfood\CodeIgniter4-4.1.9\system\Common.php(1089): CodeIgniter\View\View->render('menucustomer', Array, true)
#2 H:\My Drive\fastfood\CodeIgniter4-4.1.9\app\Controllers\Home.php(121): view('menucustomer', Array)
#3 H:\My Drive\fastfood\CodeIgniter4-4.1.9\system\CodeIgniter.php(832): App\Controllers\Home->daftar_menu()
#4 H:\My Drive\fastfood\CodeIgniter4-4.1.9\system\CodeIgniter.php(419): CodeIgniter\CodeIgniter->runController(Object(App\Controllers\Home))
#5 H:\My Drive\fastfood\CodeIgniter4-4.1.9\system\CodeIgniter.php(326): CodeIgniter\CodeIgniter->handleRequest(NULL, Object(Config\Cache), false)
#6 H:\My Drive\fastfood\CodeIgniter4-4.1.9\public\index.php(37): CodeIgniter\CodeIgniter->run()
#7 H:\My Drive\fastfood\CodeIgniter4-4.1.9\system\Commands\Server\rewrite.php(43): require_once('H:\\My Drive\\fas...')
#8 {main}
CRITICAL - 2025-02-24 19:50:18 --> You must set the database table to be used with your query.
#0 H:\My Drive\fastfood\CodeIgniter4-4.1.9\system\Model.php(545): CodeIgniter\Database\BaseConnection->table(NULL)
#1 H:\My Drive\fastfood\CodeIgniter4-4.1.9\system\Model.php(722): CodeIgniter\Model->builder()
#2 H:\My Drive\fastfood\CodeIgniter4-4.1.9\app\Controllers\Home.php(156): CodeIgniter\Model->__call('getById', Array)
#3 H:\My Drive\fastfood\CodeIgniter4-4.1.9\system\CodeIgniter.php(832): App\Controllers\Home->lihat_keranjang()
#4 H:\My Drive\fastfood\CodeIgniter4-4.1.9\system\CodeIgniter.php(419): CodeIgniter\CodeIgniter->runController(Object(App\Controllers\Home))
#5 H:\My Drive\fastfood\CodeIgniter4-4.1.9\system\CodeIgniter.php(326): CodeIgniter\CodeIgniter->handleRequest(NULL, Object(Config\Cache), false)
#6 H:\My Drive\fastfood\CodeIgniter4-4.1.9\public\index.php(37): CodeIgniter\CodeIgniter->run()
#7 H:\My Drive\fastfood\CodeIgniter4-4.1.9\system\Commands\Server\rewrite.php(43): require_once('H:\\My Drive\\fas...')
#8 {main}
CRITICAL - 2025-02-24 19:51:50 --> You must set the database table to be used with your query.
#0 H:\My Drive\fastfood\CodeIgniter4-4.1.9\system\Model.php(545): CodeIgniter\Database\BaseConnection->table(NULL)
#1 H:\My Drive\fastfood\CodeIgniter4-4.1.9\system\Model.php(722): CodeIgniter\Model->builder()
#2 H:\My Drive\fastfood\CodeIgniter4-4.1.9\app\Controllers\Home.php(156): CodeIgniter\Model->__call('getById', Array)
#3 H:\My Drive\fastfood\CodeIgniter4-4.1.9\system\CodeIgniter.php(832): App\Controllers\Home->lihat_keranjang()
#4 H:\My Drive\fastfood\CodeIgniter4-4.1.9\system\CodeIgniter.php(419): CodeIgniter\CodeIgniter->runController(Object(App\Controllers\Home))
#5 H:\My Drive\fastfood\CodeIgniter4-4.1.9\system\CodeIgniter.php(326): CodeIgniter\CodeIgniter->handleRequest(NULL, Object(Config\Cache), false)
#6 H:\My Drive\fastfood\CodeIgniter4-4.1.9\public\index.php(37): CodeIgniter\CodeIgniter->run()
#7 H:\My Drive\fastfood\CodeIgniter4-4.1.9\system\Commands\Server\rewrite.php(43): require_once('H:\\My Drive\\fas...')
#8 {main}
CRITICAL - 2025-02-24 19:57:56 --> You must set the database table to be used with your query.
#0 H:\My Drive\fastfood\CodeIgniter4-4.1.9\system\Model.php(545): CodeIgniter\Database\BaseConnection->table(NULL)
#1 H:\My Drive\fastfood\CodeIgniter4-4.1.9\system\Model.php(722): CodeIgniter\Model->builder()
#2 H:\My Drive\fastfood\CodeIgniter4-4.1.9\app\Controllers\Home.php(156): CodeIgniter\Model->__call('getById', Array)
#3 H:\My Drive\fastfood\CodeIgniter4-4.1.9\system\CodeIgniter.php(832): App\Controllers\Home->lihat_keranjang()
#4 H:\My Drive\fastfood\CodeIgniter4-4.1.9\system\CodeIgniter.php(419): CodeIgniter\CodeIgniter->runController(Object(App\Controllers\Home))
#5 H:\My Drive\fastfood\CodeIgniter4-4.1.9\system\CodeIgniter.php(326): CodeIgniter\CodeIgniter->handleRequest(NULL, Object(Config\Cache), false)
#6 H:\My Drive\fastfood\CodeIgniter4-4.1.9\public\index.php(37): CodeIgniter\CodeIgniter->run()
#7 H:\My Drive\fastfood\CodeIgniter4-4.1.9\system\Commands\Server\rewrite.php(43): require_once('H:\\My Drive\\fas...')
#8 {main}
CRITICAL - 2025-02-24 19:58:04 --> You must set the database table to be used with your query.
#0 H:\My Drive\fastfood\CodeIgniter4-4.1.9\system\Model.php(545): CodeIgniter\Database\BaseConnection->table(NULL)
#1 H:\My Drive\fastfood\CodeIgniter4-4.1.9\system\Model.php(722): CodeIgniter\Model->builder()
#2 H:\My Drive\fastfood\CodeIgniter4-4.1.9\app\Controllers\Home.php(156): CodeIgniter\Model->__call('getById', Array)
#3 H:\My Drive\fastfood\CodeIgniter4-4.1.9\system\CodeIgniter.php(832): App\Controllers\Home->lihat_keranjang()
#4 H:\My Drive\fastfood\CodeIgniter4-4.1.9\system\CodeIgniter.php(419): CodeIgniter\CodeIgniter->runController(Object(App\Controllers\Home))
#5 H:\My Drive\fastfood\CodeIgniter4-4.1.9\system\CodeIgniter.php(326): CodeIgniter\CodeIgniter->handleRequest(NULL, Object(Config\Cache), false)
#6 H:\My Drive\fastfood\CodeIgniter4-4.1.9\public\index.php(37): CodeIgniter\CodeIgniter->run()
#7 H:\My Drive\fastfood\CodeIgniter4-4.1.9\system\Commands\Server\rewrite.php(43): require_once('H:\\My Drive\\fas...')
#8 {main}
CRITICAL - 2025-02-24 20:00:58 --> You must set the database table to be used with your query.
#0 H:\My Drive\fastfood\CodeIgniter4-4.1.9\system\Model.php(545): CodeIgniter\Database\BaseConnection->table(NULL)
#1 H:\My Drive\fastfood\CodeIgniter4-4.1.9\system\Model.php(722): CodeIgniter\Model->builder()
#2 H:\My Drive\fastfood\CodeIgniter4-4.1.9\app\Controllers\Home.php(156): CodeIgniter\Model->__call('getById', Array)
#3 H:\My Drive\fastfood\CodeIgniter4-4.1.9\system\CodeIgniter.php(832): App\Controllers\Home->lihat_keranjang()
#4 H:\My Drive\fastfood\CodeIgniter4-4.1.9\system\CodeIgniter.php(419): CodeIgniter\CodeIgniter->runController(Object(App\Controllers\Home))
#5 H:\My Drive\fastfood\CodeIgniter4-4.1.9\system\CodeIgniter.php(326): CodeIgniter\CodeIgniter->handleRequest(NULL, Object(Config\Cache), false)
#6 H:\My Drive\fastfood\CodeIgniter4-4.1.9\public\index.php(37): CodeIgniter\CodeIgniter->run()
#7 H:\My Drive\fastfood\CodeIgniter4-4.1.9\system\Commands\Server\rewrite.php(43): require_once('H:\\My Drive\\fas...')
#8 {main}
CRITICAL - 2025-02-24 20:08:01 --> Invalid file: pesanan.php
#0 H:\My Drive\fastfood\CodeIgniter4-4.1.9\system\View\View.php(198): CodeIgniter\Exceptions\FrameworkException::forInvalidFile('pesanan.php')
#1 H:\My Drive\fastfood\CodeIgniter4-4.1.9\system\Common.php(1089): CodeIgniter\View\View->render('pesanan', Array, true)
#2 H:\My Drive\fastfood\CodeIgniter4-4.1.9\app\Controllers\Home.php(188): view('pesanan', Array)
#3 H:\My Drive\fastfood\CodeIgniter4-4.1.9\system\CodeIgniter.php(832): App\Controllers\Home->daftar_pesanan()
#4 H:\My Drive\fastfood\CodeIgniter4-4.1.9\system\CodeIgniter.php(419): CodeIgniter\CodeIgniter->runController(Object(App\Controllers\Home))
#5 H:\My Drive\fastfood\CodeIgniter4-4.1.9\system\CodeIgniter.php(326): CodeIgniter\CodeIgniter->handleRequest(NULL, Object(Config\Cache), false)
#6 H:\My Drive\fastfood\CodeIgniter4-4.1.9\public\index.php(37): CodeIgniter\CodeIgniter->run()
#7 H:\My Drive\fastfood\CodeIgniter4-4.1.9\system\Commands\Server\rewrite.php(43): require_once('H:\\My Drive\\fas...')
#8 {main}
CRITICAL - 2025-02-24 20:18:59 --> syntax error, unexpected 'ppublic' (T_STRING), expecting function (T_FUNCTION) or const (T_CONST)
#0 H:\My Drive\fastfood\CodeIgniter4-4.1.9\system\Router\Router.php(175): CodeIgniter\Router\Router->autoRoute('home/hai')
#1 H:\My Drive\fastfood\CodeIgniter4-4.1.9\system\CodeIgniter.php(726): CodeIgniter\Router\Router->handle('home/hai')
#2 H:\My Drive\fastfood\CodeIgniter4-4.1.9\system\CodeIgniter.php(368): CodeIgniter\CodeIgniter->tryToRouteIt(Object(CodeIgniter\Router\RouteCollection))
#3 H:\My Drive\fastfood\CodeIgniter4-4.1.9\system\CodeIgniter.php(326): CodeIgniter\CodeIgniter->handleRequest(NULL, Object(Config\Cache), false)
#4 H:\My Drive\fastfood\CodeIgniter4-4.1.9\public\index.php(37): CodeIgniter\CodeIgniter->run()
#5 H:\My Drive\fastfood\CodeIgniter4-4.1.9\system\Commands\Server\rewrite.php(43): require_once('H:\\My Drive\\fas...')
#6 {main}
CRITICAL - 2025-02-24 20:19:00 --> syntax error, unexpected 'ppublic' (T_STRING), expecting function (T_FUNCTION) or const (T_CONST)
#0 H:\My Drive\fastfood\CodeIgniter4-4.1.9\system\Router\Router.php(175): CodeIgniter\Router\Router->autoRoute('home/hai')
#1 H:\My Drive\fastfood\CodeIgniter4-4.1.9\system\CodeIgniter.php(726): CodeIgniter\Router\Router->handle('home/hai')
#2 H:\My Drive\fastfood\CodeIgniter4-4.1.9\system\CodeIgniter.php(368): CodeIgniter\CodeIgniter->tryToRouteIt(Object(CodeIgniter\Router\RouteCollection))
#3 H:\My Drive\fastfood\CodeIgniter4-4.1.9\system\CodeIgniter.php(326): CodeIgniter\CodeIgniter->handleRequest(NULL, Object(Config\Cache), false)
#4 H:\My Drive\fastfood\CodeIgniter4-4.1.9\public\index.php(37): CodeIgniter\CodeIgniter->run()
#5 H:\My Drive\fastfood\CodeIgniter4-4.1.9\system\Commands\Server\rewrite.php(43): require_once('H:\\My Drive\\fas...')
#6 {main}
CRITICAL - 2025-02-24 20:19:01 --> syntax error, unexpected 'ppublic' (T_STRING), expecting function (T_FUNCTION) or const (T_CONST)
#0 H:\My Drive\fastfood\CodeIgniter4-4.1.9\system\Router\Router.php(175): CodeIgniter\Router\Router->autoRoute('home/hai')
#1 H:\My Drive\fastfood\CodeIgniter4-4.1.9\system\CodeIgniter.php(726): CodeIgniter\Router\Router->handle('home/hai')
#2 H:\My Drive\fastfood\CodeIgniter4-4.1.9\system\CodeIgniter.php(368): CodeIgniter\CodeIgniter->tryToRouteIt(Object(CodeIgniter\Router\RouteCollection))
#3 H:\My Drive\fastfood\CodeIgniter4-4.1.9\system\CodeIgniter.php(326): CodeIgniter\CodeIgniter->handleRequest(NULL, Object(Config\Cache), false)
#4 H:\My Drive\fastfood\CodeIgniter4-4.1.9\public\index.php(37): CodeIgniter\CodeIgniter->run()
#5 H:\My Drive\fastfood\CodeIgniter4-4.1.9\system\Commands\Server\rewrite.php(43): require_once('H:\\My Drive\\fas...')
#6 {main}
ERROR - 2025-02-24 20:19:40 --> Unknown column 'tanggal' in 'field list'
CRITICAL - 2025-02-24 20:19:41 --> You must set the database table to be used with your query.
#0 H:\My Drive\fastfood\CodeIgniter4-4.1.9\system\Model.php(545): CodeIgniter\Database\BaseConnection->table(NULL)
#1 H:\My Drive\fastfood\CodeIgniter4-4.1.9\system\Model.php(722): CodeIgniter\Model->builder()
#2 H:\My Drive\fastfood\CodeIgniter4-4.1.9\app\Controllers\Home.php(206): CodeIgniter\Model->__call('insertID', Array)
#3 H:\My Drive\fastfood\CodeIgniter4-4.1.9\system\CodeIgniter.php(832): App\Controllers\Home->checkout()
#4 H:\My Drive\fastfood\CodeIgniter4-4.1.9\system\CodeIgniter.php(419): CodeIgniter\CodeIgniter->runController(Object(App\Controllers\Home))
#5 H:\My Drive\fastfood\CodeIgniter4-4.1.9\system\CodeIgniter.php(326): CodeIgniter\CodeIgniter->handleRequest(NULL, Object(Config\Cache), false)
#6 H:\My Drive\fastfood\CodeIgniter4-4.1.9\public\index.php(37): CodeIgniter\CodeIgniter->run()
#7 H:\My Drive\fastfood\CodeIgniter4-4.1.9\system\Commands\Server\rewrite.php(43): require_once('H:\\My Drive\\fas...')
#8 {main}
ERROR - 2025-02-24 20:22:12 --> Unknown column 'tanggal' in 'field list'
CRITICAL - 2025-02-24 20:22:12 --> You must set the database table to be used with your query.
#0 H:\My Drive\fastfood\CodeIgniter4-4.1.9\system\Model.php(545): CodeIgniter\Database\BaseConnection->table(NULL)
#1 H:\My Drive\fastfood\CodeIgniter4-4.1.9\system\Model.php(722): CodeIgniter\Model->builder()
#2 H:\My Drive\fastfood\CodeIgniter4-4.1.9\app\Controllers\Home.php(206): CodeIgniter\Model->__call('insertID', Array)
#3 H:\My Drive\fastfood\CodeIgniter4-4.1.9\system\CodeIgniter.php(832): App\Controllers\Home->checkout()
#4 H:\My Drive\fastfood\CodeIgniter4-4.1.9\system\CodeIgniter.php(419): CodeIgniter\CodeIgniter->runController(Object(App\Controllers\Home))
#5 H:\My Drive\fastfood\CodeIgniter4-4.1.9\system\CodeIgniter.php(326): CodeIgniter\CodeIgniter->handleRequest(NULL, Object(Config\Cache), false)
#6 H:\My Drive\fastfood\CodeIgniter4-4.1.9\public\index.php(37): CodeIgniter\CodeIgniter->run()
#7 H:\My Drive\fastfood\CodeIgniter4-4.1.9\system\Commands\Server\rewrite.php(43): require_once('H:\\My Drive\\fas...')
#8 {main}
ERROR - 2025-02-24 20:22:21 --> Unknown column 'tanggal' in 'field list'
CRITICAL - 2025-02-24 20:22:21 --> You must set the database table to be used with your query.
#0 H:\My Drive\fastfood\CodeIgniter4-4.1.9\system\Model.php(545): CodeIgniter\Database\BaseConnection->table(NULL)
#1 H:\My Drive\fastfood\CodeIgniter4-4.1.9\system\Model.php(722): CodeIgniter\Model->builder()
#2 H:\My Drive\fastfood\CodeIgniter4-4.1.9\app\Controllers\Home.php(206): CodeIgniter\Model->__call('insertID', Array)
#3 H:\My Drive\fastfood\CodeIgniter4-4.1.9\system\CodeIgniter.php(832): App\Controllers\Home->checkout()
#4 H:\My Drive\fastfood\CodeIgniter4-4.1.9\system\CodeIgniter.php(419): CodeIgniter\CodeIgniter->runController(Object(App\Controllers\Home))
#5 H:\My Drive\fastfood\CodeIgniter4-4.1.9\system\CodeIgniter.php(326): CodeIgniter\CodeIgniter->handleRequest(NULL, Object(Config\Cache), false)
#6 H:\My Drive\fastfood\CodeIgniter4-4.1.9\public\index.php(37): CodeIgniter\CodeIgniter->run()
#7 H:\My Drive\fastfood\CodeIgniter4-4.1.9\system\Commands\Server\rewrite.php(43): require_once('H:\\My Drive\\fas...')
#8 {main}
ERROR - 2025-02-24 20:22:22 --> Unknown column 'tanggal' in 'field list'
CRITICAL - 2025-02-24 20:22:22 --> You must set the database table to be used with your query.
#0 H:\My Drive\fastfood\CodeIgniter4-4.1.9\system\Model.php(545): CodeIgniter\Database\BaseConnection->table(NULL)
#1 H:\My Drive\fastfood\CodeIgniter4-4.1.9\system\Model.php(722): CodeIgniter\Model->builder()
#2 H:\My Drive\fastfood\CodeIgniter4-4.1.9\app\Controllers\Home.php(206): CodeIgniter\Model->__call('insertID', Array)
#3 H:\My Drive\fastfood\CodeIgniter4-4.1.9\system\CodeIgniter.php(832): App\Controllers\Home->checkout()
#4 H:\My Drive\fastfood\CodeIgniter4-4.1.9\system\CodeIgniter.php(419): CodeIgniter\CodeIgniter->runController(Object(App\Controllers\Home))
#5 H:\My Drive\fastfood\CodeIgniter4-4.1.9\system\CodeIgniter.php(326): CodeIgniter\CodeIgniter->handleRequest(NULL, Object(Config\Cache), false)
#6 H:\My Drive\fastfood\CodeIgniter4-4.1.9\public\index.php(37): CodeIgniter\CodeIgniter->run()
#7 H:\My Drive\fastfood\CodeIgniter4-4.1.9\system\Commands\Server\rewrite.php(43): require_once('H:\\My Drive\\fas...')
#8 {main}
ERROR - 2025-02-24 20:24:33 --> Unknown column 'tanggal' in 'field list'
CRITICAL - 2025-02-24 20:24:33 --> You must set the database table to be used with your query.
#0 H:\My Drive\fastfood\CodeIgniter4-4.1.9\system\Model.php(545): CodeIgniter\Database\BaseConnection->table(NULL)
#1 H:\My Drive\fastfood\CodeIgniter4-4.1.9\system\Model.php(722): CodeIgniter\Model->builder()
#2 H:\My Drive\fastfood\CodeIgniter4-4.1.9\app\Controllers\Home.php(206): CodeIgniter\Model->__call('insertID', Array)
#3 H:\My Drive\fastfood\CodeIgniter4-4.1.9\system\CodeIgniter.php(832): App\Controllers\Home->checkout()
#4 H:\My Drive\fastfood\CodeIgniter4-4.1.9\system\CodeIgniter.php(419): CodeIgniter\CodeIgniter->runController(Object(App\Controllers\Home))
#5 H:\My Drive\fastfood\CodeIgniter4-4.1.9\system\CodeIgniter.php(326): CodeIgniter\CodeIgniter->handleRequest(NULL, Object(Config\Cache), false)
#6 H:\My Drive\fastfood\CodeIgniter4-4.1.9\public\index.php(37): CodeIgniter\CodeIgniter->run()
#7 H:\My Drive\fastfood\CodeIgniter4-4.1.9\system\Commands\Server\rewrite.php(43): require_once('H:\\My Drive\\fas...')
#8 {main}
CRITICAL - 2025-02-24 20:47:05 --> Cannot use a scalar value as an array
#0 H:\My Drive\fastfood\CodeIgniter4-4.1.9\app\Controllers\Home.php(297): CodeIgniter\Debug\Exceptions->errorHandler(2, 'Cannot use a sc...', 'H:\\My Drive\\fas...', 297, Array)
#1 H:\My Drive\fastfood\CodeIgniter4-4.1.9\system\CodeIgniter.php(832): App\Controllers\Home->keranjang_update()
#2 H:\My Drive\fastfood\CodeIgniter4-4.1.9\system\CodeIgniter.php(419): CodeIgniter\CodeIgniter->runController(Object(App\Controllers\Home))
#3 H:\My Drive\fastfood\CodeIgniter4-4.1.9\system\CodeIgniter.php(326): CodeIgniter\CodeIgniter->handleRequest(NULL, Object(Config\Cache), false)
#4 H:\My Drive\fastfood\CodeIgniter4-4.1.9\public\index.php(37): CodeIgniter\CodeIgniter->run()
#5 H:\My Drive\fastfood\CodeIgniter4-4.1.9\system\Commands\Server\rewrite.php(43): require_once('H:\\My Drive\\fas...')
#6 {main}
CRITICAL - 2025-02-24 21:00:11 --> Cannot redeclare App\Controllers\Home::keranjang_update()
#0 [internal function]: CodeIgniter\Debug\Exceptions->shutdownHandler()
#1 {main}
CRITICAL - 2025-02-24 21:00:15 --> Cannot redeclare App\Controllers\Home::keranjang_update()
#0 [internal function]: CodeIgniter\Debug\Exceptions->shutdownHandler()
#1 {main}
CRITICAL - 2025-02-24 21:00:22 --> Cannot redeclare App\Controllers\Home::keranjang_update()
#0 [internal function]: CodeIgniter\Debug\Exceptions->shutdownHandler()
#1 {main}
CRITICAL - 2025-02-24 21:01:37 --> Invalid file: welcome_message.php
#0 H:\My Drive\fastfood\CodeIgniter4-4.1.9\system\View\View.php(198): CodeIgniter\Exceptions\FrameworkException::forInvalidFile('welcome_message...')
#1 H:\My Drive\fastfood\CodeIgniter4-4.1.9\system\Common.php(1089): CodeIgniter\View\View->render('welcome_message', Array, true)
#2 H:\My Drive\fastfood\CodeIgniter4-4.1.9\app\Controllers\Home.php(10): view('welcome_message')
#3 H:\My Drive\fastfood\CodeIgniter4-4.1.9\system\CodeIgniter.php(832): App\Controllers\Home->index()
#4 H:\My Drive\fastfood\CodeIgniter4-4.1.9\system\CodeIgniter.php(419): CodeIgniter\CodeIgniter->runController(Object(App\Controllers\Home))
#5 H:\My Drive\fastfood\CodeIgniter4-4.1.9\system\CodeIgniter.php(326): CodeIgniter\CodeIgniter->handleRequest(NULL, Object(Config\Cache), false)
#6 H:\My Drive\fastfood\CodeIgniter4-4.1.9\public\index.php(37): CodeIgniter\CodeIgniter->run()
#7 H:\My Drive\fastfood\CodeIgniter4-4.1.9\system\Commands\Server\rewrite.php(43): require_once('H:\\My Drive\\fas...')
#8 {main}
CRITICAL - 2025-02-24 21:04:02 --> Unsupported operand types
#0 H:\My Drive\fastfood\CodeIgniter4-4.1.9\system\CodeIgniter.php(832): App\Controllers\Home->checkout()
#1 H:\My Drive\fastfood\CodeIgniter4-4.1.9\system\CodeIgniter.php(419): CodeIgniter\CodeIgniter->runController(Object(App\Controllers\Home))
#2 H:\My Drive\fastfood\CodeIgniter4-4.1.9\system\CodeIgniter.php(326): CodeIgniter\CodeIgniter->handleRequest(NULL, Object(Config\Cache), false)
#3 H:\My Drive\fastfood\CodeIgniter4-4.1.9\public\index.php(37): CodeIgniter\CodeIgniter->run()
#4 H:\My Drive\fastfood\CodeIgniter4-4.1.9\system\Commands\Server\rewrite.php(43): require_once('H:\\My Drive\\fas...')
#5 {main}
ERROR - 2025-02-24 21:57:17 --> Error connecting to the database: No connection could be made because the target machine actively refused it
CRITICAL - 2025-02-24 21:57:17 --> Unable to connect to the database.
Main connection [MySQLi]: No connection could be made because the target machine actively refused it
#0 I:\My Drive\fastfood\CodeIgniter4-4.1.9\system\Database\BaseConnection.php(577): CodeIgniter\Database\BaseConnection->initialize()
#1 I:\My Drive\fastfood\CodeIgniter4-4.1.9\system\Database\BaseBuilder.php(1588): CodeIgniter\Database\BaseConnection->query('SELECT *\nFROM `...', Array, false)
#2 I:\My Drive\fastfood\CodeIgniter4-4.1.9\app\Models\M_belajar.php(23): CodeIgniter\Database\BaseBuilder->getWhere(Array)
#3 I:\My Drive\fastfood\CodeIgniter4-4.1.9\app\Controllers\Home.php(98): App\Models\M_belajar->getWhere('user', Array)
#4 I:\My Drive\fastfood\CodeIgniter4-4.1.9\system\CodeIgniter.php(832): App\Controllers\Home->aksi_login()
#5 I:\My Drive\fastfood\CodeIgniter4-4.1.9\system\CodeIgniter.php(419): CodeIgniter\CodeIgniter->runController(Object(App\Controllers\Home))
#6 I:\My Drive\fastfood\CodeIgniter4-4.1.9\system\CodeIgniter.php(326): CodeIgniter\CodeIgniter->handleRequest(NULL, Object(Config\Cache), false)
#7 I:\My Drive\fastfood\CodeIgniter4-4.1.9\public\index.php(37): CodeIgniter\CodeIgniter->run()
#8 I:\My Drive\fastfood\CodeIgniter4-4.1.9\system\Commands\Server\rewrite.php(43): require_once('I:\\My Drive\\fas...')
#9 {main}
CRITICAL - 2025-02-24 21:57:30 --> Undefined variable $level
#0 I:\My Drive\fastfood\CodeIgniter4-4.1.9\app\Views\header.php(35): CodeIgniter\Debug\Exceptions->errorHandler(2, 'Undefined varia...', 'I:\\My Drive\\fas...', 35)
#1 I:\My Drive\fastfood\CodeIgniter4-4.1.9\system\View\View.php(210): include('I:\\My Drive\\fas...')
#2 I:\My Drive\fastfood\CodeIgniter4-4.1.9\system\View\View.php(213): CodeIgniter\View\View->CodeIgniter\View\{closure}()
#3 I:\My Drive\fastfood\CodeIgniter4-4.1.9\system\Common.php(1089): CodeIgniter\View\View->render('header', Array, true)
#4 I:\My Drive\fastfood\CodeIgniter4-4.1.9\app\Controllers\Home.php(16): view('header')
#5 I:\My Drive\fastfood\CodeIgniter4-4.1.9\system\CodeIgniter.php(832): App\Controllers\Home->hai()
#6 I:\My Drive\fastfood\CodeIgniter4-4.1.9\system\CodeIgniter.php(419): CodeIgniter\CodeIgniter->runController(Object(App\Controllers\Home))
#7 I:\My Drive\fastfood\CodeIgniter4-4.1.9\system\CodeIgniter.php(326): CodeIgniter\CodeIgniter->handleRequest(NULL, Object(Config\Cache), false)
#8 I:\My Drive\fastfood\CodeIgniter4-4.1.9\public\index.php(37): CodeIgniter\CodeIgniter->run()
#9 I:\My Drive\fastfood\CodeIgniter4-4.1.9\system\Commands\Server\rewrite.php(43): require_once('I:\\My Drive\\fas...')
#10 {main}
