CRITICAL - 2025-04-11 20:59:39 --> Invalid file: dashboard.php
#0 H:\My Drive\klinlik\klinik\system\View\View.php(198): CodeIgniter\Exceptions\FrameworkException::forInvalidFile('dashboard.php')
#1 H:\My Drive\klinlik\klinik\system\Common.php(1089): CodeIgniter\View\View->render('dashboard', Array, true)
#2 H:\My Drive\klinlik\klinik\app\Controllers\Home.php(16): view('dashboard')
#3 H:\My Drive\klinlik\klinik\system\CodeIgniter.php(832): App\Controllers\Home->index()
#4 H:\My Drive\klinlik\klinik\system\CodeIgniter.php(419): CodeIgniter\CodeIgniter->runController(Object(App\Controllers\Home))
#5 H:\My Drive\klinlik\klinik\system\CodeIgniter.php(326): CodeIgniter\CodeIgniter->handleRequest(NULL, Object(Config\Cache), false)
#6 H:\My Drive\klinlik\klinik\public\index.php(37): CodeIgniter\CodeIgniter->run()
#7 H:\My Drive\klinlik\klinik\system\Commands\Server\rewrite.php(43): require_once('H:\\My Drive\\kli...')
#8 {main}
CRITICAL - 2025-04-11 21:00:25 --> Use of undefined constant pasien - assumed 'pasien' (this will throw an Error in a future version of PHP)
#0 H:\My Drive\klinlik\klinik\app\Controllers\Home.php(340): CodeIgniter\Debug\Exceptions->errorHandler(2, 'Use of undefine...', 'H:\\My Drive\\kli...', 340, Array)
#1 H:\My Drive\klinlik\klinik\system\CodeIgniter.php(832): App\Controllers\Home->aksi_register()
#2 H:\My Drive\klinlik\klinik\system\CodeIgniter.php(419): CodeIgniter\CodeIgniter->runController(Object(App\Controllers\Home))
#3 H:\My Drive\klinlik\klinik\system\CodeIgniter.php(326): CodeIgniter\CodeIgniter->handleRequest(NULL, Object(Config\Cache), false)
#4 H:\My Drive\klinlik\klinik\public\index.php(37): CodeIgniter\CodeIgniter->run()
#5 H:\My Drive\klinlik\klinik\system\Commands\Server\rewrite.php(43): require_once('H:\\My Drive\\kli...')
#6 {main}
ERROR - 2025-04-11 21:11:55 --> Table 'klinik_gigi.driver' doesn't exist
CRITICAL - 2025-04-11 21:11:55 --> Call to a member function getResult() on bool
#0 H:\My Drive\klinlik\klinik\app\Controllers\Home.php(1153): App\Models\M_belajar->joinRPL12('driver', 'user', 'driver.id_user ...', 'id_user')
#1 H:\My Drive\klinlik\klinik\system\CodeIgniter.php(832): App\Controllers\Home->dokter()
#2 H:\My Drive\klinlik\klinik\system\CodeIgniter.php(419): CodeIgniter\CodeIgniter->runController(Object(App\Controllers\Home))
#3 H:\My Drive\klinlik\klinik\system\CodeIgniter.php(326): CodeIgniter\CodeIgniter->handleRequest(NULL, Object(Config\Cache), false)
#4 H:\My Drive\klinlik\klinik\public\index.php(37): CodeIgniter\CodeIgniter->run()
#5 H:\My Drive\klinlik\klinik\system\Commands\Server\rewrite.php(43): require_once('H:\\My Drive\\kli...')
#6 {main}
