CRITICAL - 2025-03-31 22:23:26 --> Call to a member function model() on null
#0 H:\My Drive\fastfood\fastfoodbaru\system\CodeIgniter.php(832): App\Controllers\Home->laporan_keuangan()
#1 H:\My Drive\fastfood\fastfoodbaru\system\CodeIgniter.php(419): CodeIgniter\CodeIgniter->runController(Object(App\Controllers\Home))
#2 H:\My Drive\fastfood\fastfoodbaru\system\CodeIgniter.php(326): CodeIgniter\CodeIgniter->handleRequest(NULL, Object(Config\Cache), false)
#3 H:\My Drive\fastfood\fastfoodbaru\public\index.php(37): CodeIgniter\CodeIgniter->run()
#4 H:\My Drive\fastfood\fastfoodbaru\system\Commands\Server\rewrite.php(43): require_once('H:\\My Drive\\fas...')
#5 {main}
CRITICAL - 2025-03-31 22:41:06 --> Call to a member function model() on null
#0 H:\My Drive\fastfood\fastfoodbaru\system\CodeIgniter.php(832): App\Controllers\Home->laporankeuangan()
#1 H:\My Drive\fastfood\fastfoodbaru\system\CodeIgniter.php(419): CodeIgniter\CodeIgniter->runController(Object(App\Controllers\Home))
#2 H:\My Drive\fastfood\fastfoodbaru\system\CodeIgniter.php(326): CodeIgniter\CodeIgniter->handleRequest(NULL, Object(Config\Cache), false)
#3 H:\My Drive\fastfood\fastfoodbaru\public\index.php(37): CodeIgniter\CodeIgniter->run()
#4 H:\My Drive\fastfood\fastfoodbaru\system\Commands\Server\rewrite.php(43): require_once('H:\\My Drive\\fas...')
#5 {main}
CRITICAL - 2025-03-31 22:43:47 --> Call to undefined method CodeIgniter\Database\MySQLi\Connection::select()
#0 H:\My Drive\fastfood\fastfoodbaru\app\Controllers\Home.php(903): App\Models\M_belajar->getLaporanKeuangan()
#1 H:\My Drive\fastfood\fastfoodbaru\system\CodeIgniter.php(832): App\Controllers\Home->laporankeuangan()
#2 H:\My Drive\fastfood\fastfoodbaru\system\CodeIgniter.php(419): CodeIgniter\CodeIgniter->runController(Object(App\Controllers\Home))
#3 H:\My Drive\fastfood\fastfoodbaru\system\CodeIgniter.php(326): CodeIgniter\CodeIgniter->handleRequest(NULL, Object(Config\Cache), false)
#4 H:\My Drive\fastfood\fastfoodbaru\public\index.php(37): CodeIgniter\CodeIgniter->run()
#5 H:\My Drive\fastfood\fastfoodbaru\system\Commands\Server\rewrite.php(43): require_once('H:\\My Drive\\fas...')
#6 {main}
