ERROR - 2025-04-02 11:44:12 --> Error connecting to the database: No connection could be made because the target machine actively refused it.

CRITICAL - 2025-04-02 11:44:12 --> Unable to connect to the database.
Main connection [MySQLi]: No connection could be made because the target machine actively refused it.

#0 H:\My Drive\fastfood\fastfoodbaru\system\Database\BaseConnection.php(577): CodeIgniter\Database\BaseConnection->initialize()
#1 H:\My Drive\fastfood\fastfoodbaru\system\Database\BaseBuilder.php(1771): CodeIgniter\Database\BaseConnection->query('INSERT INTO `lo...', Array, false)
#2 H:\My Drive\fastfood\fastfoodbaru\system\Model.php(239): CodeIgniter\Database\BaseBuilder->insert()
#3 H:\My Drive\fastfood\fastfoodbaru\system\BaseModel.php(738): CodeIgniter\Model->doInsert(Array)
#4 H:\My Drive\fastfood\fastfoodbaru\system\Model.php(625): CodeIgniter\BaseModel->insert(Array, true)
#5 H:\My Drive\fastfood\fastfoodbaru\app\Models\M_belajar.php(37): CodeIgniter\Model->insert(Array)
#6 H:\My Drive\fastfood\fastfoodbaru\app\Controllers\Home.php(341): App\Models\M_belajar->log_activity(NULL, 'Guest', 'Percobaan login...')
#7 H:\My Drive\fastfood\fastfoodbaru\system\CodeIgniter.php(832): App\Controllers\Home->aksi_login()
#8 H:\My Drive\fastfood\fastfoodbaru\system\CodeIgniter.php(419): CodeIgniter\CodeIgniter->runController(Object(App\Controllers\Home))
#9 H:\My Drive\fastfood\fastfoodbaru\system\CodeIgniter.php(326): CodeIgniter\CodeIgniter->handleRequest(NULL, Object(Config\Cache), false)
#10 H:\My Drive\fastfood\fastfoodbaru\public\index.php(37): CodeIgniter\CodeIgniter->run()
#11 H:\My Drive\fastfood\fastfoodbaru\system\Commands\Server\rewrite.php(43): require_once('H:\\My Drive\\fas...')
#12 {main}
ERROR - 2025-04-02 00:01:37 --> Unknown column 'customer.nama' in 'field list'
CRITICAL - 2025-04-02 00:01:37 --> Call to a member function getResultArray() on bool
#0 H:\My Drive\fastfood\fastfoodbaru\system\CodeIgniter.php(832): App\Controllers\Home->orderdetail()
#1 H:\My Drive\fastfood\fastfoodbaru\system\CodeIgniter.php(419): CodeIgniter\CodeIgniter->runController(Object(App\Controllers\Home))
#2 H:\My Drive\fastfood\fastfoodbaru\system\CodeIgniter.php(326): CodeIgniter\CodeIgniter->handleRequest(NULL, Object(Config\Cache), false)
#3 H:\My Drive\fastfood\fastfoodbaru\public\index.php(37): CodeIgniter\CodeIgniter->run()
#4 H:\My Drive\fastfood\fastfoodbaru\system\Commands\Server\rewrite.php(43): require_once('H:\\My Drive\\fas...')
#5 {main}
ERROR - 2025-04-02 00:02:10 --> Unknown column 'customer.nama' in 'field list'
ERROR - 2025-04-02 00:05:24 --> Unknown column 'customer.nama' in 'field list'
CRITICAL - 2025-04-02 00:16:21 --> Call to a member function model() on null
#0 H:\My Drive\fastfood\fastfoodbaru\system\CodeIgniter.php(832): App\Controllers\Home->orderdetail()
#1 H:\My Drive\fastfood\fastfoodbaru\system\CodeIgniter.php(419): CodeIgniter\CodeIgniter->runController(Object(App\Controllers\Home))
#2 H:\My Drive\fastfood\fastfoodbaru\system\CodeIgniter.php(326): CodeIgniter\CodeIgniter->handleRequest(NULL, Object(Config\Cache), false)
#3 H:\My Drive\fastfood\fastfoodbaru\public\index.php(37): CodeIgniter\CodeIgniter->run()
#4 H:\My Drive\fastfood\fastfoodbaru\system\Commands\Server\rewrite.php(43): require_once('H:\\My Drive\\fas...')
#5 {main}
CRITICAL - 2025-04-02 00:17:32 --> Call to undefined method App\Models\M_belajar::getOrderDetailsRestoran
#0 H:\My Drive\fastfood\fastfoodbaru\app\Controllers\Home.php(894): CodeIgniter\Model->__call('getOrderDetails...', Array)
#1 H:\My Drive\fastfood\fastfoodbaru\system\CodeIgniter.php(832): App\Controllers\Home->orderdetail()
#2 H:\My Drive\fastfood\fastfoodbaru\system\CodeIgniter.php(419): CodeIgniter\CodeIgniter->runController(Object(App\Controllers\Home))
#3 H:\My Drive\fastfood\fastfoodbaru\system\CodeIgniter.php(326): CodeIgniter\CodeIgniter->handleRequest(NULL, Object(Config\Cache), false)
#4 H:\My Drive\fastfood\fastfoodbaru\public\index.php(37): CodeIgniter\CodeIgniter->run()
#5 H:\My Drive\fastfood\fastfoodbaru\system\Commands\Server\rewrite.php(43): require_once('H:\\My Drive\\fas...')
#6 {main}
CRITICAL - 2025-04-02 00:17:57 --> Call to undefined method CodeIgniter\Database\MySQLi\Connection::select()
#0 H:\My Drive\fastfood\fastfoodbaru\app\Controllers\Home.php(894): App\Models\M_belajar->tampil_orderdetail_restoran(NULL)
#1 H:\My Drive\fastfood\fastfoodbaru\system\CodeIgniter.php(832): App\Controllers\Home->orderdetail()
#2 H:\My Drive\fastfood\fastfoodbaru\system\CodeIgniter.php(419): CodeIgniter\CodeIgniter->runController(Object(App\Controllers\Home))
#3 H:\My Drive\fastfood\fastfoodbaru\system\CodeIgniter.php(326): CodeIgniter\CodeIgniter->handleRequest(NULL, Object(Config\Cache), false)
#4 H:\My Drive\fastfood\fastfoodbaru\public\index.php(37): CodeIgniter\CodeIgniter->run()
#5 H:\My Drive\fastfood\fastfoodbaru\system\Commands\Server\rewrite.php(43): require_once('H:\\My Drive\\fas...')
#6 {main}
ERROR - 2025-04-02 00:18:41 --> Unknown column 'user.nama' in 'field list'
CRITICAL - 2025-04-02 00:18:41 --> Call to a member function getResultArray() on bool
#0 H:\My Drive\fastfood\fastfoodbaru\app\Controllers\Home.php(894): App\Models\M_belajar->tampil_orderdetail_restoran(NULL)
#1 H:\My Drive\fastfood\fastfoodbaru\system\CodeIgniter.php(832): App\Controllers\Home->orderdetail()
#2 H:\My Drive\fastfood\fastfoodbaru\system\CodeIgniter.php(419): CodeIgniter\CodeIgniter->runController(Object(App\Controllers\Home))
#3 H:\My Drive\fastfood\fastfoodbaru\system\CodeIgniter.php(326): CodeIgniter\CodeIgniter->handleRequest(NULL, Object(Config\Cache), false)
#4 H:\My Drive\fastfood\fastfoodbaru\public\index.php(37): CodeIgniter\CodeIgniter->run()
#5 H:\My Drive\fastfood\fastfoodbaru\system\Commands\Server\rewrite.php(43): require_once('H:\\My Drive\\fas...')
#6 {main}
ERROR - 2025-04-02 00:19:22 --> Unknown column 'user.nama' in 'field list'
ERROR - 2025-04-02 00:19:22 --> Database query failed: Array
ERROR - 2025-04-02 00:19:53 --> Unknown column 'user.nama' in 'field list'
ERROR - 2025-04-02 00:19:53 --> Database query failed: Array
ERROR - 2025-04-02 00:20:23 --> Unknown column 'user.nama' in 'field list'
ERROR - 2025-04-02 00:20:23 --> Database query failed: Array
ERROR - 2025-04-02 00:21:41 --> Unknown column 'user.nama' in 'field list'
ERROR - 2025-04-02 00:21:41 --> Database query failed: Array
ERROR - 2025-04-02 00:22:04 --> Unknown column 'user.nama' in 'field list'
ERROR - 2025-04-02 00:22:04 --> Database query failed: Array
ERROR - 2025-04-02 00:22:13 --> Unknown column 'user.nama' in 'field list'
ERROR - 2025-04-02 00:22:13 --> Database query failed: Array
ERROR - 2025-04-02 00:22:22 --> Unknown column 'user.nama' in 'field list'
ERROR - 2025-04-02 00:22:22 --> Database query failed: Array
ERROR - 2025-04-02 00:23:44 --> Unknown column 'user.nama' in 'field list'
ERROR - 2025-04-02 00:23:44 --> Database query failed: Array
ERROR - 2025-04-02 00:26:02 --> Unknown column 'user.nama' in 'field list'
ERROR - 2025-04-02 00:26:02 --> Database query failed: Array
CRITICAL - 2025-04-02 00:30:08 --> Cannot use object of type stdClass as array
#0 H:\My Drive\fastfood\fastfoodbaru\system\View\View.php(210): include()
#1 H:\My Drive\fastfood\fastfoodbaru\system\View\View.php(213): CodeIgniter\View\View->CodeIgniter\View\{closure}()
#2 H:\My Drive\fastfood\fastfoodbaru\system\Common.php(1089): CodeIgniter\View\View->render('orderdetail', Array, true)
#3 H:\My Drive\fastfood\fastfoodbaru\app\Controllers\Home.php(894): view('orderdetail', Array)
#4 H:\My Drive\fastfood\fastfoodbaru\system\CodeIgniter.php(832): App\Controllers\Home->orderdetail()
#5 H:\My Drive\fastfood\fastfoodbaru\system\CodeIgniter.php(419): CodeIgniter\CodeIgniter->runController(Object(App\Controllers\Home))
#6 H:\My Drive\fastfood\fastfoodbaru\system\CodeIgniter.php(326): CodeIgniter\CodeIgniter->handleRequest(NULL, Object(Config\Cache), false)
#7 H:\My Drive\fastfood\fastfoodbaru\public\index.php(37): CodeIgniter\CodeIgniter->run()
#8 H:\My Drive\fastfood\fastfoodbaru\system\Commands\Server\rewrite.php(43): require_once('H:\\My Drive\\fas...')
#9 {main}
ERROR - 2025-04-02 00:31:56 --> Unknown column 'user.nama' in 'field list'
CRITICAL - 2025-04-02 00:31:56 --> Call to a member function getResult() on bool
#0 H:\My Drive\fastfood\fastfoodbaru\app\Controllers\Home.php(891): App\Models\M_belajar->tampil1('orderdetail', 'id_order')
#1 H:\My Drive\fastfood\fastfoodbaru\system\CodeIgniter.php(832): App\Controllers\Home->orderdetail()
#2 H:\My Drive\fastfood\fastfoodbaru\system\CodeIgniter.php(419): CodeIgniter\CodeIgniter->runController(Object(App\Controllers\Home))
#3 H:\My Drive\fastfood\fastfoodbaru\system\CodeIgniter.php(326): CodeIgniter\CodeIgniter->handleRequest(NULL, Object(Config\Cache), false)
#4 H:\My Drive\fastfood\fastfoodbaru\public\index.php(37): CodeIgniter\CodeIgniter->run()
#5 H:\My Drive\fastfood\fastfoodbaru\system\Commands\Server\rewrite.php(43): require_once('H:\\My Drive\\fas...')
#6 {main}
ERROR - 2025-04-02 00:32:42 --> Unknown column 'user.nama' in 'field list'
ERROR - 2025-04-02 00:32:42 --> Database Query Failed: Array
ERROR - 2025-04-02 00:42:07 --> Unknown column 'orders.id_order' in 'on clause'
CRITICAL - 2025-04-02 00:42:07 --> Call to a member function getResult() on bool
#0 H:\My Drive\fastfood\fastfoodbaru\app\Controllers\Home.php(897): App\Models\M_belajar->join3('orderdetail', 'menu', 'orders', 'customer', 'orderdetail.id_...', 'id_order')
#1 H:\My Drive\fastfood\fastfoodbaru\system\CodeIgniter.php(832): App\Controllers\Home->orderdetail()
#2 H:\My Drive\fastfood\fastfoodbaru\system\CodeIgniter.php(419): CodeIgniter\CodeIgniter->runController(Object(App\Controllers\Home))
#3 H:\My Drive\fastfood\fastfoodbaru\system\CodeIgniter.php(326): CodeIgniter\CodeIgniter->handleRequest(NULL, Object(Config\Cache), false)
#4 H:\My Drive\fastfood\fastfoodbaru\public\index.php(37): CodeIgniter\CodeIgniter->run()
#5 H:\My Drive\fastfood\fastfoodbaru\system\Commands\Server\rewrite.php(43): require_once('H:\\My Drive\\fas...')
#6 {main}
ERROR - 2025-04-02 00:43:58 --> Unknown column 'orders.id_order' in 'on clause'
CRITICAL - 2025-04-02 00:43:58 --> Call to a member function getResult() on bool
#0 H:\My Drive\fastfood\fastfoodbaru\app\Controllers\Home.php(896): App\Models\M_belajar->join3('orderdetail', 'menu', 'orders', 'orderdetail.id_...', 'id_order')
#1 H:\My Drive\fastfood\fastfoodbaru\system\CodeIgniter.php(832): App\Controllers\Home->orderdetail()
#2 H:\My Drive\fastfood\fastfoodbaru\system\CodeIgniter.php(419): CodeIgniter\CodeIgniter->runController(Object(App\Controllers\Home))
#3 H:\My Drive\fastfood\fastfoodbaru\system\CodeIgniter.php(326): CodeIgniter\CodeIgniter->handleRequest(NULL, Object(Config\Cache), false)
#4 H:\My Drive\fastfood\fastfoodbaru\public\index.php(37): CodeIgniter\CodeIgniter->run()
#5 H:\My Drive\fastfood\fastfoodbaru\system\Commands\Server\rewrite.php(43): require_once('H:\\My Drive\\fas...')
#6 {main}
ERROR - 2025-04-02 00:46:10 --> Column 'id_order' in order clause is ambiguous
CRITICAL - 2025-04-02 00:46:10 --> Call to a member function getResult() on bool
#0 H:\My Drive\fastfood\fastfoodbaru\app\Controllers\Home.php(896): App\Models\M_belajar->join3('orderdetail', 'menu', 'orders', 'orderdetail.id_...', 'id_order')
#1 H:\My Drive\fastfood\fastfoodbaru\system\CodeIgniter.php(832): App\Controllers\Home->orderdetail()
#2 H:\My Drive\fastfood\fastfoodbaru\system\CodeIgniter.php(419): CodeIgniter\CodeIgniter->runController(Object(App\Controllers\Home))
#3 H:\My Drive\fastfood\fastfoodbaru\system\CodeIgniter.php(326): CodeIgniter\CodeIgniter->handleRequest(NULL, Object(Config\Cache), false)
#4 H:\My Drive\fastfood\fastfoodbaru\public\index.php(37): CodeIgniter\CodeIgniter->run()
#5 H:\My Drive\fastfood\fastfoodbaru\system\Commands\Server\rewrite.php(43): require_once('H:\\My Drive\\fas...')
#6 {main}
ERROR - 2025-04-02 00:46:16 --> Column 'id_order' in order clause is ambiguous
CRITICAL - 2025-04-02 00:46:16 --> Call to a member function getResult() on bool
#0 H:\My Drive\fastfood\fastfoodbaru\app\Controllers\Home.php(896): App\Models\M_belajar->join3('orderdetail', 'menu', 'orders', 'orderdetail.id_...', 'id_order')
#1 H:\My Drive\fastfood\fastfoodbaru\system\CodeIgniter.php(832): App\Controllers\Home->orderdetail()
#2 H:\My Drive\fastfood\fastfoodbaru\system\CodeIgniter.php(419): CodeIgniter\CodeIgniter->runController(Object(App\Controllers\Home))
#3 H:\My Drive\fastfood\fastfoodbaru\system\CodeIgniter.php(326): CodeIgniter\CodeIgniter->handleRequest(NULL, Object(Config\Cache), false)
#4 H:\My Drive\fastfood\fastfoodbaru\public\index.php(37): CodeIgniter\CodeIgniter->run()
#5 H:\My Drive\fastfood\fastfoodbaru\system\Commands\Server\rewrite.php(43): require_once('H:\\My Drive\\fas...')
#6 {main}
CRITICAL - 2025-04-02 00:47:12 --> Too few arguments to function App\Models\M_belajar::join3(), 4 passed in H:\My Drive\fastfood\fastfoodbaru\app\Controllers\Home.php on line 891 and exactly 5 expected
#0 H:\My Drive\fastfood\fastfoodbaru\app\Controllers\Home.php(891): App\Models\M_belajar->join3('orderdetail', 'menu', 'orderdetail.id_...', 'id_order')
#1 H:\My Drive\fastfood\fastfoodbaru\system\CodeIgniter.php(832): App\Controllers\Home->orderdetail()
#2 H:\My Drive\fastfood\fastfoodbaru\system\CodeIgniter.php(419): CodeIgniter\CodeIgniter->runController(Object(App\Controllers\Home))
#3 H:\My Drive\fastfood\fastfoodbaru\system\CodeIgniter.php(326): CodeIgniter\CodeIgniter->handleRequest(NULL, Object(Config\Cache), false)
#4 H:\My Drive\fastfood\fastfoodbaru\public\index.php(37): CodeIgniter\CodeIgniter->run()
#5 H:\My Drive\fastfood\fastfoodbaru\system\Commands\Server\rewrite.php(43): require_once('H:\\My Drive\\fas...')
#6 {main}
CRITICAL - 2025-04-02 00:47:39 --> Too few arguments to function App\Models\M_belajar::join3(), 4 passed in H:\My Drive\fastfood\fastfoodbaru\app\Controllers\Home.php on line 891 and exactly 6 expected
#0 H:\My Drive\fastfood\fastfoodbaru\app\Controllers\Home.php(891): App\Models\M_belajar->join3('orderdetail', 'menu', 'orderdetail.id_...', 'id_order')
#1 H:\My Drive\fastfood\fastfoodbaru\system\CodeIgniter.php(832): App\Controllers\Home->orderdetail()
#2 H:\My Drive\fastfood\fastfoodbaru\system\CodeIgniter.php(419): CodeIgniter\CodeIgniter->runController(Object(App\Controllers\Home))
#3 H:\My Drive\fastfood\fastfoodbaru\system\CodeIgniter.php(326): CodeIgniter\CodeIgniter->handleRequest(NULL, Object(Config\Cache), false)
#4 H:\My Drive\fastfood\fastfoodbaru\public\index.php(37): CodeIgniter\CodeIgniter->run()
#5 H:\My Drive\fastfood\fastfoodbaru\system\Commands\Server\rewrite.php(43): require_once('H:\\My Drive\\fas...')
#6 {main}
ERROR - 2025-04-02 00:48:52 --> Column 'id_order' in order clause is ambiguous
CRITICAL - 2025-04-02 00:48:52 --> Call to a member function getResult() on bool
#0 H:\My Drive\fastfood\fastfoodbaru\app\Controllers\Home.php(897): App\Models\M_belajar->join3('orderdetail', 'menu', 'orders', 'orderdetail.id_...', 'orderdetail.id_...', 'id_order')
#1 H:\My Drive\fastfood\fastfoodbaru\system\CodeIgniter.php(832): App\Controllers\Home->orderdetail()
#2 H:\My Drive\fastfood\fastfoodbaru\system\CodeIgniter.php(419): CodeIgniter\CodeIgniter->runController(Object(App\Controllers\Home))
#3 H:\My Drive\fastfood\fastfoodbaru\system\CodeIgniter.php(326): CodeIgniter\CodeIgniter->handleRequest(NULL, Object(Config\Cache), false)
#4 H:\My Drive\fastfood\fastfoodbaru\public\index.php(37): CodeIgniter\CodeIgniter->run()
#5 H:\My Drive\fastfood\fastfoodbaru\system\Commands\Server\rewrite.php(43): require_once('H:\\My Drive\\fas...')
#6 {main}
ERROR - 2025-04-02 00:49:22 --> Column 'id_order' in order clause is ambiguous
ERROR - 2025-04-02 00:49:22 --> Query failed: Array
ERROR - 2025-04-02 00:51:30 --> Column 'id_order' in order clause is ambiguous
CRITICAL - 2025-04-02 00:51:30 --> Call to a member function getResult() on bool
#0 H:\My Drive\fastfood\fastfoodbaru\app\Controllers\Home.php(900): App\Models\M_belajar->join3('orderdetail', 'menu', 'orders', 'orderdetail.id_...', 'orderdetail.id_...', 'id_order')
#1 H:\My Drive\fastfood\fastfoodbaru\system\CodeIgniter.php(832): App\Controllers\Home->orderdetail()
#2 H:\My Drive\fastfood\fastfoodbaru\system\CodeIgniter.php(419): CodeIgniter\CodeIgniter->runController(Object(App\Controllers\Home))
#3 H:\My Drive\fastfood\fastfoodbaru\system\CodeIgniter.php(326): CodeIgniter\CodeIgniter->handleRequest(NULL, Object(Config\Cache), false)
#4 H:\My Drive\fastfood\fastfoodbaru\public\index.php(37): CodeIgniter\CodeIgniter->run()
#5 H:\My Drive\fastfood\fastfoodbaru\system\Commands\Server\rewrite.php(43): require_once('H:\\My Drive\\fas...')
#6 {main}
ERROR - 2025-04-02 00:51:53 --> Column 'id_order' in order clause is ambiguous
CRITICAL - 2025-04-02 00:51:53 --> Call to a member function getResult() on bool
#0 H:\My Drive\fastfood\fastfoodbaru\app\Controllers\Home.php(900): App\Models\M_belajar->join3('orderdetail', 'menu', 'orders', 'orderdetail.id_...', 'orderdetail.id_...', 'id_order')
#1 H:\My Drive\fastfood\fastfoodbaru\system\CodeIgniter.php(832): App\Controllers\Home->orderdetail()
#2 H:\My Drive\fastfood\fastfoodbaru\system\CodeIgniter.php(419): CodeIgniter\CodeIgniter->runController(Object(App\Controllers\Home))
#3 H:\My Drive\fastfood\fastfoodbaru\system\CodeIgniter.php(326): CodeIgniter\CodeIgniter->handleRequest(NULL, Object(Config\Cache), false)
#4 H:\My Drive\fastfood\fastfoodbaru\public\index.php(37): CodeIgniter\CodeIgniter->run()
#5 H:\My Drive\fastfood\fastfoodbaru\system\Commands\Server\rewrite.php(43): require_once('H:\\My Drive\\fas...')
#6 {main}
CRITICAL - 2025-04-02 00:53:41 --> Argument 2 passed to CodeIgniter\Database\BaseBuilder::join() must be of the type string, null given, called in H:\My Drive\fastfood\fastfoodbaru\app\Models\M_belajar.php on line 102
#0 H:\My Drive\fastfood\fastfoodbaru\app\Models\M_belajar.php(102): CodeIgniter\Database\BaseBuilder->join('orders', NULL)
#1 H:\My Drive\fastfood\fastfoodbaru\app\Controllers\Home.php(897): App\Models\M_belajar->join3('orderdetail', 'menu', 'orders', 'orderdetail.id_...', 'orderdetail.id_...', 'id_order')
#2 H:\My Drive\fastfood\fastfoodbaru\system\CodeIgniter.php(832): App\Controllers\Home->orderdetail()
#3 H:\My Drive\fastfood\fastfoodbaru\system\CodeIgniter.php(419): CodeIgniter\CodeIgniter->runController(Object(App\Controllers\Home))
#4 H:\My Drive\fastfood\fastfoodbaru\system\CodeIgniter.php(326): CodeIgniter\CodeIgniter->handleRequest(NULL, Object(Config\Cache), false)
#5 H:\My Drive\fastfood\fastfoodbaru\public\index.php(37): CodeIgniter\CodeIgniter->run()
#6 H:\My Drive\fastfood\fastfoodbaru\system\Commands\Server\rewrite.php(43): require_once('H:\\My Drive\\fas...')
#7 {main}
ERROR - 2025-04-02 00:54:48 --> Column 'id_order' in order clause is ambiguous
CRITICAL - 2025-04-02 00:54:48 --> Call to a member function getResult() on bool
#0 H:\My Drive\fastfood\fastfoodbaru\app\Controllers\Home.php(897): App\Models\M_belajar->join3('orderdetail', 'menu', 'orders', 'orderdetail.id_...', 'orderdetail.id_...', 'id_order')
#1 H:\My Drive\fastfood\fastfoodbaru\system\CodeIgniter.php(832): App\Controllers\Home->orderdetail()
#2 H:\My Drive\fastfood\fastfoodbaru\system\CodeIgniter.php(419): CodeIgniter\CodeIgniter->runController(Object(App\Controllers\Home))
#3 H:\My Drive\fastfood\fastfoodbaru\system\CodeIgniter.php(326): CodeIgniter\CodeIgniter->handleRequest(NULL, Object(Config\Cache), false)
#4 H:\My Drive\fastfood\fastfoodbaru\public\index.php(37): CodeIgniter\CodeIgniter->run()
#5 H:\My Drive\fastfood\fastfoodbaru\system\Commands\Server\rewrite.php(43): require_once('H:\\My Drive\\fas...')
#6 {main}
ERROR - 2025-04-02 00:55:25 --> Column 'id_order' in order clause is ambiguous
CRITICAL - 2025-04-02 00:55:26 --> Call to a member function getResult() on bool
#0 H:\My Drive\fastfood\fastfoodbaru\app\Controllers\Home.php(897): App\Models\M_belajar->join3('orderdetail', 'menu', 'orders', 'orderdetail.id_...', 'orderdetail.id_...', 'id_order')
#1 H:\My Drive\fastfood\fastfoodbaru\system\CodeIgniter.php(832): App\Controllers\Home->orderdetail()
#2 H:\My Drive\fastfood\fastfoodbaru\system\CodeIgniter.php(419): CodeIgniter\CodeIgniter->runController(Object(App\Controllers\Home))
#3 H:\My Drive\fastfood\fastfoodbaru\system\CodeIgniter.php(326): CodeIgniter\CodeIgniter->handleRequest(NULL, Object(Config\Cache), false)
#4 H:\My Drive\fastfood\fastfoodbaru\public\index.php(37): CodeIgniter\CodeIgniter->run()
#5 H:\My Drive\fastfood\fastfoodbaru\system\Commands\Server\rewrite.php(43): require_once('H:\\My Drive\\fas...')
#6 {main}
ERROR - 2025-04-02 01:02:00 --> Unknown column 'orders.nama_customer' in 'field list'
CRITICAL - 2025-04-02 01:02:00 --> Call to a member function getResult() on bool
#0 H:\My Drive\fastfood\fastfoodbaru\app\Controllers\Home.php(899): App\Models\M_belajar->join3('orderdetail', 'menu', 'orders', 'orderdetail.id_...', 'orderdetail.id_...', 'id_order')
#1 H:\My Drive\fastfood\fastfoodbaru\system\CodeIgniter.php(832): App\Controllers\Home->orderdetail()
#2 H:\My Drive\fastfood\fastfoodbaru\system\CodeIgniter.php(419): CodeIgniter\CodeIgniter->runController(Object(App\Controllers\Home))
#3 H:\My Drive\fastfood\fastfoodbaru\system\CodeIgniter.php(326): CodeIgniter\CodeIgniter->handleRequest(NULL, Object(Config\Cache), false)
#4 H:\My Drive\fastfood\fastfoodbaru\public\index.php(37): CodeIgniter\CodeIgniter->run()
#5 H:\My Drive\fastfood\fastfoodbaru\system\Commands\Server\rewrite.php(43): require_once('H:\\My Drive\\fas...')
#6 {main}
ERROR - 2025-04-02 01:02:57 --> Unknown column 'orders.nama_customer' in 'field list'
ERROR - 2025-04-02 01:02:57 --> Query Failed: SELECT `orderdetail`.`id_order`, `orders`.`nama_customer`, `menu`.`nama_menu`, `orderdetail`.`jumlah`, `menu`.`harga`, `orders`.`status`
FROM `orderdetail`
JOIN `menu` ON `orderdetail`.`id_menu` = `menu`.`id_menu`
JOIN `orders` ON `orderdetail`.`id_order` = `orders`.`id_order`
ORDER BY `id_order` DESC
ERROR - 2025-04-02 01:05:53 --> You have an error in your SQL syntax; check the manual that corresponds to your MariaDB server version for the right syntax to use near '.`id_menu` USING (`orderdetail`)
ORDER BY `orders` DESC' at line 4
CRITICAL - 2025-04-02 01:05:53 --> Call to a member function getResult() on bool
#0 H:\My Drive\fastfood\fastfoodbaru\app\Controllers\Home.php(891): App\Models\M_belajar->join3('orderdetail', 'menu', 'orderdetail.id_...', 'id_order', 'orderdetail', 'orders', 'orderdetail.id_...')
#1 H:\My Drive\fastfood\fastfoodbaru\system\CodeIgniter.php(832): App\Controllers\Home->orderdetail()
#2 H:\My Drive\fastfood\fastfoodbaru\system\CodeIgniter.php(419): CodeIgniter\CodeIgniter->runController(Object(App\Controllers\Home))
#3 H:\My Drive\fastfood\fastfoodbaru\system\CodeIgniter.php(326): CodeIgniter\CodeIgniter->handleRequest(NULL, Object(Config\Cache), false)
#4 H:\My Drive\fastfood\fastfoodbaru\public\index.php(37): CodeIgniter\CodeIgniter->run()
#5 H:\My Drive\fastfood\fastfoodbaru\system\Commands\Server\rewrite.php(43): require_once('H:\\My Drive\\fas...')
#6 {main}
ERROR - 2025-04-02 01:06:09 --> You have an error in your SQL syntax; check the manual that corresponds to your MariaDB server version for the right syntax to use near '.`id_menu` USING (`orderdetail`)
ORDER BY `orders` DESC' at line 4
CRITICAL - 2025-04-02 01:06:09 --> Call to a member function getResult() on bool
#0 H:\My Drive\fastfood\fastfoodbaru\app\Controllers\Home.php(891): App\Models\M_belajar->join3('orderdetail', 'menu', 'orderdetail.id_...', 'id_order', 'orderdetail', 'orders', 'orderdetail.id_...')
#1 H:\My Drive\fastfood\fastfoodbaru\system\CodeIgniter.php(832): App\Controllers\Home->orderdetail()
#2 H:\My Drive\fastfood\fastfoodbaru\system\CodeIgniter.php(419): CodeIgniter\CodeIgniter->runController(Object(App\Controllers\Home))
#3 H:\My Drive\fastfood\fastfoodbaru\system\CodeIgniter.php(326): CodeIgniter\CodeIgniter->handleRequest(NULL, Object(Config\Cache), false)
#4 H:\My Drive\fastfood\fastfoodbaru\public\index.php(37): CodeIgniter\CodeIgniter->run()
#5 H:\My Drive\fastfood\fastfoodbaru\system\Commands\Server\rewrite.php(43): require_once('H:\\My Drive\\fas...')
#6 {main}
CRITICAL - 2025-04-02 01:08:47 --> Argument 2 passed to CodeIgniter\Database\BaseBuilder::join() must be of the type string, null given, called in H:\My Drive\fastfood\fastfoodbaru\app\Models\M_belajar.php on line 102
#0 H:\My Drive\fastfood\fastfoodbaru\app\Models\M_belajar.php(102): CodeIgniter\Database\BaseBuilder->join('orders', NULL)
#1 H:\My Drive\fastfood\fastfoodbaru\app\Controllers\Home.php(897): App\Models\M_belajar->join3('orderdetail', 'menu', 'orders', 'orderdetail.id_...', 'orderdetail.id_...', 'id_order')
#2 H:\My Drive\fastfood\fastfoodbaru\system\CodeIgniter.php(832): App\Controllers\Home->orderdetail()
#3 H:\My Drive\fastfood\fastfoodbaru\system\CodeIgniter.php(419): CodeIgniter\CodeIgniter->runController(Object(App\Controllers\Home))
#4 H:\My Drive\fastfood\fastfoodbaru\system\CodeIgniter.php(326): CodeIgniter\CodeIgniter->handleRequest(NULL, Object(Config\Cache), false)
#5 H:\My Drive\fastfood\fastfoodbaru\public\index.php(37): CodeIgniter\CodeIgniter->run()
#6 H:\My Drive\fastfood\fastfoodbaru\system\Commands\Server\rewrite.php(43): require_once('H:\\My Drive\\fas...')
#7 {main}
CRITICAL - 2025-04-02 01:09:54 --> Argument 2 passed to CodeIgniter\Database\BaseBuilder::join() must be of the type string, null given, called in H:\My Drive\fastfood\fastfoodbaru\app\Models\M_belajar.php on line 102
#0 H:\My Drive\fastfood\fastfoodbaru\app\Models\M_belajar.php(102): CodeIgniter\Database\BaseBuilder->join('orders', NULL)
#1 H:\My Drive\fastfood\fastfoodbaru\app\Controllers\Home.php(897): App\Models\M_belajar->join3('orderdetail', 'menu', 'orders', 'orderdetail.id_...', 'orderdetail.id_...', 'id_order')
#2 H:\My Drive\fastfood\fastfoodbaru\system\CodeIgniter.php(832): App\Controllers\Home->orderdetail()
#3 H:\My Drive\fastfood\fastfoodbaru\system\CodeIgniter.php(419): CodeIgniter\CodeIgniter->runController(Object(App\Controllers\Home))
#4 H:\My Drive\fastfood\fastfoodbaru\system\CodeIgniter.php(326): CodeIgniter\CodeIgniter->handleRequest(NULL, Object(Config\Cache), false)
#5 H:\My Drive\fastfood\fastfoodbaru\public\index.php(37): CodeIgniter\CodeIgniter->run()
#6 H:\My Drive\fastfood\fastfoodbaru\system\Commands\Server\rewrite.php(43): require_once('H:\\My Drive\\fas...')
#7 {main}
ERROR - 2025-04-02 01:10:42 --> Column 'id_order' in order clause is ambiguous
CRITICAL - 2025-04-02 01:10:42 --> Call to a member function getResult() on bool
#0 H:\My Drive\fastfood\fastfoodbaru\app\Controllers\Home.php(901): App\Models\M_belajar->join3('orderdetail', 'menu', 'orders', 'orderdetail.id_...', 'orderdetail.id_...', 'id_order')
#1 H:\My Drive\fastfood\fastfoodbaru\system\CodeIgniter.php(832): App\Controllers\Home->orderdetail()
#2 H:\My Drive\fastfood\fastfoodbaru\system\CodeIgniter.php(419): CodeIgniter\CodeIgniter->runController(Object(App\Controllers\Home))
#3 H:\My Drive\fastfood\fastfoodbaru\system\CodeIgniter.php(326): CodeIgniter\CodeIgniter->handleRequest(NULL, Object(Config\Cache), false)
#4 H:\My Drive\fastfood\fastfoodbaru\public\index.php(37): CodeIgniter\CodeIgniter->run()
#5 H:\My Drive\fastfood\fastfoodbaru\system\Commands\Server\rewrite.php(43): require_once('H:\\My Drive\\fas...')
#6 {main}
CRITICAL - 2025-04-02 01:10:58 --> Argument 2 passed to CodeIgniter\Database\BaseBuilder::join() must be of the type string, null given, called in H:\My Drive\fastfood\fastfoodbaru\app\Models\M_belajar.php on line 102
#0 H:\My Drive\fastfood\fastfoodbaru\app\Models\M_belajar.php(102): CodeIgniter\Database\BaseBuilder->join('orders', NULL)
#1 H:\My Drive\fastfood\fastfoodbaru\app\Controllers\Home.php(901): App\Models\M_belajar->join3('orderdetail', 'menu', 'orders', 'orderdetail.id_...', 'orderdetail.id_...', 'id_order')
#2 H:\My Drive\fastfood\fastfoodbaru\system\CodeIgniter.php(832): App\Controllers\Home->orderdetail()
#3 H:\My Drive\fastfood\fastfoodbaru\system\CodeIgniter.php(419): CodeIgniter\CodeIgniter->runController(Object(App\Controllers\Home))
#4 H:\My Drive\fastfood\fastfoodbaru\system\CodeIgniter.php(326): CodeIgniter\CodeIgniter->handleRequest(NULL, Object(Config\Cache), false)
#5 H:\My Drive\fastfood\fastfoodbaru\public\index.php(37): CodeIgniter\CodeIgniter->run()
#6 H:\My Drive\fastfood\fastfoodbaru\system\Commands\Server\rewrite.php(43): require_once('H:\\My Drive\\fas...')
#7 {main}
CRITICAL - 2025-04-02 01:13:13 --> Argument 2 passed to CodeIgniter\Database\BaseBuilder::join() must be of the type string, null given, called in H:\My Drive\fastfood\fastfoodbaru\app\Models\M_belajar.php on line 102
#0 H:\My Drive\fastfood\fastfoodbaru\app\Models\M_belajar.php(102): CodeIgniter\Database\BaseBuilder->join('orders', NULL)
#1 H:\My Drive\fastfood\fastfoodbaru\app\Controllers\Home.php(903): App\Models\M_belajar->join3('orderdetail', 'menu', 'orders', 'orderdetail.id_...', 'orderdetail.id_...', 'id_order')
#2 H:\My Drive\fastfood\fastfoodbaru\system\CodeIgniter.php(832): App\Controllers\Home->orderdetail()
#3 H:\My Drive\fastfood\fastfoodbaru\system\CodeIgniter.php(419): CodeIgniter\CodeIgniter->runController(Object(App\Controllers\Home))
#4 H:\My Drive\fastfood\fastfoodbaru\system\CodeIgniter.php(326): CodeIgniter\CodeIgniter->handleRequest(NULL, Object(Config\Cache), false)
#5 H:\My Drive\fastfood\fastfoodbaru\public\index.php(37): CodeIgniter\CodeIgniter->run()
#6 H:\My Drive\fastfood\fastfoodbaru\system\Commands\Server\rewrite.php(43): require_once('H:\\My Drive\\fas...')
#7 {main}
CRITICAL - 2025-04-02 01:13:20 --> Argument 2 passed to CodeIgniter\Database\BaseBuilder::join() must be of the type string, null given, called in H:\My Drive\fastfood\fastfoodbaru\app\Models\M_belajar.php on line 102
#0 H:\My Drive\fastfood\fastfoodbaru\app\Models\M_belajar.php(102): CodeIgniter\Database\BaseBuilder->join('orders', NULL)
#1 H:\My Drive\fastfood\fastfoodbaru\app\Controllers\Home.php(903): App\Models\M_belajar->join3('orderdetail', 'menu', 'orders', 'orderdetail.id_...', 'orderdetail.id_...', 'id_order')
#2 H:\My Drive\fastfood\fastfoodbaru\system\CodeIgniter.php(832): App\Controllers\Home->orderdetail()
#3 H:\My Drive\fastfood\fastfoodbaru\system\CodeIgniter.php(419): CodeIgniter\CodeIgniter->runController(Object(App\Controllers\Home))
#4 H:\My Drive\fastfood\fastfoodbaru\system\CodeIgniter.php(326): CodeIgniter\CodeIgniter->handleRequest(NULL, Object(Config\Cache), false)
#5 H:\My Drive\fastfood\fastfoodbaru\public\index.php(37): CodeIgniter\CodeIgniter->run()
#6 H:\My Drive\fastfood\fastfoodbaru\system\Commands\Server\rewrite.php(43): require_once('H:\\My Drive\\fas...')
#7 {main}
CRITICAL - 2025-04-02 01:13:53 --> Argument 2 passed to CodeIgniter\Database\BaseBuilder::join() must be of the type string, null given, called in H:\My Drive\fastfood\fastfoodbaru\app\Models\M_belajar.php on line 102
#0 H:\My Drive\fastfood\fastfoodbaru\app\Models\M_belajar.php(102): CodeIgniter\Database\BaseBuilder->join('orders', NULL)
#1 H:\My Drive\fastfood\fastfoodbaru\app\Controllers\Home.php(903): App\Models\M_belajar->join3('orderdetail', 'menu', 'orders', 'orderdetail.id_...', 'orderdetail.id_...', 'id_order')
#2 H:\My Drive\fastfood\fastfoodbaru\system\CodeIgniter.php(832): App\Controllers\Home->orderdetail()
#3 H:\My Drive\fastfood\fastfoodbaru\system\CodeIgniter.php(419): CodeIgniter\CodeIgniter->runController(Object(App\Controllers\Home))
#4 H:\My Drive\fastfood\fastfoodbaru\system\CodeIgniter.php(326): CodeIgniter\CodeIgniter->handleRequest(NULL, Object(Config\Cache), false)
#5 H:\My Drive\fastfood\fastfoodbaru\public\index.php(37): CodeIgniter\CodeIgniter->run()
#6 H:\My Drive\fastfood\fastfoodbaru\system\Commands\Server\rewrite.php(43): require_once('H:\\My Drive\\fas...')
#7 {main}
CRITICAL - 2025-04-02 01:14:05 --> Too few arguments to function App\Models\M_belajar::join3(), 4 passed in H:\My Drive\fastfood\fastfoodbaru\app\Controllers\Home.php on line 891 and exactly 5 expected
#0 H:\My Drive\fastfood\fastfoodbaru\app\Controllers\Home.php(891): App\Models\M_belajar->join3('orderdetail', 'menu', 'orderdetail.id_...', 'id_order')
#1 H:\My Drive\fastfood\fastfoodbaru\system\CodeIgniter.php(832): App\Controllers\Home->orderdetail()
#2 H:\My Drive\fastfood\fastfoodbaru\system\CodeIgniter.php(419): CodeIgniter\CodeIgniter->runController(Object(App\Controllers\Home))
#3 H:\My Drive\fastfood\fastfoodbaru\system\CodeIgniter.php(326): CodeIgniter\CodeIgniter->handleRequest(NULL, Object(Config\Cache), false)
#4 H:\My Drive\fastfood\fastfoodbaru\public\index.php(37): CodeIgniter\CodeIgniter->run()
#5 H:\My Drive\fastfood\fastfoodbaru\system\Commands\Server\rewrite.php(43): require_once('H:\\My Drive\\fas...')
#6 {main}
ERROR - 2025-04-02 01:18:07 --> Unknown column 'orders.status' in 'field list'
CRITICAL - 2025-04-02 01:18:07 --> Call to a member function getResult() on bool
#0 H:\My Drive\fastfood\fastfoodbaru\system\CodeIgniter.php(832): App\Controllers\Home->orderdetail()
#1 H:\My Drive\fastfood\fastfoodbaru\system\CodeIgniter.php(419): CodeIgniter\CodeIgniter->runController(Object(App\Controllers\Home))
#2 H:\My Drive\fastfood\fastfoodbaru\system\CodeIgniter.php(326): CodeIgniter\CodeIgniter->handleRequest(NULL, Object(Config\Cache), false)
#3 H:\My Drive\fastfood\fastfoodbaru\public\index.php(37): CodeIgniter\CodeIgniter->run()
#4 H:\My Drive\fastfood\fastfoodbaru\system\Commands\Server\rewrite.php(43): require_once('H:\\My Drive\\fas...')
#5 {main}
ERROR - 2025-04-02 01:18:52 --> Unknown column 'orders.status' in 'field list'
CRITICAL - 2025-04-02 01:18:52 --> Call to a member function getQuery() on bool
#0 H:\My Drive\fastfood\fastfoodbaru\system\CodeIgniter.php(832): App\Controllers\Home->orderdetail()
#1 H:\My Drive\fastfood\fastfoodbaru\system\CodeIgniter.php(419): CodeIgniter\CodeIgniter->runController(Object(App\Controllers\Home))
#2 H:\My Drive\fastfood\fastfoodbaru\system\CodeIgniter.php(326): CodeIgniter\CodeIgniter->handleRequest(NULL, Object(Config\Cache), false)
#3 H:\My Drive\fastfood\fastfoodbaru\public\index.php(37): CodeIgniter\CodeIgniter->run()
#4 H:\My Drive\fastfood\fastfoodbaru\system\Commands\Server\rewrite.php(43): require_once('H:\\My Drive\\fas...')
#5 {main}
ERROR - 2025-04-02 01:19:54 --> Not unique table/alias: 'orders'
CRITICAL - 2025-04-02 01:19:55 --> Call to a member function getResult() on bool
#0 H:\My Drive\fastfood\fastfoodbaru\app\Controllers\Home.php(901): App\Models\M_belajar->join3('orderdetail', 'menu', 'orders', 'customer', 'orderdetail.id_...', 'orderdetail.id_...', 'orders.id_custo...', 'id_order')
#1 H:\My Drive\fastfood\fastfoodbaru\system\CodeIgniter.php(832): App\Controllers\Home->orderdetail()
#2 H:\My Drive\fastfood\fastfoodbaru\system\CodeIgniter.php(419): CodeIgniter\CodeIgniter->runController(Object(App\Controllers\Home))
#3 H:\My Drive\fastfood\fastfoodbaru\system\CodeIgniter.php(326): CodeIgniter\CodeIgniter->handleRequest(NULL, Object(Config\Cache), false)
#4 H:\My Drive\fastfood\fastfoodbaru\public\index.php(37): CodeIgniter\CodeIgniter->run()
#5 H:\My Drive\fastfood\fastfoodbaru\system\Commands\Server\rewrite.php(43): require_once('H:\\My Drive\\fas...')
#6 {main}
ERROR - 2025-04-02 01:21:05 --> Column 'id_order' in order clause is ambiguous
ERROR - 2025-04-02 01:21:05 --> Query failed: Column 'id_order' in order clause is ambiguous
ERROR - 2025-04-02 01:21:05 --> SQL: SELECT *
FROM `orderdetail`
JOIN `menu` ON `orderdetail`.`id_menu` = `menu`.`id_menu`
JOIN `orders` ON `orderdetail`.`id_order` = `orders`.`id_order`
JOIN `customer` ON `orders`.`id_customer` = `customer`.`id_customer`
ORDER BY `id_order` DESC
ERROR - 2025-04-02 01:21:10 --> Column 'id_order' in order clause is ambiguous
ERROR - 2025-04-02 01:21:10 --> Query failed: Column 'id_order' in order clause is ambiguous
ERROR - 2025-04-02 01:21:10 --> SQL: SELECT *
FROM `orderdetail`
JOIN `menu` ON `orderdetail`.`id_menu` = `menu`.`id_menu`
JOIN `orders` ON `orderdetail`.`id_order` = `orders`.`id_order`
JOIN `customer` ON `orders`.`id_customer` = `customer`.`id_customer`
ORDER BY `id_order` DESC
ERROR - 2025-04-02 01:21:38 --> Not unique table/alias: 'orders'
CRITICAL - 2025-04-02 01:21:38 --> Call to a member function getResult() on bool
#0 H:\My Drive\fastfood\fastfoodbaru\app\Controllers\Home.php(901): App\Models\M_belajar->join3('orderdetail', 'menu', 'orders', 'customer', 'orderdetail.id_...', 'orderdetail.id_...', 'orders.id_custo...', 'id_order')
#1 H:\My Drive\fastfood\fastfoodbaru\system\CodeIgniter.php(832): App\Controllers\Home->orderdetail()
#2 H:\My Drive\fastfood\fastfoodbaru\system\CodeIgniter.php(419): CodeIgniter\CodeIgniter->runController(Object(App\Controllers\Home))
#3 H:\My Drive\fastfood\fastfoodbaru\system\CodeIgniter.php(326): CodeIgniter\CodeIgniter->handleRequest(NULL, Object(Config\Cache), false)
#4 H:\My Drive\fastfood\fastfoodbaru\public\index.php(37): CodeIgniter\CodeIgniter->run()
#5 H:\My Drive\fastfood\fastfoodbaru\system\Commands\Server\rewrite.php(43): require_once('H:\\My Drive\\fas...')
#6 {main}
ERROR - 2025-04-02 01:25:31 --> Not unique table/alias: 'orders'
CRITICAL - 2025-04-02 01:25:31 --> Call to a member function getResult() on bool
#0 H:\My Drive\fastfood\fastfoodbaru\app\Controllers\Home.php(901): App\Models\M_belajar->join3('orderdetail', 'menu', 'orders', 'customer', 'orderdetail.id_...', 'orderdetail.id_...', 'orders.id_custo...', 'id_order')
#1 H:\My Drive\fastfood\fastfoodbaru\system\CodeIgniter.php(832): App\Controllers\Home->orderdetail()
#2 H:\My Drive\fastfood\fastfoodbaru\system\CodeIgniter.php(419): CodeIgniter\CodeIgniter->runController(Object(App\Controllers\Home))
#3 H:\My Drive\fastfood\fastfoodbaru\system\CodeIgniter.php(326): CodeIgniter\CodeIgniter->handleRequest(NULL, Object(Config\Cache), false)
#4 H:\My Drive\fastfood\fastfoodbaru\public\index.php(37): CodeIgniter\CodeIgniter->run()
#5 H:\My Drive\fastfood\fastfoodbaru\system\Commands\Server\rewrite.php(43): require_once('H:\\My Drive\\fas...')
#6 {main}
ERROR - 2025-04-02 01:28:10 --> Column 'id_order' in order clause is ambiguous
CRITICAL - 2025-04-02 01:28:10 --> Call to a member function getResult() on bool
#0 H:\My Drive\fastfood\fastfoodbaru\app\Controllers\Home.php(901): App\Models\M_belajar->join3('orderdetail', 'menu', 'orders', 'customer', 'orderdetail.id_...', 'orderdetail.id_...', 'orders.id_custo...', 'id_order')
#1 H:\My Drive\fastfood\fastfoodbaru\system\CodeIgniter.php(832): App\Controllers\Home->orderdetail()
#2 H:\My Drive\fastfood\fastfoodbaru\system\CodeIgniter.php(419): CodeIgniter\CodeIgniter->runController(Object(App\Controllers\Home))
#3 H:\My Drive\fastfood\fastfoodbaru\system\CodeIgniter.php(326): CodeIgniter\CodeIgniter->handleRequest(NULL, Object(Config\Cache), false)
#4 H:\My Drive\fastfood\fastfoodbaru\public\index.php(37): CodeIgniter\CodeIgniter->run()
#5 H:\My Drive\fastfood\fastfoodbaru\system\Commands\Server\rewrite.php(43): require_once('H:\\My Drive\\fas...')
#6 {main}
ERROR - 2025-04-02 01:30:56 --> Column 'id_order' in order clause is ambiguous
CRITICAL - 2025-04-02 01:30:56 --> Call to a member function getResult() on bool
#0 H:\My Drive\fastfood\fastfoodbaru\app\Controllers\Home.php(901): App\Models\M_belajar->join3('orderdetail', 'menu', 'orders', 'customer', 'orderdetail.id_...', 'orderdetail.id_...', 'orders.id_custo...', 'id_order')
#1 H:\My Drive\fastfood\fastfoodbaru\system\CodeIgniter.php(832): App\Controllers\Home->orderdetail()
#2 H:\My Drive\fastfood\fastfoodbaru\system\CodeIgniter.php(419): CodeIgniter\CodeIgniter->runController(Object(App\Controllers\Home))
#3 H:\My Drive\fastfood\fastfoodbaru\system\CodeIgniter.php(326): CodeIgniter\CodeIgniter->handleRequest(NULL, Object(Config\Cache), false)
#4 H:\My Drive\fastfood\fastfoodbaru\public\index.php(37): CodeIgniter\CodeIgniter->run()
#5 H:\My Drive\fastfood\fastfoodbaru\system\Commands\Server\rewrite.php(43): require_once('H:\\My Drive\\fas...')
#6 {main}
ERROR - 2025-04-02 01:34:08 --> Column 'id_order' in order clause is ambiguous
CRITICAL - 2025-04-02 01:34:08 --> Call to a member function getResult() on bool
#0 H:\My Drive\fastfood\fastfoodbaru\app\Controllers\Home.php(901): App\Models\M_belajar->join3('orderdetail', 'menu', 'orders', 'customer', 'orderdetail.id_...', 'orderdetail.id_...', 'orders.id_custo...', 'id_order')
#1 H:\My Drive\fastfood\fastfoodbaru\system\CodeIgniter.php(832): App\Controllers\Home->orderdetail()
#2 H:\My Drive\fastfood\fastfoodbaru\system\CodeIgniter.php(419): CodeIgniter\CodeIgniter->runController(Object(App\Controllers\Home))
#3 H:\My Drive\fastfood\fastfoodbaru\system\CodeIgniter.php(326): CodeIgniter\CodeIgniter->handleRequest(NULL, Object(Config\Cache), false)
#4 H:\My Drive\fastfood\fastfoodbaru\public\index.php(37): CodeIgniter\CodeIgniter->run()
#5 H:\My Drive\fastfood\fastfoodbaru\system\Commands\Server\rewrite.php(43): require_once('H:\\My Drive\\fas...')
#6 {main}
ERROR - 2025-04-02 01:59:52 --> You have an error in your SQL syntax; check the manual that corresponds to your MariaDB server version for the right syntax to use near 'WHERE `laporan_keuangan`.`tanggal` <= > IS NULL
AND   <= 'id_transaksi'' at line 4
CRITICAL - 2025-04-02 01:59:52 --> Call to a member function getResult() on bool
#0 H:\My Drive\fastfood\fastfoodbaru\app\Controllers\Home.php(925): App\Models\M_belajar->filter('laporan_keuanga...', 'metode_pembayar...', 'laporan_keuanga...', 'laporan_keuanga...', NULL, NULL, 'id_transaksi')
#1 H:\My Drive\fastfood\fastfoodbaru\system\CodeIgniter.php(832): App\Controllers\Home->laporankeuangan()
#2 H:\My Drive\fastfood\fastfoodbaru\system\CodeIgniter.php(419): CodeIgniter\CodeIgniter->runController(Object(App\Controllers\Home))
#3 H:\My Drive\fastfood\fastfoodbaru\system\CodeIgniter.php(326): CodeIgniter\CodeIgniter->handleRequest(NULL, Object(Config\Cache), false)
#4 H:\My Drive\fastfood\fastfoodbaru\public\index.php(37): CodeIgniter\CodeIgniter->run()
#5 H:\My Drive\fastfood\fastfoodbaru\system\Commands\Server\rewrite.php(43): require_once('H:\\My Drive\\fas...')
#6 {main}
ERROR - 2025-04-02 02:01:44 --> You have an error in your SQL syntax; check the manual that corresponds to your MariaDB server version for the right syntax to use near 'WHERE `laporan_keuangan`.`tanggal` <= > IS NULL
AND   <= 'id_transaksi'' at line 4
CRITICAL - 2025-04-02 02:01:45 --> Call to a member function getResult() on bool
#0 H:\My Drive\fastfood\fastfoodbaru\app\Controllers\Home.php(925): App\Models\M_belajar->filter('laporan_keuanga...', 'metode_pembayar...', 'laporan_keuanga...', 'laporan_keuanga...', NULL, NULL, 'id_transaksi')
#1 H:\My Drive\fastfood\fastfoodbaru\system\CodeIgniter.php(832): App\Controllers\Home->laporankeuangan()
#2 H:\My Drive\fastfood\fastfoodbaru\system\CodeIgniter.php(419): CodeIgniter\CodeIgniter->runController(Object(App\Controllers\Home))
#3 H:\My Drive\fastfood\fastfoodbaru\system\CodeIgniter.php(326): CodeIgniter\CodeIgniter->handleRequest(NULL, Object(Config\Cache), false)
#4 H:\My Drive\fastfood\fastfoodbaru\public\index.php(37): CodeIgniter\CodeIgniter->run()
#5 H:\My Drive\fastfood\fastfoodbaru\system\Commands\Server\rewrite.php(43): require_once('H:\\My Drive\\fas...')
#6 {main}
ERROR - 2025-04-02 02:09:01 --> Unknown column 'tanggal' in 'where clause'
CRITICAL - 2025-04-02 02:09:01 --> Call to a member function getResult() on bool
#0 H:\My Drive\fastfood\fastfoodbaru\system\BaseModel.php(584): CodeIgniter\Model->doFindAll(0, 0)
#1 H:\My Drive\fastfood\fastfoodbaru\app\Controllers\Home.php(938): CodeIgniter\BaseModel->findAll()
#2 H:\My Drive\fastfood\fastfoodbaru\system\CodeIgniter.php(832): App\Controllers\Home->excellapor_keuangan()
#3 H:\My Drive\fastfood\fastfoodbaru\system\CodeIgniter.php(419): CodeIgniter\CodeIgniter->runController(Object(App\Controllers\Home))
#4 H:\My Drive\fastfood\fastfoodbaru\system\CodeIgniter.php(326): CodeIgniter\CodeIgniter->handleRequest(NULL, Object(Config\Cache), false)
#5 H:\My Drive\fastfood\fastfoodbaru\public\index.php(37): CodeIgniter\CodeIgniter->run()
#6 H:\My Drive\fastfood\fastfoodbaru\system\Commands\Server\rewrite.php(43): require_once('H:\\My Drive\\fas...')
#7 {main}
ERROR - 2025-04-02 02:10:39 --> Unknown column 'tanggal' in 'where clause'
CRITICAL - 2025-04-02 02:10:39 --> Call to a member function getResult() on bool
#0 H:\My Drive\fastfood\fastfoodbaru\system\BaseModel.php(584): CodeIgniter\Model->doFindAll(0, 0)
#1 H:\My Drive\fastfood\fastfoodbaru\app\Controllers\Home.php(938): CodeIgniter\BaseModel->findAll()
#2 H:\My Drive\fastfood\fastfoodbaru\system\CodeIgniter.php(832): App\Controllers\Home->excellapor_keuangan()
#3 H:\My Drive\fastfood\fastfoodbaru\system\CodeIgniter.php(419): CodeIgniter\CodeIgniter->runController(Object(App\Controllers\Home))
#4 H:\My Drive\fastfood\fastfoodbaru\system\CodeIgniter.php(326): CodeIgniter\CodeIgniter->handleRequest(NULL, Object(Config\Cache), false)
#5 H:\My Drive\fastfood\fastfoodbaru\public\index.php(37): CodeIgniter\CodeIgniter->run()
#6 H:\My Drive\fastfood\fastfoodbaru\system\Commands\Server\rewrite.php(43): require_once('H:\\My Drive\\fas...')
#7 {main}
ERROR - 2025-04-02 02:12:32 --> Unknown column 'id_transaksi' in 'field list'
CRITICAL - 2025-04-02 02:12:32 --> Call to a member function getResult() on bool
#0 H:\My Drive\fastfood\fastfoodbaru\system\BaseModel.php(584): CodeIgniter\Model->doFindAll(0, 0)
#1 H:\My Drive\fastfood\fastfoodbaru\app\Controllers\Home.php(939): CodeIgniter\BaseModel->findAll()
#2 H:\My Drive\fastfood\fastfoodbaru\system\CodeIgniter.php(832): App\Controllers\Home->excellapor_keuangan()
#3 H:\My Drive\fastfood\fastfoodbaru\system\CodeIgniter.php(419): CodeIgniter\CodeIgniter->runController(Object(App\Controllers\Home))
#4 H:\My Drive\fastfood\fastfoodbaru\system\CodeIgniter.php(326): CodeIgniter\CodeIgniter->handleRequest(NULL, Object(Config\Cache), false)
#5 H:\My Drive\fastfood\fastfoodbaru\public\index.php(37): CodeIgniter\CodeIgniter->run()
#6 H:\My Drive\fastfood\fastfoodbaru\system\Commands\Server\rewrite.php(43): require_once('H:\\My Drive\\fas...')
#7 {main}
ERROR - 2025-04-02 02:12:41 --> Unknown column 'id_transaksi' in 'field list'
CRITICAL - 2025-04-02 02:12:41 --> Call to a member function getResult() on bool
#0 H:\My Drive\fastfood\fastfoodbaru\system\BaseModel.php(584): CodeIgniter\Model->doFindAll(0, 0)
#1 H:\My Drive\fastfood\fastfoodbaru\app\Controllers\Home.php(939): CodeIgniter\BaseModel->findAll()
#2 H:\My Drive\fastfood\fastfoodbaru\system\CodeIgniter.php(832): App\Controllers\Home->excellapor_keuangan()
#3 H:\My Drive\fastfood\fastfoodbaru\system\CodeIgniter.php(419): CodeIgniter\CodeIgniter->runController(Object(App\Controllers\Home))
#4 H:\My Drive\fastfood\fastfoodbaru\system\CodeIgniter.php(326): CodeIgniter\CodeIgniter->handleRequest(NULL, Object(Config\Cache), false)
#5 H:\My Drive\fastfood\fastfoodbaru\public\index.php(37): CodeIgniter\CodeIgniter->run()
#6 H:\My Drive\fastfood\fastfoodbaru\system\Commands\Server\rewrite.php(43): require_once('H:\\My Drive\\fas...')
#7 {main}
ERROR - 2025-04-02 02:13:42 --> Table 'fast_food.laporan_keuangan' doesn't exist
ERROR - 2025-04-02 02:13:56 --> Table 'fast_food.laporan_keuangan' doesn't exist
ERROR - 2025-04-02 02:16:49 --> Table 'fast_food.laporan_keuangan' doesn't exist
CRITICAL - 2025-04-02 02:16:49 --> Call to a member function getNumRows() on bool
#0 H:\My Drive\fastfood\fastfoodbaru\system\CodeIgniter.php(832): App\Controllers\Home->excellapor_keuangan()
#1 H:\My Drive\fastfood\fastfoodbaru\system\CodeIgniter.php(419): CodeIgniter\CodeIgniter->runController(Object(App\Controllers\Home))
#2 H:\My Drive\fastfood\fastfoodbaru\system\CodeIgniter.php(326): CodeIgniter\CodeIgniter->handleRequest(NULL, Object(Config\Cache), false)
#3 H:\My Drive\fastfood\fastfoodbaru\public\index.php(37): CodeIgniter\CodeIgniter->run()
#4 H:\My Drive\fastfood\fastfoodbaru\system\Commands\Server\rewrite.php(43): require_once('H:\\My Drive\\fas...')
#5 {main}
ERROR - 2025-04-02 02:26:03 --> You have an error in your SQL syntax; check the manual that corresponds to your MariaDB server version for the right syntax to use near '`>=` >= '2025-02-02'
AND `tanggal_pembayaran` `<=` <= '2025-04-02'' at line 4
CRITICAL - 2025-04-02 02:26:03 --> Call to a member function getResult() on bool
#0 H:\My Drive\fastfood\fastfoodbaru\app\Controllers\Home.php(928): App\Models\M_belajar->filter('pembayaran', 'orders', 'pembayaran.id_o...', 'tanggal_pembaya...', 'tanggal_pembaya...', '2025-02-02', '2025-04-02', 'id_barang_masuk')
#1 H:\My Drive\fastfood\fastfoodbaru\system\CodeIgniter.php(832): App\Controllers\Home->excellapor_keuangan()
#2 H:\My Drive\fastfood\fastfoodbaru\system\CodeIgniter.php(419): CodeIgniter\CodeIgniter->runController(Object(App\Controllers\Home))
#3 H:\My Drive\fastfood\fastfoodbaru\system\CodeIgniter.php(326): CodeIgniter\CodeIgniter->handleRequest(NULL, Object(Config\Cache), false)
#4 H:\My Drive\fastfood\fastfoodbaru\public\index.php(37): CodeIgniter\CodeIgniter->run()
#5 H:\My Drive\fastfood\fastfoodbaru\system\Commands\Server\rewrite.php(43): require_once('H:\\My Drive\\fas...')
#6 {main}
ERROR - 2025-04-02 02:26:21 --> You have an error in your SQL syntax; check the manual that corresponds to your MariaDB server version for the right syntax to use near '`>=` >= '2025-02-02'
AND `tanggal_pembayaran` `<=` <= '2025-04-02'' at line 4
CRITICAL - 2025-04-02 02:26:21 --> Call to a member function getResult() on bool
#0 H:\My Drive\fastfood\fastfoodbaru\app\Controllers\Home.php(928): App\Models\M_belajar->filter('pembayaran', 'orders', 'pembayaran.id_o...', 'tanggal_pembaya...', 'tanggal_pembaya...', '2025-02-02', '2025-04-02', 'id_barang_masuk')
#1 H:\My Drive\fastfood\fastfoodbaru\system\CodeIgniter.php(832): App\Controllers\Home->excellapor_keuangan()
#2 H:\My Drive\fastfood\fastfoodbaru\system\CodeIgniter.php(419): CodeIgniter\CodeIgniter->runController(Object(App\Controllers\Home))
#3 H:\My Drive\fastfood\fastfoodbaru\system\CodeIgniter.php(326): CodeIgniter\CodeIgniter->handleRequest(NULL, Object(Config\Cache), false)
#4 H:\My Drive\fastfood\fastfoodbaru\public\index.php(37): CodeIgniter\CodeIgniter->run()
#5 H:\My Drive\fastfood\fastfoodbaru\system\Commands\Server\rewrite.php(43): require_once('H:\\My Drive\\fas...')
#6 {main}
ERROR - 2025-04-02 02:26:51 --> You have an error in your SQL syntax; check the manual that corresponds to your MariaDB server version for the right syntax to use near '`>=` >= '2025-02-02'
AND `tanggal_pembayaran` `<=` <= '2025-04-02'' at line 4
CRITICAL - 2025-04-02 02:26:51 --> Call to a member function getResult() on bool
#0 H:\My Drive\fastfood\fastfoodbaru\app\Controllers\Home.php(928): App\Models\M_belajar->filter('pembayaran', 'orders', 'pembayaran.id_o...', 'tanggal_pembaya...', 'tanggal_pembaya...', '2025-02-02', '2025-04-02', 'id_pemabayran')
#1 H:\My Drive\fastfood\fastfoodbaru\system\CodeIgniter.php(832): App\Controllers\Home->excellapor_keuangan()
#2 H:\My Drive\fastfood\fastfoodbaru\system\CodeIgniter.php(419): CodeIgniter\CodeIgniter->runController(Object(App\Controllers\Home))
#3 H:\My Drive\fastfood\fastfoodbaru\system\CodeIgniter.php(326): CodeIgniter\CodeIgniter->handleRequest(NULL, Object(Config\Cache), false)
#4 H:\My Drive\fastfood\fastfoodbaru\public\index.php(37): CodeIgniter\CodeIgniter->run()
#5 H:\My Drive\fastfood\fastfoodbaru\system\Commands\Server\rewrite.php(43): require_once('H:\\My Drive\\fas...')
#6 {main}
ERROR - 2025-04-02 02:28:06 --> You have an error in your SQL syntax; check the manual that corresponds to your MariaDB server version for the right syntax to use near '`>=` >= '2025-02-02'
AND `tanggal_pembayaran` `<=` <= '2025-04-02'' at line 4
CRITICAL - 2025-04-02 02:28:06 --> Call to a member function getResult() on bool
#0 H:\My Drive\fastfood\fastfoodbaru\app\Controllers\Home.php(938): App\Models\M_belajar->filter('pembayaran', 'orders', 'pembayaran.id_o...', 'tanggal_pembaya...', 'tanggal_pembaya...', '2025-02-02', '2025-04-02', 'id_pembayaran')
#1 H:\My Drive\fastfood\fastfoodbaru\system\CodeIgniter.php(832): App\Controllers\Home->excellapor_keuangan()
#2 H:\My Drive\fastfood\fastfoodbaru\system\CodeIgniter.php(419): CodeIgniter\CodeIgniter->runController(Object(App\Controllers\Home))
#3 H:\My Drive\fastfood\fastfoodbaru\system\CodeIgniter.php(326): CodeIgniter\CodeIgniter->handleRequest(NULL, Object(Config\Cache), false)
#4 H:\My Drive\fastfood\fastfoodbaru\public\index.php(37): CodeIgniter\CodeIgniter->run()
#5 H:\My Drive\fastfood\fastfoodbaru\system\Commands\Server\rewrite.php(43): require_once('H:\\My Drive\\fas...')
#6 {main}
ERROR - 2025-04-02 02:28:36 --> You have an error in your SQL syntax; check the manual that corresponds to your MariaDB server version for the right syntax to use near '`>=` >= '2025-02-02'
AND `tanggal_pembayaran` `<=` <= '2025-04-02'' at line 4
CRITICAL - 2025-04-02 02:28:36 --> Call to a member function getResult() on bool
#0 H:\My Drive\fastfood\fastfoodbaru\app\Controllers\Home.php(928): App\Models\M_belajar->filter('pembayaran', 'orders', 'pembayaran.id_o...', 'tanggal_pembaya...', 'tanggal_pembaya...', '2025-02-02', '2025-04-02', 'id_pembayaran')
#1 H:\My Drive\fastfood\fastfoodbaru\system\CodeIgniter.php(832): App\Controllers\Home->excellapor_keuangan()
#2 H:\My Drive\fastfood\fastfoodbaru\system\CodeIgniter.php(419): CodeIgniter\CodeIgniter->runController(Object(App\Controllers\Home))
#3 H:\My Drive\fastfood\fastfoodbaru\system\CodeIgniter.php(326): CodeIgniter\CodeIgniter->handleRequest(NULL, Object(Config\Cache), false)
#4 H:\My Drive\fastfood\fastfoodbaru\public\index.php(37): CodeIgniter\CodeIgniter->run()
#5 H:\My Drive\fastfood\fastfoodbaru\system\Commands\Server\rewrite.php(43): require_once('H:\\My Drive\\fas...')
#6 {main}
ERROR - 2025-04-02 02:28:38 --> You have an error in your SQL syntax; check the manual that corresponds to your MariaDB server version for the right syntax to use near '`>=` >= '2025-02-02'
AND `tanggal_pembayaran` `<=` <= '2025-04-02'' at line 4
CRITICAL - 2025-04-02 02:28:38 --> Call to a member function getResult() on bool
#0 H:\My Drive\fastfood\fastfoodbaru\app\Controllers\Home.php(928): App\Models\M_belajar->filter('pembayaran', 'orders', 'pembayaran.id_o...', 'tanggal_pembaya...', 'tanggal_pembaya...', '2025-02-02', '2025-04-02', 'id_pembayaran')
#1 H:\My Drive\fastfood\fastfoodbaru\system\CodeIgniter.php(832): App\Controllers\Home->excellapor_keuangan()
#2 H:\My Drive\fastfood\fastfoodbaru\system\CodeIgniter.php(419): CodeIgniter\CodeIgniter->runController(Object(App\Controllers\Home))
#3 H:\My Drive\fastfood\fastfoodbaru\system\CodeIgniter.php(326): CodeIgniter\CodeIgniter->handleRequest(NULL, Object(Config\Cache), false)
#4 H:\My Drive\fastfood\fastfoodbaru\public\index.php(37): CodeIgniter\CodeIgniter->run()
#5 H:\My Drive\fastfood\fastfoodbaru\system\Commands\Server\rewrite.php(43): require_once('H:\\My Drive\\fas...')
#6 {main}
CRITICAL - 2025-04-02 02:36:16 --> syntax error, unexpected 'echo' (T_ECHO), expecting ';' or ','
#0 H:\My Drive\fastfood\fastfoodbaru\system\Router\Router.php(175): CodeIgniter\Router\Router->autoRoute('home/excellapor...')
#1 H:\My Drive\fastfood\fastfoodbaru\system\CodeIgniter.php(726): CodeIgniter\Router\Router->handle('home/excellapor...')
#2 H:\My Drive\fastfood\fastfoodbaru\system\CodeIgniter.php(368): CodeIgniter\CodeIgniter->tryToRouteIt(Object(CodeIgniter\Router\RouteCollection))
#3 H:\My Drive\fastfood\fastfoodbaru\system\CodeIgniter.php(326): CodeIgniter\CodeIgniter->handleRequest(NULL, Object(Config\Cache), false)
#4 H:\My Drive\fastfood\fastfoodbaru\public\index.php(37): CodeIgniter\CodeIgniter->run()
#5 H:\My Drive\fastfood\fastfoodbaru\system\Commands\Server\rewrite.php(43): require_once('H:\\My Drive\\fas...')
#6 {main}
ERROR - 2025-04-02 02:36:29 --> You have an error in your SQL syntax; check the manual that corresponds to your MariaDB server version for the right syntax to use near '`>=` >= '2025-02-02'
AND `tanggal_pembayaran` `<=` <= '2025-04-02'' at line 4
CRITICAL - 2025-04-02 02:36:29 --> Call to a member function getResult() on bool
#0 H:\My Drive\fastfood\fastfoodbaru\app\Controllers\Home.php(927): App\Models\M_belajar->filter('pembayaran', 'orders', 'pembayaran.id_o...', 'tanggal_pembaya...', 'tanggal_pembaya...', '2025-02-02', '2025-04-02')
#1 H:\My Drive\fastfood\fastfoodbaru\system\CodeIgniter.php(832): App\Controllers\Home->excellapor_keuangan()
#2 H:\My Drive\fastfood\fastfoodbaru\system\CodeIgniter.php(419): CodeIgniter\CodeIgniter->runController(Object(App\Controllers\Home))
#3 H:\My Drive\fastfood\fastfoodbaru\system\CodeIgniter.php(326): CodeIgniter\CodeIgniter->handleRequest(NULL, Object(Config\Cache), false)
#4 H:\My Drive\fastfood\fastfoodbaru\public\index.php(37): CodeIgniter\CodeIgniter->run()
#5 H:\My Drive\fastfood\fastfoodbaru\system\Commands\Server\rewrite.php(43): require_once('H:\\My Drive\\fas...')
#6 {main}
ERROR - 2025-04-02 02:39:29 --> You have an error in your SQL syntax; check the manual that corresponds to your MariaDB server version for the right syntax to use near '`>=` >= '2025-02-02'
AND `tanggal_pembayaran` `<=` <= '2025-04-02'' at line 4
CRITICAL - 2025-04-02 02:39:29 --> Call to a member function getResult() on bool
#0 H:\My Drive\fastfood\fastfoodbaru\app\Controllers\Home.php(927): App\Models\M_belajar->filter('pembayaran', 'orders', 'pembayaran.id_o...', 'tanggal_pembaya...', 'tanggal_pembaya...', '2025-02-02', '2025-04-02')
#1 H:\My Drive\fastfood\fastfoodbaru\system\CodeIgniter.php(832): App\Controllers\Home->excellapor_keuangan()
#2 H:\My Drive\fastfood\fastfoodbaru\system\CodeIgniter.php(419): CodeIgniter\CodeIgniter->runController(Object(App\Controllers\Home))
#3 H:\My Drive\fastfood\fastfoodbaru\system\CodeIgniter.php(326): CodeIgniter\CodeIgniter->handleRequest(NULL, Object(Config\Cache), false)
#4 H:\My Drive\fastfood\fastfoodbaru\public\index.php(37): CodeIgniter\CodeIgniter->run()
#5 H:\My Drive\fastfood\fastfoodbaru\system\Commands\Server\rewrite.php(43): require_once('H:\\My Drive\\fas...')
#6 {main}
ERROR - 2025-04-02 02:44:42 --> Unknown column 'orders.harga' in 'field list'
CRITICAL - 2025-04-02 02:44:42 --> Call to a member function getResult() on bool
#0 H:\My Drive\fastfood\fastfoodbaru\system\CodeIgniter.php(832): App\Controllers\Home->excellapor_keuangan()
#1 H:\My Drive\fastfood\fastfoodbaru\system\CodeIgniter.php(419): CodeIgniter\CodeIgniter->runController(Object(App\Controllers\Home))
#2 H:\My Drive\fastfood\fastfoodbaru\system\CodeIgniter.php(326): CodeIgniter\CodeIgniter->handleRequest(NULL, Object(Config\Cache), false)
#3 H:\My Drive\fastfood\fastfoodbaru\public\index.php(37): CodeIgniter\CodeIgniter->run()
#4 H:\My Drive\fastfood\fastfoodbaru\system\Commands\Server\rewrite.php(43): require_once('H:\\My Drive\\fas...')
#5 {main}
ERROR - 2025-04-02 02:47:28 --> Unknown column 'orders.harga' in 'field list'
CRITICAL - 2025-04-02 02:47:28 --> Call to a member function getResult() on bool
#0 H:\My Drive\fastfood\fastfoodbaru\system\CodeIgniter.php(832): App\Controllers\Home->excellapor_keuangan()
#1 H:\My Drive\fastfood\fastfoodbaru\system\CodeIgniter.php(419): CodeIgniter\CodeIgniter->runController(Object(App\Controllers\Home))
#2 H:\My Drive\fastfood\fastfoodbaru\system\CodeIgniter.php(326): CodeIgniter\CodeIgniter->handleRequest(NULL, Object(Config\Cache), false)
#3 H:\My Drive\fastfood\fastfoodbaru\public\index.php(37): CodeIgniter\CodeIgniter->run()
#4 H:\My Drive\fastfood\fastfoodbaru\system\Commands\Server\rewrite.php(43): require_once('H:\\My Drive\\fas...')
#5 {main}
ERROR - 2025-04-02 02:48:11 --> Unknown column 'orders.harga' in 'field list'
ERROR - 2025-04-02 02:48:24 --> Unknown column 'orders.harga' in 'field list'
ERROR - 2025-04-02 02:52:04 --> Unknown column 'orders.harga' in 'field list'
CRITICAL - 2025-04-02 02:52:04 --> Call to a member function getResult() on bool
#0 H:\My Drive\fastfood\fastfoodbaru\app\Controllers\Home.php(927): App\Models\M_belajar->filter('pembayaran', 'orders', 'pembayaran.id_o...', 'tanggal_pembaya...', 'tanggal_pembaya...', '2025-02-02', '2025-04-02')
#1 H:\My Drive\fastfood\fastfoodbaru\system\CodeIgniter.php(832): App\Controllers\Home->excellapor_keuangan()
#2 H:\My Drive\fastfood\fastfoodbaru\system\CodeIgniter.php(419): CodeIgniter\CodeIgniter->runController(Object(App\Controllers\Home))
#3 H:\My Drive\fastfood\fastfoodbaru\system\CodeIgniter.php(326): CodeIgniter\CodeIgniter->handleRequest(NULL, Object(Config\Cache), false)
#4 H:\My Drive\fastfood\fastfoodbaru\public\index.php(37): CodeIgniter\CodeIgniter->run()
#5 H:\My Drive\fastfood\fastfoodbaru\system\Commands\Server\rewrite.php(43): require_once('H:\\My Drive\\fas...')
#6 {main}
ERROR - 2025-04-02 03:25:18 --> Unknown column 'status_pembayaran' in 'field list'
ERROR - 2025-04-02 03:58:20 --> Email: sendWithMail throwed mail(): Failed to connect to mailserver at &quot;localhost&quot; port 25, verify your &quot;SMTP&quot; and &quot;smtp_port&quot; setting in php.ini or use ini_set()
ERROR - 2025-04-02 03:58:46 --> Email: sendWithMail throwed mail(): Failed to connect to mailserver at &quot;localhost&quot; port 25, verify your &quot;SMTP&quot; and &quot;smtp_port&quot; setting in php.ini or use ini_set()
CRITICAL - 2025-04-02 04:01:55 --> Cannot redeclare Config\Email::$SMTPHost
#0 [internal function]: CodeIgniter\Debug\Exceptions->shutdownHandler()
#1 {main}
ERROR - 2025-04-02 04:02:21 --> Email: sendWithMail throwed mail(): Failed to connect to mailserver at &quot;localhost&quot; port 25, verify your &quot;SMTP&quot; and &quot;smtp_port&quot; setting in php.ini or use ini_set()
ERROR - 2025-04-02 04:04:39 --> Email: sendWithMail throwed mail(): Failed to connect to mailserver at &quot;localhost&quot; port 25, verify your &quot;SMTP&quot; and &quot;smtp_port&quot; setting in php.ini or use ini_set()
CRITICAL - 2025-04-02 04:06:06 --> Cannot redeclare Config\Email::$fromEmail
#0 [internal function]: CodeIgniter\Debug\Exceptions->shutdownHandler()
#1 {main}
ERROR - 2025-04-02 04:08:29 --> Email: sendWithMail throwed mail(): Failed to connect to mailserver at &quot;localhost&quot; port 25, verify your &quot;SMTP&quot; and &quot;smtp_port&quot; setting in php.ini or use ini_set()
ERROR - 2025-04-02 04:08:45 --> Email: sendWithMail throwed mail(): Failed to connect to mailserver at &quot;localhost&quot; port 25, verify your &quot;SMTP&quot; and &quot;smtp_port&quot; setting in php.ini or use ini_set()
ERROR - 2025-04-02 04:09:58 --> Email: sendWithMail throwed mail(): Failed to connect to mailserver at &quot;localhost&quot; port 25, verify your &quot;SMTP&quot; and &quot;smtp_port&quot; setting in php.ini or use ini_set()
ERROR - 2025-04-02 04:10:24 --> Email: sendWithMail throwed mail(): Failed to connect to mailserver at &quot;localhost&quot; port 25, verify your &quot;SMTP&quot; and &quot;smtp_port&quot; setting in php.ini or use ini_set()
ERROR - 2025-04-02 04:10:25 --> Gagal mengirim email reset password: Unable to send email using PHP mail(). Your server might not be configured to send mail using this method.<br /><pre>Date: Wed, 2 Apr 2025 04:10:22 -0500
From: &quot;Nama Aplikasi Anda&quot; &lt;youremail@gmail.com&gt;
Return-Path: &lt;youremail@gmail.com&gt;
Reply-To: &lt;youremail@gmail.com&gt;
User-Agent: CodeIgniter
X-Sender: youremail@gmail.com
X-Mailer: CodeIgniter
X-Priority: 3 (Normal)
Message-ID: &lt;67ecfefed22b71.93823335@gmail.com&gt;
Mime-Version: 1.0
Content-Type: text/plain; charset=UTF-8
Content-Transfer-Encoding: 8bit
=?UTF-8?Q?Permintaan=20Reset=20Password?=
Ada permintaan reset password untuk akun Anda. Klik tautan berikut untuk
mereset password: http://localhost:8080/home/reset_password
</pre>
CRITICAL - 2025-04-02 04:20:48 --> Class 'App\Models\UserModel' not found
#0 H:\My Drive\fastfood\fastfoodbaru\system\CodeIgniter.php(832): App\Controllers\Home->send_reset_link()
#1 H:\My Drive\fastfood\fastfoodbaru\system\CodeIgniter.php(419): CodeIgniter\CodeIgniter->runController(Object(App\Controllers\Home))
#2 H:\My Drive\fastfood\fastfoodbaru\system\CodeIgniter.php(326): CodeIgniter\CodeIgniter->handleRequest(NULL, Object(Config\Cache), false)
#3 H:\My Drive\fastfood\fastfoodbaru\public\index.php(37): CodeIgniter\CodeIgniter->run()
#4 H:\My Drive\fastfood\fastfoodbaru\system\Commands\Server\rewrite.php(43): require_once('H:\\My Drive\\fas...')
#5 {main}
ERROR - 2025-04-02 04:22:24 --> Unknown column 'updated_at' in 'field list'
ERROR - 2025-04-02 04:22:38 --> Unknown column 'updated_at' in 'field list'
ERROR - 2025-04-02 04:22:52 --> Unknown column 'updated_at' in 'field list'
ERROR - 2025-04-02 04:23:20 --> Unknown column 'updated_at' in 'field list'
ERROR - 2025-04-02 04:24:40 --> Unknown column 'updated_at' in 'field list'
ERROR - 2025-04-02 04:24:42 --> Error sending email: SMTP Error: Could not authenticate.
CRITICAL - 2025-04-02 08:18:04 --> require(H:\My Drive\fastfood\fastfoodbaru\app\vendor/autoload.php): failed to open stream: No such file or directory
#0 H:\My Drive\fastfood\fastfoodbaru\app\Controllers\Home.php(10): CodeIgniter\Debug\Exceptions->errorHandler(2, 'require(H:\\My D...', 'H:\\My Drive\\fas...', 10, Array)
#1 H:\My Drive\fastfood\fastfoodbaru\app\Controllers\Home.php(10): require()
#2 H:\My Drive\fastfood\fastfoodbaru\system\Router\Router.php(518): include_once('H:\\My Drive\\fas...')
#3 H:\My Drive\fastfood\fastfoodbaru\system\Router\Router.php(175): CodeIgniter\Router\Router->autoRoute('home/login')
#4 H:\My Drive\fastfood\fastfoodbaru\system\CodeIgniter.php(726): CodeIgniter\Router\Router->handle('home/login')
#5 H:\My Drive\fastfood\fastfoodbaru\system\CodeIgniter.php(368): CodeIgniter\CodeIgniter->tryToRouteIt(Object(CodeIgniter\Router\RouteCollection))
#6 H:\My Drive\fastfood\fastfoodbaru\system\CodeIgniter.php(326): CodeIgniter\CodeIgniter->handleRequest(NULL, Object(Config\Cache), false)
#7 H:\My Drive\fastfood\fastfoodbaru\public\index.php(37): CodeIgniter\CodeIgniter->run()
#8 H:\My Drive\fastfood\fastfoodbaru\system\Commands\Server\rewrite.php(43): require_once('H:\\My Drive\\fas...')
#9 {main}
CRITICAL - 2025-04-02 08:18:05 --> require(H:\My Drive\fastfood\fastfoodbaru\app\vendor/autoload.php): failed to open stream: No such file or directory
#0 H:\My Drive\fastfood\fastfoodbaru\app\Controllers\Home.php(10): CodeIgniter\Debug\Exceptions->errorHandler(2, 'require(H:\\My D...', 'H:\\My Drive\\fas...', 10, Array)
#1 H:\My Drive\fastfood\fastfoodbaru\app\Controllers\Home.php(10): require()
#2 H:\My Drive\fastfood\fastfoodbaru\system\Router\Router.php(518): include_once('H:\\My Drive\\fas...')
#3 H:\My Drive\fastfood\fastfoodbaru\system\Router\Router.php(175): CodeIgniter\Router\Router->autoRoute('home/login')
#4 H:\My Drive\fastfood\fastfoodbaru\system\CodeIgniter.php(726): CodeIgniter\Router\Router->handle('home/login')
#5 H:\My Drive\fastfood\fastfoodbaru\system\CodeIgniter.php(368): CodeIgniter\CodeIgniter->tryToRouteIt(Object(CodeIgniter\Router\RouteCollection))
#6 H:\My Drive\fastfood\fastfoodbaru\system\CodeIgniter.php(326): CodeIgniter\CodeIgniter->handleRequest(NULL, Object(Config\Cache), false)
#7 H:\My Drive\fastfood\fastfoodbaru\public\index.php(37): CodeIgniter\CodeIgniter->run()
#8 H:\My Drive\fastfood\fastfoodbaru\system\Commands\Server\rewrite.php(43): require_once('H:\\My Drive\\fas...')
#9 {main}
ERROR - 2025-04-02 08:59:02 --> Unknown column 'token' in 'field list'
ERROR - 2025-04-02 09:00:39 --> Unknown column 'token' in 'field list'
ERROR - 2025-04-02 09:01:34 --> Unknown column 'token' in 'field list'
ERROR - 2025-04-02 09:18:31 --> Unknown column 'token' in 'field list'
ERROR - 2025-04-02 09:35:09 --> Unknown column 'token' in 'field list'
ERROR - 2025-04-02 09:35:52 --> Unknown column 'token' in 'field list'
ERROR - 2025-04-02 09:37:47 --> Unknown column 'token' in 'field list'
ERROR - 2025-04-02 09:37:57 --> Unknown column 'token' in 'field list'
ERROR - 2025-04-02 09:38:21 --> Unknown column 'token' in 'where clause'
CRITICAL - 2025-04-02 09:38:21 --> Call to a member function getRow() on bool
#0 H:\My Drive\fastfood\fastfoodbaru\app\Controllers\Home.php(1625): App\Models\M_belajar->getWhere('user', Array)
#1 H:\My Drive\fastfood\fastfoodbaru\system\CodeIgniter.php(832): App\Controllers\Home->reset_password()
#2 H:\My Drive\fastfood\fastfoodbaru\system\CodeIgniter.php(419): CodeIgniter\CodeIgniter->runController(Object(App\Controllers\Home))
#3 H:\My Drive\fastfood\fastfoodbaru\system\CodeIgniter.php(326): CodeIgniter\CodeIgniter->handleRequest(NULL, Object(Config\Cache), false)
#4 H:\My Drive\fastfood\fastfoodbaru\public\index.php(37): CodeIgniter\CodeIgniter->run()
#5 H:\My Drive\fastfood\fastfoodbaru\system\Commands\Server\rewrite.php(43): require_once('H:\\My Drive\\fas...')
#6 {main}
