ERROR - 2025-03-17 19:28:12 --> Error connecting to the database: No connection could be made because the target machine actively refused it.

CRITICAL - 2025-03-17 19:28:12 --> Unable to connect to the database.
Main connection [MySQLi]: No connection could be made because the target machine actively refused it.

#0 H:\My Drive\fastfood\fastfoodbaru\system\Database\BaseConnection.php(577): CodeIgniter\Database\BaseConnection->initialize()
#1 H:\My Drive\fastfood\fastfoodbaru\system\Database\BaseBuilder.php(1588): CodeIgniter\Database\BaseConnection->query('SELECT *\nFROM `...', Array, false)
#2 H:\My Drive\fastfood\fastfoodbaru\app\Models\M_belajar.php(23): CodeIgniter\Database\BaseBuilder->getWhere(Array)
#3 H:\My Drive\fastfood\fastfoodbaru\app\Controllers\Home.php(246): App\Models\M_belajar->getWhere('user', Array)
#4 H:\My Drive\fastfood\fastfoodbaru\system\CodeIgniter.php(832): App\Controllers\Home->aksi_login()
#5 H:\My Drive\fastfood\fastfoodbaru\system\CodeIgniter.php(419): CodeIgniter\CodeIgniter->runController(Object(App\Controllers\Home))
#6 H:\My Drive\fastfood\fastfoodbaru\system\CodeIgniter.php(326): CodeIgniter\CodeIgniter->handleRequest(NULL, Object(Config\Cache), false)
#7 H:\My Drive\fastfood\fastfoodbaru\public\index.php(37): CodeIgniter\CodeIgniter->run()
#8 H:\My Drive\fastfood\fastfoodbaru\system\Commands\Server\rewrite.php(43): require_once('H:\\My Drive\\fas...')
#9 {main}
CRITICAL - 2025-03-17 21:18:20 --> include(H:\My Drive\fastfood\fastfoodbaru\app\Language/en.php): failed to open stream: No such file or directory
#0 H:\My Drive\fastfood\fastfoodbaru\app\Views\dashboard.php(3): CodeIgniter\Debug\Exceptions->errorHandler(2, 'include(H:\\My D...', 'H:\\My Drive\\fas...', 3, Array)
#1 H:\My Drive\fastfood\fastfoodbaru\app\Views\dashboard.php(3): include()
#2 H:\My Drive\fastfood\fastfoodbaru\system\View\View.php(210): include('H:\\My Drive\\fas...')
#3 H:\My Drive\fastfood\fastfoodbaru\system\View\View.php(213): CodeIgniter\View\View->CodeIgniter\View\{closure}()
#4 H:\My Drive\fastfood\fastfoodbaru\system\Common.php(1089): CodeIgniter\View\View->render('dashboard', Array, true)
#5 H:\My Drive\fastfood\fastfoodbaru\app\Controllers\Home.php(29): view('dashboard')
#6 H:\My Drive\fastfood\fastfoodbaru\system\CodeIgniter.php(832): App\Controllers\Home->hai()
#7 H:\My Drive\fastfood\fastfoodbaru\system\CodeIgniter.php(419): CodeIgniter\CodeIgniter->runController(Object(App\Controllers\Home))
#8 H:\My Drive\fastfood\fastfoodbaru\system\CodeIgniter.php(326): CodeIgniter\CodeIgniter->handleRequest(NULL, Object(Config\Cache), false)
#9 H:\My Drive\fastfood\fastfoodbaru\public\index.php(37): CodeIgniter\CodeIgniter->run()
#10 H:\My Drive\fastfood\fastfoodbaru\system\Commands\Server\rewrite.php(43): require_once('H:\\My Drive\\fas...')
#11 {main}
CRITICAL - 2025-03-17 23:08:30 --> Invalid file: welcome_message.php
#0 I:\My Drive\fastfood\fastfoodbaru\system\View\View.php(198): CodeIgniter\Exceptions\FrameworkException::forInvalidFile('welcome_message...')
#1 I:\My Drive\fastfood\fastfoodbaru\system\Common.php(1089): CodeIgniter\View\View->render('welcome_message', Array, true)
#2 I:\My Drive\fastfood\fastfoodbaru\app\Controllers\Home.php(10): view('welcome_message')
#3 I:\My Drive\fastfood\fastfoodbaru\system\CodeIgniter.php(832): App\Controllers\Home->index()
#4 I:\My Drive\fastfood\fastfoodbaru\system\CodeIgniter.php(419): CodeIgniter\CodeIgniter->runController(Object(App\Controllers\Home))
#5 I:\My Drive\fastfood\fastfoodbaru\system\CodeIgniter.php(326): CodeIgniter\CodeIgniter->handleRequest(NULL, Object(Config\Cache), false)
#6 I:\My Drive\fastfood\fastfoodbaru\public\index.php(37): CodeIgniter\CodeIgniter->run()
#7 I:\My Drive\fastfood\fastfoodbaru\system\Commands\Server\rewrite.php(43): require_once('I:\\My Drive\\fas...')
#8 {main}
ERROR - 2025-03-17 23:09:02 --> Table 'fast_food.pengaturan_app' doesn't exist
CRITICAL - 2025-03-17 23:09:02 --> Call to a member function getRow() on bool
#0 I:\My Drive\fastfood\fastfoodbaru\system\View\View.php(210): include()
#1 I:\My Drive\fastfood\fastfoodbaru\system\View\View.php(213): CodeIgniter\View\View->CodeIgniter\View\{closure}()
#2 I:\My Drive\fastfood\fastfoodbaru\system\Common.php(1089): CodeIgniter\View\View->render('header', Array, true)
#3 I:\My Drive\fastfood\fastfoodbaru\app\Controllers\Home.php(27): view('header')
#4 I:\My Drive\fastfood\fastfoodbaru\system\CodeIgniter.php(832): App\Controllers\Home->hai()
#5 I:\My Drive\fastfood\fastfoodbaru\system\CodeIgniter.php(419): CodeIgniter\CodeIgniter->runController(Object(App\Controllers\Home))
#6 I:\My Drive\fastfood\fastfoodbaru\system\CodeIgniter.php(326): CodeIgniter\CodeIgniter->handleRequest(NULL, Object(Config\Cache), false)
#7 I:\My Drive\fastfood\fastfoodbaru\public\index.php(37): CodeIgniter\CodeIgniter->run()
#8 I:\My Drive\fastfood\fastfoodbaru\system\Commands\Server\rewrite.php(43): require_once('I:\\My Drive\\fas...')
#9 {main}
ERROR - 2025-03-17 23:09:09 --> Table 'fast_food.pengaturan_app' doesn't exist
CRITICAL - 2025-03-17 23:09:09 --> Call to a member function getRow() on bool
#0 I:\My Drive\fastfood\fastfoodbaru\system\View\View.php(210): include()
#1 I:\My Drive\fastfood\fastfoodbaru\system\View\View.php(213): CodeIgniter\View\View->CodeIgniter\View\{closure}()
#2 I:\My Drive\fastfood\fastfoodbaru\system\Common.php(1089): CodeIgniter\View\View->render('header', Array, true)
#3 I:\My Drive\fastfood\fastfoodbaru\app\Controllers\Home.php(27): view('header')
#4 I:\My Drive\fastfood\fastfoodbaru\system\CodeIgniter.php(832): App\Controllers\Home->hai()
#5 I:\My Drive\fastfood\fastfoodbaru\system\CodeIgniter.php(419): CodeIgniter\CodeIgniter->runController(Object(App\Controllers\Home))
#6 I:\My Drive\fastfood\fastfoodbaru\system\CodeIgniter.php(326): CodeIgniter\CodeIgniter->handleRequest(NULL, Object(Config\Cache), false)
#7 I:\My Drive\fastfood\fastfoodbaru\public\index.php(37): CodeIgniter\CodeIgniter->run()
#8 I:\My Drive\fastfood\fastfoodbaru\system\Commands\Server\rewrite.php(43): require_once('I:\\My Drive\\fas...')
#9 {main}
ERROR - 2025-03-17 23:09:26 --> Table 'fast_food.pengaturan_app' doesn't exist
CRITICAL - 2025-03-17 23:09:26 --> Call to a member function getRow() on bool
#0 I:\My Drive\fastfood\fastfoodbaru\system\View\View.php(210): include()
#1 I:\My Drive\fastfood\fastfoodbaru\system\View\View.php(213): CodeIgniter\View\View->CodeIgniter\View\{closure}()
#2 I:\My Drive\fastfood\fastfoodbaru\system\Common.php(1089): CodeIgniter\View\View->render('header', Array, true)
#3 I:\My Drive\fastfood\fastfoodbaru\app\Controllers\Home.php(27): view('header')
#4 I:\My Drive\fastfood\fastfoodbaru\system\CodeIgniter.php(832): App\Controllers\Home->hai()
#5 I:\My Drive\fastfood\fastfoodbaru\system\CodeIgniter.php(419): CodeIgniter\CodeIgniter->runController(Object(App\Controllers\Home))
#6 I:\My Drive\fastfood\fastfoodbaru\system\CodeIgniter.php(326): CodeIgniter\CodeIgniter->handleRequest(NULL, Object(Config\Cache), false)
#7 I:\My Drive\fastfood\fastfoodbaru\public\index.php(37): CodeIgniter\CodeIgniter->run()
#8 I:\My Drive\fastfood\fastfoodbaru\system\Commands\Server\rewrite.php(43): require_once('I:\\My Drive\\fas...')
#9 {main}
ERROR - 2025-03-17 23:10:32 --> Table 'fast_food.pengaturan_app' doesn't exist
CRITICAL - 2025-03-17 23:10:32 --> Call to a member function getRow() on bool
#0 I:\My Drive\fastfood\fastfoodbaru\system\View\View.php(210): include()
#1 I:\My Drive\fastfood\fastfoodbaru\system\View\View.php(213): CodeIgniter\View\View->CodeIgniter\View\{closure}()
#2 I:\My Drive\fastfood\fastfoodbaru\system\Common.php(1089): CodeIgniter\View\View->render('header', Array, true)
#3 I:\My Drive\fastfood\fastfoodbaru\app\Controllers\Home.php(27): view('header')
#4 I:\My Drive\fastfood\fastfoodbaru\system\CodeIgniter.php(832): App\Controllers\Home->hai()
#5 I:\My Drive\fastfood\fastfoodbaru\system\CodeIgniter.php(419): CodeIgniter\CodeIgniter->runController(Object(App\Controllers\Home))
#6 I:\My Drive\fastfood\fastfoodbaru\system\CodeIgniter.php(326): CodeIgniter\CodeIgniter->handleRequest(NULL, Object(Config\Cache), false)
#7 I:\My Drive\fastfood\fastfoodbaru\public\index.php(37): CodeIgniter\CodeIgniter->run()
#8 I:\My Drive\fastfood\fastfoodbaru\system\Commands\Server\rewrite.php(43): require_once('I:\\My Drive\\fas...')
#9 {main}
