CRITICAL - 2025-04-13 09:32:19 --> Invalid argument supplied for foreach()
#0 H:\My Drive\klinlik\klinik\app\Views\tampilandokter.php(30): CodeIgniter\Debug\Exceptions->errorHandler(2, 'Invalid argumen...', 'H:\\My Drive\\kli...', 30, Array)
#1 H:\My Drive\klinlik\klinik\system\View\View.php(210): include('H:\\My Drive\\kli...')
#2 H:\My Drive\klinlik\klinik\system\View\View.php(213): CodeIgniter\View\View->CodeIgniter\View\{closure}()
#3 H:\My Drive\klinlik\klinik\system\Common.php(1089): CodeIgniter\View\View->render('tampilandokter', Array, true)
#4 H:\My Drive\klinlik\klinik\app\Controllers\Home.php(1163): view('tampilandokter', Array)
#5 H:\My Drive\klinlik\klinik\system\CodeIgniter.php(832): App\Controllers\Home->dokter()
#6 H:\My Drive\klinlik\klinik\system\CodeIgniter.php(419): CodeIgniter\CodeIgniter->runController(Object(App\Controllers\Home))
#7 H:\My Drive\klinlik\klinik\system\CodeIgniter.php(326): CodeIgniter\CodeIgniter->handleRequest(NULL, Object(Config\Cache), false)
#8 H:\My Drive\klinlik\klinik\public\index.php(37): CodeIgniter\CodeIgniter->run()
#9 H:\My Drive\klinlik\klinik\system\Commands\Server\rewrite.php(43): require_once('H:\\My Drive\\kli...')
#10 {main}
ERROR - 2025-04-13 09:33:47 --> Column 'username' cannot be null
ERROR - 2025-04-13 09:33:58 --> Column 'username' cannot be null
ERROR - 2025-04-13 09:39:04 --> Column 'username' cannot be null
ERROR - 2025-04-13 09:40:02 --> Column 'username' cannot be null
ERROR - 2025-04-13 09:41:12 --> Column 'username' cannot be null
ERROR - 2025-04-13 09:45:20 --> Column 'username' cannot be null
CRITICAL - 2025-04-13 09:45:20 --> Invalid argument supplied for foreach()
#0 H:\My Drive\klinlik\klinik\app\Views\tampilandokter.php(36): CodeIgniter\Debug\Exceptions->errorHandler(2, 'Invalid argumen...', 'H:\\My Drive\\kli...', 36, Array)
#1 H:\My Drive\klinlik\klinik\system\View\View.php(210): include('H:\\My Drive\\kli...')
#2 H:\My Drive\klinlik\klinik\system\View\View.php(213): CodeIgniter\View\View->CodeIgniter\View\{closure}()
#3 H:\My Drive\klinlik\klinik\system\Common.php(1089): CodeIgniter\View\View->render('tampilandokter', Array, true)
#4 H:\My Drive\klinlik\klinik\app\Controllers\Home.php(1158): view('tampilandokter', Array)
#5 H:\My Drive\klinlik\klinik\system\CodeIgniter.php(832): App\Controllers\Home->dokter()
#6 H:\My Drive\klinlik\klinik\system\CodeIgniter.php(419): CodeIgniter\CodeIgniter->runController(Object(App\Controllers\Home))
#7 H:\My Drive\klinlik\klinik\system\CodeIgniter.php(326): CodeIgniter\CodeIgniter->handleRequest(NULL, Object(Config\Cache), false)
#8 H:\My Drive\klinlik\klinik\public\index.php(37): CodeIgniter\CodeIgniter->run()
#9 H:\My Drive\klinlik\klinik\system\Commands\Server\rewrite.php(43): require_once('H:\\My Drive\\kli...')
#10 {main}
ERROR - 2025-04-13 09:46:38 --> Column 'username' cannot be null
CRITICAL - 2025-04-13 09:46:38 --> Invalid argument supplied for foreach()
#0 H:\My Drive\klinlik\klinik\app\Views\tampilandokter.php(36): CodeIgniter\Debug\Exceptions->errorHandler(2, 'Invalid argumen...', 'H:\\My Drive\\kli...', 36, Array)
#1 H:\My Drive\klinlik\klinik\system\View\View.php(210): include('H:\\My Drive\\kli...')
#2 H:\My Drive\klinlik\klinik\system\View\View.php(213): CodeIgniter\View\View->CodeIgniter\View\{closure}()
#3 H:\My Drive\klinlik\klinik\system\Common.php(1089): CodeIgniter\View\View->render('tampilandokter', Array, true)
#4 H:\My Drive\klinlik\klinik\app\Controllers\Home.php(1163): view('tampilandokter', Array)
#5 H:\My Drive\klinlik\klinik\system\CodeIgniter.php(832): App\Controllers\Home->dokter()
#6 H:\My Drive\klinlik\klinik\system\CodeIgniter.php(419): CodeIgniter\CodeIgniter->runController(Object(App\Controllers\Home))
#7 H:\My Drive\klinlik\klinik\system\CodeIgniter.php(326): CodeIgniter\CodeIgniter->handleRequest(NULL, Object(Config\Cache), false)
#8 H:\My Drive\klinlik\klinik\public\index.php(37): CodeIgniter\CodeIgniter->run()
#9 H:\My Drive\klinlik\klinik\system\Commands\Server\rewrite.php(43): require_once('H:\\My Drive\\kli...')
#10 {main}
CRITICAL - 2025-04-13 10:16:00 --> Invalid file: editdokter.php
#0 H:\My Drive\klinlik\klinik\system\View\View.php(198): CodeIgniter\Exceptions\FrameworkException::forInvalidFile('editdokter.php')
#1 H:\My Drive\klinlik\klinik\system\Common.php(1089): CodeIgniter\View\View->render('editdokter', Array, true)
#2 H:\My Drive\klinlik\klinik\app\Controllers\Home.php(1254): view('editdokter', Array)
#3 H:\My Drive\klinlik\klinik\system\CodeIgniter.php(832): App\Controllers\Home->edit_dokter('1')
#4 H:\My Drive\klinlik\klinik\system\CodeIgniter.php(419): CodeIgniter\CodeIgniter->runController(Object(App\Controllers\Home))
#5 H:\My Drive\klinlik\klinik\system\CodeIgniter.php(326): CodeIgniter\CodeIgniter->handleRequest(NULL, Object(Config\Cache), false)
#6 H:\My Drive\klinlik\klinik\public\index.php(37): CodeIgniter\CodeIgniter->run()
#7 H:\My Drive\klinlik\klinik\system\Commands\Server\rewrite.php(43): require_once('H:\\My Drive\\kli...')
#8 {main}
CRITICAL - 2025-04-13 07:50:51 --> Call to undefined method App\Models\M_belajar::getData
#0 H:\My Drive\klinlik\klinik\app\Controllers\Home.php(1449): CodeIgniter\Model->__call('getData', Array)
#1 H:\My Drive\klinlik\klinik\system\CodeIgniter.php(832): App\Controllers\Home->layanan()
#2 H:\My Drive\klinlik\klinik\system\CodeIgniter.php(419): CodeIgniter\CodeIgniter->runController(Object(App\Controllers\Home))
#3 H:\My Drive\klinlik\klinik\system\CodeIgniter.php(326): CodeIgniter\CodeIgniter->handleRequest(NULL, Object(Config\Cache), false)
#4 H:\My Drive\klinlik\klinik\public\index.php(37): CodeIgniter\CodeIgniter->run()
#5 H:\My Drive\klinlik\klinik\system\Commands\Server\rewrite.php(43): require_once('H:\\My Drive\\kli...')
#6 {main}
CRITICAL - 2025-04-13 08:05:36 --> There is no data to insert.
#0 H:\My Drive\klinlik\klinik\system\BaseModel.php(718): CodeIgniter\Database\Exceptions\DataException::forEmptyDataset('insert')
#1 H:\My Drive\klinlik\klinik\system\Model.php(625): CodeIgniter\BaseModel->insert(Array, true)
#2 H:\My Drive\klinlik\klinik\app\Controllers\Home.php(1480): CodeIgniter\Model->insert(Array)
#3 H:\My Drive\klinlik\klinik\system\CodeIgniter.php(832): App\Controllers\Home->simpan_layanan()
#4 H:\My Drive\klinlik\klinik\system\CodeIgniter.php(419): CodeIgniter\CodeIgniter->runController(Object(App\Controllers\Home))
#5 H:\My Drive\klinlik\klinik\system\CodeIgniter.php(326): CodeIgniter\CodeIgniter->handleRequest(NULL, Object(Config\Cache), false)
#6 H:\My Drive\klinlik\klinik\public\index.php(37): CodeIgniter\CodeIgniter->run()
#7 H:\My Drive\klinlik\klinik\system\Commands\Server\rewrite.php(43): require_once('H:\\My Drive\\kli...')
#8 {main}
CRITICAL - 2025-04-13 08:06:51 --> There is no data to insert.
#0 H:\My Drive\klinlik\klinik\system\BaseModel.php(718): CodeIgniter\Database\Exceptions\DataException::forEmptyDataset('insert')
#1 H:\My Drive\klinlik\klinik\system\Model.php(625): CodeIgniter\BaseModel->insert(Array, true)
#2 H:\My Drive\klinlik\klinik\app\Controllers\Home.php(1497): CodeIgniter\Model->insert(Array)
#3 H:\My Drive\klinlik\klinik\system\CodeIgniter.php(832): App\Controllers\Home->simpan_layanan()
#4 H:\My Drive\klinlik\klinik\system\CodeIgniter.php(419): CodeIgniter\CodeIgniter->runController(Object(App\Controllers\Home))
#5 H:\My Drive\klinlik\klinik\system\CodeIgniter.php(326): CodeIgniter\CodeIgniter->handleRequest(NULL, Object(Config\Cache), false)
#6 H:\My Drive\klinlik\klinik\public\index.php(37): CodeIgniter\CodeIgniter->run()
#7 H:\My Drive\klinlik\klinik\system\Commands\Server\rewrite.php(43): require_once('H:\\My Drive\\kli...')
#8 {main}
CRITICAL - 2025-04-13 08:07:08 --> There is no data to insert.
#0 H:\My Drive\klinlik\klinik\system\BaseModel.php(718): CodeIgniter\Database\Exceptions\DataException::forEmptyDataset('insert')
#1 H:\My Drive\klinlik\klinik\system\Model.php(625): CodeIgniter\BaseModel->insert(Array, true)
#2 H:\My Drive\klinlik\klinik\app\Controllers\Home.php(1497): CodeIgniter\Model->insert(Array)
#3 H:\My Drive\klinlik\klinik\system\CodeIgniter.php(832): App\Controllers\Home->simpan_layanan()
#4 H:\My Drive\klinlik\klinik\system\CodeIgniter.php(419): CodeIgniter\CodeIgniter->runController(Object(App\Controllers\Home))
#5 H:\My Drive\klinlik\klinik\system\CodeIgniter.php(326): CodeIgniter\CodeIgniter->handleRequest(NULL, Object(Config\Cache), false)
#6 H:\My Drive\klinlik\klinik\public\index.php(37): CodeIgniter\CodeIgniter->run()
#7 H:\My Drive\klinlik\klinik\system\Commands\Server\rewrite.php(43): require_once('H:\\My Drive\\kli...')
#8 {main}
CRITICAL - 2025-04-13 08:08:14 --> Cannot redeclare App\Controllers\Home::simpan_layanan()
#0 [internal function]: CodeIgniter\Debug\Exceptions->shutdownHandler()
#1 {main}
CRITICAL - 2025-04-13 08:08:41 --> There is no data to insert.
#0 H:\My Drive\klinlik\klinik\system\BaseModel.php(718): CodeIgniter\Database\Exceptions\DataException::forEmptyDataset('insert')
#1 H:\My Drive\klinlik\klinik\system\Model.php(625): CodeIgniter\BaseModel->insert(Array, true)
#2 H:\My Drive\klinlik\klinik\app\Controllers\Home.php(1487): CodeIgniter\Model->insert(Array)
#3 H:\My Drive\klinlik\klinik\system\CodeIgniter.php(832): App\Controllers\Home->simpan_layanan()
#4 H:\My Drive\klinlik\klinik\system\CodeIgniter.php(419): CodeIgniter\CodeIgniter->runController(Object(App\Controllers\Home))
#5 H:\My Drive\klinlik\klinik\system\CodeIgniter.php(326): CodeIgniter\CodeIgniter->handleRequest(NULL, Object(Config\Cache), false)
#6 H:\My Drive\klinlik\klinik\public\index.php(37): CodeIgniter\CodeIgniter->run()
#7 H:\My Drive\klinlik\klinik\system\Commands\Server\rewrite.php(43): require_once('H:\\My Drive\\kli...')
#8 {main}
CRITICAL - 2025-04-13 08:10:04 --> There is no data to insert.
#0 H:\My Drive\klinlik\klinik\system\BaseModel.php(718): CodeIgniter\Database\Exceptions\DataException::forEmptyDataset('insert')
#1 H:\My Drive\klinlik\klinik\system\Model.php(625): CodeIgniter\BaseModel->insert(Array, true)
#2 H:\My Drive\klinlik\klinik\app\Controllers\Home.php(1500): CodeIgniter\Model->insert(Array)
#3 H:\My Drive\klinlik\klinik\system\CodeIgniter.php(832): App\Controllers\Home->simpan_layanan()
#4 H:\My Drive\klinlik\klinik\system\CodeIgniter.php(419): CodeIgniter\CodeIgniter->runController(Object(App\Controllers\Home))
#5 H:\My Drive\klinlik\klinik\system\CodeIgniter.php(326): CodeIgniter\CodeIgniter->handleRequest(NULL, Object(Config\Cache), false)
#6 H:\My Drive\klinlik\klinik\public\index.php(37): CodeIgniter\CodeIgniter->run()
#7 H:\My Drive\klinlik\klinik\system\Commands\Server\rewrite.php(43): require_once('H:\\My Drive\\kli...')
#8 {main}
CRITICAL - 2025-04-13 08:10:52 --> There is no data to insert.
#0 H:\My Drive\klinlik\klinik\system\BaseModel.php(718): CodeIgniter\Database\Exceptions\DataException::forEmptyDataset('insert')
#1 H:\My Drive\klinlik\klinik\system\Model.php(625): CodeIgniter\BaseModel->insert(Array, true)
#2 H:\My Drive\klinlik\klinik\app\Controllers\Home.php(1500): CodeIgniter\Model->insert(Array)
#3 H:\My Drive\klinlik\klinik\system\CodeIgniter.php(832): App\Controllers\Home->simpan_layanan()
#4 H:\My Drive\klinlik\klinik\system\CodeIgniter.php(419): CodeIgniter\CodeIgniter->runController(Object(App\Controllers\Home))
#5 H:\My Drive\klinlik\klinik\system\CodeIgniter.php(326): CodeIgniter\CodeIgniter->handleRequest(NULL, Object(Config\Cache), false)
#6 H:\My Drive\klinlik\klinik\public\index.php(37): CodeIgniter\CodeIgniter->run()
#7 H:\My Drive\klinlik\klinik\system\Commands\Server\rewrite.php(43): require_once('H:\\My Drive\\kli...')
#8 {main}
CRITICAL - 2025-04-13 08:12:34 --> There is no data to insert.
#0 H:\My Drive\klinlik\klinik\system\BaseModel.php(718): CodeIgniter\Database\Exceptions\DataException::forEmptyDataset('insert')
#1 H:\My Drive\klinlik\klinik\system\Model.php(625): CodeIgniter\BaseModel->insert(Array, true)
#2 H:\My Drive\klinlik\klinik\app\Controllers\Home.php(1500): CodeIgniter\Model->insert(Array)
#3 H:\My Drive\klinlik\klinik\system\CodeIgniter.php(832): App\Controllers\Home->simpan_layanan()
#4 H:\My Drive\klinlik\klinik\system\CodeIgniter.php(419): CodeIgniter\CodeIgniter->runController(Object(App\Controllers\Home))
#5 H:\My Drive\klinlik\klinik\system\CodeIgniter.php(326): CodeIgniter\CodeIgniter->handleRequest(NULL, Object(Config\Cache), false)
#6 H:\My Drive\klinlik\klinik\public\index.php(37): CodeIgniter\CodeIgniter->run()
#7 H:\My Drive\klinlik\klinik\system\Commands\Server\rewrite.php(43): require_once('H:\\My Drive\\kli...')
#8 {main}
CRITICAL - 2025-04-13 08:13:58 --> There is no data to insert.
#0 H:\My Drive\klinlik\klinik\system\BaseModel.php(718): CodeIgniter\Database\Exceptions\DataException::forEmptyDataset('insert')
#1 H:\My Drive\klinlik\klinik\system\Model.php(625): CodeIgniter\BaseModel->insert(Array, true)
#2 H:\My Drive\klinlik\klinik\app\Controllers\Home.php(1500): CodeIgniter\Model->insert(Array)
#3 H:\My Drive\klinlik\klinik\system\CodeIgniter.php(832): App\Controllers\Home->simpan_layanan()
#4 H:\My Drive\klinlik\klinik\system\CodeIgniter.php(419): CodeIgniter\CodeIgniter->runController(Object(App\Controllers\Home))
#5 H:\My Drive\klinlik\klinik\system\CodeIgniter.php(326): CodeIgniter\CodeIgniter->handleRequest(NULL, Object(Config\Cache), false)
#6 H:\My Drive\klinlik\klinik\public\index.php(37): CodeIgniter\CodeIgniter->run()
#7 H:\My Drive\klinlik\klinik\system\Commands\Server\rewrite.php(43): require_once('H:\\My Drive\\kli...')
#8 {main}
CRITICAL - 2025-04-13 08:14:10 --> There is no data to insert.
#0 H:\My Drive\klinlik\klinik\system\BaseModel.php(718): CodeIgniter\Database\Exceptions\DataException::forEmptyDataset('insert')
#1 H:\My Drive\klinlik\klinik\system\Model.php(625): CodeIgniter\BaseModel->insert(Array, true)
#2 H:\My Drive\klinlik\klinik\app\Controllers\Home.php(1500): CodeIgniter\Model->insert(Array)
#3 H:\My Drive\klinlik\klinik\system\CodeIgniter.php(832): App\Controllers\Home->simpan_layanan()
#4 H:\My Drive\klinlik\klinik\system\CodeIgniter.php(419): CodeIgniter\CodeIgniter->runController(Object(App\Controllers\Home))
#5 H:\My Drive\klinlik\klinik\system\CodeIgniter.php(326): CodeIgniter\CodeIgniter->handleRequest(NULL, Object(Config\Cache), false)
#6 H:\My Drive\klinlik\klinik\public\index.php(37): CodeIgniter\CodeIgniter->run()
#7 H:\My Drive\klinlik\klinik\system\Commands\Server\rewrite.php(43): require_once('H:\\My Drive\\kli...')
#8 {main}
CRITICAL - 2025-04-13 08:14:36 --> There is no data to insert.
#0 H:\My Drive\klinlik\klinik\system\BaseModel.php(718): CodeIgniter\Database\Exceptions\DataException::forEmptyDataset('insert')
#1 H:\My Drive\klinlik\klinik\system\Model.php(625): CodeIgniter\BaseModel->insert(Array, true)
#2 H:\My Drive\klinlik\klinik\app\Controllers\Home.php(1507): CodeIgniter\Model->insert(Array)
#3 H:\My Drive\klinlik\klinik\system\CodeIgniter.php(832): App\Controllers\Home->simpan_layanan()
#4 H:\My Drive\klinlik\klinik\system\CodeIgniter.php(419): CodeIgniter\CodeIgniter->runController(Object(App\Controllers\Home))
#5 H:\My Drive\klinlik\klinik\system\CodeIgniter.php(326): CodeIgniter\CodeIgniter->handleRequest(NULL, Object(Config\Cache), false)
#6 H:\My Drive\klinlik\klinik\public\index.php(37): CodeIgniter\CodeIgniter->run()
#7 H:\My Drive\klinlik\klinik\system\Commands\Server\rewrite.php(43): require_once('H:\\My Drive\\kli...')
#8 {main}
CRITICAL - 2025-04-13 08:15:18 --> There is no data to insert.
#0 H:\My Drive\klinlik\klinik\system\BaseModel.php(718): CodeIgniter\Database\Exceptions\DataException::forEmptyDataset('insert')
#1 H:\My Drive\klinlik\klinik\system\Model.php(625): CodeIgniter\BaseModel->insert(Array, true)
#2 H:\My Drive\klinlik\klinik\app\Controllers\Home.php(1512): CodeIgniter\Model->insert(Array)
#3 H:\My Drive\klinlik\klinik\system\CodeIgniter.php(832): App\Controllers\Home->simpan_layanan()
#4 H:\My Drive\klinlik\klinik\system\CodeIgniter.php(419): CodeIgniter\CodeIgniter->runController(Object(App\Controllers\Home))
#5 H:\My Drive\klinlik\klinik\system\CodeIgniter.php(326): CodeIgniter\CodeIgniter->handleRequest(NULL, Object(Config\Cache), false)
#6 H:\My Drive\klinlik\klinik\public\index.php(37): CodeIgniter\CodeIgniter->run()
#7 H:\My Drive\klinlik\klinik\system\Commands\Server\rewrite.php(43): require_once('H:\\My Drive\\kli...')
#8 {main}
CRITICAL - 2025-04-13 08:15:23 --> There is no data to insert.
#0 H:\My Drive\klinlik\klinik\system\BaseModel.php(718): CodeIgniter\Database\Exceptions\DataException::forEmptyDataset('insert')
#1 H:\My Drive\klinlik\klinik\system\Model.php(625): CodeIgniter\BaseModel->insert(Array, true)
#2 H:\My Drive\klinlik\klinik\app\Controllers\Home.php(1512): CodeIgniter\Model->insert(Array)
#3 H:\My Drive\klinlik\klinik\system\CodeIgniter.php(832): App\Controllers\Home->simpan_layanan()
#4 H:\My Drive\klinlik\klinik\system\CodeIgniter.php(419): CodeIgniter\CodeIgniter->runController(Object(App\Controllers\Home))
#5 H:\My Drive\klinlik\klinik\system\CodeIgniter.php(326): CodeIgniter\CodeIgniter->handleRequest(NULL, Object(Config\Cache), false)
#6 H:\My Drive\klinlik\klinik\public\index.php(37): CodeIgniter\CodeIgniter->run()
#7 H:\My Drive\klinlik\klinik\system\Commands\Server\rewrite.php(43): require_once('H:\\My Drive\\kli...')
#8 {main}
CRITICAL - 2025-04-13 08:15:57 --> There is no data to insert.
#0 H:\My Drive\klinlik\klinik\system\BaseModel.php(718): CodeIgniter\Database\Exceptions\DataException::forEmptyDataset('insert')
#1 H:\My Drive\klinlik\klinik\system\Model.php(625): CodeIgniter\BaseModel->insert(Array, true)
#2 H:\My Drive\klinlik\klinik\app\Controllers\Home.php(1512): CodeIgniter\Model->insert(Array)
#3 H:\My Drive\klinlik\klinik\system\CodeIgniter.php(832): App\Controllers\Home->simpan_layanan()
#4 H:\My Drive\klinlik\klinik\system\CodeIgniter.php(419): CodeIgniter\CodeIgniter->runController(Object(App\Controllers\Home))
#5 H:\My Drive\klinlik\klinik\system\CodeIgniter.php(326): CodeIgniter\CodeIgniter->handleRequest(NULL, Object(Config\Cache), false)
#6 H:\My Drive\klinlik\klinik\public\index.php(37): CodeIgniter\CodeIgniter->run()
#7 H:\My Drive\klinlik\klinik\system\Commands\Server\rewrite.php(43): require_once('H:\\My Drive\\kli...')
#8 {main}
ERROR - 2025-04-13 08:22:24 --> Table 'klinik_gigi.log_aktivitas' doesn't exist
CRITICAL - 2025-04-13 08:27:17 --> Cannot use object of type stdClass as array
#0 H:\My Drive\klinlik\klinik\system\CodeIgniter.php(832): App\Controllers\Home->edit_layanan('1')
#1 H:\My Drive\klinlik\klinik\system\CodeIgniter.php(419): CodeIgniter\CodeIgniter->runController(Object(App\Controllers\Home))
#2 H:\My Drive\klinlik\klinik\system\CodeIgniter.php(326): CodeIgniter\CodeIgniter->handleRequest(NULL, Object(Config\Cache), false)
#3 H:\My Drive\klinlik\klinik\public\index.php(37): CodeIgniter\CodeIgniter->run()
#4 H:\My Drive\klinlik\klinik\system\Commands\Server\rewrite.php(43): require_once('H:\\My Drive\\kli...')
#5 {main}
ERROR - 2025-04-13 08:28:00 --> Table 'klinik_gigi.log_aktivitas' doesn't exist
CRITICAL - 2025-04-13 08:37:52 --> Call to undefined method App\Models\M_belajar::getAll
#0 H:\My Drive\klinlik\klinik\app\Controllers\Home.php(433): CodeIgniter\Model->__call('getAll', Array)
#1 H:\My Drive\klinlik\klinik\system\CodeIgniter.php(832): App\Controllers\Home->layanan1()
#2 H:\My Drive\klinlik\klinik\system\CodeIgniter.php(419): CodeIgniter\CodeIgniter->runController(Object(App\Controllers\Home))
#3 H:\My Drive\klinlik\klinik\system\CodeIgniter.php(326): CodeIgniter\CodeIgniter->handleRequest(NULL, Object(Config\Cache), false)
#4 H:\My Drive\klinlik\klinik\public\index.php(37): CodeIgniter\CodeIgniter->run()
#5 H:\My Drive\klinlik\klinik\system\Commands\Server\rewrite.php(43): require_once('H:\\My Drive\\kli...')
#6 {main}
CRITICAL - 2025-04-13 21:37:50 --> syntax error, unexpected 'elseif' (T_ELSEIF), expecting end of file
#0 H:\My Drive\klinlik\klinik\system\View\View.php(213): CodeIgniter\View\View->CodeIgniter\View\{closure}()
#1 H:\My Drive\klinlik\klinik\system\Common.php(1089): CodeIgniter\View\View->render('header', Array, true)
#2 H:\My Drive\klinlik\klinik\app\Controllers\Home.php(1457): view('header')
#3 H:\My Drive\klinlik\klinik\system\CodeIgniter.php(832): App\Controllers\Home->layanan()
#4 H:\My Drive\klinlik\klinik\system\CodeIgniter.php(419): CodeIgniter\CodeIgniter->runController(Object(App\Controllers\Home))
#5 H:\My Drive\klinlik\klinik\system\CodeIgniter.php(326): CodeIgniter\CodeIgniter->handleRequest(NULL, Object(Config\Cache), false)
#6 H:\My Drive\klinlik\klinik\public\index.php(37): CodeIgniter\CodeIgniter->run()
#7 H:\My Drive\klinlik\klinik\system\Commands\Server\rewrite.php(43): require_once('H:\\My Drive\\kli...')
#8 {main}
CRITICAL - 2025-04-13 21:38:23 --> syntax error, unexpected 'elseif' (T_ELSEIF), expecting end of file
#0 H:\My Drive\klinlik\klinik\system\View\View.php(213): CodeIgniter\View\View->CodeIgniter\View\{closure}()
#1 H:\My Drive\klinlik\klinik\system\Common.php(1089): CodeIgniter\View\View->render('header', Array, true)
#2 H:\My Drive\klinlik\klinik\app\Controllers\Home.php(1457): view('header')
#3 H:\My Drive\klinlik\klinik\system\CodeIgniter.php(832): App\Controllers\Home->layanan()
#4 H:\My Drive\klinlik\klinik\system\CodeIgniter.php(419): CodeIgniter\CodeIgniter->runController(Object(App\Controllers\Home))
#5 H:\My Drive\klinlik\klinik\system\CodeIgniter.php(326): CodeIgniter\CodeIgniter->handleRequest(NULL, Object(Config\Cache), false)
#6 H:\My Drive\klinlik\klinik\public\index.php(37): CodeIgniter\CodeIgniter->run()
#7 H:\My Drive\klinlik\klinik\system\Commands\Server\rewrite.php(43): require_once('H:\\My Drive\\kli...')
#8 {main}
ERROR - 2025-04-13 22:00:12 --> Table 'klinik_gigi.log_aktivitas' doesn't exist
ERROR - 2025-04-13 22:01:10 --> Table 'klinik_gigi.log_aktivitas' doesn't exist
