CRITICAL - 2025-03-04 00:48:09 --> Use of undefined constant  true - assumed ' true' (this will throw an Error in a future version of PHP)
#0 H:\My Drive\fastfood\fastfoodbaru\app\Controllers\Home.php(217): CodeIgniter\Debug\Exceptions->errorHandler(2, 'Use of undefine...', 'H:\\My Drive\\fas...', 217, Array)
#1 H:\My Drive\fastfood\fastfoodbaru\system\CodeIgniter.php(832): App\Controllers\Home->aksi_login()
#2 H:\My Drive\fastfood\fastfoodbaru\system\CodeIgniter.php(419): CodeIgniter\CodeIgniter->runController(Object(App\Controllers\Home))
#3 H:\My Drive\fastfood\fastfoodbaru\system\CodeIgniter.php(326): CodeIgniter\CodeIgniter->handleRequest(NULL, Object(Config\Cache), false)
#4 H:\My Drive\fastfood\fastfoodbaru\public\index.php(37): CodeIgniter\CodeIgniter->run()
#5 H:\My Drive\fastfood\fastfoodbaru\system\Commands\Server\rewrite.php(43): require_once('H:\\My Drive\\fas...')
#6 {main}
CRITICAL - 2025-03-04 21:21:38 --> Invalid file: welcome_message.php
#0 I:\My Drive\fastfood\fastfoodbaru\system\View\View.php(198): CodeIgniter\Exceptions\FrameworkException::forInvalidFile('welcome_message...')
#1 I:\My Drive\fastfood\fastfoodbaru\system\Common.php(1089): CodeIgniter\View\View->render('welcome_message', Array, true)
#2 I:\My Drive\fastfood\fastfoodbaru\app\Controllers\Home.php(10): view('welcome_message')
#3 I:\My Drive\fastfood\fastfoodbaru\system\CodeIgniter.php(832): App\Controllers\Home->index()
#4 I:\My Drive\fastfood\fastfoodbaru\system\CodeIgniter.php(419): CodeIgniter\CodeIgniter->runController(Object(App\Controllers\Home))
#5 I:\My Drive\fastfood\fastfoodbaru\system\CodeIgniter.php(326): CodeIgniter\CodeIgniter->handleRequest(NULL, Object(Config\Cache), false)
#6 I:\My Drive\fastfood\fastfoodbaru\public\index.php(37): CodeIgniter\CodeIgniter->run()
#7 I:\My Drive\fastfood\fastfoodbaru\system\Commands\Server\rewrite.php(43): require_once('I:\\My Drive\\fas...')
#8 {main}
CRITICAL - 2025-03-04 21:29:06 --> Undefined variable $es1
#0 I:\My Drive\fastfood\fastfoodbaru\app\Views\tambahuser.php(22): CodeIgniter\Debug\Exceptions->errorHandler(2, 'Undefined varia...', 'I:\\My Drive\\fas...', 22)
#1 I:\My Drive\fastfood\fastfoodbaru\system\View\View.php(210): include('I:\\My Drive\\fas...')
#2 I:\My Drive\fastfood\fastfoodbaru\system\View\View.php(213): CodeIgniter\View\View->CodeIgniter\View\{closure}()
#3 I:\My Drive\fastfood\fastfoodbaru\system\Common.php(1089): CodeIgniter\View\View->render('tambahuser', Array, true)
#4 I:\My Drive\fastfood\fastfoodbaru\app\Controllers\Home.php(780): view('tambahuser')
#5 I:\My Drive\fastfood\fastfoodbaru\system\CodeIgniter.php(832): App\Controllers\Home->tambahuser()
#6 I:\My Drive\fastfood\fastfoodbaru\system\CodeIgniter.php(419): CodeIgniter\CodeIgniter->runController(Object(App\Controllers\Home))
#7 I:\My Drive\fastfood\fastfoodbaru\system\CodeIgniter.php(326): CodeIgniter\CodeIgniter->handleRequest(NULL, Object(Config\Cache), false)
#8 I:\My Drive\fastfood\fastfoodbaru\public\index.php(37): CodeIgniter\CodeIgniter->run()
#9 I:\My Drive\fastfood\fastfoodbaru\system\Commands\Server\rewrite.php(43): require_once('I:\\My Drive\\fas...')
#10 {main}
CRITICAL - 2025-03-04 21:29:17 --> Undefined variable $es1
#0 I:\My Drive\fastfood\fastfoodbaru\app\Views\tambahuser.php(22): CodeIgniter\Debug\Exceptions->errorHandler(2, 'Undefined varia...', 'I:\\My Drive\\fas...', 22)
#1 I:\My Drive\fastfood\fastfoodbaru\system\View\View.php(210): include('I:\\My Drive\\fas...')
#2 I:\My Drive\fastfood\fastfoodbaru\system\View\View.php(213): CodeIgniter\View\View->CodeIgniter\View\{closure}()
#3 I:\My Drive\fastfood\fastfoodbaru\system\Common.php(1089): CodeIgniter\View\View->render('tambahuser', Array, true)
#4 I:\My Drive\fastfood\fastfoodbaru\app\Controllers\Home.php(780): view('tambahuser')
#5 I:\My Drive\fastfood\fastfoodbaru\system\CodeIgniter.php(832): App\Controllers\Home->tambahuser()
#6 I:\My Drive\fastfood\fastfoodbaru\system\CodeIgniter.php(419): CodeIgniter\CodeIgniter->runController(Object(App\Controllers\Home))
#7 I:\My Drive\fastfood\fastfoodbaru\system\CodeIgniter.php(326): CodeIgniter\CodeIgniter->handleRequest(NULL, Object(Config\Cache), false)
#8 I:\My Drive\fastfood\fastfoodbaru\public\index.php(37): CodeIgniter\CodeIgniter->run()
#9 I:\My Drive\fastfood\fastfoodbaru\system\Commands\Server\rewrite.php(43): require_once('I:\\My Drive\\fas...')
#10 {main}
ERROR - 2025-03-04 21:32:56 --> Unknown column 'restoran.lat' in 'field list'
CRITICAL - 2025-03-04 21:32:56 --> Call to a member function getResultArray() on bool
#0 I:\My Drive\fastfood\fastfoodbaru\system\CodeIgniter.php(832): App\Controllers\Home->daftar_pesanan()
#1 I:\My Drive\fastfood\fastfoodbaru\system\CodeIgniter.php(419): CodeIgniter\CodeIgniter->runController(Object(App\Controllers\Home))
#2 I:\My Drive\fastfood\fastfoodbaru\system\CodeIgniter.php(326): CodeIgniter\CodeIgniter->handleRequest(NULL, Object(Config\Cache), false)
#3 I:\My Drive\fastfood\fastfoodbaru\public\index.php(37): CodeIgniter\CodeIgniter->run()
#4 I:\My Drive\fastfood\fastfoodbaru\system\Commands\Server\rewrite.php(43): require_once('I:\\My Drive\\fas...')
#5 {main}
ERROR - 2025-03-04 21:33:05 --> Unknown column 'restoran.lat' in 'field list'
CRITICAL - 2025-03-04 21:33:05 --> Call to a member function getResultArray() on bool
#0 I:\My Drive\fastfood\fastfoodbaru\system\CodeIgniter.php(832): App\Controllers\Home->daftar_pesanan()
#1 I:\My Drive\fastfood\fastfoodbaru\system\CodeIgniter.php(419): CodeIgniter\CodeIgniter->runController(Object(App\Controllers\Home))
#2 I:\My Drive\fastfood\fastfoodbaru\system\CodeIgniter.php(326): CodeIgniter\CodeIgniter->handleRequest(NULL, Object(Config\Cache), false)
#3 I:\My Drive\fastfood\fastfoodbaru\public\index.php(37): CodeIgniter\CodeIgniter->run()
#4 I:\My Drive\fastfood\fastfoodbaru\system\Commands\Server\rewrite.php(43): require_once('I:\\My Drive\\fas...')
#5 {main}
ERROR - 2025-03-04 21:33:17 --> Unknown column 'restoran.lat' in 'field list'
CRITICAL - 2025-03-04 21:33:17 --> Call to a member function getResultArray() on bool
#0 I:\My Drive\fastfood\fastfoodbaru\system\CodeIgniter.php(832): App\Controllers\Home->daftar_pesanan()
#1 I:\My Drive\fastfood\fastfoodbaru\system\CodeIgniter.php(419): CodeIgniter\CodeIgniter->runController(Object(App\Controllers\Home))
#2 I:\My Drive\fastfood\fastfoodbaru\system\CodeIgniter.php(326): CodeIgniter\CodeIgniter->handleRequest(NULL, Object(Config\Cache), false)
#3 I:\My Drive\fastfood\fastfoodbaru\public\index.php(37): CodeIgniter\CodeIgniter->run()
#4 I:\My Drive\fastfood\fastfoodbaru\system\Commands\Server\rewrite.php(43): require_once('I:\\My Drive\\fas...')
#5 {main}
ERROR - 2025-03-04 21:34:42 --> Unknown column 'restoran.lat' in 'field list'
CRITICAL - 2025-03-04 21:34:42 --> Call to a member function getResultArray() on bool
#0 I:\My Drive\fastfood\fastfoodbaru\system\CodeIgniter.php(832): App\Controllers\Home->daftar_pesanan()
#1 I:\My Drive\fastfood\fastfoodbaru\system\CodeIgniter.php(419): CodeIgniter\CodeIgniter->runController(Object(App\Controllers\Home))
#2 I:\My Drive\fastfood\fastfoodbaru\system\CodeIgniter.php(326): CodeIgniter\CodeIgniter->handleRequest(NULL, Object(Config\Cache), false)
#3 I:\My Drive\fastfood\fastfoodbaru\public\index.php(37): CodeIgniter\CodeIgniter->run()
#4 I:\My Drive\fastfood\fastfoodbaru\system\Commands\Server\rewrite.php(43): require_once('I:\\My Drive\\fas...')
#5 {main}
ERROR - 2025-03-04 21:35:12 --> Unknown column 'restoran.lat' in 'field list'
CRITICAL - 2025-03-04 21:35:12 --> Call to a member function getResult() on bool
#0 I:\My Drive\fastfood\fastfoodbaru\system\CodeIgniter.php(832): App\Controllers\Home->daftar_menu()
#1 I:\My Drive\fastfood\fastfoodbaru\system\CodeIgniter.php(419): CodeIgniter\CodeIgniter->runController(Object(App\Controllers\Home))
#2 I:\My Drive\fastfood\fastfoodbaru\system\CodeIgniter.php(326): CodeIgniter\CodeIgniter->handleRequest(NULL, Object(Config\Cache), false)
#3 I:\My Drive\fastfood\fastfoodbaru\public\index.php(37): CodeIgniter\CodeIgniter->run()
#4 I:\My Drive\fastfood\fastfoodbaru\system\Commands\Server\rewrite.php(43): require_once('I:\\My Drive\\fas...')
#5 {main}
ERROR - 2025-03-04 21:44:21 --> Table 'fast_food.tracking_pengiriman' doesn't exist
CRITICAL - 2025-03-04 21:44:21 --> Call to a member function getResultArray() on bool
#0 I:\My Drive\fastfood\fastfoodbaru\system\CodeIgniter.php(832): App\Controllers\Home->daftar_pesanan_driver()
#1 I:\My Drive\fastfood\fastfoodbaru\system\CodeIgniter.php(419): CodeIgniter\CodeIgniter->runController(Object(App\Controllers\Home))
#2 I:\My Drive\fastfood\fastfoodbaru\system\CodeIgniter.php(326): CodeIgniter\CodeIgniter->handleRequest(NULL, Object(Config\Cache), false)
#3 I:\My Drive\fastfood\fastfoodbaru\public\index.php(37): CodeIgniter\CodeIgniter->run()
#4 I:\My Drive\fastfood\fastfoodbaru\system\Commands\Server\rewrite.php(43): require_once('I:\\My Drive\\fas...')
#5 {main}
CRITICAL - 2025-03-04 22:03:25 --> Invalid file: welcome_message.php
#0 I:\My Drive\fastfood\fastfoodbaru\system\View\View.php(198): CodeIgniter\Exceptions\FrameworkException::forInvalidFile('welcome_message...')
#1 I:\My Drive\fastfood\fastfoodbaru\system\Common.php(1089): CodeIgniter\View\View->render('welcome_message', Array, true)
#2 I:\My Drive\fastfood\fastfoodbaru\app\Controllers\Home.php(10): view('welcome_message')
#3 I:\My Drive\fastfood\fastfoodbaru\system\CodeIgniter.php(832): App\Controllers\Home->index()
#4 I:\My Drive\fastfood\fastfoodbaru\system\CodeIgniter.php(419): CodeIgniter\CodeIgniter->runController(Object(App\Controllers\Home))
#5 I:\My Drive\fastfood\fastfoodbaru\system\CodeIgniter.php(326): CodeIgniter\CodeIgniter->handleRequest(NULL, Object(Config\Cache), false)
#6 I:\My Drive\fastfood\fastfoodbaru\public\index.php(37): CodeIgniter\CodeIgniter->run()
#7 I:\My Drive\fastfood\fastfoodbaru\system\Commands\Server\rewrite.php(43): require_once('I:\\My Drive\\fas...')
#8 {main}
ERROR - 2025-03-04 22:04:56 --> Unknown column 'restoran.lat' in 'field list'
CRITICAL - 2025-03-04 22:04:56 --> Call to a member function getResult() on bool
#0 I:\My Drive\fastfood\fastfoodbaru\system\CodeIgniter.php(832): App\Controllers\Home->daftar_menu()
#1 I:\My Drive\fastfood\fastfoodbaru\system\CodeIgniter.php(419): CodeIgniter\CodeIgniter->runController(Object(App\Controllers\Home))
#2 I:\My Drive\fastfood\fastfoodbaru\system\CodeIgniter.php(326): CodeIgniter\CodeIgniter->handleRequest(NULL, Object(Config\Cache), false)
#3 I:\My Drive\fastfood\fastfoodbaru\public\index.php(37): CodeIgniter\CodeIgniter->run()
#4 I:\My Drive\fastfood\fastfoodbaru\system\Commands\Server\rewrite.php(43): require_once('I:\\My Drive\\fas...')
#5 {main}
CRITICAL - 2025-03-04 22:07:00 --> Undefined property: stdClass::$status_restoran
#0 I:\My Drive\fastfood\fastfoodbaru\app\Views\menu1.php(30): CodeIgniter\Debug\Exceptions->errorHandler(2, 'Undefined prope...', 'I:\\My Drive\\fas...', 30)
#1 I:\My Drive\fastfood\fastfoodbaru\system\View\View.php(210): include('I:\\My Drive\\fas...')
#2 I:\My Drive\fastfood\fastfoodbaru\system\View\View.php(213): CodeIgniter\View\View->CodeIgniter\View\{closure}()
#3 I:\My Drive\fastfood\fastfoodbaru\system\Common.php(1089): CodeIgniter\View\View->render('menu1', Array, true)
#4 I:\My Drive\fastfood\fastfoodbaru\app\Controllers\Home.php(275): view('menu1', Array)
#5 I:\My Drive\fastfood\fastfoodbaru\system\CodeIgniter.php(832): App\Controllers\Home->daftar_menu()
#6 I:\My Drive\fastfood\fastfoodbaru\system\CodeIgniter.php(419): CodeIgniter\CodeIgniter->runController(Object(App\Controllers\Home))
#7 I:\My Drive\fastfood\fastfoodbaru\system\CodeIgniter.php(326): CodeIgniter\CodeIgniter->handleRequest(NULL, Object(Config\Cache), false)
#8 I:\My Drive\fastfood\fastfoodbaru\public\index.php(37): CodeIgniter\CodeIgniter->run()
#9 I:\My Drive\fastfood\fastfoodbaru\system\Commands\Server\rewrite.php(43): require_once('I:\\My Drive\\fas...')
#10 {main}
CRITICAL - 2025-03-04 22:07:10 --> Undefined property: stdClass::$status_restoran
#0 I:\My Drive\fastfood\fastfoodbaru\app\Views\menu1.php(30): CodeIgniter\Debug\Exceptions->errorHandler(2, 'Undefined prope...', 'I:\\My Drive\\fas...', 30)
#1 I:\My Drive\fastfood\fastfoodbaru\system\View\View.php(210): include('I:\\My Drive\\fas...')
#2 I:\My Drive\fastfood\fastfoodbaru\system\View\View.php(213): CodeIgniter\View\View->CodeIgniter\View\{closure}()
#3 I:\My Drive\fastfood\fastfoodbaru\system\Common.php(1089): CodeIgniter\View\View->render('menu1', Array, true)
#4 I:\My Drive\fastfood\fastfoodbaru\app\Controllers\Home.php(275): view('menu1', Array)
#5 I:\My Drive\fastfood\fastfoodbaru\system\CodeIgniter.php(832): App\Controllers\Home->daftar_menu()
#6 I:\My Drive\fastfood\fastfoodbaru\system\CodeIgniter.php(419): CodeIgniter\CodeIgniter->runController(Object(App\Controllers\Home))
#7 I:\My Drive\fastfood\fastfoodbaru\system\CodeIgniter.php(326): CodeIgniter\CodeIgniter->handleRequest(NULL, Object(Config\Cache), false)
#8 I:\My Drive\fastfood\fastfoodbaru\public\index.php(37): CodeIgniter\CodeIgniter->run()
#9 I:\My Drive\fastfood\fastfoodbaru\system\Commands\Server\rewrite.php(43): require_once('I:\\My Drive\\fas...')
#10 {main}
CRITICAL - 2025-03-04 22:07:31 --> Undefined property: stdClass::$status_restoran
#0 I:\My Drive\fastfood\fastfoodbaru\app\Views\menu1.php(30): CodeIgniter\Debug\Exceptions->errorHandler(2, 'Undefined prope...', 'I:\\My Drive\\fas...', 30)
#1 I:\My Drive\fastfood\fastfoodbaru\system\View\View.php(210): include('I:\\My Drive\\fas...')
#2 I:\My Drive\fastfood\fastfoodbaru\system\View\View.php(213): CodeIgniter\View\View->CodeIgniter\View\{closure}()
#3 I:\My Drive\fastfood\fastfoodbaru\system\Common.php(1089): CodeIgniter\View\View->render('menu1', Array, true)
#4 I:\My Drive\fastfood\fastfoodbaru\app\Controllers\Home.php(275): view('menu1', Array)
#5 I:\My Drive\fastfood\fastfoodbaru\system\CodeIgniter.php(832): App\Controllers\Home->daftar_menu()
#6 I:\My Drive\fastfood\fastfoodbaru\system\CodeIgniter.php(419): CodeIgniter\CodeIgniter->runController(Object(App\Controllers\Home))
#7 I:\My Drive\fastfood\fastfoodbaru\system\CodeIgniter.php(326): CodeIgniter\CodeIgniter->handleRequest(NULL, Object(Config\Cache), false)
#8 I:\My Drive\fastfood\fastfoodbaru\public\index.php(37): CodeIgniter\CodeIgniter->run()
#9 I:\My Drive\fastfood\fastfoodbaru\system\Commands\Server\rewrite.php(43): require_once('I:\\My Drive\\fas...')
#10 {main}
CRITICAL - 2025-03-04 22:08:14 --> Undefined property: stdClass::$status_restoran
#0 I:\My Drive\fastfood\fastfoodbaru\app\Views\menu1.php(30): CodeIgniter\Debug\Exceptions->errorHandler(2, 'Undefined prope...', 'I:\\My Drive\\fas...', 30)
#1 I:\My Drive\fastfood\fastfoodbaru\system\View\View.php(210): include('I:\\My Drive\\fas...')
#2 I:\My Drive\fastfood\fastfoodbaru\system\View\View.php(213): CodeIgniter\View\View->CodeIgniter\View\{closure}()
#3 I:\My Drive\fastfood\fastfoodbaru\system\Common.php(1089): CodeIgniter\View\View->render('menu1', Array, true)
#4 I:\My Drive\fastfood\fastfoodbaru\app\Controllers\Home.php(275): view('menu1', Array)
#5 I:\My Drive\fastfood\fastfoodbaru\system\CodeIgniter.php(832): App\Controllers\Home->daftar_menu()
#6 I:\My Drive\fastfood\fastfoodbaru\system\CodeIgniter.php(419): CodeIgniter\CodeIgniter->runController(Object(App\Controllers\Home))
#7 I:\My Drive\fastfood\fastfoodbaru\system\CodeIgniter.php(326): CodeIgniter\CodeIgniter->handleRequest(NULL, Object(Config\Cache), false)
#8 I:\My Drive\fastfood\fastfoodbaru\public\index.php(37): CodeIgniter\CodeIgniter->run()
#9 I:\My Drive\fastfood\fastfoodbaru\system\Commands\Server\rewrite.php(43): require_once('I:\\My Drive\\fas...')
#10 {main}
CRITICAL - 2025-03-04 22:09:20 --> Undefined property: stdClass::$status_restoran
#0 I:\My Drive\fastfood\fastfoodbaru\app\Views\menu1.php(30): CodeIgniter\Debug\Exceptions->errorHandler(2, 'Undefined prope...', 'I:\\My Drive\\fas...', 30)
#1 I:\My Drive\fastfood\fastfoodbaru\system\View\View.php(210): include('I:\\My Drive\\fas...')
#2 I:\My Drive\fastfood\fastfoodbaru\system\View\View.php(213): CodeIgniter\View\View->CodeIgniter\View\{closure}()
#3 I:\My Drive\fastfood\fastfoodbaru\system\Common.php(1089): CodeIgniter\View\View->render('menu1', Array, true)
#4 I:\My Drive\fastfood\fastfoodbaru\app\Controllers\Home.php(275): view('menu1', Array)
#5 I:\My Drive\fastfood\fastfoodbaru\system\CodeIgniter.php(832): App\Controllers\Home->daftar_menu()
#6 I:\My Drive\fastfood\fastfoodbaru\system\CodeIgniter.php(419): CodeIgniter\CodeIgniter->runController(Object(App\Controllers\Home))
#7 I:\My Drive\fastfood\fastfoodbaru\system\CodeIgniter.php(326): CodeIgniter\CodeIgniter->handleRequest(NULL, Object(Config\Cache), false)
#8 I:\My Drive\fastfood\fastfoodbaru\public\index.php(37): CodeIgniter\CodeIgniter->run()
#9 I:\My Drive\fastfood\fastfoodbaru\system\Commands\Server\rewrite.php(43): require_once('I:\\My Drive\\fas...')
#10 {main}
CRITICAL - 2025-03-04 22:19:36 --> Invalid file: welcome_message.php
#0 I:\My Drive\fastfood\fastfoodbaru\system\View\View.php(198): CodeIgniter\Exceptions\FrameworkException::forInvalidFile('welcome_message...')
#1 I:\My Drive\fastfood\fastfoodbaru\system\Common.php(1089): CodeIgniter\View\View->render('welcome_message', Array, true)
#2 I:\My Drive\fastfood\fastfoodbaru\app\Controllers\Home.php(10): view('welcome_message')
#3 I:\My Drive\fastfood\fastfoodbaru\system\CodeIgniter.php(832): App\Controllers\Home->index()
#4 I:\My Drive\fastfood\fastfoodbaru\system\CodeIgniter.php(419): CodeIgniter\CodeIgniter->runController(Object(App\Controllers\Home))
#5 I:\My Drive\fastfood\fastfoodbaru\system\CodeIgniter.php(326): CodeIgniter\CodeIgniter->handleRequest(NULL, Object(Config\Cache), false)
#6 I:\My Drive\fastfood\fastfoodbaru\public\index.php(37): CodeIgniter\CodeIgniter->run()
#7 I:\My Drive\fastfood\fastfoodbaru\system\Commands\Server\rewrite.php(43): require_once('I:\\My Drive\\fas...')
#8 {main}
CRITICAL - 2025-03-04 22:22:44 --> Invalid file: welcome_message.php
#0 I:\My Drive\fastfood\fastfoodbaru\system\View\View.php(198): CodeIgniter\Exceptions\FrameworkException::forInvalidFile('welcome_message...')
#1 I:\My Drive\fastfood\fastfoodbaru\system\Common.php(1089): CodeIgniter\View\View->render('welcome_message', Array, true)
#2 I:\My Drive\fastfood\fastfoodbaru\app\Controllers\Home.php(10): view('welcome_message')
#3 I:\My Drive\fastfood\fastfoodbaru\system\CodeIgniter.php(832): App\Controllers\Home->index()
#4 I:\My Drive\fastfood\fastfoodbaru\system\CodeIgniter.php(419): CodeIgniter\CodeIgniter->runController(Object(App\Controllers\Home))
#5 I:\My Drive\fastfood\fastfoodbaru\system\CodeIgniter.php(326): CodeIgniter\CodeIgniter->handleRequest(NULL, Object(Config\Cache), false)
#6 I:\My Drive\fastfood\fastfoodbaru\public\index.php(37): CodeIgniter\CodeIgniter->run()
#7 I:\My Drive\fastfood\fastfoodbaru\system\Commands\Server\rewrite.php(43): require_once('I:\\My Drive\\fas...')
#8 {main}
CRITICAL - 2025-03-04 22:23:15 --> Invalid file: welcome_message.php
#0 I:\My Drive\fastfood\fastfoodbaru\system\View\View.php(198): CodeIgniter\Exceptions\FrameworkException::forInvalidFile('welcome_message...')
#1 I:\My Drive\fastfood\fastfoodbaru\system\Common.php(1089): CodeIgniter\View\View->render('welcome_message', Array, true)
#2 I:\My Drive\fastfood\fastfoodbaru\app\Controllers\Home.php(10): view('welcome_message')
#3 I:\My Drive\fastfood\fastfoodbaru\system\CodeIgniter.php(832): App\Controllers\Home->index()
#4 I:\My Drive\fastfood\fastfoodbaru\system\CodeIgniter.php(419): CodeIgniter\CodeIgniter->runController(Object(App\Controllers\Home))
#5 I:\My Drive\fastfood\fastfoodbaru\system\CodeIgniter.php(326): CodeIgniter\CodeIgniter->handleRequest(NULL, Object(Config\Cache), false)
#6 I:\My Drive\fastfood\fastfoodbaru\public\index.php(37): CodeIgniter\CodeIgniter->run()
#7 I:\My Drive\fastfood\fastfoodbaru\system\Commands\Server\rewrite.php(43): require_once('I:\\My Drive\\fas...')
#8 {main}
CRITICAL - 2025-03-04 22:30:07 --> Undefined property: stdClass::$status_restoran
#0 I:\My Drive\fastfood\fastfoodbaru\app\Views\menu1.php(30): CodeIgniter\Debug\Exceptions->errorHandler(2, 'Undefined prope...', 'I:\\My Drive\\fas...', 30)
#1 I:\My Drive\fastfood\fastfoodbaru\system\View\View.php(210): include('I:\\My Drive\\fas...')
#2 I:\My Drive\fastfood\fastfoodbaru\system\View\View.php(213): CodeIgniter\View\View->CodeIgniter\View\{closure}()
#3 I:\My Drive\fastfood\fastfoodbaru\system\Common.php(1089): CodeIgniter\View\View->render('menu1', Array, true)
#4 I:\My Drive\fastfood\fastfoodbaru\app\Controllers\Home.php(275): view('menu1', Array)
#5 I:\My Drive\fastfood\fastfoodbaru\system\CodeIgniter.php(832): App\Controllers\Home->daftar_menu()
#6 I:\My Drive\fastfood\fastfoodbaru\system\CodeIgniter.php(419): CodeIgniter\CodeIgniter->runController(Object(App\Controllers\Home))
#7 I:\My Drive\fastfood\fastfoodbaru\system\CodeIgniter.php(326): CodeIgniter\CodeIgniter->handleRequest(NULL, Object(Config\Cache), false)
#8 I:\My Drive\fastfood\fastfoodbaru\public\index.php(37): CodeIgniter\CodeIgniter->run()
#9 I:\My Drive\fastfood\fastfoodbaru\system\Commands\Server\rewrite.php(43): require_once('I:\\My Drive\\fas...')
#10 {main}
CRITICAL - 2025-03-04 22:32:04 --> Undefined property: stdClass::$status_restoran
#0 I:\My Drive\fastfood\fastfoodbaru\app\Views\menu1.php(30): CodeIgniter\Debug\Exceptions->errorHandler(2, 'Undefined prope...', 'I:\\My Drive\\fas...', 30)
#1 I:\My Drive\fastfood\fastfoodbaru\system\View\View.php(210): include('I:\\My Drive\\fas...')
#2 I:\My Drive\fastfood\fastfoodbaru\system\View\View.php(213): CodeIgniter\View\View->CodeIgniter\View\{closure}()
#3 I:\My Drive\fastfood\fastfoodbaru\system\Common.php(1089): CodeIgniter\View\View->render('menu1', Array, true)
#4 I:\My Drive\fastfood\fastfoodbaru\app\Controllers\Home.php(275): view('menu1', Array)
#5 I:\My Drive\fastfood\fastfoodbaru\system\CodeIgniter.php(832): App\Controllers\Home->daftar_menu()
#6 I:\My Drive\fastfood\fastfoodbaru\system\CodeIgniter.php(419): CodeIgniter\CodeIgniter->runController(Object(App\Controllers\Home))
#7 I:\My Drive\fastfood\fastfoodbaru\system\CodeIgniter.php(326): CodeIgniter\CodeIgniter->handleRequest(NULL, Object(Config\Cache), false)
#8 I:\My Drive\fastfood\fastfoodbaru\public\index.php(37): CodeIgniter\CodeIgniter->run()
#9 I:\My Drive\fastfood\fastfoodbaru\system\Commands\Server\rewrite.php(43): require_once('I:\\My Drive\\fas...')
#10 {main}
CRITICAL - 2025-03-04 22:34:39 --> Invalid file: welcome_message.php
#0 I:\My Drive\fastfood\fastfoodbaru\system\View\View.php(198): CodeIgniter\Exceptions\FrameworkException::forInvalidFile('welcome_message...')
#1 I:\My Drive\fastfood\fastfoodbaru\system\Common.php(1089): CodeIgniter\View\View->render('welcome_message', Array, true)
#2 I:\My Drive\fastfood\fastfoodbaru\app\Controllers\Home.php(10): view('welcome_message')
#3 I:\My Drive\fastfood\fastfoodbaru\system\CodeIgniter.php(832): App\Controllers\Home->index()
#4 I:\My Drive\fastfood\fastfoodbaru\system\CodeIgniter.php(419): CodeIgniter\CodeIgniter->runController(Object(App\Controllers\Home))
#5 I:\My Drive\fastfood\fastfoodbaru\system\CodeIgniter.php(326): CodeIgniter\CodeIgniter->handleRequest(NULL, Object(Config\Cache), false)
#6 I:\My Drive\fastfood\fastfoodbaru\public\index.php(37): CodeIgniter\CodeIgniter->run()
#7 I:\My Drive\fastfood\fastfoodbaru\system\Commands\Server\rewrite.php(43): require_once('I:\\My Drive\\fas...')
#8 {main}
CRITICAL - 2025-03-04 22:35:16 --> Undefined property: stdClass::$status_restoran
#0 I:\My Drive\fastfood\fastfoodbaru\app\Views\menu1.php(30): CodeIgniter\Debug\Exceptions->errorHandler(2, 'Undefined prope...', 'I:\\My Drive\\fas...', 30)
#1 I:\My Drive\fastfood\fastfoodbaru\system\View\View.php(210): include('I:\\My Drive\\fas...')
#2 I:\My Drive\fastfood\fastfoodbaru\system\View\View.php(213): CodeIgniter\View\View->CodeIgniter\View\{closure}()
#3 I:\My Drive\fastfood\fastfoodbaru\system\Common.php(1089): CodeIgniter\View\View->render('menu1', Array, true)
#4 I:\My Drive\fastfood\fastfoodbaru\app\Controllers\Home.php(275): view('menu1', Array)
#5 I:\My Drive\fastfood\fastfoodbaru\system\CodeIgniter.php(832): App\Controllers\Home->daftar_menu()
#6 I:\My Drive\fastfood\fastfoodbaru\system\CodeIgniter.php(419): CodeIgniter\CodeIgniter->runController(Object(App\Controllers\Home))
#7 I:\My Drive\fastfood\fastfoodbaru\system\CodeIgniter.php(326): CodeIgniter\CodeIgniter->handleRequest(NULL, Object(Config\Cache), false)
#8 I:\My Drive\fastfood\fastfoodbaru\public\index.php(37): CodeIgniter\CodeIgniter->run()
#9 I:\My Drive\fastfood\fastfoodbaru\system\Commands\Server\rewrite.php(43): require_once('I:\\My Drive\\fas...')
#10 {main}
