CRITICAL - 2025-03-10 19:53:27 --> syntax error, unexpected '}'
#0 H:\My Drive\fastfood\fastfoodbaru\system\Autoloader\Autoloader.php(241): CodeIgniter\Autoloader\Autoloader->includeFile('H:\\My Drive\\fas...')
#1 H:\My Drive\fastfood\fastfoodbaru\system\Autoloader\Autoloader.php(219): CodeIgniter\Autoloader\Autoloader->loadInNamespace('App\\Models\\M_be...')
#2 [internal function]: CodeIgniter\Autoloader\Autoloader->loadClass('App\\Models\\M_be...')
#3 H:\My Drive\fastfood\fastfoodbaru\app\Controllers\Home.php(1168): spl_autoload_call('App\\Models\\M_be...')
#4 H:\My Drive\fastfood\fastfoodbaru\system\CodeIgniter.php(832): App\Controllers\Home->customer()
#5 H:\My Drive\fastfood\fastfoodbaru\system\CodeIgniter.php(419): CodeIgniter\CodeIgniter->runController(Object(App\Controllers\Home))
#6 H:\My Drive\fastfood\fastfoodbaru\system\CodeIgniter.php(326): CodeIgniter\CodeIgniter->handleRequest(NULL, Object(Config\Cache), false)
#7 H:\My Drive\fastfood\fastfoodbaru\public\index.php(37): CodeIgniter\CodeIgniter->run()
#8 H:\My Drive\fastfood\fastfoodbaru\system\Commands\Server\rewrite.php(43): require_once('H:\\My Drive\\fas...')
#9 {main}
CRITICAL - 2025-03-10 19:53:28 --> syntax error, unexpected '}'
#0 H:\My Drive\fastfood\fastfoodbaru\system\Autoloader\Autoloader.php(241): CodeIgniter\Autoloader\Autoloader->includeFile('H:\\My Drive\\fas...')
#1 H:\My Drive\fastfood\fastfoodbaru\system\Autoloader\Autoloader.php(219): CodeIgniter\Autoloader\Autoloader->loadInNamespace('App\\Models\\M_be...')
#2 [internal function]: CodeIgniter\Autoloader\Autoloader->loadClass('App\\Models\\M_be...')
#3 H:\My Drive\fastfood\fastfoodbaru\app\Controllers\Home.php(756): spl_autoload_call('App\\Models\\M_be...')
#4 H:\My Drive\fastfood\fastfoodbaru\system\CodeIgniter.php(832): App\Controllers\Home->user()
#5 H:\My Drive\fastfood\fastfoodbaru\system\CodeIgniter.php(419): CodeIgniter\CodeIgniter->runController(Object(App\Controllers\Home))
#6 H:\My Drive\fastfood\fastfoodbaru\system\CodeIgniter.php(326): CodeIgniter\CodeIgniter->handleRequest(NULL, Object(Config\Cache), false)
#7 H:\My Drive\fastfood\fastfoodbaru\public\index.php(37): CodeIgniter\CodeIgniter->run()
#8 H:\My Drive\fastfood\fastfoodbaru\system\Commands\Server\rewrite.php(43): require_once('H:\\My Drive\\fas...')
#9 {main}
CRITICAL - 2025-03-10 19:53:49 --> syntax error, unexpected '}'
#0 H:\My Drive\fastfood\fastfoodbaru\system\Autoloader\Autoloader.php(241): CodeIgniter\Autoloader\Autoloader->includeFile('H:\\My Drive\\fas...')
#1 H:\My Drive\fastfood\fastfoodbaru\system\Autoloader\Autoloader.php(219): CodeIgniter\Autoloader\Autoloader->loadInNamespace('App\\Models\\M_be...')
#2 [internal function]: CodeIgniter\Autoloader\Autoloader->loadClass('App\\Models\\M_be...')
#3 H:\My Drive\fastfood\fastfoodbaru\app\Controllers\Home.php(756): spl_autoload_call('App\\Models\\M_be...')
#4 H:\My Drive\fastfood\fastfoodbaru\system\CodeIgniter.php(832): App\Controllers\Home->user()
#5 H:\My Drive\fastfood\fastfoodbaru\system\CodeIgniter.php(419): CodeIgniter\CodeIgniter->runController(Object(App\Controllers\Home))
#6 H:\My Drive\fastfood\fastfoodbaru\system\CodeIgniter.php(326): CodeIgniter\CodeIgniter->handleRequest(NULL, Object(Config\Cache), false)
#7 H:\My Drive\fastfood\fastfoodbaru\public\index.php(37): CodeIgniter\CodeIgniter->run()
#8 H:\My Drive\fastfood\fastfoodbaru\system\Commands\Server\rewrite.php(43): require_once('H:\\My Drive\\fas...')
#9 {main}
CRITICAL - 2025-03-10 19:54:44 --> syntax error, unexpected '}'
#0 H:\My Drive\fastfood\fastfoodbaru\system\Autoloader\Autoloader.php(241): CodeIgniter\Autoloader\Autoloader->includeFile('H:\\My Drive\\fas...')
#1 H:\My Drive\fastfood\fastfoodbaru\system\Autoloader\Autoloader.php(219): CodeIgniter\Autoloader\Autoloader->loadInNamespace('App\\Models\\M_be...')
#2 [internal function]: CodeIgniter\Autoloader\Autoloader->loadClass('App\\Models\\M_be...')
#3 H:\My Drive\fastfood\fastfoodbaru\app\Controllers\Home.php(756): spl_autoload_call('App\\Models\\M_be...')
#4 H:\My Drive\fastfood\fastfoodbaru\system\CodeIgniter.php(832): App\Controllers\Home->user()
#5 H:\My Drive\fastfood\fastfoodbaru\system\CodeIgniter.php(419): CodeIgniter\CodeIgniter->runController(Object(App\Controllers\Home))
#6 H:\My Drive\fastfood\fastfoodbaru\system\CodeIgniter.php(326): CodeIgniter\CodeIgniter->handleRequest(NULL, Object(Config\Cache), false)
#7 H:\My Drive\fastfood\fastfoodbaru\public\index.php(37): CodeIgniter\CodeIgniter->run()
#8 H:\My Drive\fastfood\fastfoodbaru\system\Commands\Server\rewrite.php(43): require_once('H:\\My Drive\\fas...')
#9 {main}
CRITICAL - 2025-03-10 19:54:48 --> syntax error, unexpected '}'
#0 H:\My Drive\fastfood\fastfoodbaru\system\Autoloader\Autoloader.php(241): CodeIgniter\Autoloader\Autoloader->includeFile('H:\\My Drive\\fas...')
#1 H:\My Drive\fastfood\fastfoodbaru\system\Autoloader\Autoloader.php(219): CodeIgniter\Autoloader\Autoloader->loadInNamespace('App\\Models\\M_be...')
#2 [internal function]: CodeIgniter\Autoloader\Autoloader->loadClass('App\\Models\\M_be...')
#3 H:\My Drive\fastfood\fastfoodbaru\app\Controllers\Home.php(756): spl_autoload_call('App\\Models\\M_be...')
#4 H:\My Drive\fastfood\fastfoodbaru\system\CodeIgniter.php(832): App\Controllers\Home->user()
#5 H:\My Drive\fastfood\fastfoodbaru\system\CodeIgniter.php(419): CodeIgniter\CodeIgniter->runController(Object(App\Controllers\Home))
#6 H:\My Drive\fastfood\fastfoodbaru\system\CodeIgniter.php(326): CodeIgniter\CodeIgniter->handleRequest(NULL, Object(Config\Cache), false)
#7 H:\My Drive\fastfood\fastfoodbaru\public\index.php(37): CodeIgniter\CodeIgniter->run()
#8 H:\My Drive\fastfood\fastfoodbaru\system\Commands\Server\rewrite.php(43): require_once('H:\\My Drive\\fas...')
#9 {main}
CRITICAL - 2025-03-10 19:55:04 --> syntax error, unexpected '}'
#0 H:\My Drive\fastfood\fastfoodbaru\system\Autoloader\Autoloader.php(241): CodeIgniter\Autoloader\Autoloader->includeFile('H:\\My Drive\\fas...')
#1 H:\My Drive\fastfood\fastfoodbaru\system\Autoloader\Autoloader.php(219): CodeIgniter\Autoloader\Autoloader->loadInNamespace('App\\Models\\M_be...')
#2 [internal function]: CodeIgniter\Autoloader\Autoloader->loadClass('App\\Models\\M_be...')
#3 H:\My Drive\fastfood\fastfoodbaru\app\Controllers\Home.php(756): spl_autoload_call('App\\Models\\M_be...')
#4 H:\My Drive\fastfood\fastfoodbaru\system\CodeIgniter.php(832): App\Controllers\Home->user()
#5 H:\My Drive\fastfood\fastfoodbaru\system\CodeIgniter.php(419): CodeIgniter\CodeIgniter->runController(Object(App\Controllers\Home))
#6 H:\My Drive\fastfood\fastfoodbaru\system\CodeIgniter.php(326): CodeIgniter\CodeIgniter->handleRequest(NULL, Object(Config\Cache), false)
#7 H:\My Drive\fastfood\fastfoodbaru\public\index.php(37): CodeIgniter\CodeIgniter->run()
#8 H:\My Drive\fastfood\fastfoodbaru\system\Commands\Server\rewrite.php(43): require_once('H:\\My Drive\\fas...')
#9 {main}
CRITICAL - 2025-03-10 19:55:21 --> syntax error, unexpected '}'
#0 H:\My Drive\fastfood\fastfoodbaru\system\Autoloader\Autoloader.php(241): CodeIgniter\Autoloader\Autoloader->includeFile('H:\\My Drive\\fas...')
#1 H:\My Drive\fastfood\fastfoodbaru\system\Autoloader\Autoloader.php(219): CodeIgniter\Autoloader\Autoloader->loadInNamespace('App\\Models\\M_be...')
#2 [internal function]: CodeIgniter\Autoloader\Autoloader->loadClass('App\\Models\\M_be...')
#3 H:\My Drive\fastfood\fastfoodbaru\app\Controllers\Home.php(756): spl_autoload_call('App\\Models\\M_be...')
#4 H:\My Drive\fastfood\fastfoodbaru\system\CodeIgniter.php(832): App\Controllers\Home->user()
#5 H:\My Drive\fastfood\fastfoodbaru\system\CodeIgniter.php(419): CodeIgniter\CodeIgniter->runController(Object(App\Controllers\Home))
#6 H:\My Drive\fastfood\fastfoodbaru\system\CodeIgniter.php(326): CodeIgniter\CodeIgniter->handleRequest(NULL, Object(Config\Cache), false)
#7 H:\My Drive\fastfood\fastfoodbaru\public\index.php(37): CodeIgniter\CodeIgniter->run()
#8 H:\My Drive\fastfood\fastfoodbaru\system\Commands\Server\rewrite.php(43): require_once('H:\\My Drive\\fas...')
#9 {main}
CRITICAL - 2025-03-10 19:57:34 --> syntax error, unexpected '}'
#0 H:\My Drive\fastfood\fastfoodbaru\system\Autoloader\Autoloader.php(241): CodeIgniter\Autoloader\Autoloader->includeFile('H:\\My Drive\\fas...')
#1 H:\My Drive\fastfood\fastfoodbaru\system\Autoloader\Autoloader.php(219): CodeIgniter\Autoloader\Autoloader->loadInNamespace('App\\Models\\M_be...')
#2 [internal function]: CodeIgniter\Autoloader\Autoloader->loadClass('App\\Models\\M_be...')
#3 H:\My Drive\fastfood\fastfoodbaru\app\Controllers\Home.php(756): spl_autoload_call('App\\Models\\M_be...')
#4 H:\My Drive\fastfood\fastfoodbaru\system\CodeIgniter.php(832): App\Controllers\Home->user()
#5 H:\My Drive\fastfood\fastfoodbaru\system\CodeIgniter.php(419): CodeIgniter\CodeIgniter->runController(Object(App\Controllers\Home))
#6 H:\My Drive\fastfood\fastfoodbaru\system\CodeIgniter.php(326): CodeIgniter\CodeIgniter->handleRequest(NULL, Object(Config\Cache), false)
#7 H:\My Drive\fastfood\fastfoodbaru\public\index.php(37): CodeIgniter\CodeIgniter->run()
#8 H:\My Drive\fastfood\fastfoodbaru\system\Commands\Server\rewrite.php(43): require_once('H:\\My Drive\\fas...')
#9 {main}
CRITICAL - 2025-03-10 19:58:58 --> syntax error, unexpected end of file, expecting elseif (T_ELSEIF) or else (T_ELSE) or endif (T_ENDIF)
#0 H:\My Drive\fastfood\fastfoodbaru\system\View\View.php(213): CodeIgniter\View\View->CodeIgniter\View\{closure}()
#1 H:\My Drive\fastfood\fastfoodbaru\system\Common.php(1089): CodeIgniter\View\View->render('tampilanuser', Array, true)
#2 H:\My Drive\fastfood\fastfoodbaru\app\Controllers\Home.php(761): view('tampilanuser', Array)
#3 H:\My Drive\fastfood\fastfoodbaru\system\CodeIgniter.php(832): App\Controllers\Home->user()
#4 H:\My Drive\fastfood\fastfoodbaru\system\CodeIgniter.php(419): CodeIgniter\CodeIgniter->runController(Object(App\Controllers\Home))
#5 H:\My Drive\fastfood\fastfoodbaru\system\CodeIgniter.php(326): CodeIgniter\CodeIgniter->handleRequest(NULL, Object(Config\Cache), false)
#6 H:\My Drive\fastfood\fastfoodbaru\public\index.php(37): CodeIgniter\CodeIgniter->run()
#7 H:\My Drive\fastfood\fastfoodbaru\system\Commands\Server\rewrite.php(43): require_once('H:\\My Drive\\fas...')
#8 {main}
CRITICAL - 2025-03-10 20:03:26 --> syntax error, unexpected 'id' (T_STRING), expecting ')'
#0 H:\My Drive\fastfood\fastfoodbaru\system\Router\Router.php(175): CodeIgniter\Router\Router->autoRoute('Home/user')
#1 H:\My Drive\fastfood\fastfoodbaru\system\CodeIgniter.php(726): CodeIgniter\Router\Router->handle('Home/user')
#2 H:\My Drive\fastfood\fastfoodbaru\system\CodeIgniter.php(368): CodeIgniter\CodeIgniter->tryToRouteIt(Object(CodeIgniter\Router\RouteCollection))
#3 H:\My Drive\fastfood\fastfoodbaru\system\CodeIgniter.php(326): CodeIgniter\CodeIgniter->handleRequest(NULL, Object(Config\Cache), false)
#4 H:\My Drive\fastfood\fastfoodbaru\public\index.php(37): CodeIgniter\CodeIgniter->run()
#5 H:\My Drive\fastfood\fastfoodbaru\system\Commands\Server\rewrite.php(43): require_once('H:\\My Drive\\fas...')
#6 {main}
CRITICAL - 2025-03-10 20:07:59 --> syntax error, unexpected 'public' (T_PUBLIC), expecting ';' or '{'
#0 H:\My Drive\fastfood\fastfoodbaru\system\Router\Router.php(175): CodeIgniter\Router\Router->autoRoute('Home/user')
#1 H:\My Drive\fastfood\fastfoodbaru\system\CodeIgniter.php(726): CodeIgniter\Router\Router->handle('Home/user')
#2 H:\My Drive\fastfood\fastfoodbaru\system\CodeIgniter.php(368): CodeIgniter\CodeIgniter->tryToRouteIt(Object(CodeIgniter\Router\RouteCollection))
#3 H:\My Drive\fastfood\fastfoodbaru\system\CodeIgniter.php(326): CodeIgniter\CodeIgniter->handleRequest(NULL, Object(Config\Cache), false)
#4 H:\My Drive\fastfood\fastfoodbaru\public\index.php(37): CodeIgniter\CodeIgniter->run()
#5 H:\My Drive\fastfood\fastfoodbaru\system\Commands\Server\rewrite.php(43): require_once('H:\\My Drive\\fas...')
#6 {main}
CRITICAL - 2025-03-10 20:08:20 --> Invalid argument supplied for foreach()
#0 H:\My Drive\fastfood\fastfoodbaru\app\Views\tampilanuser.php(39): CodeIgniter\Debug\Exceptions->errorHandler(2, 'Invalid argumen...', 'H:\\My Drive\\fas...', 39, Array)
#1 H:\My Drive\fastfood\fastfoodbaru\system\View\View.php(210): include('H:\\My Drive\\fas...')
#2 H:\My Drive\fastfood\fastfoodbaru\system\View\View.php(213): CodeIgniter\View\View->CodeIgniter\View\{closure}()
#3 H:\My Drive\fastfood\fastfoodbaru\system\Common.php(1089): CodeIgniter\View\View->render('tampilanuser', Array, true)
#4 H:\My Drive\fastfood\fastfoodbaru\app\Controllers\Home.php(763): view('tampilanuser', Array)
#5 H:\My Drive\fastfood\fastfoodbaru\system\CodeIgniter.php(832): App\Controllers\Home->user()
#6 H:\My Drive\fastfood\fastfoodbaru\system\CodeIgniter.php(419): CodeIgniter\CodeIgniter->runController(Object(App\Controllers\Home))
#7 H:\My Drive\fastfood\fastfoodbaru\system\CodeIgniter.php(326): CodeIgniter\CodeIgniter->handleRequest(NULL, Object(Config\Cache), false)
#8 H:\My Drive\fastfood\fastfoodbaru\public\index.php(37): CodeIgniter\CodeIgniter->run()
#9 H:\My Drive\fastfood\fastfoodbaru\system\Commands\Server\rewrite.php(43): require_once('H:\\My Drive\\fas...')
#10 {main}
CRITICAL - 2025-03-10 20:18:01 --> syntax error, unexpected '}'
#0 H:\My Drive\fastfood\fastfoodbaru\system\Router\Router.php(175): CodeIgniter\Router\Router->autoRoute('home/user')
#1 H:\My Drive\fastfood\fastfoodbaru\system\CodeIgniter.php(726): CodeIgniter\Router\Router->handle('home/user')
#2 H:\My Drive\fastfood\fastfoodbaru\system\CodeIgniter.php(368): CodeIgniter\CodeIgniter->tryToRouteIt(Object(CodeIgniter\Router\RouteCollection))
#3 H:\My Drive\fastfood\fastfoodbaru\system\CodeIgniter.php(326): CodeIgniter\CodeIgniter->handleRequest(NULL, Object(Config\Cache), false)
#4 H:\My Drive\fastfood\fastfoodbaru\public\index.php(37): CodeIgniter\CodeIgniter->run()
#5 H:\My Drive\fastfood\fastfoodbaru\system\Commands\Server\rewrite.php(43): require_once('H:\\My Drive\\fas...')
#6 {main}
CRITICAL - 2025-03-10 20:20:42 --> Invalid argument supplied for foreach()
#0 H:\My Drive\fastfood\fastfoodbaru\app\Views\tampilanuser.php(39): CodeIgniter\Debug\Exceptions->errorHandler(2, 'Invalid argumen...', 'H:\\My Drive\\fas...', 39, Array)
#1 H:\My Drive\fastfood\fastfoodbaru\system\View\View.php(210): include('H:\\My Drive\\fas...')
#2 H:\My Drive\fastfood\fastfoodbaru\system\View\View.php(213): CodeIgniter\View\View->CodeIgniter\View\{closure}()
#3 H:\My Drive\fastfood\fastfoodbaru\system\Common.php(1089): CodeIgniter\View\View->render('tampilanuser', Array, true)
#4 H:\My Drive\fastfood\fastfoodbaru\app\Controllers\Home.php(762): view('tampilanuser', Array)
#5 H:\My Drive\fastfood\fastfoodbaru\system\CodeIgniter.php(832): App\Controllers\Home->user()
#6 H:\My Drive\fastfood\fastfoodbaru\system\CodeIgniter.php(419): CodeIgniter\CodeIgniter->runController(Object(App\Controllers\Home))
#7 H:\My Drive\fastfood\fastfoodbaru\system\CodeIgniter.php(326): CodeIgniter\CodeIgniter->handleRequest(NULL, Object(Config\Cache), false)
#8 H:\My Drive\fastfood\fastfoodbaru\public\index.php(37): CodeIgniter\CodeIgniter->run()
#9 H:\My Drive\fastfood\fastfoodbaru\system\Commands\Server\rewrite.php(43): require_once('H:\\My Drive\\fas...')
#10 {main}
CRITICAL - 2025-03-10 20:23:54 --> syntax error, unexpected 'endif' (T_ENDIF), expecting end of file
#0 H:\My Drive\fastfood\fastfoodbaru\system\View\View.php(213): CodeIgniter\View\View->CodeIgniter\View\{closure}()
#1 H:\My Drive\fastfood\fastfoodbaru\system\Common.php(1089): CodeIgniter\View\View->render('tampilanuser', Array, true)
#2 H:\My Drive\fastfood\fastfoodbaru\app\Controllers\Home.php(762): view('tampilanuser', Array)
#3 H:\My Drive\fastfood\fastfoodbaru\system\CodeIgniter.php(832): App\Controllers\Home->user()
#4 H:\My Drive\fastfood\fastfoodbaru\system\CodeIgniter.php(419): CodeIgniter\CodeIgniter->runController(Object(App\Controllers\Home))
#5 H:\My Drive\fastfood\fastfoodbaru\system\CodeIgniter.php(326): CodeIgniter\CodeIgniter->handleRequest(NULL, Object(Config\Cache), false)
#6 H:\My Drive\fastfood\fastfoodbaru\public\index.php(37): CodeIgniter\CodeIgniter->run()
#7 H:\My Drive\fastfood\fastfoodbaru\system\Commands\Server\rewrite.php(43): require_once('H:\\My Drive\\fas...')
#8 {main}
CRITICAL - 2025-03-10 20:29:50 --> Too few arguments to function App\Models\M_belajar::soft_delete(), 2 passed in H:\My Drive\fastfood\fastfoodbaru\app\Controllers\Home.php on line 804 and exactly 3 expected
#0 H:\My Drive\fastfood\fastfoodbaru\app\Controllers\Home.php(804): App\Models\M_belajar->soft_delete('user', Array)
#1 H:\My Drive\fastfood\fastfoodbaru\system\CodeIgniter.php(832): App\Controllers\Home->hapus_user('1')
#2 H:\My Drive\fastfood\fastfoodbaru\system\CodeIgniter.php(419): CodeIgniter\CodeIgniter->runController(Object(App\Controllers\Home))
#3 H:\My Drive\fastfood\fastfoodbaru\system\CodeIgniter.php(326): CodeIgniter\CodeIgniter->handleRequest(NULL, Object(Config\Cache), false)
#4 H:\My Drive\fastfood\fastfoodbaru\public\index.php(37): CodeIgniter\CodeIgniter->run()
#5 H:\My Drive\fastfood\fastfoodbaru\system\Commands\Server\rewrite.php(43): require_once('H:\\My Drive\\fas...')
#6 {main}
CRITICAL - 2025-03-10 20:30:37 --> Too few arguments to function App\Models\M_belajar::soft_delete(), 2 passed in H:\My Drive\fastfood\fastfoodbaru\app\Controllers\Home.php on line 803 and exactly 3 expected
#0 H:\My Drive\fastfood\fastfoodbaru\app\Controllers\Home.php(803): App\Models\M_belajar->soft_delete('user', Array)
#1 H:\My Drive\fastfood\fastfoodbaru\system\CodeIgniter.php(832): App\Controllers\Home->hapus_user('1')
#2 H:\My Drive\fastfood\fastfoodbaru\system\CodeIgniter.php(419): CodeIgniter\CodeIgniter->runController(Object(App\Controllers\Home))
#3 H:\My Drive\fastfood\fastfoodbaru\system\CodeIgniter.php(326): CodeIgniter\CodeIgniter->handleRequest(NULL, Object(Config\Cache), false)
#4 H:\My Drive\fastfood\fastfoodbaru\public\index.php(37): CodeIgniter\CodeIgniter->run()
#5 H:\My Drive\fastfood\fastfoodbaru\system\Commands\Server\rewrite.php(43): require_once('H:\\My Drive\\fas...')
#6 {main}
CRITICAL - 2025-03-10 22:09:39 --> Undefined property: stdClass::$status_restoran
#0 I:\My Drive\fastfood\fastfoodbaru\app\Views\menu1.php(30): CodeIgniter\Debug\Exceptions->errorHandler(2, 'Undefined prope...', 'I:\\My Drive\\fas...', 30)
#1 I:\My Drive\fastfood\fastfoodbaru\system\View\View.php(210): include('I:\\My Drive\\fas...')
#2 I:\My Drive\fastfood\fastfoodbaru\system\View\View.php(213): CodeIgniter\View\View->CodeIgniter\View\{closure}()
#3 I:\My Drive\fastfood\fastfoodbaru\system\Common.php(1089): CodeIgniter\View\View->render('menu1', Array, true)
#4 I:\My Drive\fastfood\fastfoodbaru\app\Controllers\Home.php(275): view('menu1', Array)
#5 I:\My Drive\fastfood\fastfoodbaru\system\CodeIgniter.php(832): App\Controllers\Home->daftar_menu()
#6 I:\My Drive\fastfood\fastfoodbaru\system\CodeIgniter.php(419): CodeIgniter\CodeIgniter->runController(Object(App\Controllers\Home))
#7 I:\My Drive\fastfood\fastfoodbaru\system\CodeIgniter.php(326): CodeIgniter\CodeIgniter->handleRequest(NULL, Object(Config\Cache), false)
#8 I:\My Drive\fastfood\fastfoodbaru\public\index.php(37): CodeIgniter\CodeIgniter->run()
#9 I:\My Drive\fastfood\fastfoodbaru\system\Commands\Server\rewrite.php(43): require_once('I:\\My Drive\\fas...')
#10 {main}
CRITICAL - 2025-03-10 22:36:32 --> Cannot redeclare App\Controllers\Home::restore_user()
#0 [internal function]: CodeIgniter\Debug\Exceptions->shutdownHandler()
#1 {main}
CRITICAL - 2025-03-10 22:36:56 --> Cannot redeclare App\Controllers\Home::restore_user()
#0 [internal function]: CodeIgniter\Debug\Exceptions->shutdownHandler()
#1 {main}
CRITICAL - 2025-03-10 22:37:00 --> Cannot redeclare App\Controllers\Home::restore_user()
#0 [internal function]: CodeIgniter\Debug\Exceptions->shutdownHandler()
#1 {main}
CRITICAL - 2025-03-10 22:37:03 --> Cannot redeclare App\Controllers\Home::restore_user()
#0 [internal function]: CodeIgniter\Debug\Exceptions->shutdownHandler()
#1 {main}
