CRITICAL - 2025-02-23 11:46:44 --> Call to a member function tampil() on null
#0 C:\Users\user\Videos\CodeIgniter4-4.1.9\system\CodeIgniter.php(832): App\Controllers\Home->customer()
#1 C:\Users\user\Videos\CodeIgniter4-4.1.9\system\CodeIgniter.php(419): CodeIgniter\CodeIgniter->runController(Object(App\Controllers\Home))
#2 C:\Users\user\Videos\CodeIgniter4-4.1.9\system\CodeIgniter.php(326): CodeIgniter\CodeIgniter->handleRequest(NULL, Object(Config\Cache), false)
#3 C:\Users\user\Videos\CodeIgniter4-4.1.9\public\index.php(37): CodeIgniter\CodeIgniter->run()
#4 C:\Users\user\Videos\CodeIgniter4-4.1.9\system\Commands\Server\rewrite.php(43): require_once('C:\\Users\\user\\V...')
#5 {main}
CRITICAL - 2025-02-23 11:47:45 --> Call to a member function tampil() on null
#0 C:\Users\user\Videos\CodeIgniter4-4.1.9\system\CodeIgniter.php(832): App\Controllers\Home->customer()
#1 C:\Users\user\Videos\CodeIgniter4-4.1.9\system\CodeIgniter.php(419): CodeIgniter\CodeIgniter->runController(Object(App\Controllers\Home))
#2 C:\Users\user\Videos\CodeIgniter4-4.1.9\system\CodeIgniter.php(326): CodeIgniter\CodeIgniter->handleRequest(NULL, Object(Config\Cache), false)
#3 C:\Users\user\Videos\CodeIgniter4-4.1.9\public\index.php(37): CodeIgniter\CodeIgniter->run()
#4 C:\Users\user\Videos\CodeIgniter4-4.1.9\system\Commands\Server\rewrite.php(43): require_once('C:\\Users\\user\\V...')
#5 {main}
CRITICAL - 2025-02-23 11:47:45 --> Call to a member function tampil() on null
#0 C:\Users\user\Videos\CodeIgniter4-4.1.9\system\CodeIgniter.php(832): App\Controllers\Home->customer()
#1 C:\Users\user\Videos\CodeIgniter4-4.1.9\system\CodeIgniter.php(419): CodeIgniter\CodeIgniter->runController(Object(App\Controllers\Home))
#2 C:\Users\user\Videos\CodeIgniter4-4.1.9\system\CodeIgniter.php(326): CodeIgniter\CodeIgniter->handleRequest(NULL, Object(Config\Cache), false)
#3 C:\Users\user\Videos\CodeIgniter4-4.1.9\public\index.php(37): CodeIgniter\CodeIgniter->run()
#4 C:\Users\user\Videos\CodeIgniter4-4.1.9\system\Commands\Server\rewrite.php(43): require_once('C:\\Users\\user\\V...')
#5 {main}
CRITICAL - 2025-02-23 11:47:51 --> Call to a member function tampil() on null
#0 C:\Users\user\Videos\CodeIgniter4-4.1.9\system\CodeIgniter.php(832): App\Controllers\Home->customer()
#1 C:\Users\user\Videos\CodeIgniter4-4.1.9\system\CodeIgniter.php(419): CodeIgniter\CodeIgniter->runController(Object(App\Controllers\Home))
#2 C:\Users\user\Videos\CodeIgniter4-4.1.9\system\CodeIgniter.php(326): CodeIgniter\CodeIgniter->handleRequest(NULL, Object(Config\Cache), false)
#3 C:\Users\user\Videos\CodeIgniter4-4.1.9\public\index.php(37): CodeIgniter\CodeIgniter->run()
#4 C:\Users\user\Videos\CodeIgniter4-4.1.9\system\Commands\Server\rewrite.php(43): require_once('C:\\Users\\user\\V...')
#5 {main}
CRITICAL - 2025-02-23 12:03:45 --> syntax error, unexpected 'public' (T_PUBLIC)
#0 C:\Users\user\Videos\CodeIgniter4-4.1.9\system\Router\Router.php(175): CodeIgniter\Router\Router->autoRoute('home/customer')
#1 C:\Users\user\Videos\CodeIgniter4-4.1.9\system\CodeIgniter.php(726): CodeIgniter\Router\Router->handle('home/customer')
#2 C:\Users\user\Videos\CodeIgniter4-4.1.9\system\CodeIgniter.php(368): CodeIgniter\CodeIgniter->tryToRouteIt(Object(CodeIgniter\Router\RouteCollection))
#3 C:\Users\user\Videos\CodeIgniter4-4.1.9\system\CodeIgniter.php(326): CodeIgniter\CodeIgniter->handleRequest(NULL, Object(Config\Cache), false)
#4 C:\Users\user\Videos\CodeIgniter4-4.1.9\public\index.php(37): CodeIgniter\CodeIgniter->run()
#5 C:\Users\user\Videos\CodeIgniter4-4.1.9\system\Commands\Server\rewrite.php(43): require_once('C:\\Users\\user\\V...')
#6 {main}
CRITICAL - 2025-02-23 12:03:45 --> syntax error, unexpected 'public' (T_PUBLIC)
#0 C:\Users\user\Videos\CodeIgniter4-4.1.9\system\Router\Router.php(175): CodeIgniter\Router\Router->autoRoute('home/customer')
#1 C:\Users\user\Videos\CodeIgniter4-4.1.9\system\CodeIgniter.php(726): CodeIgniter\Router\Router->handle('home/customer')
#2 C:\Users\user\Videos\CodeIgniter4-4.1.9\system\CodeIgniter.php(368): CodeIgniter\CodeIgniter->tryToRouteIt(Object(CodeIgniter\Router\RouteCollection))
#3 C:\Users\user\Videos\CodeIgniter4-4.1.9\system\CodeIgniter.php(326): CodeIgniter\CodeIgniter->handleRequest(NULL, Object(Config\Cache), false)
#4 C:\Users\user\Videos\CodeIgniter4-4.1.9\public\index.php(37): CodeIgniter\CodeIgniter->run()
#5 C:\Users\user\Videos\CodeIgniter4-4.1.9\system\Commands\Server\rewrite.php(43): require_once('C:\\Users\\user\\V...')
#6 {main}
CRITICAL - 2025-02-23 12:17:51 --> syntax error, unexpected 'public' (T_PUBLIC)
#0 C:\Users\user\Videos\CodeIgniter4-4.1.9\system\Router\Router.php(175): CodeIgniter\Router\Router->autoRoute('home/customer')
#1 C:\Users\user\Videos\CodeIgniter4-4.1.9\system\CodeIgniter.php(726): CodeIgniter\Router\Router->handle('home/customer')
#2 C:\Users\user\Videos\CodeIgniter4-4.1.9\system\CodeIgniter.php(368): CodeIgniter\CodeIgniter->tryToRouteIt(Object(CodeIgniter\Router\RouteCollection))
#3 C:\Users\user\Videos\CodeIgniter4-4.1.9\system\CodeIgniter.php(326): CodeIgniter\CodeIgniter->handleRequest(NULL, Object(Config\Cache), false)
#4 C:\Users\user\Videos\CodeIgniter4-4.1.9\public\index.php(37): CodeIgniter\CodeIgniter->run()
#5 C:\Users\user\Videos\CodeIgniter4-4.1.9\system\Commands\Server\rewrite.php(43): require_once('C:\\Users\\user\\V...')
#6 {main}
CRITICAL - 2025-02-23 12:17:52 --> syntax error, unexpected 'public' (T_PUBLIC)
#0 C:\Users\user\Videos\CodeIgniter4-4.1.9\system\Router\Router.php(175): CodeIgniter\Router\Router->autoRoute('home/hai')
#1 C:\Users\user\Videos\CodeIgniter4-4.1.9\system\CodeIgniter.php(726): CodeIgniter\Router\Router->handle('home/hai')
#2 C:\Users\user\Videos\CodeIgniter4-4.1.9\system\CodeIgniter.php(368): CodeIgniter\CodeIgniter->tryToRouteIt(Object(CodeIgniter\Router\RouteCollection))
#3 C:\Users\user\Videos\CodeIgniter4-4.1.9\system\CodeIgniter.php(326): CodeIgniter\CodeIgniter->handleRequest(NULL, Object(Config\Cache), false)
#4 C:\Users\user\Videos\CodeIgniter4-4.1.9\public\index.php(37): CodeIgniter\CodeIgniter->run()
#5 C:\Users\user\Videos\CodeIgniter4-4.1.9\system\Commands\Server\rewrite.php(43): require_once('C:\\Users\\user\\V...')
#6 {main}
CRITICAL - 2025-02-23 12:17:52 --> syntax error, unexpected 'public' (T_PUBLIC)
#0 C:\Users\user\Videos\CodeIgniter4-4.1.9\system\Router\Router.php(175): CodeIgniter\Router\Router->autoRoute('home/login')
#1 C:\Users\user\Videos\CodeIgniter4-4.1.9\system\CodeIgniter.php(726): CodeIgniter\Router\Router->handle('home/login')
#2 C:\Users\user\Videos\CodeIgniter4-4.1.9\system\CodeIgniter.php(368): CodeIgniter\CodeIgniter->tryToRouteIt(Object(CodeIgniter\Router\RouteCollection))
#3 C:\Users\user\Videos\CodeIgniter4-4.1.9\system\CodeIgniter.php(326): CodeIgniter\CodeIgniter->handleRequest(NULL, Object(Config\Cache), false)
#4 C:\Users\user\Videos\CodeIgniter4-4.1.9\public\index.php(37): CodeIgniter\CodeIgniter->run()
#5 C:\Users\user\Videos\CodeIgniter4-4.1.9\system\Commands\Server\rewrite.php(43): require_once('C:\\Users\\user\\V...')
#6 {main}
CRITICAL - 2025-02-23 12:46:07 --> Invalid argument supplied for foreach()
#0 C:\Users\user\Videos\CodeIgniter4-4.1.9\app\Views\customer.php(39): CodeIgniter\Debug\Exceptions->errorHandler(2, 'Invalid argumen...', 'C:\\Users\\user\\V...', 39, Array)
#1 C:\Users\user\Videos\CodeIgniter4-4.1.9\system\View\View.php(210): include('C:\\Users\\user\\V...')
#2 C:\Users\user\Videos\CodeIgniter4-4.1.9\system\View\View.php(213): CodeIgniter\View\View->CodeIgniter\View\{closure}()
#3 C:\Users\user\Videos\CodeIgniter4-4.1.9\system\Common.php(1089): CodeIgniter\View\View->render('customer', Array, true)
#4 C:\Users\user\Videos\CodeIgniter4-4.1.9\app\Controllers\Home.php(103): view('customer')
#5 C:\Users\user\Videos\CodeIgniter4-4.1.9\system\CodeIgniter.php(832): App\Controllers\Home->customer()
#6 C:\Users\user\Videos\CodeIgniter4-4.1.9\system\CodeIgniter.php(419): CodeIgniter\CodeIgniter->runController(Object(App\Controllers\Home))
#7 C:\Users\user\Videos\CodeIgniter4-4.1.9\system\CodeIgniter.php(326): CodeIgniter\CodeIgniter->handleRequest(NULL, Object(Config\Cache), false)
#8 C:\Users\user\Videos\CodeIgniter4-4.1.9\public\index.php(37): CodeIgniter\CodeIgniter->run()
#9 C:\Users\user\Videos\CodeIgniter4-4.1.9\system\Commands\Server\rewrite.php(43): require_once('C:\\Users\\user\\V...')
#10 {main}
CRITICAL - 2025-02-23 12:46:20 --> Invalid argument supplied for foreach()
#0 C:\Users\user\Videos\CodeIgniter4-4.1.9\app\Views\customer.php(39): CodeIgniter\Debug\Exceptions->errorHandler(2, 'Invalid argumen...', 'C:\\Users\\user\\V...', 39, Array)
#1 C:\Users\user\Videos\CodeIgniter4-4.1.9\system\View\View.php(210): include('C:\\Users\\user\\V...')
#2 C:\Users\user\Videos\CodeIgniter4-4.1.9\system\View\View.php(213): CodeIgniter\View\View->CodeIgniter\View\{closure}()
#3 C:\Users\user\Videos\CodeIgniter4-4.1.9\system\Common.php(1089): CodeIgniter\View\View->render('customer', Array, true)
#4 C:\Users\user\Videos\CodeIgniter4-4.1.9\app\Controllers\Home.php(103): view('customer')
#5 C:\Users\user\Videos\CodeIgniter4-4.1.9\system\CodeIgniter.php(832): App\Controllers\Home->customer()
#6 C:\Users\user\Videos\CodeIgniter4-4.1.9\system\CodeIgniter.php(419): CodeIgniter\CodeIgniter->runController(Object(App\Controllers\Home))
#7 C:\Users\user\Videos\CodeIgniter4-4.1.9\system\CodeIgniter.php(326): CodeIgniter\CodeIgniter->handleRequest(NULL, Object(Config\Cache), false)
#8 C:\Users\user\Videos\CodeIgniter4-4.1.9\public\index.php(37): CodeIgniter\CodeIgniter->run()
#9 C:\Users\user\Videos\CodeIgniter4-4.1.9\system\Commands\Server\rewrite.php(43): require_once('C:\\Users\\user\\V...')
#10 {main}
CRITICAL - 2025-02-23 12:46:21 --> Invalid argument supplied for foreach()
#0 C:\Users\user\Videos\CodeIgniter4-4.1.9\app\Views\customer.php(39): CodeIgniter\Debug\Exceptions->errorHandler(2, 'Invalid argumen...', 'C:\\Users\\user\\V...', 39, Array)
#1 C:\Users\user\Videos\CodeIgniter4-4.1.9\system\View\View.php(210): include('C:\\Users\\user\\V...')
#2 C:\Users\user\Videos\CodeIgniter4-4.1.9\system\View\View.php(213): CodeIgniter\View\View->CodeIgniter\View\{closure}()
#3 C:\Users\user\Videos\CodeIgniter4-4.1.9\system\Common.php(1089): CodeIgniter\View\View->render('customer', Array, true)
#4 C:\Users\user\Videos\CodeIgniter4-4.1.9\app\Controllers\Home.php(103): view('customer')
#5 C:\Users\user\Videos\CodeIgniter4-4.1.9\system\CodeIgniter.php(832): App\Controllers\Home->customer()
#6 C:\Users\user\Videos\CodeIgniter4-4.1.9\system\CodeIgniter.php(419): CodeIgniter\CodeIgniter->runController(Object(App\Controllers\Home))
#7 C:\Users\user\Videos\CodeIgniter4-4.1.9\system\CodeIgniter.php(326): CodeIgniter\CodeIgniter->handleRequest(NULL, Object(Config\Cache), false)
#8 C:\Users\user\Videos\CodeIgniter4-4.1.9\public\index.php(37): CodeIgniter\CodeIgniter->run()
#9 C:\Users\user\Videos\CodeIgniter4-4.1.9\system\Commands\Server\rewrite.php(43): require_once('C:\\Users\\user\\V...')
#10 {main}
CRITICAL - 2025-02-23 12:46:22 --> Invalid argument supplied for foreach()
#0 C:\Users\user\Videos\CodeIgniter4-4.1.9\app\Views\customer.php(39): CodeIgniter\Debug\Exceptions->errorHandler(2, 'Invalid argumen...', 'C:\\Users\\user\\V...', 39, Array)
#1 C:\Users\user\Videos\CodeIgniter4-4.1.9\system\View\View.php(210): include('C:\\Users\\user\\V...')
#2 C:\Users\user\Videos\CodeIgniter4-4.1.9\system\View\View.php(213): CodeIgniter\View\View->CodeIgniter\View\{closure}()
#3 C:\Users\user\Videos\CodeIgniter4-4.1.9\system\Common.php(1089): CodeIgniter\View\View->render('customer', Array, true)
#4 C:\Users\user\Videos\CodeIgniter4-4.1.9\app\Controllers\Home.php(103): view('customer')
#5 C:\Users\user\Videos\CodeIgniter4-4.1.9\system\CodeIgniter.php(832): App\Controllers\Home->customer()
#6 C:\Users\user\Videos\CodeIgniter4-4.1.9\system\CodeIgniter.php(419): CodeIgniter\CodeIgniter->runController(Object(App\Controllers\Home))
#7 C:\Users\user\Videos\CodeIgniter4-4.1.9\system\CodeIgniter.php(326): CodeIgniter\CodeIgniter->handleRequest(NULL, Object(Config\Cache), false)
#8 C:\Users\user\Videos\CodeIgniter4-4.1.9\public\index.php(37): CodeIgniter\CodeIgniter->run()
#9 C:\Users\user\Videos\CodeIgniter4-4.1.9\system\Commands\Server\rewrite.php(43): require_once('C:\\Users\\user\\V...')
#10 {main}
CRITICAL - 2025-02-23 12:46:22 --> Invalid argument supplied for foreach()
#0 C:\Users\user\Videos\CodeIgniter4-4.1.9\app\Views\customer.php(39): CodeIgniter\Debug\Exceptions->errorHandler(2, 'Invalid argumen...', 'C:\\Users\\user\\V...', 39, Array)
#1 C:\Users\user\Videos\CodeIgniter4-4.1.9\system\View\View.php(210): include('C:\\Users\\user\\V...')
#2 C:\Users\user\Videos\CodeIgniter4-4.1.9\system\View\View.php(213): CodeIgniter\View\View->CodeIgniter\View\{closure}()
#3 C:\Users\user\Videos\CodeIgniter4-4.1.9\system\Common.php(1089): CodeIgniter\View\View->render('customer', Array, true)
#4 C:\Users\user\Videos\CodeIgniter4-4.1.9\app\Controllers\Home.php(103): view('customer')
#5 C:\Users\user\Videos\CodeIgniter4-4.1.9\system\CodeIgniter.php(832): App\Controllers\Home->customer()
#6 C:\Users\user\Videos\CodeIgniter4-4.1.9\system\CodeIgniter.php(419): CodeIgniter\CodeIgniter->runController(Object(App\Controllers\Home))
#7 C:\Users\user\Videos\CodeIgniter4-4.1.9\system\CodeIgniter.php(326): CodeIgniter\CodeIgniter->handleRequest(NULL, Object(Config\Cache), false)
#8 C:\Users\user\Videos\CodeIgniter4-4.1.9\public\index.php(37): CodeIgniter\CodeIgniter->run()
#9 C:\Users\user\Videos\CodeIgniter4-4.1.9\system\Commands\Server\rewrite.php(43): require_once('C:\\Users\\user\\V...')
#10 {main}
CRITICAL - 2025-02-23 12:48:03 --> Invalid argument supplied for foreach()
#0 C:\Users\user\Videos\CodeIgniter4-4.1.9\app\Views\customer.php(39): CodeIgniter\Debug\Exceptions->errorHandler(2, 'Invalid argumen...', 'C:\\Users\\user\\V...', 39, Array)
#1 C:\Users\user\Videos\CodeIgniter4-4.1.9\system\View\View.php(210): include('C:\\Users\\user\\V...')
#2 C:\Users\user\Videos\CodeIgniter4-4.1.9\system\View\View.php(213): CodeIgniter\View\View->CodeIgniter\View\{closure}()
#3 C:\Users\user\Videos\CodeIgniter4-4.1.9\system\Common.php(1089): CodeIgniter\View\View->render('customer', Array, true)
#4 C:\Users\user\Videos\CodeIgniter4-4.1.9\app\Controllers\Home.php(103): view('customer')
#5 C:\Users\user\Videos\CodeIgniter4-4.1.9\system\CodeIgniter.php(832): App\Controllers\Home->customer()
#6 C:\Users\user\Videos\CodeIgniter4-4.1.9\system\CodeIgniter.php(419): CodeIgniter\CodeIgniter->runController(Object(App\Controllers\Home))
#7 C:\Users\user\Videos\CodeIgniter4-4.1.9\system\CodeIgniter.php(326): CodeIgniter\CodeIgniter->handleRequest(NULL, Object(Config\Cache), false)
#8 C:\Users\user\Videos\CodeIgniter4-4.1.9\public\index.php(37): CodeIgniter\CodeIgniter->run()
#9 C:\Users\user\Videos\CodeIgniter4-4.1.9\system\Commands\Server\rewrite.php(43): require_once('C:\\Users\\user\\V...')
#10 {main}
CRITICAL - 2025-02-23 12:48:06 --> Invalid argument supplied for foreach()
#0 C:\Users\user\Videos\CodeIgniter4-4.1.9\app\Views\customer.php(39): CodeIgniter\Debug\Exceptions->errorHandler(2, 'Invalid argumen...', 'C:\\Users\\user\\V...', 39, Array)
#1 C:\Users\user\Videos\CodeIgniter4-4.1.9\system\View\View.php(210): include('C:\\Users\\user\\V...')
#2 C:\Users\user\Videos\CodeIgniter4-4.1.9\system\View\View.php(213): CodeIgniter\View\View->CodeIgniter\View\{closure}()
#3 C:\Users\user\Videos\CodeIgniter4-4.1.9\system\Common.php(1089): CodeIgniter\View\View->render('customer', Array, true)
#4 C:\Users\user\Videos\CodeIgniter4-4.1.9\app\Controllers\Home.php(103): view('customer')
#5 C:\Users\user\Videos\CodeIgniter4-4.1.9\system\CodeIgniter.php(832): App\Controllers\Home->customer()
#6 C:\Users\user\Videos\CodeIgniter4-4.1.9\system\CodeIgniter.php(419): CodeIgniter\CodeIgniter->runController(Object(App\Controllers\Home))
#7 C:\Users\user\Videos\CodeIgniter4-4.1.9\system\CodeIgniter.php(326): CodeIgniter\CodeIgniter->handleRequest(NULL, Object(Config\Cache), false)
#8 C:\Users\user\Videos\CodeIgniter4-4.1.9\public\index.php(37): CodeIgniter\CodeIgniter->run()
#9 C:\Users\user\Videos\CodeIgniter4-4.1.9\system\Commands\Server\rewrite.php(43): require_once('C:\\Users\\user\\V...')
#10 {main}
CRITICAL - 2025-02-23 12:54:50 --> Call to a member function tampil() on null
#0 C:\Users\user\Videos\CodeIgniter4-4.1.9\system\CodeIgniter.php(832): App\Controllers\Home->customer()
#1 C:\Users\user\Videos\CodeIgniter4-4.1.9\system\CodeIgniter.php(419): CodeIgniter\CodeIgniter->runController(Object(App\Controllers\Home))
#2 C:\Users\user\Videos\CodeIgniter4-4.1.9\system\CodeIgniter.php(326): CodeIgniter\CodeIgniter->handleRequest(NULL, Object(Config\Cache), false)
#3 C:\Users\user\Videos\CodeIgniter4-4.1.9\public\index.php(37): CodeIgniter\CodeIgniter->run()
#4 C:\Users\user\Videos\CodeIgniter4-4.1.9\system\Commands\Server\rewrite.php(43): require_once('C:\\Users\\user\\V...')
#5 {main}
CRITICAL - 2025-02-23 12:54:51 --> Call to a member function tampil() on null
#0 C:\Users\user\Videos\CodeIgniter4-4.1.9\system\CodeIgniter.php(832): App\Controllers\Home->customer()
#1 C:\Users\user\Videos\CodeIgniter4-4.1.9\system\CodeIgniter.php(419): CodeIgniter\CodeIgniter->runController(Object(App\Controllers\Home))
#2 C:\Users\user\Videos\CodeIgniter4-4.1.9\system\CodeIgniter.php(326): CodeIgniter\CodeIgniter->handleRequest(NULL, Object(Config\Cache), false)
#3 C:\Users\user\Videos\CodeIgniter4-4.1.9\public\index.php(37): CodeIgniter\CodeIgniter->run()
#4 C:\Users\user\Videos\CodeIgniter4-4.1.9\system\Commands\Server\rewrite.php(43): require_once('C:\\Users\\user\\V...')
#5 {main}
CRITICAL - 2025-02-23 12:54:57 --> Call to a member function tampil() on null
#0 C:\Users\user\Videos\CodeIgniter4-4.1.9\system\CodeIgniter.php(832): App\Controllers\Home->customer()
#1 C:\Users\user\Videos\CodeIgniter4-4.1.9\system\CodeIgniter.php(419): CodeIgniter\CodeIgniter->runController(Object(App\Controllers\Home))
#2 C:\Users\user\Videos\CodeIgniter4-4.1.9\system\CodeIgniter.php(326): CodeIgniter\CodeIgniter->handleRequest(NULL, Object(Config\Cache), false)
#3 C:\Users\user\Videos\CodeIgniter4-4.1.9\public\index.php(37): CodeIgniter\CodeIgniter->run()
#4 C:\Users\user\Videos\CodeIgniter4-4.1.9\system\Commands\Server\rewrite.php(43): require_once('C:\\Users\\user\\V...')
#5 {main}
CRITICAL - 2025-02-23 12:55:09 --> Invalid argument supplied for foreach()
#0 C:\Users\user\Videos\CodeIgniter4-4.1.9\app\Views\customer.php(39): CodeIgniter\Debug\Exceptions->errorHandler(2, 'Invalid argumen...', 'C:\\Users\\user\\V...', 39, Array)
#1 C:\Users\user\Videos\CodeIgniter4-4.1.9\system\View\View.php(210): include('C:\\Users\\user\\V...')
#2 C:\Users\user\Videos\CodeIgniter4-4.1.9\system\View\View.php(213): CodeIgniter\View\View->CodeIgniter\View\{closure}()
#3 C:\Users\user\Videos\CodeIgniter4-4.1.9\system\Common.php(1089): CodeIgniter\View\View->render('customer', Array, true)
#4 C:\Users\user\Videos\CodeIgniter4-4.1.9\app\Controllers\Home.php(103): view('customer')
#5 C:\Users\user\Videos\CodeIgniter4-4.1.9\system\CodeIgniter.php(832): App\Controllers\Home->customer()
#6 C:\Users\user\Videos\CodeIgniter4-4.1.9\system\CodeIgniter.php(419): CodeIgniter\CodeIgniter->runController(Object(App\Controllers\Home))
#7 C:\Users\user\Videos\CodeIgniter4-4.1.9\system\CodeIgniter.php(326): CodeIgniter\CodeIgniter->handleRequest(NULL, Object(Config\Cache), false)
#8 C:\Users\user\Videos\CodeIgniter4-4.1.9\public\index.php(37): CodeIgniter\CodeIgniter->run()
#9 C:\Users\user\Videos\CodeIgniter4-4.1.9\system\Commands\Server\rewrite.php(43): require_once('C:\\Users\\user\\V...')
#10 {main}
CRITICAL - 2025-02-23 12:55:52 --> Invalid argument supplied for foreach()
#0 C:\Users\user\Videos\CodeIgniter4-4.1.9\app\Views\customer.php(39): CodeIgniter\Debug\Exceptions->errorHandler(2, 'Invalid argumen...', 'C:\\Users\\user\\V...', 39, Array)
#1 C:\Users\user\Videos\CodeIgniter4-4.1.9\system\View\View.php(210): include('C:\\Users\\user\\V...')
#2 C:\Users\user\Videos\CodeIgniter4-4.1.9\system\View\View.php(213): CodeIgniter\View\View->CodeIgniter\View\{closure}()
#3 C:\Users\user\Videos\CodeIgniter4-4.1.9\system\Common.php(1089): CodeIgniter\View\View->render('customer', Array, true)
#4 C:\Users\user\Videos\CodeIgniter4-4.1.9\app\Controllers\Home.php(103): view('customer')
#5 C:\Users\user\Videos\CodeIgniter4-4.1.9\system\CodeIgniter.php(832): App\Controllers\Home->customer()
#6 C:\Users\user\Videos\CodeIgniter4-4.1.9\system\CodeIgniter.php(419): CodeIgniter\CodeIgniter->runController(Object(App\Controllers\Home))
#7 C:\Users\user\Videos\CodeIgniter4-4.1.9\system\CodeIgniter.php(326): CodeIgniter\CodeIgniter->handleRequest(NULL, Object(Config\Cache), false)
#8 C:\Users\user\Videos\CodeIgniter4-4.1.9\public\index.php(37): CodeIgniter\CodeIgniter->run()
#9 C:\Users\user\Videos\CodeIgniter4-4.1.9\system\Commands\Server\rewrite.php(43): require_once('C:\\Users\\user\\V...')
#10 {main}
CRITICAL - 2025-02-23 12:55:55 --> Invalid argument supplied for foreach()
#0 C:\Users\user\Videos\CodeIgniter4-4.1.9\app\Views\customer.php(39): CodeIgniter\Debug\Exceptions->errorHandler(2, 'Invalid argumen...', 'C:\\Users\\user\\V...', 39, Array)
#1 C:\Users\user\Videos\CodeIgniter4-4.1.9\system\View\View.php(210): include('C:\\Users\\user\\V...')
#2 C:\Users\user\Videos\CodeIgniter4-4.1.9\system\View\View.php(213): CodeIgniter\View\View->CodeIgniter\View\{closure}()
#3 C:\Users\user\Videos\CodeIgniter4-4.1.9\system\Common.php(1089): CodeIgniter\View\View->render('customer', Array, true)
#4 C:\Users\user\Videos\CodeIgniter4-4.1.9\app\Controllers\Home.php(103): view('customer')
#5 C:\Users\user\Videos\CodeIgniter4-4.1.9\system\CodeIgniter.php(832): App\Controllers\Home->customer()
#6 C:\Users\user\Videos\CodeIgniter4-4.1.9\system\CodeIgniter.php(419): CodeIgniter\CodeIgniter->runController(Object(App\Controllers\Home))
#7 C:\Users\user\Videos\CodeIgniter4-4.1.9\system\CodeIgniter.php(326): CodeIgniter\CodeIgniter->handleRequest(NULL, Object(Config\Cache), false)
#8 C:\Users\user\Videos\CodeIgniter4-4.1.9\public\index.php(37): CodeIgniter\CodeIgniter->run()
#9 C:\Users\user\Videos\CodeIgniter4-4.1.9\system\Commands\Server\rewrite.php(43): require_once('C:\\Users\\user\\V...')
#10 {main}
CRITICAL - 2025-02-23 12:57:10 --> Invalid argument supplied for foreach()
#0 C:\Users\user\Videos\CodeIgniter4-4.1.9\app\Views\customer.php(39): CodeIgniter\Debug\Exceptions->errorHandler(2, 'Invalid argumen...', 'C:\\Users\\user\\V...', 39, Array)
#1 C:\Users\user\Videos\CodeIgniter4-4.1.9\system\View\View.php(210): include('C:\\Users\\user\\V...')
#2 C:\Users\user\Videos\CodeIgniter4-4.1.9\system\View\View.php(213): CodeIgniter\View\View->CodeIgniter\View\{closure}()
#3 C:\Users\user\Videos\CodeIgniter4-4.1.9\system\Common.php(1089): CodeIgniter\View\View->render('customer', Array, true)
#4 C:\Users\user\Videos\CodeIgniter4-4.1.9\app\Controllers\Home.php(103): view('customer')
#5 C:\Users\user\Videos\CodeIgniter4-4.1.9\system\CodeIgniter.php(832): App\Controllers\Home->customer()
#6 C:\Users\user\Videos\CodeIgniter4-4.1.9\system\CodeIgniter.php(419): CodeIgniter\CodeIgniter->runController(Object(App\Controllers\Home))
#7 C:\Users\user\Videos\CodeIgniter4-4.1.9\system\CodeIgniter.php(326): CodeIgniter\CodeIgniter->handleRequest(NULL, Object(Config\Cache), false)
#8 C:\Users\user\Videos\CodeIgniter4-4.1.9\public\index.php(37): CodeIgniter\CodeIgniter->run()
#9 C:\Users\user\Videos\CodeIgniter4-4.1.9\system\Commands\Server\rewrite.php(43): require_once('C:\\Users\\user\\V...')
#10 {main}
CRITICAL - 2025-02-23 12:57:10 --> Invalid argument supplied for foreach()
#0 C:\Users\user\Videos\CodeIgniter4-4.1.9\app\Views\customer.php(39): CodeIgniter\Debug\Exceptions->errorHandler(2, 'Invalid argumen...', 'C:\\Users\\user\\V...', 39, Array)
#1 C:\Users\user\Videos\CodeIgniter4-4.1.9\system\View\View.php(210): include('C:\\Users\\user\\V...')
#2 C:\Users\user\Videos\CodeIgniter4-4.1.9\system\View\View.php(213): CodeIgniter\View\View->CodeIgniter\View\{closure}()
#3 C:\Users\user\Videos\CodeIgniter4-4.1.9\system\Common.php(1089): CodeIgniter\View\View->render('customer', Array, true)
#4 C:\Users\user\Videos\CodeIgniter4-4.1.9\app\Controllers\Home.php(103): view('customer')
#5 C:\Users\user\Videos\CodeIgniter4-4.1.9\system\CodeIgniter.php(832): App\Controllers\Home->customer()
#6 C:\Users\user\Videos\CodeIgniter4-4.1.9\system\CodeIgniter.php(419): CodeIgniter\CodeIgniter->runController(Object(App\Controllers\Home))
#7 C:\Users\user\Videos\CodeIgniter4-4.1.9\system\CodeIgniter.php(326): CodeIgniter\CodeIgniter->handleRequest(NULL, Object(Config\Cache), false)
#8 C:\Users\user\Videos\CodeIgniter4-4.1.9\public\index.php(37): CodeIgniter\CodeIgniter->run()
#9 C:\Users\user\Videos\CodeIgniter4-4.1.9\system\Commands\Server\rewrite.php(43): require_once('C:\\Users\\user\\V...')
#10 {main}
CRITICAL - 2025-02-23 12:57:13 --> Invalid argument supplied for foreach()
#0 C:\Users\user\Videos\CodeIgniter4-4.1.9\app\Views\customer.php(39): CodeIgniter\Debug\Exceptions->errorHandler(2, 'Invalid argumen...', 'C:\\Users\\user\\V...', 39, Array)
#1 C:\Users\user\Videos\CodeIgniter4-4.1.9\system\View\View.php(210): include('C:\\Users\\user\\V...')
#2 C:\Users\user\Videos\CodeIgniter4-4.1.9\system\View\View.php(213): CodeIgniter\View\View->CodeIgniter\View\{closure}()
#3 C:\Users\user\Videos\CodeIgniter4-4.1.9\system\Common.php(1089): CodeIgniter\View\View->render('customer', Array, true)
#4 C:\Users\user\Videos\CodeIgniter4-4.1.9\app\Controllers\Home.php(103): view('customer')
#5 C:\Users\user\Videos\CodeIgniter4-4.1.9\system\CodeIgniter.php(832): App\Controllers\Home->customer()
#6 C:\Users\user\Videos\CodeIgniter4-4.1.9\system\CodeIgniter.php(419): CodeIgniter\CodeIgniter->runController(Object(App\Controllers\Home))
#7 C:\Users\user\Videos\CodeIgniter4-4.1.9\system\CodeIgniter.php(326): CodeIgniter\CodeIgniter->handleRequest(NULL, Object(Config\Cache), false)
#8 C:\Users\user\Videos\CodeIgniter4-4.1.9\public\index.php(37): CodeIgniter\CodeIgniter->run()
#9 C:\Users\user\Videos\CodeIgniter4-4.1.9\system\Commands\Server\rewrite.php(43): require_once('C:\\Users\\user\\V...')
#10 {main}
CRITICAL - 2025-02-23 13:07:27 --> Invalid argument supplied for foreach()
#0 C:\Users\user\Videos\CodeIgniter4-4.1.9\app\Views\customer.php(39): CodeIgniter\Debug\Exceptions->errorHandler(2, 'Invalid argumen...', 'C:\\Users\\user\\V...', 39, Array)
#1 C:\Users\user\Videos\CodeIgniter4-4.1.9\system\View\View.php(210): include('C:\\Users\\user\\V...')
#2 C:\Users\user\Videos\CodeIgniter4-4.1.9\system\View\View.php(213): CodeIgniter\View\View->CodeIgniter\View\{closure}()
#3 C:\Users\user\Videos\CodeIgniter4-4.1.9\system\Common.php(1089): CodeIgniter\View\View->render('customer', Array, true)
#4 C:\Users\user\Videos\CodeIgniter4-4.1.9\app\Controllers\Home.php(103): view('customer')
#5 C:\Users\user\Videos\CodeIgniter4-4.1.9\system\CodeIgniter.php(832): App\Controllers\Home->customer()
#6 C:\Users\user\Videos\CodeIgniter4-4.1.9\system\CodeIgniter.php(419): CodeIgniter\CodeIgniter->runController(Object(App\Controllers\Home))
#7 C:\Users\user\Videos\CodeIgniter4-4.1.9\system\CodeIgniter.php(326): CodeIgniter\CodeIgniter->handleRequest(NULL, Object(Config\Cache), false)
#8 C:\Users\user\Videos\CodeIgniter4-4.1.9\public\index.php(37): CodeIgniter\CodeIgniter->run()
#9 C:\Users\user\Videos\CodeIgniter4-4.1.9\system\Commands\Server\rewrite.php(43): require_once('C:\\Users\\user\\V...')
#10 {main}
CRITICAL - 2025-02-23 13:07:31 --> Invalid file: orders.php
#0 C:\Users\user\Videos\CodeIgniter4-4.1.9\system\View\View.php(198): CodeIgniter\Exceptions\FrameworkException::forInvalidFile('orders.php')
#1 C:\Users\user\Videos\CodeIgniter4-4.1.9\system\Common.php(1089): CodeIgniter\View\View->render('orders', Array, true)
#2 C:\Users\user\Videos\CodeIgniter4-4.1.9\app\Controllers\Home.php(138): view('orders')
#3 C:\Users\user\Videos\CodeIgniter4-4.1.9\system\CodeIgniter.php(832): App\Controllers\Home->orders()
#4 C:\Users\user\Videos\CodeIgniter4-4.1.9\system\CodeIgniter.php(419): CodeIgniter\CodeIgniter->runController(Object(App\Controllers\Home))
#5 C:\Users\user\Videos\CodeIgniter4-4.1.9\system\CodeIgniter.php(326): CodeIgniter\CodeIgniter->handleRequest(NULL, Object(Config\Cache), false)
#6 C:\Users\user\Videos\CodeIgniter4-4.1.9\public\index.php(37): CodeIgniter\CodeIgniter->run()
#7 C:\Users\user\Videos\CodeIgniter4-4.1.9\system\Commands\Server\rewrite.php(43): require_once('C:\\Users\\user\\V...')
#8 {main}
CRITICAL - 2025-02-23 13:07:36 --> Invalid file: pembayaran.php
#0 C:\Users\user\Videos\CodeIgniter4-4.1.9\system\View\View.php(198): CodeIgniter\Exceptions\FrameworkException::forInvalidFile('pembayaran.php')
#1 C:\Users\user\Videos\CodeIgniter4-4.1.9\system\Common.php(1089): CodeIgniter\View\View->render('pembayaran', Array, true)
#2 C:\Users\user\Videos\CodeIgniter4-4.1.9\app\Controllers\Home.php(159): view('pembayaran')
#3 C:\Users\user\Videos\CodeIgniter4-4.1.9\system\CodeIgniter.php(832): App\Controllers\Home->pembayaran()
#4 C:\Users\user\Videos\CodeIgniter4-4.1.9\system\CodeIgniter.php(419): CodeIgniter\CodeIgniter->runController(Object(App\Controllers\Home))
#5 C:\Users\user\Videos\CodeIgniter4-4.1.9\system\CodeIgniter.php(326): CodeIgniter\CodeIgniter->handleRequest(NULL, Object(Config\Cache), false)
#6 C:\Users\user\Videos\CodeIgniter4-4.1.9\public\index.php(37): CodeIgniter\CodeIgniter->run()
#7 C:\Users\user\Videos\CodeIgniter4-4.1.9\system\Commands\Server\rewrite.php(43): require_once('C:\\Users\\user\\V...')
#8 {main}
CRITICAL - 2025-02-23 13:17:14 --> Cannot use object of type stdClass as array
#0 C:\Users\user\Videos\CodeIgniter4-4.1.9\system\View\View.php(210): include()
#1 C:\Users\user\Videos\CodeIgniter4-4.1.9\system\View\View.php(213): CodeIgniter\View\View->CodeIgniter\View\{closure}()
#2 C:\Users\user\Videos\CodeIgniter4-4.1.9\system\Common.php(1089): CodeIgniter\View\View->render('tampilancustome...', Array, true)
#3 C:\Users\user\Videos\CodeIgniter4-4.1.9\app\Controllers\Home.php(108): view('tampilancustome...', Array)
#4 C:\Users\user\Videos\CodeIgniter4-4.1.9\system\CodeIgniter.php(832): App\Controllers\Home->customer()
#5 C:\Users\user\Videos\CodeIgniter4-4.1.9\system\CodeIgniter.php(419): CodeIgniter\CodeIgniter->runController(Object(App\Controllers\Home))
#6 C:\Users\user\Videos\CodeIgniter4-4.1.9\system\CodeIgniter.php(326): CodeIgniter\CodeIgniter->handleRequest(NULL, Object(Config\Cache), false)
#7 C:\Users\user\Videos\CodeIgniter4-4.1.9\public\index.php(37): CodeIgniter\CodeIgniter->run()
#8 C:\Users\user\Videos\CodeIgniter4-4.1.9\system\Commands\Server\rewrite.php(43): require_once('C:\\Users\\user\\V...')
#9 {main}
CRITICAL - 2025-02-23 13:17:18 --> Cannot use object of type stdClass as array
#0 C:\Users\user\Videos\CodeIgniter4-4.1.9\system\View\View.php(210): include()
#1 C:\Users\user\Videos\CodeIgniter4-4.1.9\system\View\View.php(213): CodeIgniter\View\View->CodeIgniter\View\{closure}()
#2 C:\Users\user\Videos\CodeIgniter4-4.1.9\system\Common.php(1089): CodeIgniter\View\View->render('tampilancustome...', Array, true)
#3 C:\Users\user\Videos\CodeIgniter4-4.1.9\app\Controllers\Home.php(108): view('tampilancustome...', Array)
#4 C:\Users\user\Videos\CodeIgniter4-4.1.9\system\CodeIgniter.php(832): App\Controllers\Home->customer()
#5 C:\Users\user\Videos\CodeIgniter4-4.1.9\system\CodeIgniter.php(419): CodeIgniter\CodeIgniter->runController(Object(App\Controllers\Home))
#6 C:\Users\user\Videos\CodeIgniter4-4.1.9\system\CodeIgniter.php(326): CodeIgniter\CodeIgniter->handleRequest(NULL, Object(Config\Cache), false)
#7 C:\Users\user\Videos\CodeIgniter4-4.1.9\public\index.php(37): CodeIgniter\CodeIgniter->run()
#8 C:\Users\user\Videos\CodeIgniter4-4.1.9\system\Commands\Server\rewrite.php(43): require_once('C:\\Users\\user\\V...')
#9 {main}
CRITICAL - 2025-02-23 13:23:54 --> Cannot use object of type stdClass as array
#0 C:\Users\user\Videos\CodeIgniter4-4.1.9\system\View\View.php(210): include()
#1 C:\Users\user\Videos\CodeIgniter4-4.1.9\system\View\View.php(213): CodeIgniter\View\View->CodeIgniter\View\{closure}()
#2 C:\Users\user\Videos\CodeIgniter4-4.1.9\system\Common.php(1089): CodeIgniter\View\View->render('tampilancustome...', Array, true)
#3 C:\Users\user\Videos\CodeIgniter4-4.1.9\app\Controllers\Home.php(116): view('tampilancustome...', Array)
#4 C:\Users\user\Videos\CodeIgniter4-4.1.9\system\CodeIgniter.php(832): App\Controllers\Home->customer()
#5 C:\Users\user\Videos\CodeIgniter4-4.1.9\system\CodeIgniter.php(419): CodeIgniter\CodeIgniter->runController(Object(App\Controllers\Home))
#6 C:\Users\user\Videos\CodeIgniter4-4.1.9\system\CodeIgniter.php(326): CodeIgniter\CodeIgniter->handleRequest(NULL, Object(Config\Cache), false)
#7 C:\Users\user\Videos\CodeIgniter4-4.1.9\public\index.php(37): CodeIgniter\CodeIgniter->run()
#8 C:\Users\user\Videos\CodeIgniter4-4.1.9\system\Commands\Server\rewrite.php(43): require_once('C:\\Users\\user\\V...')
#9 {main}
CRITICAL - 2025-02-23 13:25:00 --> Invalid file: orders.php
#0 C:\Users\user\Videos\CodeIgniter4-4.1.9\system\View\View.php(198): CodeIgniter\Exceptions\FrameworkException::forInvalidFile('orders.php')
#1 C:\Users\user\Videos\CodeIgniter4-4.1.9\system\Common.php(1089): CodeIgniter\View\View->render('orders', Array, true)
#2 C:\Users\user\Videos\CodeIgniter4-4.1.9\app\Controllers\Home.php(155): view('orders')
#3 C:\Users\user\Videos\CodeIgniter4-4.1.9\system\CodeIgniter.php(832): App\Controllers\Home->orders()
#4 C:\Users\user\Videos\CodeIgniter4-4.1.9\system\CodeIgniter.php(419): CodeIgniter\CodeIgniter->runController(Object(App\Controllers\Home))
#5 C:\Users\user\Videos\CodeIgniter4-4.1.9\system\CodeIgniter.php(326): CodeIgniter\CodeIgniter->handleRequest(NULL, Object(Config\Cache), false)
#6 C:\Users\user\Videos\CodeIgniter4-4.1.9\public\index.php(37): CodeIgniter\CodeIgniter->run()
#7 C:\Users\user\Videos\CodeIgniter4-4.1.9\system\Commands\Server\rewrite.php(43): require_once('C:\\Users\\user\\V...')
#8 {main}
CRITICAL - 2025-02-23 13:27:07 --> Invalid file: orders.php
#0 C:\Users\user\Videos\CodeIgniter4-4.1.9\system\View\View.php(198): CodeIgniter\Exceptions\FrameworkException::forInvalidFile('orders.php')
#1 C:\Users\user\Videos\CodeIgniter4-4.1.9\system\Common.php(1089): CodeIgniter\View\View->render('orders', Array, true)
#2 C:\Users\user\Videos\CodeIgniter4-4.1.9\app\Controllers\Home.php(155): view('orders')
#3 C:\Users\user\Videos\CodeIgniter4-4.1.9\system\CodeIgniter.php(832): App\Controllers\Home->orders()
#4 C:\Users\user\Videos\CodeIgniter4-4.1.9\system\CodeIgniter.php(419): CodeIgniter\CodeIgniter->runController(Object(App\Controllers\Home))
#5 C:\Users\user\Videos\CodeIgniter4-4.1.9\system\CodeIgniter.php(326): CodeIgniter\CodeIgniter->handleRequest(NULL, Object(Config\Cache), false)
#6 C:\Users\user\Videos\CodeIgniter4-4.1.9\public\index.php(37): CodeIgniter\CodeIgniter->run()
#7 C:\Users\user\Videos\CodeIgniter4-4.1.9\system\Commands\Server\rewrite.php(43): require_once('C:\\Users\\user\\V...')
#8 {main}
CRITICAL - 2025-02-23 13:34:53 --> Invalid file: orders.php
#0 C:\Users\user\Videos\CodeIgniter4-4.1.9\system\View\View.php(198): CodeIgniter\Exceptions\FrameworkException::forInvalidFile('orders.php')
#1 C:\Users\user\Videos\CodeIgniter4-4.1.9\system\Common.php(1089): CodeIgniter\View\View->render('orders', Array, true)
#2 C:\Users\user\Videos\CodeIgniter4-4.1.9\app\Controllers\Home.php(155): view('orders')
#3 C:\Users\user\Videos\CodeIgniter4-4.1.9\system\CodeIgniter.php(832): App\Controllers\Home->orders()
#4 C:\Users\user\Videos\CodeIgniter4-4.1.9\system\CodeIgniter.php(419): CodeIgniter\CodeIgniter->runController(Object(App\Controllers\Home))
#5 C:\Users\user\Videos\CodeIgniter4-4.1.9\system\CodeIgniter.php(326): CodeIgniter\CodeIgniter->handleRequest(NULL, Object(Config\Cache), false)
#6 C:\Users\user\Videos\CodeIgniter4-4.1.9\public\index.php(37): CodeIgniter\CodeIgniter->run()
#7 C:\Users\user\Videos\CodeIgniter4-4.1.9\system\Commands\Server\rewrite.php(43): require_once('C:\\Users\\user\\V...')
#8 {main}
CRITICAL - 2025-02-23 13:55:01 --> Invalid file: orderdetail.php
#0 C:\Users\user\Videos\CodeIgniter4-4.1.9\system\View\View.php(198): CodeIgniter\Exceptions\FrameworkException::forInvalidFile('orderdetail.php')
#1 C:\Users\user\Videos\CodeIgniter4-4.1.9\system\Common.php(1089): CodeIgniter\View\View->render('orderdetail', Array, true)
#2 C:\Users\user\Videos\CodeIgniter4-4.1.9\app\Controllers\Home.php(188): view('orderdetail')
#3 C:\Users\user\Videos\CodeIgniter4-4.1.9\system\CodeIgniter.php(832): App\Controllers\Home->orderdetail()
#4 C:\Users\user\Videos\CodeIgniter4-4.1.9\system\CodeIgniter.php(419): CodeIgniter\CodeIgniter->runController(Object(App\Controllers\Home))
#5 C:\Users\user\Videos\CodeIgniter4-4.1.9\system\CodeIgniter.php(326): CodeIgniter\CodeIgniter->handleRequest(NULL, Object(Config\Cache), false)
#6 C:\Users\user\Videos\CodeIgniter4-4.1.9\public\index.php(37): CodeIgniter\CodeIgniter->run()
#7 C:\Users\user\Videos\CodeIgniter4-4.1.9\system\Commands\Server\rewrite.php(43): require_once('C:\\Users\\user\\V...')
#8 {main}
CRITICAL - 2025-02-23 13:55:04 --> Invalid file: orders.php
#0 C:\Users\user\Videos\CodeIgniter4-4.1.9\system\View\View.php(198): CodeIgniter\Exceptions\FrameworkException::forInvalidFile('orders.php')
#1 C:\Users\user\Videos\CodeIgniter4-4.1.9\system\Common.php(1089): CodeIgniter\View\View->render('orders', Array, true)
#2 C:\Users\user\Videos\CodeIgniter4-4.1.9\app\Controllers\Home.php(181): view('orders')
#3 C:\Users\user\Videos\CodeIgniter4-4.1.9\system\CodeIgniter.php(832): App\Controllers\Home->orders()
#4 C:\Users\user\Videos\CodeIgniter4-4.1.9\system\CodeIgniter.php(419): CodeIgniter\CodeIgniter->runController(Object(App\Controllers\Home))
#5 C:\Users\user\Videos\CodeIgniter4-4.1.9\system\CodeIgniter.php(326): CodeIgniter\CodeIgniter->handleRequest(NULL, Object(Config\Cache), false)
#6 C:\Users\user\Videos\CodeIgniter4-4.1.9\public\index.php(37): CodeIgniter\CodeIgniter->run()
#7 C:\Users\user\Videos\CodeIgniter4-4.1.9\system\Commands\Server\rewrite.php(43): require_once('C:\\Users\\user\\V...')
#8 {main}
CRITICAL - 2025-02-23 14:02:09 --> Invalid argument supplied for foreach()
#0 C:\Users\user\Videos\CodeIgniter4-4.1.9\app\Views\customer.php(14): CodeIgniter\Debug\Exceptions->errorHandler(2, 'Invalid argumen...', 'C:\\Users\\user\\V...', 14, Array)
#1 C:\Users\user\Videos\CodeIgniter4-4.1.9\system\View\View.php(210): include('C:\\Users\\user\\V...')
#2 C:\Users\user\Videos\CodeIgniter4-4.1.9\system\View\View.php(213): CodeIgniter\View\View->CodeIgniter\View\{closure}()
#3 C:\Users\user\Videos\CodeIgniter4-4.1.9\system\Common.php(1089): CodeIgniter\View\View->render('customer', Array, true)
#4 C:\Users\user\Videos\CodeIgniter4-4.1.9\app\Controllers\Home.php(102): view('customer')
#5 C:\Users\user\Videos\CodeIgniter4-4.1.9\system\CodeIgniter.php(832): App\Controllers\Home->customer1()
#6 C:\Users\user\Videos\CodeIgniter4-4.1.9\system\CodeIgniter.php(419): CodeIgniter\CodeIgniter->runController(Object(App\Controllers\Home))
#7 C:\Users\user\Videos\CodeIgniter4-4.1.9\system\CodeIgniter.php(326): CodeIgniter\CodeIgniter->handleRequest(NULL, Object(Config\Cache), false)
#8 C:\Users\user\Videos\CodeIgniter4-4.1.9\public\index.php(37): CodeIgniter\CodeIgniter->run()
#9 C:\Users\user\Videos\CodeIgniter4-4.1.9\system\Commands\Server\rewrite.php(43): require_once('C:\\Users\\user\\V...')
#10 {main}
ERROR - 2025-02-23 14:43:29 --> Unknown column 'gambar' in 'field list'
CRITICAL - 2025-02-23 14:48:40 --> Cannot use object of type stdClass as array
#0 C:\Users\user\Videos\CodeIgniter4-4.1.9\system\View\View.php(210): include()
#1 C:\Users\user\Videos\CodeIgniter4-4.1.9\system\View\View.php(213): CodeIgniter\View\View->CodeIgniter\View\{closure}()
#2 C:\Users\user\Videos\CodeIgniter4-4.1.9\system\Common.php(1089): CodeIgniter\View\View->render('pesanan_makanan', Array, true)
#3 C:\Users\user\Videos\CodeIgniter4-4.1.9\app\Controllers\Home.php(106): view('pesanan_makanan', Array)
#4 C:\Users\user\Videos\CodeIgniter4-4.1.9\system\CodeIgniter.php(832): App\Controllers\Home->daftar_menu()
#5 C:\Users\user\Videos\CodeIgniter4-4.1.9\system\CodeIgniter.php(419): CodeIgniter\CodeIgniter->runController(Object(App\Controllers\Home))
#6 C:\Users\user\Videos\CodeIgniter4-4.1.9\system\CodeIgniter.php(326): CodeIgniter\CodeIgniter->handleRequest(NULL, Object(Config\Cache), false)
#7 C:\Users\user\Videos\CodeIgniter4-4.1.9\public\index.php(37): CodeIgniter\CodeIgniter->run()
#8 C:\Users\user\Videos\CodeIgniter4-4.1.9\system\Commands\Server\rewrite.php(43): require_once('C:\\Users\\user\\V...')
#9 {main}
CRITICAL - 2025-02-23 19:44:03 --> Cannot use object of type stdClass as array
#0 C:\Users\user\Videos\CodeIgniter4-4.1.9\system\View\View.php(210): include()
#1 C:\Users\user\Videos\CodeIgniter4-4.1.9\system\View\View.php(213): CodeIgniter\View\View->CodeIgniter\View\{closure}()
#2 C:\Users\user\Videos\CodeIgniter4-4.1.9\system\Common.php(1089): CodeIgniter\View\View->render('pesanan_makanan', Array, true)
#3 C:\Users\user\Videos\CodeIgniter4-4.1.9\app\Controllers\Home.php(106): view('pesanan_makanan', Array)
#4 C:\Users\user\Videos\CodeIgniter4-4.1.9\system\CodeIgniter.php(832): App\Controllers\Home->daftar_menu()
#5 C:\Users\user\Videos\CodeIgniter4-4.1.9\system\CodeIgniter.php(419): CodeIgniter\CodeIgniter->runController(Object(App\Controllers\Home))
#6 C:\Users\user\Videos\CodeIgniter4-4.1.9\system\CodeIgniter.php(326): CodeIgniter\CodeIgniter->handleRequest(NULL, Object(Config\Cache), false)
#7 C:\Users\user\Videos\CodeIgniter4-4.1.9\public\index.php(37): CodeIgniter\CodeIgniter->run()
#8 C:\Users\user\Videos\CodeIgniter4-4.1.9\system\Commands\Server\rewrite.php(43): require_once('C:\\Users\\user\\V...')
#9 {main}
CRITICAL - 2025-02-23 19:48:33 --> Cannot redeclare App\Controllers\Home::lihat_keranjang()
#0 [internal function]: CodeIgniter\Debug\Exceptions->shutdownHandler()
#1 {main}
CRITICAL - 2025-02-23 19:49:13 --> Cannot redeclare App\Controllers\Home::tambah_ke_keranjang()
#0 [internal function]: CodeIgniter\Debug\Exceptions->shutdownHandler()
#1 {main}
CRITICAL - 2025-02-23 19:57:31 --> Cannot use object of type stdClass as array
#0 C:\Users\user\Videos\CodeIgniter4-4.1.9\system\View\View.php(210): include()
#1 C:\Users\user\Videos\CodeIgniter4-4.1.9\system\View\View.php(213): CodeIgniter\View\View->CodeIgniter\View\{closure}()
#2 C:\Users\user\Videos\CodeIgniter4-4.1.9\system\Common.php(1089): CodeIgniter\View\View->render('pesanan_makanan', Array, true)
#3 C:\Users\user\Videos\CodeIgniter4-4.1.9\app\Controllers\Home.php(106): view('pesanan_makanan', Array)
#4 C:\Users\user\Videos\CodeIgniter4-4.1.9\system\CodeIgniter.php(832): App\Controllers\Home->daftar_menu()
#5 C:\Users\user\Videos\CodeIgniter4-4.1.9\system\CodeIgniter.php(419): CodeIgniter\CodeIgniter->runController(Object(App\Controllers\Home))
#6 C:\Users\user\Videos\CodeIgniter4-4.1.9\system\CodeIgniter.php(326): CodeIgniter\CodeIgniter->handleRequest(NULL, Object(Config\Cache), false)
#7 C:\Users\user\Videos\CodeIgniter4-4.1.9\public\index.php(37): CodeIgniter\CodeIgniter->run()
#8 C:\Users\user\Videos\CodeIgniter4-4.1.9\system\Commands\Server\rewrite.php(43): require_once('C:\\Users\\user\\V...')
#9 {main}
CRITICAL - 2025-02-23 20:10:05 --> Invalid file: layout/template.php
#0 C:\Users\user\Videos\CodeIgniter4-4.1.9\system\View\View.php(198): CodeIgniter\Exceptions\FrameworkException::forInvalidFile('layout/template...')
#1 C:\Users\user\Videos\CodeIgniter4-4.1.9\system\View\View.php(226): CodeIgniter\View\View->render('layout/template', Array, true)
#2 C:\Users\user\Videos\CodeIgniter4-4.1.9\system\Common.php(1089): CodeIgniter\View\View->render('keranjang', Array, true)
#3 C:\Users\user\Videos\CodeIgniter4-4.1.9\app\Controllers\Home.php(129): view('keranjang', Array)
#4 C:\Users\user\Videos\CodeIgniter4-4.1.9\system\CodeIgniter.php(832): App\Controllers\Home->lihat_keranjang()
#5 C:\Users\user\Videos\CodeIgniter4-4.1.9\system\CodeIgniter.php(419): CodeIgniter\CodeIgniter->runController(Object(App\Controllers\Home))
#6 C:\Users\user\Videos\CodeIgniter4-4.1.9\system\CodeIgniter.php(326): CodeIgniter\CodeIgniter->handleRequest(NULL, Object(Config\Cache), false)
#7 C:\Users\user\Videos\CodeIgniter4-4.1.9\public\index.php(37): CodeIgniter\CodeIgniter->run()
#8 C:\Users\user\Videos\CodeIgniter4-4.1.9\system\Commands\Server\rewrite.php(43): require_once('C:\\Users\\user\\V...')
#9 {main}
CRITICAL - 2025-02-23 20:26:13 --> Cannot use object of type stdClass as array
#0 C:\Users\user\Videos\CodeIgniter4-4.1.9\system\View\View.php(210): include()
#1 C:\Users\user\Videos\CodeIgniter4-4.1.9\system\View\View.php(213): CodeIgniter\View\View->CodeIgniter\View\{closure}()
#2 C:\Users\user\Videos\CodeIgniter4-4.1.9\system\Common.php(1089): CodeIgniter\View\View->render('pesanan_makanan', Array, true)
#3 C:\Users\user\Videos\CodeIgniter4-4.1.9\app\Controllers\Home.php(92): view('pesanan_makanan', Array)
#4 C:\Users\user\Videos\CodeIgniter4-4.1.9\system\CodeIgniter.php(832): App\Controllers\Home->daftar_menu()
#5 C:\Users\user\Videos\CodeIgniter4-4.1.9\system\CodeIgniter.php(419): CodeIgniter\CodeIgniter->runController(Object(App\Controllers\Home))
#6 C:\Users\user\Videos\CodeIgniter4-4.1.9\system\CodeIgniter.php(326): CodeIgniter\CodeIgniter->handleRequest(NULL, Object(Config\Cache), false)
#7 C:\Users\user\Videos\CodeIgniter4-4.1.9\public\index.php(37): CodeIgniter\CodeIgniter->run()
#8 C:\Users\user\Videos\CodeIgniter4-4.1.9\system\Commands\Server\rewrite.php(43): require_once('C:\\Users\\user\\V...')
#9 {main}
CRITICAL - 2025-02-23 21:27:50 --> Cannot use object of type stdClass as array
#0 C:\Users\user\Videos\CodeIgniter4-4.1.9\system\View\View.php(210): include()
#1 C:\Users\user\Videos\CodeIgniter4-4.1.9\system\View\View.php(213): CodeIgniter\View\View->CodeIgniter\View\{closure}()
#2 C:\Users\user\Videos\CodeIgniter4-4.1.9\system\Common.php(1089): CodeIgniter\View\View->render('pesanan_makanan', Array, true)
#3 C:\Users\user\Videos\CodeIgniter4-4.1.9\app\Controllers\Home.php(92): view('pesanan_makanan', Array)
#4 C:\Users\user\Videos\CodeIgniter4-4.1.9\system\CodeIgniter.php(832): App\Controllers\Home->daftar_menu()
#5 C:\Users\user\Videos\CodeIgniter4-4.1.9\system\CodeIgniter.php(419): CodeIgniter\CodeIgniter->runController(Object(App\Controllers\Home))
#6 C:\Users\user\Videos\CodeIgniter4-4.1.9\system\CodeIgniter.php(326): CodeIgniter\CodeIgniter->handleRequest(NULL, Object(Config\Cache), false)
#7 C:\Users\user\Videos\CodeIgniter4-4.1.9\public\index.php(37): CodeIgniter\CodeIgniter->run()
#8 C:\Users\user\Videos\CodeIgniter4-4.1.9\system\Commands\Server\rewrite.php(43): require_once('C:\\Users\\user\\V...')
#9 {main}
CRITICAL - 2025-02-23 22:17:06 --> Undefined variable $level
#0 I:\My Drive\fastfood\CodeIgniter4-4.1.9\app\Views\header.php(35): CodeIgniter\Debug\Exceptions->errorHandler(2, 'Undefined varia...', 'I:\\My Drive\\fas...', 35)
#1 I:\My Drive\fastfood\CodeIgniter4-4.1.9\system\View\View.php(210): include('I:\\My Drive\\fas...')
#2 I:\My Drive\fastfood\CodeIgniter4-4.1.9\system\View\View.php(213): CodeIgniter\View\View->CodeIgniter\View\{closure}()
#3 I:\My Drive\fastfood\CodeIgniter4-4.1.9\system\Common.php(1089): CodeIgniter\View\View->render('header', Array, true)
#4 I:\My Drive\fastfood\CodeIgniter4-4.1.9\app\Controllers\Home.php(16): view('header')
#5 I:\My Drive\fastfood\CodeIgniter4-4.1.9\system\CodeIgniter.php(832): App\Controllers\Home->hai()
#6 I:\My Drive\fastfood\CodeIgniter4-4.1.9\system\CodeIgniter.php(419): CodeIgniter\CodeIgniter->runController(Object(App\Controllers\Home))
#7 I:\My Drive\fastfood\CodeIgniter4-4.1.9\system\CodeIgniter.php(326): CodeIgniter\CodeIgniter->handleRequest(NULL, Object(Config\Cache), false)
#8 I:\My Drive\fastfood\CodeIgniter4-4.1.9\public\index.php(37): CodeIgniter\CodeIgniter->run()
#9 I:\My Drive\fastfood\CodeIgniter4-4.1.9\system\Commands\Server\rewrite.php(43): require_once('I:\\My Drive\\fas...')
#10 {main}
CRITICAL - 2025-02-23 22:18:05 --> Undefined variable $level
#0 I:\My Drive\fastfood\CodeIgniter4-4.1.9\app\Views\header.php(35): CodeIgniter\Debug\Exceptions->errorHandler(2, 'Undefined varia...', 'I:\\My Drive\\fas...', 35)
#1 I:\My Drive\fastfood\CodeIgniter4-4.1.9\system\View\View.php(210): include('I:\\My Drive\\fas...')
#2 I:\My Drive\fastfood\CodeIgniter4-4.1.9\system\View\View.php(213): CodeIgniter\View\View->CodeIgniter\View\{closure}()
#3 I:\My Drive\fastfood\CodeIgniter4-4.1.9\system\Common.php(1089): CodeIgniter\View\View->render('header', Array, true)
#4 I:\My Drive\fastfood\CodeIgniter4-4.1.9\app\Controllers\Home.php(16): view('header')
#5 I:\My Drive\fastfood\CodeIgniter4-4.1.9\system\CodeIgniter.php(832): App\Controllers\Home->hai()
#6 I:\My Drive\fastfood\CodeIgniter4-4.1.9\system\CodeIgniter.php(419): CodeIgniter\CodeIgniter->runController(Object(App\Controllers\Home))
#7 I:\My Drive\fastfood\CodeIgniter4-4.1.9\system\CodeIgniter.php(326): CodeIgniter\CodeIgniter->handleRequest(NULL, Object(Config\Cache), false)
#8 I:\My Drive\fastfood\CodeIgniter4-4.1.9\public\index.php(37): CodeIgniter\CodeIgniter->run()
#9 I:\My Drive\fastfood\CodeIgniter4-4.1.9\system\Commands\Server\rewrite.php(43): require_once('I:\\My Drive\\fas...')
#10 {main}
CRITICAL - 2025-02-23 22:19:00 --> Undefined variable $level
#0 I:\My Drive\fastfood\CodeIgniter4-4.1.9\app\Views\header.php(35): CodeIgniter\Debug\Exceptions->errorHandler(2, 'Undefined varia...', 'I:\\My Drive\\fas...', 35)
#1 I:\My Drive\fastfood\CodeIgniter4-4.1.9\system\View\View.php(210): include('I:\\My Drive\\fas...')
#2 I:\My Drive\fastfood\CodeIgniter4-4.1.9\system\View\View.php(213): CodeIgniter\View\View->CodeIgniter\View\{closure}()
#3 I:\My Drive\fastfood\CodeIgniter4-4.1.9\system\Common.php(1089): CodeIgniter\View\View->render('header', Array, true)
#4 I:\My Drive\fastfood\CodeIgniter4-4.1.9\app\Controllers\Home.php(16): view('header')
#5 I:\My Drive\fastfood\CodeIgniter4-4.1.9\system\CodeIgniter.php(832): App\Controllers\Home->hai()
#6 I:\My Drive\fastfood\CodeIgniter4-4.1.9\system\CodeIgniter.php(419): CodeIgniter\CodeIgniter->runController(Object(App\Controllers\Home))
#7 I:\My Drive\fastfood\CodeIgniter4-4.1.9\system\CodeIgniter.php(326): CodeIgniter\CodeIgniter->handleRequest(NULL, Object(Config\Cache), false)
#8 I:\My Drive\fastfood\CodeIgniter4-4.1.9\public\index.php(37): CodeIgniter\CodeIgniter->run()
#9 I:\My Drive\fastfood\CodeIgniter4-4.1.9\system\Commands\Server\rewrite.php(43): require_once('I:\\My Drive\\fas...')
#10 {main}
CRITICAL - 2025-02-23 22:20:06 --> Undefined variable $level
#0 I:\My Drive\fastfood\CodeIgniter4-4.1.9\app\Views\header.php(35): CodeIgniter\Debug\Exceptions->errorHandler(2, 'Undefined varia...', 'I:\\My Drive\\fas...', 35)
#1 I:\My Drive\fastfood\CodeIgniter4-4.1.9\system\View\View.php(210): include('I:\\My Drive\\fas...')
#2 I:\My Drive\fastfood\CodeIgniter4-4.1.9\system\View\View.php(213): CodeIgniter\View\View->CodeIgniter\View\{closure}()
#3 I:\My Drive\fastfood\CodeIgniter4-4.1.9\system\Common.php(1089): CodeIgniter\View\View->render('header', Array, true)
#4 I:\My Drive\fastfood\CodeIgniter4-4.1.9\app\Controllers\Home.php(16): view('header')
#5 I:\My Drive\fastfood\CodeIgniter4-4.1.9\system\CodeIgniter.php(832): App\Controllers\Home->hai()
#6 I:\My Drive\fastfood\CodeIgniter4-4.1.9\system\CodeIgniter.php(419): CodeIgniter\CodeIgniter->runController(Object(App\Controllers\Home))
#7 I:\My Drive\fastfood\CodeIgniter4-4.1.9\system\CodeIgniter.php(326): CodeIgniter\CodeIgniter->handleRequest(NULL, Object(Config\Cache), false)
#8 I:\My Drive\fastfood\CodeIgniter4-4.1.9\public\index.php(37): CodeIgniter\CodeIgniter->run()
#9 I:\My Drive\fastfood\CodeIgniter4-4.1.9\system\Commands\Server\rewrite.php(43): require_once('I:\\My Drive\\fas...')
#10 {main}
CRITICAL - 2025-02-23 22:20:13 --> Undefined variable $level
#0 I:\My Drive\fastfood\CodeIgniter4-4.1.9\app\Views\header.php(35): CodeIgniter\Debug\Exceptions->errorHandler(2, 'Undefined varia...', 'I:\\My Drive\\fas...', 35)
#1 I:\My Drive\fastfood\CodeIgniter4-4.1.9\system\View\View.php(210): include('I:\\My Drive\\fas...')
#2 I:\My Drive\fastfood\CodeIgniter4-4.1.9\system\View\View.php(213): CodeIgniter\View\View->CodeIgniter\View\{closure}()
#3 I:\My Drive\fastfood\CodeIgniter4-4.1.9\system\Common.php(1089): CodeIgniter\View\View->render('header', Array, true)
#4 I:\My Drive\fastfood\CodeIgniter4-4.1.9\app\Controllers\Home.php(16): view('header')
#5 I:\My Drive\fastfood\CodeIgniter4-4.1.9\system\CodeIgniter.php(832): App\Controllers\Home->hai()
#6 I:\My Drive\fastfood\CodeIgniter4-4.1.9\system\CodeIgniter.php(419): CodeIgniter\CodeIgniter->runController(Object(App\Controllers\Home))
#7 I:\My Drive\fastfood\CodeIgniter4-4.1.9\system\CodeIgniter.php(326): CodeIgniter\CodeIgniter->handleRequest(NULL, Object(Config\Cache), false)
#8 I:\My Drive\fastfood\CodeIgniter4-4.1.9\public\index.php(37): CodeIgniter\CodeIgniter->run()
#9 I:\My Drive\fastfood\CodeIgniter4-4.1.9\system\Commands\Server\rewrite.php(43): require_once('I:\\My Drive\\fas...')
#10 {main}
CRITICAL - 2025-02-23 22:24:32 --> Undefined variable $level
#0 I:\My Drive\fastfood\CodeIgniter4-4.1.9\app\Views\header.php(35): CodeIgniter\Debug\Exceptions->errorHandler(2, 'Undefined varia...', 'I:\\My Drive\\fas...', 35)
#1 I:\My Drive\fastfood\CodeIgniter4-4.1.9\system\View\View.php(210): include('I:\\My Drive\\fas...')
#2 I:\My Drive\fastfood\CodeIgniter4-4.1.9\system\View\View.php(213): CodeIgniter\View\View->CodeIgniter\View\{closure}()
#3 I:\My Drive\fastfood\CodeIgniter4-4.1.9\system\Common.php(1089): CodeIgniter\View\View->render('header', Array, true)
#4 I:\My Drive\fastfood\CodeIgniter4-4.1.9\app\Controllers\Home.php(16): view('header')
#5 I:\My Drive\fastfood\CodeIgniter4-4.1.9\system\CodeIgniter.php(832): App\Controllers\Home->hai()
#6 I:\My Drive\fastfood\CodeIgniter4-4.1.9\system\CodeIgniter.php(419): CodeIgniter\CodeIgniter->runController(Object(App\Controllers\Home))
#7 I:\My Drive\fastfood\CodeIgniter4-4.1.9\system\CodeIgniter.php(326): CodeIgniter\CodeIgniter->handleRequest(NULL, Object(Config\Cache), false)
#8 I:\My Drive\fastfood\CodeIgniter4-4.1.9\public\index.php(37): CodeIgniter\CodeIgniter->run()
#9 I:\My Drive\fastfood\CodeIgniter4-4.1.9\system\Commands\Server\rewrite.php(43): require_once('I:\\My Drive\\fas...')
#10 {main}
CRITICAL - 2025-02-23 22:24:41 --> Undefined variable $level
#0 I:\My Drive\fastfood\CodeIgniter4-4.1.9\app\Views\header.php(35): CodeIgniter\Debug\Exceptions->errorHandler(2, 'Undefined varia...', 'I:\\My Drive\\fas...', 35)
#1 I:\My Drive\fastfood\CodeIgniter4-4.1.9\system\View\View.php(210): include('I:\\My Drive\\fas...')
#2 I:\My Drive\fastfood\CodeIgniter4-4.1.9\system\View\View.php(213): CodeIgniter\View\View->CodeIgniter\View\{closure}()
#3 I:\My Drive\fastfood\CodeIgniter4-4.1.9\system\Common.php(1089): CodeIgniter\View\View->render('header', Array, true)
#4 I:\My Drive\fastfood\CodeIgniter4-4.1.9\app\Controllers\Home.php(16): view('header')
#5 I:\My Drive\fastfood\CodeIgniter4-4.1.9\system\CodeIgniter.php(832): App\Controllers\Home->hai()
#6 I:\My Drive\fastfood\CodeIgniter4-4.1.9\system\CodeIgniter.php(419): CodeIgniter\CodeIgniter->runController(Object(App\Controllers\Home))
#7 I:\My Drive\fastfood\CodeIgniter4-4.1.9\system\CodeIgniter.php(326): CodeIgniter\CodeIgniter->handleRequest(NULL, Object(Config\Cache), false)
#8 I:\My Drive\fastfood\CodeIgniter4-4.1.9\public\index.php(37): CodeIgniter\CodeIgniter->run()
#9 I:\My Drive\fastfood\CodeIgniter4-4.1.9\system\Commands\Server\rewrite.php(43): require_once('I:\\My Drive\\fas...')
#10 {main}
CRITICAL - 2025-02-23 22:26:00 --> Undefined variable $level
#0 I:\My Drive\fastfood\CodeIgniter4-4.1.9\app\Views\header.php(35): CodeIgniter\Debug\Exceptions->errorHandler(2, 'Undefined varia...', 'I:\\My Drive\\fas...', 35)
#1 I:\My Drive\fastfood\CodeIgniter4-4.1.9\system\View\View.php(210): include('I:\\My Drive\\fas...')
#2 I:\My Drive\fastfood\CodeIgniter4-4.1.9\system\View\View.php(213): CodeIgniter\View\View->CodeIgniter\View\{closure}()
#3 I:\My Drive\fastfood\CodeIgniter4-4.1.9\system\Common.php(1089): CodeIgniter\View\View->render('header', Array, true)
#4 I:\My Drive\fastfood\CodeIgniter4-4.1.9\app\Controllers\Home.php(16): view('header')
#5 I:\My Drive\fastfood\CodeIgniter4-4.1.9\system\CodeIgniter.php(832): App\Controllers\Home->hai()
#6 I:\My Drive\fastfood\CodeIgniter4-4.1.9\system\CodeIgniter.php(419): CodeIgniter\CodeIgniter->runController(Object(App\Controllers\Home))
#7 I:\My Drive\fastfood\CodeIgniter4-4.1.9\system\CodeIgniter.php(326): CodeIgniter\CodeIgniter->handleRequest(NULL, Object(Config\Cache), false)
#8 I:\My Drive\fastfood\CodeIgniter4-4.1.9\public\index.php(37): CodeIgniter\CodeIgniter->run()
#9 I:\My Drive\fastfood\CodeIgniter4-4.1.9\system\Commands\Server\rewrite.php(43): require_once('I:\\My Drive\\fas...')
#10 {main}
CRITICAL - 2025-02-23 22:27:57 --> syntax error, unexpected token "elseif"
#0 I:\My Drive\fastfood\CodeIgniter4-4.1.9\system\View\View.php(213): CodeIgniter\View\View->CodeIgniter\View\{closure}()
#1 I:\My Drive\fastfood\CodeIgniter4-4.1.9\system\Common.php(1089): CodeIgniter\View\View->render('header', Array, true)
#2 I:\My Drive\fastfood\CodeIgniter4-4.1.9\app\Controllers\Home.php(16): view('header')
#3 I:\My Drive\fastfood\CodeIgniter4-4.1.9\system\CodeIgniter.php(832): App\Controllers\Home->hai()
#4 I:\My Drive\fastfood\CodeIgniter4-4.1.9\system\CodeIgniter.php(419): CodeIgniter\CodeIgniter->runController(Object(App\Controllers\Home))
#5 I:\My Drive\fastfood\CodeIgniter4-4.1.9\system\CodeIgniter.php(326): CodeIgniter\CodeIgniter->handleRequest(NULL, Object(Config\Cache), false)
#6 I:\My Drive\fastfood\CodeIgniter4-4.1.9\public\index.php(37): CodeIgniter\CodeIgniter->run()
#7 I:\My Drive\fastfood\CodeIgniter4-4.1.9\system\Commands\Server\rewrite.php(43): require_once('I:\\My Drive\\fas...')
#8 {main}
CRITICAL - 2025-02-23 22:30:48 --> Invalid file: pesanan_makanan.php
#0 I:\My Drive\fastfood\CodeIgniter4-4.1.9\system\View\View.php(198): CodeIgniter\Exceptions\FrameworkException::forInvalidFile('pesanan_makanan...')
#1 I:\My Drive\fastfood\CodeIgniter4-4.1.9\system\Common.php(1089): CodeIgniter\View\View->render('pesanan_makanan', Array, true)
#2 I:\My Drive\fastfood\CodeIgniter4-4.1.9\app\Controllers\Home.php(96): view('pesanan_makanan', Array)
#3 I:\My Drive\fastfood\CodeIgniter4-4.1.9\system\CodeIgniter.php(832): App\Controllers\Home->daftar_menu()
#4 I:\My Drive\fastfood\CodeIgniter4-4.1.9\system\CodeIgniter.php(419): CodeIgniter\CodeIgniter->runController(Object(App\Controllers\Home))
#5 I:\My Drive\fastfood\CodeIgniter4-4.1.9\system\CodeIgniter.php(326): CodeIgniter\CodeIgniter->handleRequest(NULL, Object(Config\Cache), false)
#6 I:\My Drive\fastfood\CodeIgniter4-4.1.9\public\index.php(37): CodeIgniter\CodeIgniter->run()
#7 I:\My Drive\fastfood\CodeIgniter4-4.1.9\system\Commands\Server\rewrite.php(43): require_once('I:\\My Drive\\fas...')
#8 {main}
CRITICAL - 2025-02-23 22:42:15 --> Undefined variable $kevinyappp
#0 I:\My Drive\fastfood\CodeIgniter4-4.1.9\app\Views\tampilankaryawan.php(34): CodeIgniter\Debug\Exceptions->errorHandler(2, 'Undefined varia...', 'I:\\My Drive\\fas...', 34)
#1 I:\My Drive\fastfood\CodeIgniter4-4.1.9\system\View\View.php(210): include('I:\\My Drive\\fas...')
#2 I:\My Drive\fastfood\CodeIgniter4-4.1.9\system\View\View.php(213): CodeIgniter\View\View->CodeIgniter\View\{closure}()
#3 I:\My Drive\fastfood\CodeIgniter4-4.1.9\system\Common.php(1089): CodeIgniter\View\View->render('tampilankaryawa...', Array, true)
#4 I:\My Drive\fastfood\CodeIgniter4-4.1.9\app\Controllers\Home.php(248): view('tampilankaryawa...')
#5 I:\My Drive\fastfood\CodeIgniter4-4.1.9\system\CodeIgniter.php(832): App\Controllers\Home->karyawan()
#6 I:\My Drive\fastfood\CodeIgniter4-4.1.9\system\CodeIgniter.php(419): CodeIgniter\CodeIgniter->runController(Object(App\Controllers\Home))
#7 I:\My Drive\fastfood\CodeIgniter4-4.1.9\system\CodeIgniter.php(326): CodeIgniter\CodeIgniter->handleRequest(NULL, Object(Config\Cache), false)
#8 I:\My Drive\fastfood\CodeIgniter4-4.1.9\public\index.php(37): CodeIgniter\CodeIgniter->run()
#9 I:\My Drive\fastfood\CodeIgniter4-4.1.9\system\Commands\Server\rewrite.php(43): require_once('I:\\My Drive\\fas...')
#10 {main}
