CRITICAL - 2025-02-17 22:46:07 --> syntax error, unexpected '?'
#0 C:\Users\user\Videos\CodeIgniter4-4.1.9\system\View\View.php(213): CodeIgniter\View\View->CodeIgniter\View\{closure}()
#1 C:\Users\user\Videos\CodeIgniter4-4.1.9\system\Common.php(1089): CodeIgniter\View\View->render('header', Array, true)
#2 C:\Users\user\Videos\CodeIgniter4-4.1.9\app\Controllers\Home.php(13): view('header')
#3 C:\Users\user\Videos\CodeIgniter4-4.1.9\system\CodeIgniter.php(832): App\Controllers\Home->hai()
#4 C:\Users\user\Videos\CodeIgniter4-4.1.9\system\CodeIgniter.php(419): CodeIgniter\CodeIgniter->runController(Object(App\Controllers\Home))
#5 C:\Users\user\Videos\CodeIgniter4-4.1.9\system\CodeIgniter.php(326): CodeIgniter\CodeIgniter->handleRequest(NULL, Object(Config\Cache), false)
#6 C:\Users\user\Videos\CodeIgniter4-4.1.9\public\index.php(37): CodeIgniter\CodeIgniter->run()
#7 C:\Users\user\Videos\CodeIgniter4-4.1.9\system\Commands\Server\rewrite.php(43): require_once('C:\\Users\\user\\V...')
#8 {main}
CRITICAL - 2025-02-17 22:46:08 --> syntax error, unexpected '?'
#0 C:\Users\user\Videos\CodeIgniter4-4.1.9\system\View\View.php(213): CodeIgniter\View\View->CodeIgniter\View\{closure}()
#1 C:\Users\user\Videos\CodeIgniter4-4.1.9\system\Common.php(1089): CodeIgniter\View\View->render('header', Array, true)
#2 C:\Users\user\Videos\CodeIgniter4-4.1.9\app\Controllers\Home.php(13): view('header')
#3 C:\Users\user\Videos\CodeIgniter4-4.1.9\system\CodeIgniter.php(832): App\Controllers\Home->hai()
#4 C:\Users\user\Videos\CodeIgniter4-4.1.9\system\CodeIgniter.php(419): CodeIgniter\CodeIgniter->runController(Object(App\Controllers\Home))
#5 C:\Users\user\Videos\CodeIgniter4-4.1.9\system\CodeIgniter.php(326): CodeIgniter\CodeIgniter->handleRequest(NULL, Object(Config\Cache), false)
#6 C:\Users\user\Videos\CodeIgniter4-4.1.9\public\index.php(37): CodeIgniter\CodeIgniter->run()
#7 C:\Users\user\Videos\CodeIgniter4-4.1.9\system\Commands\Server\rewrite.php(43): require_once('C:\\Users\\user\\V...')
#8 {main}
CRITICAL - 2025-02-17 22:46:08 --> syntax error, unexpected '?'
#0 C:\Users\user\Videos\CodeIgniter4-4.1.9\system\View\View.php(213): CodeIgniter\View\View->CodeIgniter\View\{closure}()
#1 C:\Users\user\Videos\CodeIgniter4-4.1.9\system\Common.php(1089): CodeIgniter\View\View->render('header', Array, true)
#2 C:\Users\user\Videos\CodeIgniter4-4.1.9\app\Controllers\Home.php(13): view('header')
#3 C:\Users\user\Videos\CodeIgniter4-4.1.9\system\CodeIgniter.php(832): App\Controllers\Home->hai()
#4 C:\Users\user\Videos\CodeIgniter4-4.1.9\system\CodeIgniter.php(419): CodeIgniter\CodeIgniter->runController(Object(App\Controllers\Home))
#5 C:\Users\user\Videos\CodeIgniter4-4.1.9\system\CodeIgniter.php(326): CodeIgniter\CodeIgniter->handleRequest(NULL, Object(Config\Cache), false)
#6 C:\Users\user\Videos\CodeIgniter4-4.1.9\public\index.php(37): CodeIgniter\CodeIgniter->run()
#7 C:\Users\user\Videos\CodeIgniter4-4.1.9\system\Commands\Server\rewrite.php(43): require_once('C:\\Users\\user\\V...')
#8 {main}
CRITICAL - 2025-02-17 22:46:09 --> syntax error, unexpected '?'
#0 C:\Users\user\Videos\CodeIgniter4-4.1.9\system\View\View.php(213): CodeIgniter\View\View->CodeIgniter\View\{closure}()
#1 C:\Users\user\Videos\CodeIgniter4-4.1.9\system\Common.php(1089): CodeIgniter\View\View->render('header', Array, true)
#2 C:\Users\user\Videos\CodeIgniter4-4.1.9\app\Controllers\Home.php(13): view('header')
#3 C:\Users\user\Videos\CodeIgniter4-4.1.9\system\CodeIgniter.php(832): App\Controllers\Home->hai()
#4 C:\Users\user\Videos\CodeIgniter4-4.1.9\system\CodeIgniter.php(419): CodeIgniter\CodeIgniter->runController(Object(App\Controllers\Home))
#5 C:\Users\user\Videos\CodeIgniter4-4.1.9\system\CodeIgniter.php(326): CodeIgniter\CodeIgniter->handleRequest(NULL, Object(Config\Cache), false)
#6 C:\Users\user\Videos\CodeIgniter4-4.1.9\public\index.php(37): CodeIgniter\CodeIgniter->run()
#7 C:\Users\user\Videos\CodeIgniter4-4.1.9\system\Commands\Server\rewrite.php(43): require_once('C:\\Users\\user\\V...')
#8 {main}
CRITICAL - 2025-02-17 22:46:09 --> syntax error, unexpected '?'
#0 C:\Users\user\Videos\CodeIgniter4-4.1.9\system\View\View.php(213): CodeIgniter\View\View->CodeIgniter\View\{closure}()
#1 C:\Users\user\Videos\CodeIgniter4-4.1.9\system\Common.php(1089): CodeIgniter\View\View->render('header', Array, true)
#2 C:\Users\user\Videos\CodeIgniter4-4.1.9\app\Controllers\Home.php(13): view('header')
#3 C:\Users\user\Videos\CodeIgniter4-4.1.9\system\CodeIgniter.php(832): App\Controllers\Home->hai()
#4 C:\Users\user\Videos\CodeIgniter4-4.1.9\system\CodeIgniter.php(419): CodeIgniter\CodeIgniter->runController(Object(App\Controllers\Home))
#5 C:\Users\user\Videos\CodeIgniter4-4.1.9\system\CodeIgniter.php(326): CodeIgniter\CodeIgniter->handleRequest(NULL, Object(Config\Cache), false)
#6 C:\Users\user\Videos\CodeIgniter4-4.1.9\public\index.php(37): CodeIgniter\CodeIgniter->run()
#7 C:\Users\user\Videos\CodeIgniter4-4.1.9\system\Commands\Server\rewrite.php(43): require_once('C:\\Users\\user\\V...')
#8 {main}
CRITICAL - 2025-02-17 22:46:13 --> syntax error, unexpected '?'
#0 C:\Users\user\Videos\CodeIgniter4-4.1.9\system\View\View.php(213): CodeIgniter\View\View->CodeIgniter\View\{closure}()
#1 C:\Users\user\Videos\CodeIgniter4-4.1.9\system\Common.php(1089): CodeIgniter\View\View->render('header', Array, true)
#2 C:\Users\user\Videos\CodeIgniter4-4.1.9\app\Controllers\Home.php(13): view('header')
#3 C:\Users\user\Videos\CodeIgniter4-4.1.9\system\CodeIgniter.php(832): App\Controllers\Home->hai()
#4 C:\Users\user\Videos\CodeIgniter4-4.1.9\system\CodeIgniter.php(419): CodeIgniter\CodeIgniter->runController(Object(App\Controllers\Home))
#5 C:\Users\user\Videos\CodeIgniter4-4.1.9\system\CodeIgniter.php(326): CodeIgniter\CodeIgniter->handleRequest(NULL, Object(Config\Cache), false)
#6 C:\Users\user\Videos\CodeIgniter4-4.1.9\public\index.php(37): CodeIgniter\CodeIgniter->run()
#7 C:\Users\user\Videos\CodeIgniter4-4.1.9\system\Commands\Server\rewrite.php(43): require_once('C:\\Users\\user\\V...')
#8 {main}
CRITICAL - 2025-02-17 22:46:14 --> syntax error, unexpected '?'
#0 C:\Users\user\Videos\CodeIgniter4-4.1.9\system\View\View.php(213): CodeIgniter\View\View->CodeIgniter\View\{closure}()
#1 C:\Users\user\Videos\CodeIgniter4-4.1.9\system\Common.php(1089): CodeIgniter\View\View->render('header', Array, true)
#2 C:\Users\user\Videos\CodeIgniter4-4.1.9\app\Controllers\Home.php(13): view('header')
#3 C:\Users\user\Videos\CodeIgniter4-4.1.9\system\CodeIgniter.php(832): App\Controllers\Home->hai()
#4 C:\Users\user\Videos\CodeIgniter4-4.1.9\system\CodeIgniter.php(419): CodeIgniter\CodeIgniter->runController(Object(App\Controllers\Home))
#5 C:\Users\user\Videos\CodeIgniter4-4.1.9\system\CodeIgniter.php(326): CodeIgniter\CodeIgniter->handleRequest(NULL, Object(Config\Cache), false)
#6 C:\Users\user\Videos\CodeIgniter4-4.1.9\public\index.php(37): CodeIgniter\CodeIgniter->run()
#7 C:\Users\user\Videos\CodeIgniter4-4.1.9\system\Commands\Server\rewrite.php(43): require_once('C:\\Users\\user\\V...')
#8 {main}
CRITICAL - 2025-02-17 22:46:32 --> syntax error, unexpected '?'
#0 C:\Users\user\Videos\CodeIgniter4-4.1.9\system\View\View.php(213): CodeIgniter\View\View->CodeIgniter\View\{closure}()
#1 C:\Users\user\Videos\CodeIgniter4-4.1.9\system\Common.php(1089): CodeIgniter\View\View->render('header', Array, true)
#2 C:\Users\user\Videos\CodeIgniter4-4.1.9\app\Controllers\Home.php(13): view('header')
#3 C:\Users\user\Videos\CodeIgniter4-4.1.9\system\CodeIgniter.php(832): App\Controllers\Home->hai()
#4 C:\Users\user\Videos\CodeIgniter4-4.1.9\system\CodeIgniter.php(419): CodeIgniter\CodeIgniter->runController(Object(App\Controllers\Home))
#5 C:\Users\user\Videos\CodeIgniter4-4.1.9\system\CodeIgniter.php(326): CodeIgniter\CodeIgniter->handleRequest(NULL, Object(Config\Cache), false)
#6 C:\Users\user\Videos\CodeIgniter4-4.1.9\public\index.php(37): CodeIgniter\CodeIgniter->run()
#7 C:\Users\user\Videos\CodeIgniter4-4.1.9\system\Commands\Server\rewrite.php(43): require_once('C:\\Users\\user\\V...')
#8 {main}
CRITICAL - 2025-02-17 22:46:33 --> syntax error, unexpected '?'
#0 C:\Users\user\Videos\CodeIgniter4-4.1.9\system\View\View.php(213): CodeIgniter\View\View->CodeIgniter\View\{closure}()
#1 C:\Users\user\Videos\CodeIgniter4-4.1.9\system\Common.php(1089): CodeIgniter\View\View->render('header', Array, true)
#2 C:\Users\user\Videos\CodeIgniter4-4.1.9\app\Controllers\Home.php(13): view('header')
#3 C:\Users\user\Videos\CodeIgniter4-4.1.9\system\CodeIgniter.php(832): App\Controllers\Home->hai()
#4 C:\Users\user\Videos\CodeIgniter4-4.1.9\system\CodeIgniter.php(419): CodeIgniter\CodeIgniter->runController(Object(App\Controllers\Home))
#5 C:\Users\user\Videos\CodeIgniter4-4.1.9\system\CodeIgniter.php(326): CodeIgniter\CodeIgniter->handleRequest(NULL, Object(Config\Cache), false)
#6 C:\Users\user\Videos\CodeIgniter4-4.1.9\public\index.php(37): CodeIgniter\CodeIgniter->run()
#7 C:\Users\user\Videos\CodeIgniter4-4.1.9\system\Commands\Server\rewrite.php(43): require_once('C:\\Users\\user\\V...')
#8 {main}
CRITICAL - 2025-02-17 22:46:34 --> syntax error, unexpected '?'
#0 C:\Users\user\Videos\CodeIgniter4-4.1.9\system\View\View.php(213): CodeIgniter\View\View->CodeIgniter\View\{closure}()
#1 C:\Users\user\Videos\CodeIgniter4-4.1.9\system\Common.php(1089): CodeIgniter\View\View->render('header', Array, true)
#2 C:\Users\user\Videos\CodeIgniter4-4.1.9\app\Controllers\Home.php(13): view('header')
#3 C:\Users\user\Videos\CodeIgniter4-4.1.9\system\CodeIgniter.php(832): App\Controllers\Home->hai()
#4 C:\Users\user\Videos\CodeIgniter4-4.1.9\system\CodeIgniter.php(419): CodeIgniter\CodeIgniter->runController(Object(App\Controllers\Home))
#5 C:\Users\user\Videos\CodeIgniter4-4.1.9\system\CodeIgniter.php(326): CodeIgniter\CodeIgniter->handleRequest(NULL, Object(Config\Cache), false)
#6 C:\Users\user\Videos\CodeIgniter4-4.1.9\public\index.php(37): CodeIgniter\CodeIgniter->run()
#7 C:\Users\user\Videos\CodeIgniter4-4.1.9\system\Commands\Server\rewrite.php(43): require_once('C:\\Users\\user\\V...')
#8 {main}
CRITICAL - 2025-02-17 22:47:36 --> syntax error, unexpected '?'
#0 C:\Users\user\Videos\CodeIgniter4-4.1.9\system\View\View.php(213): CodeIgniter\View\View->CodeIgniter\View\{closure}()
#1 C:\Users\user\Videos\CodeIgniter4-4.1.9\system\Common.php(1089): CodeIgniter\View\View->render('header', Array, true)
#2 C:\Users\user\Videos\CodeIgniter4-4.1.9\app\Controllers\Home.php(13): view('header')
#3 C:\Users\user\Videos\CodeIgniter4-4.1.9\system\CodeIgniter.php(832): App\Controllers\Home->hai()
#4 C:\Users\user\Videos\CodeIgniter4-4.1.9\system\CodeIgniter.php(419): CodeIgniter\CodeIgniter->runController(Object(App\Controllers\Home))
#5 C:\Users\user\Videos\CodeIgniter4-4.1.9\system\CodeIgniter.php(326): CodeIgniter\CodeIgniter->handleRequest(NULL, Object(Config\Cache), false)
#6 C:\Users\user\Videos\CodeIgniter4-4.1.9\public\index.php(37): CodeIgniter\CodeIgniter->run()
#7 C:\Users\user\Videos\CodeIgniter4-4.1.9\system\Commands\Server\rewrite.php(43): require_once('C:\\Users\\user\\V...')
#8 {main}
CRITICAL - 2025-02-17 22:48:52 --> syntax error, unexpected '?>', expecting ')'
#0 C:\Users\user\Videos\CodeIgniter4-4.1.9\system\View\View.php(213): CodeIgniter\View\View->CodeIgniter\View\{closure}()
#1 C:\Users\user\Videos\CodeIgniter4-4.1.9\system\Common.php(1089): CodeIgniter\View\View->render('header', Array, true)
#2 C:\Users\user\Videos\CodeIgniter4-4.1.9\app\Controllers\Home.php(13): view('header')
#3 C:\Users\user\Videos\CodeIgniter4-4.1.9\system\CodeIgniter.php(832): App\Controllers\Home->hai()
#4 C:\Users\user\Videos\CodeIgniter4-4.1.9\system\CodeIgniter.php(419): CodeIgniter\CodeIgniter->runController(Object(App\Controllers\Home))
#5 C:\Users\user\Videos\CodeIgniter4-4.1.9\system\CodeIgniter.php(326): CodeIgniter\CodeIgniter->handleRequest(NULL, Object(Config\Cache), false)
#6 C:\Users\user\Videos\CodeIgniter4-4.1.9\public\index.php(37): CodeIgniter\CodeIgniter->run()
#7 C:\Users\user\Videos\CodeIgniter4-4.1.9\system\Commands\Server\rewrite.php(43): require_once('C:\\Users\\user\\V...')
#8 {main}
CRITICAL - 2025-02-17 22:49:21 --> syntax error, unexpected '?'
#0 C:\Users\user\Videos\CodeIgniter4-4.1.9\system\View\View.php(213): CodeIgniter\View\View->CodeIgniter\View\{closure}()
#1 C:\Users\user\Videos\CodeIgniter4-4.1.9\system\Common.php(1089): CodeIgniter\View\View->render('header', Array, true)
#2 C:\Users\user\Videos\CodeIgniter4-4.1.9\app\Controllers\Home.php(13): view('header')
#3 C:\Users\user\Videos\CodeIgniter4-4.1.9\system\CodeIgniter.php(832): App\Controllers\Home->hai()
#4 C:\Users\user\Videos\CodeIgniter4-4.1.9\system\CodeIgniter.php(419): CodeIgniter\CodeIgniter->runController(Object(App\Controllers\Home))
#5 C:\Users\user\Videos\CodeIgniter4-4.1.9\system\CodeIgniter.php(326): CodeIgniter\CodeIgniter->handleRequest(NULL, Object(Config\Cache), false)
#6 C:\Users\user\Videos\CodeIgniter4-4.1.9\public\index.php(37): CodeIgniter\CodeIgniter->run()
#7 C:\Users\user\Videos\CodeIgniter4-4.1.9\system\Commands\Server\rewrite.php(43): require_once('C:\\Users\\user\\V...')
#8 {main}
CRITICAL - 2025-02-17 22:50:36 --> syntax error, unexpected '?>', expecting ')'
#0 C:\Users\user\Videos\CodeIgniter4-4.1.9\system\View\View.php(213): CodeIgniter\View\View->CodeIgniter\View\{closure}()
#1 C:\Users\user\Videos\CodeIgniter4-4.1.9\system\Common.php(1089): CodeIgniter\View\View->render('header', Array, true)
#2 C:\Users\user\Videos\CodeIgniter4-4.1.9\app\Controllers\Home.php(13): view('header')
#3 C:\Users\user\Videos\CodeIgniter4-4.1.9\system\CodeIgniter.php(832): App\Controllers\Home->hai()
#4 C:\Users\user\Videos\CodeIgniter4-4.1.9\system\CodeIgniter.php(419): CodeIgniter\CodeIgniter->runController(Object(App\Controllers\Home))
#5 C:\Users\user\Videos\CodeIgniter4-4.1.9\system\CodeIgniter.php(326): CodeIgniter\CodeIgniter->handleRequest(NULL, Object(Config\Cache), false)
#6 C:\Users\user\Videos\CodeIgniter4-4.1.9\public\index.php(37): CodeIgniter\CodeIgniter->run()
#7 C:\Users\user\Videos\CodeIgniter4-4.1.9\system\Commands\Server\rewrite.php(43): require_once('C:\\Users\\user\\V...')
#8 {main}
CRITICAL - 2025-02-17 22:53:50 --> syntax error, unexpected '?>', expecting ')'
#0 C:\Users\user\Videos\CodeIgniter4-4.1.9\system\View\View.php(213): CodeIgniter\View\View->CodeIgniter\View\{closure}()
#1 C:\Users\user\Videos\CodeIgniter4-4.1.9\system\Common.php(1089): CodeIgniter\View\View->render('header', Array, true)
#2 C:\Users\user\Videos\CodeIgniter4-4.1.9\app\Controllers\Home.php(13): view('header')
#3 C:\Users\user\Videos\CodeIgniter4-4.1.9\system\CodeIgniter.php(832): App\Controllers\Home->hai()
#4 C:\Users\user\Videos\CodeIgniter4-4.1.9\system\CodeIgniter.php(419): CodeIgniter\CodeIgniter->runController(Object(App\Controllers\Home))
#5 C:\Users\user\Videos\CodeIgniter4-4.1.9\system\CodeIgniter.php(326): CodeIgniter\CodeIgniter->handleRequest(NULL, Object(Config\Cache), false)
#6 C:\Users\user\Videos\CodeIgniter4-4.1.9\public\index.php(37): CodeIgniter\CodeIgniter->run()
#7 C:\Users\user\Videos\CodeIgniter4-4.1.9\system\Commands\Server\rewrite.php(43): require_once('C:\\Users\\user\\V...')
#8 {main}
CRITICAL - 2025-02-17 22:53:51 --> syntax error, unexpected '?>', expecting ')'
#0 C:\Users\user\Videos\CodeIgniter4-4.1.9\system\View\View.php(213): CodeIgniter\View\View->CodeIgniter\View\{closure}()
#1 C:\Users\user\Videos\CodeIgniter4-4.1.9\system\Common.php(1089): CodeIgniter\View\View->render('header', Array, true)
#2 C:\Users\user\Videos\CodeIgniter4-4.1.9\app\Controllers\Home.php(13): view('header')
#3 C:\Users\user\Videos\CodeIgniter4-4.1.9\system\CodeIgniter.php(832): App\Controllers\Home->hai()
#4 C:\Users\user\Videos\CodeIgniter4-4.1.9\system\CodeIgniter.php(419): CodeIgniter\CodeIgniter->runController(Object(App\Controllers\Home))
#5 C:\Users\user\Videos\CodeIgniter4-4.1.9\system\CodeIgniter.php(326): CodeIgniter\CodeIgniter->handleRequest(NULL, Object(Config\Cache), false)
#6 C:\Users\user\Videos\CodeIgniter4-4.1.9\public\index.php(37): CodeIgniter\CodeIgniter->run()
#7 C:\Users\user\Videos\CodeIgniter4-4.1.9\system\Commands\Server\rewrite.php(43): require_once('C:\\Users\\user\\V...')
#8 {main}
CRITICAL - 2025-02-17 22:53:51 --> syntax error, unexpected '?>', expecting ')'
#0 C:\Users\user\Videos\CodeIgniter4-4.1.9\system\View\View.php(213): CodeIgniter\View\View->CodeIgniter\View\{closure}()
#1 C:\Users\user\Videos\CodeIgniter4-4.1.9\system\Common.php(1089): CodeIgniter\View\View->render('header', Array, true)
#2 C:\Users\user\Videos\CodeIgniter4-4.1.9\app\Controllers\Home.php(13): view('header')
#3 C:\Users\user\Videos\CodeIgniter4-4.1.9\system\CodeIgniter.php(832): App\Controllers\Home->hai()
#4 C:\Users\user\Videos\CodeIgniter4-4.1.9\system\CodeIgniter.php(419): CodeIgniter\CodeIgniter->runController(Object(App\Controllers\Home))
#5 C:\Users\user\Videos\CodeIgniter4-4.1.9\system\CodeIgniter.php(326): CodeIgniter\CodeIgniter->handleRequest(NULL, Object(Config\Cache), false)
#6 C:\Users\user\Videos\CodeIgniter4-4.1.9\public\index.php(37): CodeIgniter\CodeIgniter->run()
#7 C:\Users\user\Videos\CodeIgniter4-4.1.9\system\Commands\Server\rewrite.php(43): require_once('C:\\Users\\user\\V...')
#8 {main}
CRITICAL - 2025-02-17 22:55:33 --> syntax error, unexpected '?>', expecting ')'
#0 C:\Users\user\Videos\CodeIgniter4-4.1.9\system\View\View.php(213): CodeIgniter\View\View->CodeIgniter\View\{closure}()
#1 C:\Users\user\Videos\CodeIgniter4-4.1.9\system\Common.php(1089): CodeIgniter\View\View->render('header', Array, true)
#2 C:\Users\user\Videos\CodeIgniter4-4.1.9\app\Controllers\Home.php(13): view('header')
#3 C:\Users\user\Videos\CodeIgniter4-4.1.9\system\CodeIgniter.php(832): App\Controllers\Home->hai()
#4 C:\Users\user\Videos\CodeIgniter4-4.1.9\system\CodeIgniter.php(419): CodeIgniter\CodeIgniter->runController(Object(App\Controllers\Home))
#5 C:\Users\user\Videos\CodeIgniter4-4.1.9\system\CodeIgniter.php(326): CodeIgniter\CodeIgniter->handleRequest(NULL, Object(Config\Cache), false)
#6 C:\Users\user\Videos\CodeIgniter4-4.1.9\public\index.php(37): CodeIgniter\CodeIgniter->run()
#7 C:\Users\user\Videos\CodeIgniter4-4.1.9\system\Commands\Server\rewrite.php(43): require_once('C:\\Users\\user\\V...')
#8 {main}
CRITICAL - 2025-02-17 22:55:34 --> syntax error, unexpected '?>', expecting ')'
#0 C:\Users\user\Videos\CodeIgniter4-4.1.9\system\View\View.php(213): CodeIgniter\View\View->CodeIgniter\View\{closure}()
#1 C:\Users\user\Videos\CodeIgniter4-4.1.9\system\Common.php(1089): CodeIgniter\View\View->render('header', Array, true)
#2 C:\Users\user\Videos\CodeIgniter4-4.1.9\app\Controllers\Home.php(13): view('header')
#3 C:\Users\user\Videos\CodeIgniter4-4.1.9\system\CodeIgniter.php(832): App\Controllers\Home->hai()
#4 C:\Users\user\Videos\CodeIgniter4-4.1.9\system\CodeIgniter.php(419): CodeIgniter\CodeIgniter->runController(Object(App\Controllers\Home))
#5 C:\Users\user\Videos\CodeIgniter4-4.1.9\system\CodeIgniter.php(326): CodeIgniter\CodeIgniter->handleRequest(NULL, Object(Config\Cache), false)
#6 C:\Users\user\Videos\CodeIgniter4-4.1.9\public\index.php(37): CodeIgniter\CodeIgniter->run()
#7 C:\Users\user\Videos\CodeIgniter4-4.1.9\system\Commands\Server\rewrite.php(43): require_once('C:\\Users\\user\\V...')
#8 {main}
CRITICAL - 2025-02-17 22:55:34 --> syntax error, unexpected '?>', expecting ')'
#0 C:\Users\user\Videos\CodeIgniter4-4.1.9\system\View\View.php(213): CodeIgniter\View\View->CodeIgniter\View\{closure}()
#1 C:\Users\user\Videos\CodeIgniter4-4.1.9\system\Common.php(1089): CodeIgniter\View\View->render('header', Array, true)
#2 C:\Users\user\Videos\CodeIgniter4-4.1.9\app\Controllers\Home.php(13): view('header')
#3 C:\Users\user\Videos\CodeIgniter4-4.1.9\system\CodeIgniter.php(832): App\Controllers\Home->hai()
#4 C:\Users\user\Videos\CodeIgniter4-4.1.9\system\CodeIgniter.php(419): CodeIgniter\CodeIgniter->runController(Object(App\Controllers\Home))
#5 C:\Users\user\Videos\CodeIgniter4-4.1.9\system\CodeIgniter.php(326): CodeIgniter\CodeIgniter->handleRequest(NULL, Object(Config\Cache), false)
#6 C:\Users\user\Videos\CodeIgniter4-4.1.9\public\index.php(37): CodeIgniter\CodeIgniter->run()
#7 C:\Users\user\Videos\CodeIgniter4-4.1.9\system\Commands\Server\rewrite.php(43): require_once('C:\\Users\\user\\V...')
#8 {main}
CRITICAL - 2025-02-17 22:55:34 --> syntax error, unexpected '?>', expecting ')'
#0 C:\Users\user\Videos\CodeIgniter4-4.1.9\system\View\View.php(213): CodeIgniter\View\View->CodeIgniter\View\{closure}()
#1 C:\Users\user\Videos\CodeIgniter4-4.1.9\system\Common.php(1089): CodeIgniter\View\View->render('header', Array, true)
#2 C:\Users\user\Videos\CodeIgniter4-4.1.9\app\Controllers\Home.php(13): view('header')
#3 C:\Users\user\Videos\CodeIgniter4-4.1.9\system\CodeIgniter.php(832): App\Controllers\Home->hai()
#4 C:\Users\user\Videos\CodeIgniter4-4.1.9\system\CodeIgniter.php(419): CodeIgniter\CodeIgniter->runController(Object(App\Controllers\Home))
#5 C:\Users\user\Videos\CodeIgniter4-4.1.9\system\CodeIgniter.php(326): CodeIgniter\CodeIgniter->handleRequest(NULL, Object(Config\Cache), false)
#6 C:\Users\user\Videos\CodeIgniter4-4.1.9\public\index.php(37): CodeIgniter\CodeIgniter->run()
#7 C:\Users\user\Videos\CodeIgniter4-4.1.9\system\Commands\Server\rewrite.php(43): require_once('C:\\Users\\user\\V...')
#8 {main}
CRITICAL - 2025-02-17 22:55:35 --> syntax error, unexpected '?>', expecting ')'
#0 C:\Users\user\Videos\CodeIgniter4-4.1.9\system\View\View.php(213): CodeIgniter\View\View->CodeIgniter\View\{closure}()
#1 C:\Users\user\Videos\CodeIgniter4-4.1.9\system\Common.php(1089): CodeIgniter\View\View->render('header', Array, true)
#2 C:\Users\user\Videos\CodeIgniter4-4.1.9\app\Controllers\Home.php(13): view('header')
#3 C:\Users\user\Videos\CodeIgniter4-4.1.9\system\CodeIgniter.php(832): App\Controllers\Home->hai()
#4 C:\Users\user\Videos\CodeIgniter4-4.1.9\system\CodeIgniter.php(419): CodeIgniter\CodeIgniter->runController(Object(App\Controllers\Home))
#5 C:\Users\user\Videos\CodeIgniter4-4.1.9\system\CodeIgniter.php(326): CodeIgniter\CodeIgniter->handleRequest(NULL, Object(Config\Cache), false)
#6 C:\Users\user\Videos\CodeIgniter4-4.1.9\public\index.php(37): CodeIgniter\CodeIgniter->run()
#7 C:\Users\user\Videos\CodeIgniter4-4.1.9\system\Commands\Server\rewrite.php(43): require_once('C:\\Users\\user\\V...')
#8 {main}
CRITICAL - 2025-02-17 22:55:35 --> syntax error, unexpected '?>', expecting ')'
#0 C:\Users\user\Videos\CodeIgniter4-4.1.9\system\View\View.php(213): CodeIgniter\View\View->CodeIgniter\View\{closure}()
#1 C:\Users\user\Videos\CodeIgniter4-4.1.9\system\Common.php(1089): CodeIgniter\View\View->render('header', Array, true)
#2 C:\Users\user\Videos\CodeIgniter4-4.1.9\app\Controllers\Home.php(13): view('header')
#3 C:\Users\user\Videos\CodeIgniter4-4.1.9\system\CodeIgniter.php(832): App\Controllers\Home->hai()
#4 C:\Users\user\Videos\CodeIgniter4-4.1.9\system\CodeIgniter.php(419): CodeIgniter\CodeIgniter->runController(Object(App\Controllers\Home))
#5 C:\Users\user\Videos\CodeIgniter4-4.1.9\system\CodeIgniter.php(326): CodeIgniter\CodeIgniter->handleRequest(NULL, Object(Config\Cache), false)
#6 C:\Users\user\Videos\CodeIgniter4-4.1.9\public\index.php(37): CodeIgniter\CodeIgniter->run()
#7 C:\Users\user\Videos\CodeIgniter4-4.1.9\system\Commands\Server\rewrite.php(43): require_once('C:\\Users\\user\\V...')
#8 {main}
