CRITICAL - 2025-03-19 04:53:07 --> Invalid file: auth/forgot_password.php
#0 H:\My Drive\fastfood\fastfoodbaru\system\View\View.php(198): CodeIgniter\Exceptions\FrameworkException::forInvalidFile('auth/forgot_pas...')
#1 H:\My Drive\fastfood\fastfoodbaru\system\Common.php(1089): CodeIgniter\View\View->render('auth/forgot_pas...', Array, true)
#2 H:\My Drive\fastfood\fastfoodbaru\app\Controllers\Home.php(1337): view('auth/forgot_pas...')
#3 H:\My Drive\fastfood\fastfoodbaru\system\CodeIgniter.php(832): App\Controllers\Home->forgot_password()
#4 H:\My Drive\fastfood\fastfoodbaru\system\CodeIgniter.php(419): CodeIgniter\CodeIgniter->runController(Object(App\Controllers\Home))
#5 H:\My Drive\fastfood\fastfoodbaru\system\CodeIgniter.php(326): CodeIgniter\CodeIgniter->handleRequest(NULL, Object(Config\Cache), false)
#6 H:\My Drive\fastfood\fastfoodbaru\public\index.php(37): CodeIgniter\CodeIgniter->run()
#7 H:\My Drive\fastfood\fastfoodbaru\system\Commands\Server\rewrite.php(43): require_once('H:\\My Drive\\fas...')
#8 {main}
CRITICAL - 2025-03-19 04:53:37 --> Invalid file: auth/forgot_password.php
#0 H:\My Drive\fastfood\fastfoodbaru\system\View\View.php(198): CodeIgniter\Exceptions\FrameworkException::forInvalidFile('auth/forgot_pas...')
#1 H:\My Drive\fastfood\fastfoodbaru\system\Common.php(1089): CodeIgniter\View\View->render('auth/forgot_pas...', Array, true)
#2 H:\My Drive\fastfood\fastfoodbaru\app\Controllers\Home.php(1337): view('auth/forgot_pas...')
#3 H:\My Drive\fastfood\fastfoodbaru\system\CodeIgniter.php(832): App\Controllers\Home->forgot_password()
#4 H:\My Drive\fastfood\fastfoodbaru\system\CodeIgniter.php(419): CodeIgniter\CodeIgniter->runController(Object(App\Controllers\Home))
#5 H:\My Drive\fastfood\fastfoodbaru\system\CodeIgniter.php(326): CodeIgniter\CodeIgniter->handleRequest(NULL, Object(Config\Cache), false)
#6 H:\My Drive\fastfood\fastfoodbaru\public\index.php(37): CodeIgniter\CodeIgniter->run()
#7 H:\My Drive\fastfood\fastfoodbaru\system\Commands\Server\rewrite.php(43): require_once('H:\\My Drive\\fas...')
#8 {main}
CRITICAL - 2025-03-19 04:59:03 --> Invalid file: auth/forgot_password.php
#0 H:\My Drive\fastfood\fastfoodbaru\system\View\View.php(198): CodeIgniter\Exceptions\FrameworkException::forInvalidFile('auth/forgot_pas...')
#1 H:\My Drive\fastfood\fastfoodbaru\system\Common.php(1089): CodeIgniter\View\View->render('auth/forgot_pas...', Array, true)
#2 H:\My Drive\fastfood\fastfoodbaru\app\Controllers\Home.php(1337): view('auth/forgot_pas...')
#3 H:\My Drive\fastfood\fastfoodbaru\system\CodeIgniter.php(832): App\Controllers\Home->forgot_password()
#4 H:\My Drive\fastfood\fastfoodbaru\system\CodeIgniter.php(419): CodeIgniter\CodeIgniter->runController(Object(App\Controllers\Home))
#5 H:\My Drive\fastfood\fastfoodbaru\system\CodeIgniter.php(326): CodeIgniter\CodeIgniter->handleRequest(NULL, Object(Config\Cache), false)
#6 H:\My Drive\fastfood\fastfoodbaru\public\index.php(37): CodeIgniter\CodeIgniter->run()
#7 H:\My Drive\fastfood\fastfoodbaru\system\Commands\Server\rewrite.php(43): require_once('H:\\My Drive\\fas...')
#8 {main}
CRITICAL - 2025-03-19 04:59:27 --> Invalid file: home/forgot_password.php
#0 H:\My Drive\fastfood\fastfoodbaru\system\View\View.php(198): CodeIgniter\Exceptions\FrameworkException::forInvalidFile('home/forgot_pas...')
#1 H:\My Drive\fastfood\fastfoodbaru\system\Common.php(1089): CodeIgniter\View\View->render('home/forgot_pas...', Array, true)
#2 H:\My Drive\fastfood\fastfoodbaru\app\Controllers\Home.php(1337): view('home/forgot_pas...')
#3 H:\My Drive\fastfood\fastfoodbaru\system\CodeIgniter.php(832): App\Controllers\Home->forgot_password()
#4 H:\My Drive\fastfood\fastfoodbaru\system\CodeIgniter.php(419): CodeIgniter\CodeIgniter->runController(Object(App\Controllers\Home))
#5 H:\My Drive\fastfood\fastfoodbaru\system\CodeIgniter.php(326): CodeIgniter\CodeIgniter->handleRequest(NULL, Object(Config\Cache), false)
#6 H:\My Drive\fastfood\fastfoodbaru\public\index.php(37): CodeIgniter\CodeIgniter->run()
#7 H:\My Drive\fastfood\fastfoodbaru\system\Commands\Server\rewrite.php(43): require_once('H:\\My Drive\\fas...')
#8 {main}
CRITICAL - 2025-03-19 04:59:38 --> Invalid file: home/forgot_password.php
#0 H:\My Drive\fastfood\fastfoodbaru\system\View\View.php(198): CodeIgniter\Exceptions\FrameworkException::forInvalidFile('home/forgot_pas...')
#1 H:\My Drive\fastfood\fastfoodbaru\system\Common.php(1089): CodeIgniter\View\View->render('home/forgot_pas...', Array, true)
#2 H:\My Drive\fastfood\fastfoodbaru\app\Controllers\Home.php(1337): view('home/forgot_pas...')
#3 H:\My Drive\fastfood\fastfoodbaru\system\CodeIgniter.php(832): App\Controllers\Home->forgot_password()
#4 H:\My Drive\fastfood\fastfoodbaru\system\CodeIgniter.php(419): CodeIgniter\CodeIgniter->runController(Object(App\Controllers\Home))
#5 H:\My Drive\fastfood\fastfoodbaru\system\CodeIgniter.php(326): CodeIgniter\CodeIgniter->handleRequest(NULL, Object(Config\Cache), false)
#6 H:\My Drive\fastfood\fastfoodbaru\public\index.php(37): CodeIgniter\CodeIgniter->run()
#7 H:\My Drive\fastfood\fastfoodbaru\system\Commands\Server\rewrite.php(43): require_once('H:\\My Drive\\fas...')
#8 {main}
CRITICAL - 2025-03-19 05:00:34 --> Class 'App\Controllers\UserModel' not found
#0 H:\My Drive\fastfood\fastfoodbaru\system\CodeIgniter.php(832): App\Controllers\Home->send_reset_link()
#1 H:\My Drive\fastfood\fastfoodbaru\system\CodeIgniter.php(419): CodeIgniter\CodeIgniter->runController(Object(App\Controllers\Home))
#2 H:\My Drive\fastfood\fastfoodbaru\system\CodeIgniter.php(326): CodeIgniter\CodeIgniter->handleRequest(NULL, Object(Config\Cache), false)
#3 H:\My Drive\fastfood\fastfoodbaru\public\index.php(37): CodeIgniter\CodeIgniter->run()
#4 H:\My Drive\fastfood\fastfoodbaru\system\Commands\Server\rewrite.php(43): require_once('H:\\My Drive\\fas...')
#5 {main}
CRITICAL - 2025-03-19 05:01:59 --> You must set the database table to be used with your query.
#0 H:\My Drive\fastfood\fastfoodbaru\system\Model.php(545): CodeIgniter\Database\BaseConnection->table(NULL)
#1 H:\My Drive\fastfood\fastfoodbaru\system\Model.php(722): CodeIgniter\Model->builder()
#2 H:\My Drive\fastfood\fastfoodbaru\app\Controllers\Home.php(1344): CodeIgniter\Model->__call('where', Array)
#3 H:\My Drive\fastfood\fastfoodbaru\system\CodeIgniter.php(832): App\Controllers\Home->send_reset_link()
#4 H:\My Drive\fastfood\fastfoodbaru\system\CodeIgniter.php(419): CodeIgniter\CodeIgniter->runController(Object(App\Controllers\Home))
#5 H:\My Drive\fastfood\fastfoodbaru\system\CodeIgniter.php(326): CodeIgniter\CodeIgniter->handleRequest(NULL, Object(Config\Cache), false)
#6 H:\My Drive\fastfood\fastfoodbaru\public\index.php(37): CodeIgniter\CodeIgniter->run()
#7 H:\My Drive\fastfood\fastfoodbaru\system\Commands\Server\rewrite.php(43): require_once('H:\\My Drive\\fas...')
#8 {main}
CRITICAL - 2025-03-19 05:05:15 --> You must set the database table to be used with your query.
#0 H:\My Drive\fastfood\fastfoodbaru\system\Model.php(545): CodeIgniter\Database\BaseConnection->table(NULL)
#1 H:\My Drive\fastfood\fastfoodbaru\system\Model.php(722): CodeIgniter\Model->builder()
#2 H:\My Drive\fastfood\fastfoodbaru\app\Controllers\Home.php(1344): CodeIgniter\Model->__call('where', Array)
#3 H:\My Drive\fastfood\fastfoodbaru\system\CodeIgniter.php(832): App\Controllers\Home->send_reset_link()
#4 H:\My Drive\fastfood\fastfoodbaru\system\CodeIgniter.php(419): CodeIgniter\CodeIgniter->runController(Object(App\Controllers\Home))
#5 H:\My Drive\fastfood\fastfoodbaru\system\CodeIgniter.php(326): CodeIgniter\CodeIgniter->handleRequest(NULL, Object(Config\Cache), false)
#6 H:\My Drive\fastfood\fastfoodbaru\public\index.php(37): CodeIgniter\CodeIgniter->run()
#7 H:\My Drive\fastfood\fastfoodbaru\system\Commands\Server\rewrite.php(43): require_once('H:\\My Drive\\fas...')
#8 {main}
CRITICAL - 2025-03-19 05:05:27 --> You must set the database table to be used with your query.
#0 H:\My Drive\fastfood\fastfoodbaru\system\Model.php(545): CodeIgniter\Database\BaseConnection->table(NULL)
#1 H:\My Drive\fastfood\fastfoodbaru\system\Model.php(722): CodeIgniter\Model->builder()
#2 H:\My Drive\fastfood\fastfoodbaru\app\Controllers\Home.php(1344): CodeIgniter\Model->__call('where', Array)
#3 H:\My Drive\fastfood\fastfoodbaru\system\CodeIgniter.php(832): App\Controllers\Home->send_reset_link()
#4 H:\My Drive\fastfood\fastfoodbaru\system\CodeIgniter.php(419): CodeIgniter\CodeIgniter->runController(Object(App\Controllers\Home))
#5 H:\My Drive\fastfood\fastfoodbaru\system\CodeIgniter.php(326): CodeIgniter\CodeIgniter->handleRequest(NULL, Object(Config\Cache), false)
#6 H:\My Drive\fastfood\fastfoodbaru\public\index.php(37): CodeIgniter\CodeIgniter->run()
#7 H:\My Drive\fastfood\fastfoodbaru\system\Commands\Server\rewrite.php(43): require_once('H:\\My Drive\\fas...')
#8 {main}
CRITICAL - 2025-03-19 05:06:54 --> You must set the database table to be used with your query.
#0 H:\My Drive\fastfood\fastfoodbaru\system\Model.php(545): CodeIgniter\Database\BaseConnection->table(NULL)
#1 H:\My Drive\fastfood\fastfoodbaru\system\Model.php(722): CodeIgniter\Model->builder()
#2 H:\My Drive\fastfood\fastfoodbaru\app\Controllers\Home.php(1344): CodeIgniter\Model->__call('where', Array)
#3 H:\My Drive\fastfood\fastfoodbaru\system\CodeIgniter.php(832): App\Controllers\Home->send_reset_link()
#4 H:\My Drive\fastfood\fastfoodbaru\system\CodeIgniter.php(419): CodeIgniter\CodeIgniter->runController(Object(App\Controllers\Home))
#5 H:\My Drive\fastfood\fastfoodbaru\system\CodeIgniter.php(326): CodeIgniter\CodeIgniter->handleRequest(NULL, Object(Config\Cache), false)
#6 H:\My Drive\fastfood\fastfoodbaru\public\index.php(37): CodeIgniter\CodeIgniter->run()
#7 H:\My Drive\fastfood\fastfoodbaru\system\Commands\Server\rewrite.php(43): require_once('H:\\My Drive\\fas...')
#8 {main}
CRITICAL - 2025-03-19 05:08:33 --> You must set the database table to be used with your query.
#0 H:\My Drive\fastfood\fastfoodbaru\system\Model.php(545): CodeIgniter\Database\BaseConnection->table(NULL)
#1 H:\My Drive\fastfood\fastfoodbaru\system\Model.php(722): CodeIgniter\Model->builder()
#2 H:\My Drive\fastfood\fastfoodbaru\app\Controllers\Home.php(1346): CodeIgniter\Model->__call('table', Array)
#3 H:\My Drive\fastfood\fastfoodbaru\system\CodeIgniter.php(832): App\Controllers\Home->send_reset_link()
#4 H:\My Drive\fastfood\fastfoodbaru\system\CodeIgniter.php(419): CodeIgniter\CodeIgniter->runController(Object(App\Controllers\Home))
#5 H:\My Drive\fastfood\fastfoodbaru\system\CodeIgniter.php(326): CodeIgniter\CodeIgniter->handleRequest(NULL, Object(Config\Cache), false)
#6 H:\My Drive\fastfood\fastfoodbaru\public\index.php(37): CodeIgniter\CodeIgniter->run()
#7 H:\My Drive\fastfood\fastfoodbaru\system\Commands\Server\rewrite.php(43): require_once('H:\\My Drive\\fas...')
#8 {main}
CRITICAL - 2025-03-19 05:08:42 --> You must set the database table to be used with your query.
#0 H:\My Drive\fastfood\fastfoodbaru\system\Model.php(545): CodeIgniter\Database\BaseConnection->table(NULL)
#1 H:\My Drive\fastfood\fastfoodbaru\system\Model.php(722): CodeIgniter\Model->builder()
#2 H:\My Drive\fastfood\fastfoodbaru\app\Controllers\Home.php(1346): CodeIgniter\Model->__call('table', Array)
#3 H:\My Drive\fastfood\fastfoodbaru\system\CodeIgniter.php(832): App\Controllers\Home->send_reset_link()
#4 H:\My Drive\fastfood\fastfoodbaru\system\CodeIgniter.php(419): CodeIgniter\CodeIgniter->runController(Object(App\Controllers\Home))
#5 H:\My Drive\fastfood\fastfoodbaru\system\CodeIgniter.php(326): CodeIgniter\CodeIgniter->handleRequest(NULL, Object(Config\Cache), false)
#6 H:\My Drive\fastfood\fastfoodbaru\public\index.php(37): CodeIgniter\CodeIgniter->run()
#7 H:\My Drive\fastfood\fastfoodbaru\system\Commands\Server\rewrite.php(43): require_once('H:\\My Drive\\fas...')
#8 {main}
CRITICAL - 2025-03-19 05:08:52 --> You must set the database table to be used with your query.
#0 H:\My Drive\fastfood\fastfoodbaru\system\Model.php(545): CodeIgniter\Database\BaseConnection->table(NULL)
#1 H:\My Drive\fastfood\fastfoodbaru\system\Model.php(722): CodeIgniter\Model->builder()
#2 H:\My Drive\fastfood\fastfoodbaru\app\Controllers\Home.php(1346): CodeIgniter\Model->__call('table', Array)
#3 H:\My Drive\fastfood\fastfoodbaru\system\CodeIgniter.php(832): App\Controllers\Home->send_reset_link()
#4 H:\My Drive\fastfood\fastfoodbaru\system\CodeIgniter.php(419): CodeIgniter\CodeIgniter->runController(Object(App\Controllers\Home))
#5 H:\My Drive\fastfood\fastfoodbaru\system\CodeIgniter.php(326): CodeIgniter\CodeIgniter->handleRequest(NULL, Object(Config\Cache), false)
#6 H:\My Drive\fastfood\fastfoodbaru\public\index.php(37): CodeIgniter\CodeIgniter->run()
#7 H:\My Drive\fastfood\fastfoodbaru\system\Commands\Server\rewrite.php(43): require_once('H:\\My Drive\\fas...')
#8 {main}
CRITICAL - 2025-03-19 05:11:00 --> Invalid file: home/reset_password.php
#0 H:\My Drive\fastfood\fastfoodbaru\system\View\View.php(198): CodeIgniter\Exceptions\FrameworkException::forInvalidFile('home/reset_pass...')
#1 H:\My Drive\fastfood\fastfoodbaru\system\Common.php(1089): CodeIgniter\View\View->render('home/reset_pass...', Array, true)
#2 H:\My Drive\fastfood\fastfoodbaru\app\Controllers\Home.php(1383): view('home/reset_pass...')
#3 H:\My Drive\fastfood\fastfoodbaru\system\CodeIgniter.php(832): App\Controllers\Home->reset_password()
#4 H:\My Drive\fastfood\fastfoodbaru\system\CodeIgniter.php(419): CodeIgniter\CodeIgniter->runController(Object(App\Controllers\Home))
#5 H:\My Drive\fastfood\fastfoodbaru\system\CodeIgniter.php(326): CodeIgniter\CodeIgniter->handleRequest(NULL, Object(Config\Cache), false)
#6 H:\My Drive\fastfood\fastfoodbaru\public\index.php(37): CodeIgniter\CodeIgniter->run()
#7 H:\My Drive\fastfood\fastfoodbaru\system\Commands\Server\rewrite.php(43): require_once('H:\\My Drive\\fas...')
#8 {main}
CRITICAL - 2025-03-19 05:17:06 --> Invalid file: home/forgot_password.php
#0 H:\My Drive\fastfood\fastfoodbaru\system\View\View.php(198): CodeIgniter\Exceptions\FrameworkException::forInvalidFile('home/forgot_pas...')
#1 H:\My Drive\fastfood\fastfoodbaru\system\Common.php(1089): CodeIgniter\View\View->render('home/forgot_pas...', Array, true)
#2 H:\My Drive\fastfood\fastfoodbaru\app\Controllers\Home.php(1337): view('home/forgot_pas...')
#3 H:\My Drive\fastfood\fastfoodbaru\system\CodeIgniter.php(832): App\Controllers\Home->forgot_password()
#4 H:\My Drive\fastfood\fastfoodbaru\system\CodeIgniter.php(419): CodeIgniter\CodeIgniter->runController(Object(App\Controllers\Home))
#5 H:\My Drive\fastfood\fastfoodbaru\system\CodeIgniter.php(326): CodeIgniter\CodeIgniter->handleRequest(NULL, Object(Config\Cache), false)
#6 H:\My Drive\fastfood\fastfoodbaru\public\index.php(37): CodeIgniter\CodeIgniter->run()
#7 H:\My Drive\fastfood\fastfoodbaru\system\Commands\Server\rewrite.php(43): require_once('H:\\My Drive\\fas...')
#8 {main}
CRITICAL - 2025-03-19 05:23:06 --> Call to a member function edit() on null
#0 H:\My Drive\fastfood\fastfoodbaru\system\CodeIgniter.php(832): App\Controllers\Home->simpan_perubahan_menu('4')
#1 H:\My Drive\fastfood\fastfoodbaru\system\CodeIgniter.php(419): CodeIgniter\CodeIgniter->runController(Object(App\Controllers\Home))
#2 H:\My Drive\fastfood\fastfoodbaru\system\CodeIgniter.php(326): CodeIgniter\CodeIgniter->handleRequest(NULL, Object(Config\Cache), false)
#3 H:\My Drive\fastfood\fastfoodbaru\public\index.php(37): CodeIgniter\CodeIgniter->run()
#4 H:\My Drive\fastfood\fastfoodbaru\system\Commands\Server\rewrite.php(43): require_once('H:\\My Drive\\fas...')
#5 {main}
